3302716003
3302716603
3302716703
3302717604
3302717704
3302718104
3302718204
3302719804
3302720004
3302721404
3302721504
3302725604
1307950502
1307950602
1307950902
1307951002
1307951202
1307951302
1307951402
1307951902
1307952302
1307952702
1308006802
1308007502
1851405003
1851405103
1851405203
1851405303
1851405403
1851405503
1851407803
1851407903
1851408003
1851516704
1851516804
1851517204
1851550010
1851550110
1851550210
1851550310
1851550410
1851550510
1851550610
1851550710
1851550810
1851552610
1851553710
1851553810
1851553910
1851555110
1851555710
1851664303
1851664403
1851664503
1851664603
1851664703
1851713104
1851713304
1851713604
1851716404
1851716504
1851722504
1851743710
1851749410
1851749810
1851749910
1851750010
1851752010
1851752110
1851752210
1851752310
1851752410
1851752510
1851752610
1851752710
1851753110
1852137903
1852138103
1852138303
1852138403
1852138603
1852138803
1852139503
1852139803
1852142204
1852147404
1852147504
1852147604
1852147904
1852148004
1852148804
1852157510
1852157610
1852157710
1852157810
1852157910
1852158010
1852158110
1852158210
1852158310
1852158410
1852158510
1852158610
1852158710
1852158810
1852173904
1852174004
1852174104
1852174204
1852174304
1852174404
1852174504
1852174604
1852174704
1852174904
1852175004
1852175310
1852194810
1852219810
3302700910
3302701010
3302701110
3302701210
3302701310
3302701410
3302701510
3302702310
3302702910
3302703010
3302703110
3302704310
3302704810
3302708210
3302711010
3302711210
3302711310
3302711410
3302711910
3302712010
3302712110
3302712210
3302712310
3302712410
3302712510
3302713203
3302713303
3302713403
3302713503
3302713803
3302713903
3302714003
3302714103
3302714303
3302714403
3302714503
3302714603
3302715203
3302715303
---0% --------20% --------40% --------60% --------80% --------100% -----cp tiffMan/2014/05/3302716003.tif tiffCurrentMan/ATL/
05/19/2014
cp tiffMan/2014/05/3302716603.tif tiffCurrentMan/ATL/
05/19/2014
cp tiffMan/2014/05/3302716703.tif tiffCurrentMan/ATL/
05/19/2014
cp tiffMan/2014/05/3302717604.tif tiffCurrentMan/ATL/
05/19/2014
cp tiffMan/2014/05/3302717704.tif tiffCurrentMan/ATL/
05/19/2014
cp tiffMan/2014/05/3302718104.tif tiffCurrentMan/ATL/
05/19/2014
cp tiffMan/2014/05/3302718204.tif tiffCurrentMan/ATL/
05/19/2014
cp tiffMan/2014/05/3302719804.tif tiffCurrentMan/ATL/
05/19/2014
cp tiffMan/2014/05/3302720004.tif tiffCurrentMan/ATL/
05/19/2014
cp tiffMan/2014/05/3302721404.tif tiffCurrentMan/ATL/
05/19/2014
cp tiffMan/2014/05/3302721504.tif tiffCurrentMan/ATL/
05/19/2014
cp tiffMan/2014/05/3302725604.tif tiffCurrentMan/ATL/
05/19/2014
cp tiffMan/2014/05/1307950502.tif tiffCurrentMan/SAC/
05/19/2014
cp tiffMan/2014/05/1307950602.tif tiffCurrentMan/SAC/
05/19/2014
cp tiffMan/2014/05/1307950902.tif tiffCurrentMan/SAC/
05/19/2014
cp tiffMan/2014/05/1307951002.tif tiffCurrentMan/SAC/
05/19/2014
cp tiffMan/2014/05/1307951202.tif tiffCurrentMan/SAC/
05/19/2014
cp tiffMan/2014/05/1307951302.tif tiffCurrentMan/SAC/
05/19/2014
cp tiffMan/2014/05/1307951402.tif tiffCurrentMan/SAC/
05/19/2014
cp tiffMan/2014/05/1307951902.tif tiffCurrentMan/SAC/
05/19/2014
cp tiffMan/2014/05/1307952302.tif tiffCurrentMan/SAC/
05/19/2014
cp tiffMan/2014/05/1307952702.tif tiffCurrentMan/SAC/
05/19/2014
cp tiffMan/2014/05/1308006802.tif tiffCurrentMan/SAC/
05/19/2014
cp tiffMan/2014/05/1308007502.tif tiffCurrentMan/SAC/
05/19/2014
cp tiffMan/2014/05/1851405003.tif tiffCurrentMan/ATL/
05/19/2014
cp tiffMan/2014/05/1851405103.tif tiffCurrentMan/ATL/
05/19/2014
cp tiffMan/2014/05/1851405203.tif tiffCurrentMan/ATL/
05/19/2014
cp tiffMan/2014/05/1851405303.tif tiffCurrentMan/ATL/
05/19/2014
cp tiffMan/2014/05/1851405403.tif tiffCurrentMan/ATL/
05/19/2014
cp tiffMan/2014/05/1851405503.tif tiffCurrentMan/ATL/
05/19/2014
cp tiffMan/2014/05/1851407803.tif tiffCurrentMan/ATL/
05/19/2014
cp tiffMan/2014/05/1851407903.tif tiffCurrentMan/ATL/
05/19/2014
cp tiffMan/2014/05/1851408003.tif tiffCurrentMan/ATL/
05/19/2014
cp tiffMan/2014/05/1851516704.tif tiffCurrentMan/ATL/
05/19/2014
cp tiffMan/2014/05/1851516804.tif tiffCurrentMan/ATL/
05/19/2014
cp tiffMan/2014/05/1851517204.tif tiffCurrentMan/ATL/
05/19/2014
cp tiffMan/2014/05/1851550010.tif tiffCurrentMan/ATL/
05/19/2014
cp tiffMan/2014/05/1851550110.tif tiffCurrentMan/ATL/
05/19/2014
cp tiffMan/2014/05/1851550210.tif tiffCurrentMan/ATL/
05/19/2014
cp tiffMan/2014/05/1851550310.tif tiffCurrentMan/ATL/
05/19/2014
cp tiffMan/2014/05/1851550410.tif tiffCurrentMan/ATL/
05/19/2014
cp tiffMan/2014/05/1851550510.tif tiffCurrentMan/ATL/
05/19/2014
cp tiffMan/2014/05/1851550610.tif tiffCurrentMan/ATL/
05/19/2014
cp tiffMan/2014/05/1851550710.tif tiffCurrentMan/ATL/
05/19/2014
cp tiffMan/2014/05/1851550810.tif tiffCurrentMan/ATL/
05/19/2014
cp tiffMan/2014/05/1851552610.tif tiffCurrentMan/ATL/
05/19/2014
cp tiffMan/2014/05/1851553710.tif tiffCurrentMan/ATL/
05/19/2014
cp tiffMan/2014/05/1851553810.tif tiffCurrentMan/ATL/
05/19/2014
cp tiffMan/2014/05/1851553910.tif tiffCurrentMan/ATL/
05/19/2014
cp tiffMan/2014/05/1851555110.tif tiffCurrentMan/ATL/
05/19/2014
cp tiffMan/2014/05/1851555710.tif tiffCurrentMan/ATL/
05/19/2014
cp tiffMan/2014/05/1851664303.tif tiffCurrentMan/ATL/
05/19/2014
cp tiffMan/2014/05/1851664403.tif tiffCurrentMan/ATL/
05/19/2014
cp tiffMan/2014/05/1851664503.tif tiffCurrentMan/ATL/
05/19/2014
cp tiffMan/2014/05/1851664603.tif tiffCurrentMan/ATL/
05/19/2014
cp tiffMan/2014/05/1851664703.tif tiffCurrentMan/ATL/
05/19/2014
cp tiffMan/2014/05/1851713104.tif tiffCurrentMan/ATL/
05/19/2014
cp tiffMan/2014/05/1851713304.tif tiffCurrentMan/ATL/
05/19/2014
cp tiffMan/2014/05/1851713604.tif tiffCurrentMan/ATL/
05/19/2014
cp tiffMan/2014/05/1851716404.tif tiffCurrentMan/ATL/
05/19/2014
cp tiffMan/2014/05/1851716504.tif tiffCurrentMan/ATL/
05/19/2014
cp tiffMan/2014/05/1851722504.tif tiffCurrentMan/ATL/
05/19/2014
cp tiffMan/2014/05/1851743710.tif tiffCurrentMan/ATL/
05/19/2014
cp tiffMan/2014/05/1851749410.tif tiffCurrentMan/ATL/
05/19/2014
cp tiffMan/2014/05/1851749810.tif tiffCurrentMan/ATL/
05/19/2014
cp tiffMan/2014/05/1851749910.tif tiffCurrentMan/ATL/
05/19/2014
cp tiffMan/2014/05/1851750010.tif tiffCurrentMan/ATL/
05/19/2014
cp tiffMan/2014/05/1851752010.tif tiffCurrentMan/ATL/
05/19/2014
cp tiffMan/2014/05/1851752110.tif tiffCurrentMan/ATL/
05/19/2014
cp tiffMan/2014/05/1851752210.tif tiffCurrentMan/ATL/
05/19/2014
cp tiffMan/2014/05/1851752310.tif tiffCurrentMan/ATL/
05/19/2014
cp tiffMan/2014/05/1851752410.tif tiffCurrentMan/ATL/
05/19/2014
cp tiffMan/2014/05/1851752510.tif tiffCurrentMan/ATL/
05/19/2014
cp tiffMan/2014/05/1851752610.tif tiffCurrentMan/ATL/
05/19/2014
cp tiffMan/2014/05/1851752710.tif tiffCurrentMan/ATL/
05/19/2014
cp tiffMan/2014/05/1851753110.tif tiffCurrentMan/ATL/
05/19/2014
cp tiffMan/2014/05/1852137903.tif tiffCurrentMan/ATL/
05/19/2014
cp tiffMan/2014/05/1852138103.tif tiffCurrentMan/ATL/
05/19/2014
cp tiffMan/2014/05/1852138303.tif tiffCurrentMan/ATL/
05/19/2014
cp tiffMan/2014/05/1852138403.tif tiffCurrentMan/ATL/
05/19/2014
cp tiffMan/2014/05/1852138603.tif tiffCurrentMan/ATL/
05/19/2014
cp tiffMan/2014/05/1852138803.tif tiffCurrentMan/ATL/
05/19/2014
cp tiffMan/2014/05/1852139503.tif tiffCurrentMan/ATL/
05/19/2014
cp tiffMan/2014/05/1852139803.tif tiffCurrentMan/ATL/
05/19/2014
cp tiffMan/2014/05/1852142204.tif tiffCurrentMan/ATL/
05/19/2014
cp tiffMan/2014/05/1852147404.tif tiffCurrentMan/ATL/
05/19/2014
cp tiffMan/2014/05/1852147504.tif tiffCurrentMan/ATL/
05/19/2014
cp tiffMan/2014/05/1852147604.tif tiffCurrentMan/ATL/
05/19/2014
cp tiffMan/2014/05/1852147904.tif tiffCurrentMan/ATL/
05/19/2014
cp tiffMan/2014/05/1852148004.tif tiffCurrentMan/ATL/
05/19/2014
cp tiffMan/2014/05/1852148804.tif tiffCurrentMan/ATL/
05/19/2014
cp tiffMan/2014/05/1852157510.tif tiffCurrentMan/ATL/
05/19/2014
cp tiffMan/2014/05/1852157610.tif tiffCurrentMan/ATL/
05/19/2014
cp tiffMan/2014/05/1852157710.tif tiffCurrentMan/ATL/
05/19/2014
cp tiffMan/2014/05/1852157810.tif tiffCurrentMan/ATL/
05/19/2014
cp tiffMan/2014/05/1852157910.tif tiffCurrentMan/ATL/
05/19/2014
cp tiffMan/2014/05/1852158010.tif tiffCurrentMan/ATL/
05/19/2014
cp tiffMan/2014/05/1852158110.tif tiffCurrentMan/ATL/
05/19/2014
cp tiffMan/2014/05/1852158210.tif tiffCurrentMan/ATL/
05/19/2014
cp tiffMan/2014/05/1852158310.tif tiffCurrentMan/ATL/
05/19/2014
cp tiffMan/2014/05/1852158410.tif tiffCurrentMan/ATL/
05/19/2014
cp tiffMan/2014/05/1852158510.tif tiffCurrentMan/ATL/
05/19/2014
cp tiffMan/2014/05/1852158610.tif tiffCurrentMan/ATL/
05/19/2014
cp tiffMan/2014/05/1852158710.tif tiffCurrentMan/ATL/
05/19/2014
cp tiffMan/2014/05/1852158810.tif tiffCurrentMan/ATL/
05/19/2014
cp tiffMan/2014/05/1852173904.tif tiffCurrentMan/ATL/
05/19/2014
cp tiffMan/2014/05/1852174004.tif tiffCurrentMan/ATL/
05/19/2014
cp tiffMan/2014/05/1852174104.tif tiffCurrentMan/ATL/
05/19/2014
cp tiffMan/2014/05/1852174204.tif tiffCurrentMan/ATL/
05/19/2014
cp tiffMan/2014/05/1852174304.tif tiffCurrentMan/ATL/
05/19/2014
cp tiffMan/2014/05/1852174404.tif tiffCurrentMan/ATL/
05/19/2014
cp tiffMan/2014/05/1852174504.tif tiffCurrentMan/ATL/
05/19/2014
cp tiffMan/2014/05/1852174604.tif tiffCurrentMan/ATL/
05/19/2014
cp tiffMan/2014/05/1852174704.tif tiffCurrentMan/ATL/
05/19/2014
cp tiffMan/2014/05/1852174904.tif tiffCurrentMan/ATL/
05/19/2014
cp tiffMan/2014/05/1852175004.tif tiffCurrentMan/ATL/
05/19/2014
cp tiffMan/2014/05/1852175310.tif tiffCurrentMan/ATL/
05/19/2014
cp tiffMan/2014/05/1852194810.tif tiffCurrentMan/ATL/
05/19/2014
cp tiffMan/2014/05/1852219810.tif tiffCurrentMan/ATL/
05/19/2014
cp tiffMan/2014/05/3302700910.tif tiffCurrentMan/ATL/
05/19/2014
cp tiffMan/2014/05/3302701010.tif tiffCurrentMan/ATL/
05/19/2014
cp tiffMan/2014/05/3302701110.tif tiffCurrentMan/ATL/
05/19/2014
cp tiffMan/2014/05/3302701210.tif tiffCurrentMan/ATL/
05/19/2014
cp tiffMan/2014/05/3302701310.tif tiffCurrentMan/ATL/
05/19/2014
cp tiffMan/2014/05/3302701410.tif tiffCurrentMan/ATL/
05/19/2014
cp tiffMan/2014/05/3302701510.tif tiffCurrentMan/ATL/
05/19/2014
cp tiffMan/2014/05/3302702310.tif tiffCurrentMan/ATL/
05/19/2014
cp tiffMan/2014/05/3302702910.tif tiffCurrentMan/ATL/
05/19/2014
cp tiffMan/2014/05/3302703010.tif tiffCurrentMan/ATL/
05/19/2014
cp tiffMan/2014/05/3302703110.tif tiffCurrentMan/ATL/
05/19/2014
cp tiffMan/2014/05/3302704310.tif tiffCurrentMan/ATL/
05/19/2014
cp tiffMan/2014/05/3302704810.tif tiffCurrentMan/ATL/
05/19/2014
cp tiffMan/2014/05/3302708210.tif tiffCurrentMan/ATL/
05/19/2014
cp tiffMan/2014/05/3302711010.tif tiffCurrentMan/ATL/
05/19/2014
cp tiffMan/2014/05/3302711210.tif tiffCurrentMan/ATL/
05/19/2014
cp tiffMan/2014/05/3302711310.tif tiffCurrentMan/ATL/
05/19/2014
cp tiffMan/2014/05/3302711410.tif tiffCurrentMan/ATL/
05/19/2014
cp tiffMan/2014/05/3302711910.tif tiffCurrentMan/ATL/
05/19/2014
cp tiffMan/2014/05/3302712010.tif tiffCurrentMan/ATL/
05/19/2014
cp tiffMan/2014/05/3302712110.tif tiffCurrentMan/ATL/
05/19/2014
cp tiffMan/2014/05/3302712210.tif tiffCurrentMan/ATL/
05/19/2014
cp tiffMan/2014/05/3302712310.tif tiffCurrentMan/ATL/
05/19/2014
cp tiffMan/2014/05/3302712410.tif tiffCurrentMan/ATL/
05/19/2014
cp tiffMan/2014/05/3302712510.tif tiffCurrentMan/ATL/
05/19/2014
cp tiffMan/2014/05/3302713203.tif tiffCurrentMan/ATL/
05/19/2014
cp tiffMan/2014/05/3302713303.tif tiffCurrentMan/ATL/
05/19/2014
cp tiffMan/2014/05/3302713403.tif tiffCurrentMan/ATL/
05/19/2014
cp tiffMan/2014/05/3302713503.tif tiffCurrentMan/ATL/
05/19/2014
cp tiffMan/2014/05/3302713803.tif tiffCurrentMan/ATL/
05/19/2014
cp tiffMan/2014/05/3302713903.tif tiffCurrentMan/ATL/
05/19/2014
cp tiffMan/2014/05/3302714003.tif tiffCurrentMan/ATL/
05/19/2014
cp tiffMan/2014/05/3302714103.tif tiffCurrentMan/ATL/
05/19/2014
cp tiffMan/2014/05/3302714303.tif tiffCurrentMan/ATL/
05/19/2014
cp tiffMan/2014/05/3302714403.tif tiffCurrentMan/ATL/
05/19/2014
cp tiffMan/2014/05/3302714503.tif tiffCurrentMan/ATL/
05/19/2014
cp tiffMan/2014/05/3302714603.tif tiffCurrentMan/ATL/
05/19/2014
cp tiffMan/2014/05/3302715203.tif tiffCurrentMan/ATL/
05/19/2014
cp tiffMan/2014/05/3302715303.tif tiffCurrentMan/ATL/
05/19/2014
