1852564403
1852564503
1852564803
1852564903
1852566403
1852663704
1852663904
1852664104
1852664204
1852694610
1852694710
1852694810
1852699710
1852699810
1852700210
1852700310
1852826903
1852828703
1852864004
1852864104
1852864204
1852864304
1852864604
1852864704
1852874404
1852874704
1852894010
1852894110
1852894210
1852897410
1852897610
1852897710
1852897810
1852897910
1852898410
1852898510
1852898610
1852898710
1852899010
1852899110
1853310703
1853310903
1853311203
1853311403
1853311703
1853311803
1853311903
1853312103
1853313503
1853313703
1853313803
1853314003
1853314103
1853314203
1853325904
1853326004
1853326104
1853326204
1853326304
1853326404
1853326604
1853326704
1853326804
1853326904
1853327004
1853327104
1853332210
1853332310
1853332410
1853346703
1853346903
1853347204
1853347304
1853347404
1853347504
1853347604
1853347704
1853347804
1853347904
1853348004
1853348204
1853348304
1853349710
3303504710
3303505010
3303508010
3303508110
3303508510
3303508610
3303511210
3303511310
3303511410
3303514110
3303514310
3303514410
3303514510
3303514610
3303515010
3303515110
3303515210
3303515510
3303515610
3303516303
3303516503
3303516603
3303516703
3303516803
3303516903
3303517003
3303517103
3303517303
3303517403
3303517503
3303517603
3303518103
3303518203
3303518903
3303519303
3303521504
3303522004
3303522204
3303522304
3303522404
3303527804
3304894703
1308209902
1308209903
1308381502
1308390102
1852563503
1852563603
1852564203
---0% --------20% --------40% --------60% --------80% --------100% -----cp tiffMan/2014/05/1852564403.tif tiffCurrentMan/ATL/
05/27/2014
cp tiffMan/2014/05/1852564503.tif tiffCurrentMan/ATL/
05/27/2014
cp tiffMan/2014/05/1852564803.tif tiffCurrentMan/ATL/
05/27/2014
cp tiffMan/2014/05/1852564903.tif tiffCurrentMan/ATL/
05/27/2014
cp tiffMan/2014/05/1852566403.tif tiffCurrentMan/ATL/
05/27/2014
cp tiffMan/2014/05/1852663704.tif tiffCurrentMan/ATL/
05/27/2014
cp tiffMan/2014/05/1852663904.tif tiffCurrentMan/ATL/
05/27/2014
cp tiffMan/2014/05/1852664104.tif tiffCurrentMan/ATL/
05/27/2014
cp tiffMan/2014/05/1852664204.tif tiffCurrentMan/ATL/
05/27/2014
cp tiffMan/2014/05/1852694610.tif tiffCurrentMan/ATL/
05/27/2014
cp tiffMan/2014/05/1852694710.tif tiffCurrentMan/ATL/
05/27/2014
cp tiffMan/2014/05/1852694810.tif tiffCurrentMan/ATL/
05/27/2014
cp tiffMan/2014/05/1852699710.tif tiffCurrentMan/ATL/
05/27/2014
cp tiffMan/2014/05/1852699810.tif tiffCurrentMan/ATL/
05/27/2014
cp tiffMan/2014/05/1852700210.tif tiffCurrentMan/ATL/
05/27/2014
cp tiffMan/2014/05/1852700310.tif tiffCurrentMan/ATL/
05/27/2014
cp tiffMan/2014/05/1852826903.tif tiffCurrentMan/ATL/
05/27/2014
cp tiffMan/2014/05/1852828703.tif tiffCurrentMan/ATL/
05/27/2014
cp tiffMan/2014/05/1852864004.tif tiffCurrentMan/ATL/
05/27/2014
cp tiffMan/2014/05/1852864104.tif tiffCurrentMan/ATL/
05/27/2014
cp tiffMan/2014/05/1852864204.tif tiffCurrentMan/ATL/
05/27/2014
cp tiffMan/2014/05/1852864304.tif tiffCurrentMan/ATL/
05/27/2014
cp tiffMan/2014/05/1852864604.tif tiffCurrentMan/ATL/
05/27/2014
cp tiffMan/2014/05/1852864704.tif tiffCurrentMan/ATL/
05/27/2014
cp tiffMan/2014/05/1852874404.tif tiffCurrentMan/ATL/
05/27/2014
cp tiffMan/2014/05/1852874704.tif tiffCurrentMan/ATL/
05/27/2014
cp tiffMan/2014/05/1852894010.tif tiffCurrentMan/ATL/
05/27/2014
cp tiffMan/2014/05/1852894110.tif tiffCurrentMan/ATL/
05/27/2014
cp tiffMan/2014/05/1852894210.tif tiffCurrentMan/ATL/
05/27/2014
cp tiffMan/2014/05/1852897410.tif tiffCurrentMan/ATL/
05/27/2014
cp tiffMan/2014/05/1852897610.tif tiffCurrentMan/ATL/
05/27/2014
cp tiffMan/2014/05/1852897710.tif tiffCurrentMan/ATL/
05/27/2014
cp tiffMan/2014/05/1852897810.tif tiffCurrentMan/ATL/
05/27/2014
cp tiffMan/2014/05/1852897910.tif tiffCurrentMan/ATL/
05/27/2014
cp tiffMan/2014/05/1852898410.tif tiffCurrentMan/ATL/
05/27/2014
cp tiffMan/2014/05/1852898510.tif tiffCurrentMan/ATL/
05/27/2014
cp tiffMan/2014/05/1852898610.tif tiffCurrentMan/ATL/
05/27/2014
cp tiffMan/2014/05/1852898710.tif tiffCurrentMan/ATL/
05/27/2014
cp tiffMan/2014/05/1852899010.tif tiffCurrentMan/ATL/
05/27/2014
cp tiffMan/2014/05/1852899110.tif tiffCurrentMan/ATL/
05/27/2014
cp tiffMan/2014/05/1853310703.tif tiffCurrentMan/ATL/
05/27/2014
cp tiffMan/2014/05/1853310903.tif tiffCurrentMan/ATL/
05/27/2014
cp tiffMan/2014/05/1853311203.tif tiffCurrentMan/ATL/
05/27/2014
cp tiffMan/2014/05/1853311403.tif tiffCurrentMan/ATL/
05/27/2014
cp tiffMan/2014/05/1853311703.tif tiffCurrentMan/ATL/
05/27/2014
cp tiffMan/2014/05/1853311803.tif tiffCurrentMan/ATL/
05/27/2014
cp tiffMan/2014/05/1853311903.tif tiffCurrentMan/ATL/
05/27/2014
cp tiffMan/2014/05/1853312103.tif tiffCurrentMan/ATL/
05/27/2014
cp tiffMan/2014/05/1853313503.tif tiffCurrentMan/ATL/
05/27/2014
cp tiffMan/2014/05/1853313703.tif tiffCurrentMan/ATL/
05/27/2014
cp tiffMan/2014/05/1853313803.tif tiffCurrentMan/ATL/
05/27/2014
cp tiffMan/2014/05/1853314003.tif tiffCurrentMan/ATL/
05/27/2014
cp tiffMan/2014/05/1853314103.tif tiffCurrentMan/ATL/
05/27/2014
cp tiffMan/2014/05/1853314203.tif tiffCurrentMan/ATL/
05/27/2014
cp tiffMan/2014/05/1853325904.tif tiffCurrentMan/ATL/
05/27/2014
cp tiffMan/2014/05/1853326004.tif tiffCurrentMan/ATL/
05/27/2014
cp tiffMan/2014/05/1853326104.tif tiffCurrentMan/ATL/
05/27/2014
cp tiffMan/2014/05/1853326204.tif tiffCurrentMan/ATL/
05/27/2014
cp tiffMan/2014/05/1853326304.tif tiffCurrentMan/ATL/
05/27/2014
cp tiffMan/2014/05/1853326404.tif tiffCurrentMan/ATL/
05/27/2014
cp tiffMan/2014/05/1853326604.tif tiffCurrentMan/ATL/
05/27/2014
cp tiffMan/2014/05/1853326704.tif tiffCurrentMan/ATL/
05/27/2014
cp tiffMan/2014/05/1853326804.tif tiffCurrentMan/ATL/
05/27/2014
cp tiffMan/2014/05/1853326904.tif tiffCurrentMan/ATL/
05/27/2014
cp tiffMan/2014/05/1853327004.tif tiffCurrentMan/ATL/
05/27/2014
cp tiffMan/2014/05/1853327104.tif tiffCurrentMan/ATL/
05/27/2014
cp tiffMan/2014/05/1853332210.tif tiffCurrentMan/ATL/
05/27/2014
cp tiffMan/2014/05/1853332310.tif tiffCurrentMan/ATL/
05/27/2014
cp tiffMan/2014/05/1853332410.tif tiffCurrentMan/ATL/
05/27/2014
cp tiffMan/2014/05/1853346703.tif tiffCurrentMan/ATL/
05/27/2014
cp tiffMan/2014/05/1853346903.tif tiffCurrentMan/ATL/
05/27/2014
cp tiffMan/2014/05/1853347204.tif tiffCurrentMan/ATL/
05/27/2014
cp tiffMan/2014/05/1853347304.tif tiffCurrentMan/ATL/
05/27/2014
cp tiffMan/2014/05/1853347404.tif tiffCurrentMan/ATL/
05/27/2014
cp tiffMan/2014/05/1853347504.tif tiffCurrentMan/ATL/
05/27/2014
cp tiffMan/2014/05/1853347604.tif tiffCurrentMan/ATL/
05/27/2014
cp tiffMan/2014/05/1853347704.tif tiffCurrentMan/ATL/
05/27/2014
cp tiffMan/2014/05/1853347804.tif tiffCurrentMan/ATL/
05/27/2014
cp tiffMan/2014/05/1853347904.tif tiffCurrentMan/ATL/
05/27/2014
cp tiffMan/2014/05/1853348004.tif tiffCurrentMan/ATL/
05/27/2014
cp tiffMan/2014/05/1853348204.tif tiffCurrentMan/ATL/
05/27/2014
cp tiffMan/2014/05/1853348304.tif tiffCurrentMan/ATL/
05/27/2014
cp tiffMan/2014/05/1853349710.tif tiffCurrentMan/ATL/
05/27/2014
cp tiffMan/2014/05/3303504710.tif tiffCurrentMan/ATL/
05/27/2014
cp tiffMan/2014/05/3303505010.tif tiffCurrentMan/ATL/
05/27/2014
cp tiffMan/2014/05/3303508010.tif tiffCurrentMan/ATL/
05/27/2014
cp tiffMan/2014/05/3303508110.tif tiffCurrentMan/ATL/
05/27/2014
cp tiffMan/2014/05/3303508510.tif tiffCurrentMan/ATL/
05/27/2014
cp tiffMan/2014/05/3303508610.tif tiffCurrentMan/ATL/
05/27/2014
cp tiffMan/2014/05/3303511210.tif tiffCurrentMan/ATL/
05/27/2014
cp tiffMan/2014/05/3303511310.tif tiffCurrentMan/ATL/
05/27/2014
cp tiffMan/2014/05/3303511410.tif tiffCurrentMan/ATL/
05/27/2014
cp tiffMan/2014/05/3303514110.tif tiffCurrentMan/ATL/
05/27/2014
cp tiffMan/2014/05/3303514310.tif tiffCurrentMan/ATL/
05/27/2014
cp tiffMan/2014/05/3303514410.tif tiffCurrentMan/ATL/
05/27/2014
cp tiffMan/2014/05/3303514510.tif tiffCurrentMan/ATL/
05/27/2014
cp tiffMan/2014/05/3303514610.tif tiffCurrentMan/ATL/
05/27/2014
cp tiffMan/2014/05/3303515010.tif tiffCurrentMan/ATL/
05/27/2014
cp tiffMan/2014/05/3303515110.tif tiffCurrentMan/ATL/
05/27/2014
cp tiffMan/2014/05/3303515210.tif tiffCurrentMan/ATL/
05/27/2014
cp tiffMan/2014/05/3303515510.tif tiffCurrentMan/ATL/
05/27/2014
cp tiffMan/2014/05/3303515610.tif tiffCurrentMan/ATL/
05/27/2014
cp tiffMan/2014/05/3303516303.tif tiffCurrentMan/ATL/
05/27/2014
cp tiffMan/2014/05/3303516503.tif tiffCurrentMan/ATL/
05/27/2014
cp tiffMan/2014/05/3303516603.tif tiffCurrentMan/ATL/
05/27/2014
cp tiffMan/2014/05/3303516703.tif tiffCurrentMan/ATL/
05/27/2014
cp tiffMan/2014/05/3303516803.tif tiffCurrentMan/ATL/
05/27/2014
cp tiffMan/2014/05/3303516903.tif tiffCurrentMan/ATL/
05/27/2014
cp tiffMan/2014/05/3303517003.tif tiffCurrentMan/ATL/
05/27/2014
cp tiffMan/2014/05/3303517103.tif tiffCurrentMan/ATL/
05/27/2014
cp tiffMan/2014/05/3303517303.tif tiffCurrentMan/ATL/
05/27/2014
cp tiffMan/2014/05/3303517403.tif tiffCurrentMan/ATL/
05/27/2014
cp tiffMan/2014/05/3303517503.tif tiffCurrentMan/ATL/
05/27/2014
cp tiffMan/2014/05/3303517603.tif tiffCurrentMan/ATL/
05/27/2014
cp tiffMan/2014/05/3303518103.tif tiffCurrentMan/ATL/
05/27/2014
cp tiffMan/2014/05/3303518203.tif tiffCurrentMan/ATL/
05/27/2014
cp tiffMan/2014/05/3303518903.tif tiffCurrentMan/ATL/
05/27/2014
cp tiffMan/2014/05/3303519303.tif tiffCurrentMan/ATL/
05/27/2014
cp tiffMan/2014/05/3303521504.tif tiffCurrentMan/ATL/
05/27/2014
cp tiffMan/2014/05/3303522004.tif tiffCurrentMan/ATL/
05/27/2014
cp tiffMan/2014/05/3303522204.tif tiffCurrentMan/ATL/
05/27/2014
cp tiffMan/2014/05/3303522304.tif tiffCurrentMan/ATL/
05/27/2014
cp tiffMan/2014/05/3303522404.tif tiffCurrentMan/ATL/
05/27/2014
cp tiffMan/2014/05/3303527804.tif tiffCurrentMan/ATL/
05/27/2014
cp tiffMan/2014/05/3304894703.tif tiffCurrentMan/ATL/
05/27/2014
cp tiffMan/2014/05/1308209902.tif tiffCurrentMan/SAC/
05/27/2014
cp tiffMan/2014/05/1308209903.tif tiffCurrentMan/SAC/
05/27/2014
cp tiffMan/2014/05/1308381502.tif tiffCurrentMan/SAC/
05/27/2014
cp tiffMan/2014/05/1308390102.tif tiffCurrentMan/SAC/
05/27/2014
cp tiffMan/2014/05/1852563503.tif tiffCurrentMan/ATL/
05/27/2014
cp tiffMan/2014/05/1852563603.tif tiffCurrentMan/ATL/
05/27/2014
