8
09/19/2014
6043206410
1325802902
1325802903
1326328102
1325804303
1326329502
1325804302
1325804203
1326329402
1325804202
1325804103
1326329302
1325804102
1325804003
1326329202
1326352802
1325824702
1325824603
1326352702
1326352502
1325824402
1326352402
1325824302
1326352302
1325824202
1326352202
1325824102
1326352102
1325824002
1326353702
1325825602
1326353602
1325825502
1325825303
1326353102
1325825002
1326353002
1325824902
1326351902
1326352002
1326351802
1325824803
1326352902
1325824802
1325803603
1326328802
1325803602
1325803503
1326328702
1325803502
1325803403
1326328602
1325803402
1325803303
1326328502
1325803302
1325803203
1326328402
1325803202
1325803103
1326328302
1325803102
1325803003
1326328202
1325803002
1325802803
1326328002
1325802802
1325802703
1326327902
1325802702
1325802603
1326327802
1325802602
1325802503
1326327702
1325802502
1325802403
1326327602
1325802402
1325791302
1325804002
1325803903
1326329102
1325803902
1325803803
1326329002
1325803802
1325803703
1326328902
1325803702
1307832407
1307202507
1307832007
1307202107
1308102707
1307429307
1308102107
1307429207
1325816003
1326342702
1325816002
1325815203
1326341902
1325815202
1325816803
1326343502
1325816802
1325816703
1326343402
1325816702
1325816603
1326343302
1325816602
1325816503
1326343202
1325816502
1325816403
1326343102
1325816402
1325816303
1326343002
1325816302
1326340902
1326340702
1326340602
1326340502
1326341102
1325816203
1326342902
1325816202
1326340802
1326341002
1326349402
1326349302
1325821702
1326348002
1326347802
1326347702
1326348202
1326347902
1326348102
1325821502
1326354602
1325826202
1326354302
1325825902
1326354102
1325825702
1326355502
1325827102
1326354902
1325826502
1326354802
1325826402
1326354002
1308453607
1308453707
1308453507
1308453907
1325771103
1326294302
1325771102
1325771003
1326294202
1325771002
1325770903
1326294102
1325770902
1326293102
1325771403
1326294602
1325771402
0260094
0261923
1886603512
1887714712
1887714912
1886603212
1887714812
1886604412
1886604212
1886599112
1887714312
1886599512
1886562712
000null
1887285242
1887714612
1886598912
1886562312
1309026307
1309026107
1309026207
1308458007
1308457907
1308458107
1309028507
1308460807
1309029007
1308460707
1308460307
1308916807
1309025807
1308457607
1309029707
1308461607
1309029807
1308462007
1309030207
1309030107
1308461907
1308461507
1308462107
1309030307
1205449905
1205295605
1205448905
1205294605
1325729002
1325728902
1326249402
1326249302
1326249102
1325728802
1325728702
1326249602
1326249502
1325728502
1308415807
1308989007
1205315905
1205470205
1887283956
1887275056
1205315205
1205469505
1887171844
1308414107
1308987507
1308414207
1308414307
1308987607
1887171644
1308414407
1308987707
1308414607
1308987907
1308414707
1308414807
1308988007
1308414907
1308988107
1887172244
1887171744
1887328139
1887176144
1887328439
1205466805
1205312505
1887175644
1887171944
1887172144
1887200635
1205281905
1205436205
1887327839
1887175744
1887328039
1886899710
1886899810
1326309902
1325784902
1887173944
1887172044
1887267055
1205315805
1205470105
1887201035
1325784402
1887275456
1149276303
1149392603
1887322439
1887322539
1326309402
0258966
0261807
1149276003
1149392303
1887200835
1887193235
1887240543
1887200735
1887181935
1887178944
1325731602
1326252102
1325820703
1326347602
1325785102
1326310102
1205431605
1205277305
1326310002
1325785002
1886899910
1205282405
1205436705
1886900010
1887245843
1887242043
1325731902
1326252402
1326340102
1887179344
1887266756
1205449505
1205295205
1325731702
1326252202
1325792102
1309215407
1308538007
1886900110
0258681
0261144
1205453105
1205298805
1326358902
1325830202
1326360202
1325831502
1149276503
1149392803
1326347102
1325820203
1325820202
1205453805
1205299505
1205294905
1205423105
1205268705
1887266856
1887181735
1326349902
1325731502
1326252002
1326295302
1887712010
0258699
0261151
1325772003
1326296002
1325772002
1325772403
1326296402
1325772402
1325772303
1326296302
1325772302
1325772203
1326296202
1325772202
1325772103
1326296102
1325772102
1325771903
1326295902
1325771902
1326295502
1326295402
1325771803
1326295802
1325771802
1325771603
1326295602
1325771602
1326295002
1326294902
1326295102
1326295202
1308378707
1308949107
1205454405
1205300105
1887241943
1887266456
1149283003
1149399303
1205466705
1205312405
1325731202
1326251702
1205463705
1205309405
1205460605
1205306305
1205449205
1205282805
1205437105
1887320439
1887320639
1205453205
1205298905
1149276403
1149392703
0261149
0258983
0261853
1325819703
1325819702
1326346602
1886900210
0258679
0261142
1326349802
1308412307
1308985707
1308378807
1308949207
1887328239
1205455005
1205300705
1325820403
1325820702
1325820402
1326251802
1887320539
1887241843
1887181035
1325731302
1205449005
1205294705
1205449305
1205295005
1326351102
1149276103
1149392403
1325823403
1325823402
1149282903
1326247802
1325785602
1326310602
1325831402
1325727102
1887170644
1205314905
1205469205
1149283103
1149399403
1205461005
1205306705
1149276603
1149392903
1308412807
1308986207
1326350102
1325822402
1326340402
1205454205
1205299905
1325822403
1308378607
1308949007
1149399203
1887181535
1887179544
1326347402
1325820503
1325820502
1205457605
1205303305
1205457805
1205303505
1326247102
1325726202
1205452305
1205298005
0258980
0261850
1887284242
1205449105
1205294805
1326351402
1325823702
1205469605
1205315305
1308415907
1308989107
1205459105
1205304805
1326339702
1149276703
1149393003
1326360302
1325831602
1326247402
1325726502
1325823703
1205460805
1205306505
1205449705
1205295405
1205463605
1205309305
1205469105
0261159
0258860
0261628
1886867404
0258982
0261852
1205457305
1205303005
1326251902
1325731402
1308378907
1326249002
1308949307
1325728402
1887181235
1887248944
1325731802
1326252302
1205300805
1205455105
1882348433
1882348311
1882348233
1882348133
1882348011
1882347933
1205452405
1205298105
1308377507
1308947907
1308950607
1325784502
1326309502
1887244243
1887232143
1205314805
1205449405
1205295105
1205449605
1205295305
1309211707
1308534307
1309211807
1308534407
1205316005
1205470305
1308411607
1308985007
1308416007
1308989207
1326360502
1325831802
1326309702
1308951407
1308951507
1308950807
1308951007
1308950907
1308951607
1308950707
1325819503
1326346402
1149282803
1149399103
1205466405
1205312105
1205459005
1205304705
1326309302
1325784302
1886902910
1325727202
1326247902
1308951307
1308950507
1308951207
1308951707
1308951107
1308380607
1205459905
1205305605
1308380507
1308380307
1325819402
1325819403
1326346302
1205457705
1205303405
1149277003
1149393303
1883976033
1877239133
1877239011
1877238933
1877238833
1877238711
1877238633
1874925033
1874924911
1874924833
1874924733
1874924611
1874924533
1876331033
1325819502
1325784702
0258871
0261639
1886867304
1205460705
1205306405
1326249202
1325728602
1325727302
1308381207
1308381007
1308381107
1308380807
1308381307
1308380707
1887211235
1326248002
1326350802
1325823102
1325823103
1205454805
1205300505
1887245750
1205466505
1205312205
1205314105
1205468405
1308948007
1308377607
1308380407
1308380207
1308380907
1308380107
1205468205
1205313905
1886821603
1886903710
1887753510
1887727010
1149276903
1149393203
1205298205
1205459805
1205305505
1149282503
1149398803
1308383107
1309105107
0258984
0261854
1205314505
1205468805
1149393503
1325820002
1325820003
1326346902
1887248343
1887241743
1887231943
1887285442
1326350002
1326339802
1887211135
1205452505
1326359902
1326359802
1325831202
1325831102
1325822303
1325822302
1325728302
1326248902
1308377707
1308948107
1887418148
1887417850
1887193135
1887236843
1887231843
1887267539
1149282603
1149398903
1887418050
1887417548
1887417448
1887417348
1205456605
1205302305
1205467205
1205312905
1325726702
1326247602
1149287903
1149404303
1149277203
1205459705
1205305405
1308417607
1308990807
1308990907
1308417707
1887175944
1325726602
1205456705
1205302405
1309249007
1308563507
1882316657
1205454505
1205300205
1325819902
1326346802
1887417750
1887417648
1205460005
1205305705
0258677
0261140
1886900310
0258696
0261136
0258862
0261630
1886867204
1886824303
1205454105
1205299805
1308411707
1308985107
1205456205
1205301905
1325785402
1326310402
1205467405
1205313105
1325819903
1205467905
1205313605
1205468105
1205313805
1326351602
1308378407
1308948807
1886868104
1886903010
1886838912
1886900610
0258693
0261133
0259072
0262118
1886822203
1149288603
1887417948
1887417250
1885560648
6043232150
1886900410
0258694
0261134
0258869
0261637
1326247502
1149428203
1149405003
1326248802
1325728202
1325785502
1326310502
1205458905
1205304605
1887248143
1887315642
1887284842
1325823902
1326340302
1205452605
1205298305
1149277103
1149393403
1308412907
1308986307
1205518205
1326359302
1325830602
1149282403
1149398703
1205455905
1205301605
1205467705
1205313405
1887712110
1887708103
0258988
0261859
0258675
0261116
1887417050
1205450305
1205296005
1325823903
1205462605
1205308305
1149279703
1149396003
1205467105
1205312805
1309105607
1308383607
1326347202
1325820303
1205450605
1205296305
1325820302
1326350202
1325822502
1325822503
1205450405
1205296105
1887284442
1149287803
1149404203
1325726802
1308985807
1308412407
1325730002
1326250502
0261627
1887668803
1886902710
1886839312
0259071
0262117
0258872
0261640
1886868004
1886897610
1149279603
1149395903
1326309602
1325784602
1205456505
1205302205
1874866457
1874866357
1874866257
1874866857
1874866757
1205467805
1205313505
1326310302
1205459605
1205305305
1325785302
1205450705
1205296405
1326250402
1325729902
1325730802
1326251302
1308416207
1308989407
1326350902
1325823202
1205450505
1205296205
1325727902
1326248502
1887222035
1149288203
1149404603
1874866957
1874866657
1874866557
1149288503
1149404903
1325823203
1325792502
1205456005
1205301705
1308379007
1308949407
1308948507
1308383307
1308378107
1309105307
1887324739
1887708203
1887712210
1886839512
0259075
0262121
0258986
0261857
1326340002
1308034207
1307344307
1309211607
1308534207
1887322639
1887320139
1887315542
1887315442
1887267439
1887175844
1308989307
1308416107
1326350702
1205459505
1205305205
1149279403
1149395703
1325823002
1205469405
1205315105
1887325239
1887322739
1887275656
1887260056
1887236943
1887211744
1887211644
1205293905
1205448205
1886874504
0261645
1886867704
0261865
1205469705
1205315405
1326346202
1325819302
1325819303
1205451005
1205296705
1884337857
1884337757
1884337657
1884337557
1884337457
1884338957
1884339757
1884339557
1884339357
1884339157
1884338757
1884338557
1884338357
1884338257
1884338157
1884338057
1884337957
1882319357
1325729802
1326250302
1325823003
1205450805
1205296505
1887275356
1205464105
1205309805
1326251602
1325731102
1205423305
1205268905
1205452705
1205298405
1309105207
1308383207
1325727502
1326248202
1205453305
1205299005
1149279503
1149395803
1886825203
1886839412
0259073
0262119
0258674
0261115
0258868
0261636
1886897710
1886898610
0258688
0261129
1886867604
1326250202
1308376607
1205453605
1205299305
1308413407
1308986807
1309250707
1308565207
1887283756
1205458505
1205304205
1308413007
1308986407
1308407907
1308981307
1325727002
1326247702
1325819803
1308383707
1309105707
1325819802
1326346702
1887416850
1326358302
1205452805
1205298505
1205450005
1205295705
1205466605
1205312305
1205458405
1205304105
1308383407
1309105407
1205453905
1205299605
1308947007
1325728102
1326248702
1325729702
1205462705
1205308405
1326248602
1325728002
1887200435
1887329039
1308411807
1308985207
1326359702
1325831002
1326359402
1205453705
1205299405
1886902510
1886901410
0258690
0261145
0258875
0261643
1887715412
1886895910
0258670
0261111
1886834912
0262098
1886870504
0258906
0261626
0258700
0261148
1886900510
0258698
0261138
1886825303
1325729502
1326250002
1205423205
1205268805
1325785202
1326310202
1326350602
0258922
0261652
0258990
0261861
1886895710
0258667
0261108
1886874704
1886825403
1886902410
0258704
0261152
1886839112
0259076
0262122
1886901310
1886849612
1325822902
1308379107
1308949507
1149280203
1325726302
1205448705
1205294405
1326247202
1887250443
1887247843
1887211444
1887329239
1326250102
1325729602
1308948607
1308378207
1887418450
1309214607
1308537207
1886898710
0258684
0261125
1886870404
0258870
0261638
1887708303
1886867504
1886865804
0258891
0261608
1886839212
0258705
0261153
1308412507
1308985907
1326248302
1325727602
1308379207
1308949607
1325822603
1205458605
1205304305
1205452905
1205298605
1149396503
1149288003
1149404403
1205453505
1205299205
1325822903
1205454005
1205299705
1887418350
1325830702
0258879
0261598
1887712710
1887712810
0258861
0261629
1886825503
1886868304
1886874204
1886870604
0258902
0261622
1886898810
0258687
0261128
1886865904
1325726402
1326247302
1205300605
1205454905
1205463805
1205309505
1325729102
1326249702
1308376707
1308947107
1309105807
1308383807
1326340202
1326309802
1149280003
1149396303
1325784802
1887250343
1887239944
1205453405
1205299105
1205314705
1205469005
1326350302
1326249902
1325729402
1325822602
1887416750
1308412707
1308986107
1308416507
1308989707
1325727802
1326248402
1886870704
1886864104
1886823703
1886839012
0259070
0262116
1886901710
0258702
0261147
1886896310
0258673
0261114
1149404503
1326249802
1325729302
1308413107
1308986507
1308378307
1308948707
1887247943
1887237043
1887232043
1205450905
1205296605
1308412007
1308985407
1884311057
1884310957
1325819102
1325819103
1326346002
1308379307
1308413307
1308986707
1308949707
1205449805
1205295505
1149280103
1149396403
1205463505
1205309205
1887182735
0258706
0261154
0258924
0261654
1886874104
1886824203
0258886
0261604
1886866204
1887712910
1886900910
0258692
0261132
1886864204
0258877
0261609
1887708503
1149279803
1149396103
1326248102
1325727402
1205314405
1205468705
1887275156
1887275256
1887182435
1887178244
1149288103
1326339902
1884310857
1884310757
1325727702
1887416550
1887416450
1205458705
1205304405
1887416650
1886900810
0258691
0261131
1886866004
0261150
0258890
0261607
1886870804
0258897
0261617
1886849812
0258863
0261631
0258989
0261860
1886868504
1886834812
0259059
0262103
1886898910
0258686
0261127
1886874304
1886898310
0258664
0261119
1205453005
1205298705
1887324539
1887314942
1887249043
1887248243
1887240443
1308947207
1326251502
1325731002
1309250507
1308565007
1205448805
1205294505
1326351202
1325823502
1308988207
1308415007
1308415107
1308988307
1308412107
1308985507
1308413707
1308987107
1325823503
1308376807
1887259755
1887248043
1886870904
0258895
0261615
1886896910
0258668
0261109
1886901010
0258695
0261135
1886868704
1886864004
0258880
0261610
0258919
0261649
0258991
0261862
1886874004
1887416050
1149279903
1149396203
1325822803
1325822802
1308411907
1308985307
1325819202
1325819203
1326346102
1887283539
1887274656
1308376907
1205463405
1205309105
1326251402
1325730902
1205314205
1205468505
1308413607
1308987007
1886849712
1886871004
1886903110
1886864504
1886871104
0258876
0261644
1886896510
0258669
0261110
1886868604
1886864604
0258882
0261600
1886866104
1205463305
1205309005
1205466905
1205312605
1308986007
1308412607
1326350502
1308947307
1205448505
1205294205
1887325039
1887324639
1887267156
1884309857
1308412207
1308985607
1309211507
1308534107
1308413207
1308986607
1205464205
1205309905
1309106107
1205450105
1205295805
1308379407
1308949807
1326350402
1887416150
1325822702
1205464305
1205310005
1325822703
1325819603
1325819602
1326346502
1326360002
1325831302
1326359502
1325830802
1887322939
1887416250
1325726902
1205455205
1205300905
1205448305
1205294005
1308384107
1887267256
1887197135
1885455148
1205464005
1205309705
1149288403
1308384007
1309106007
1308386007
1308386207
1309108007
1309108207
1887417150
1205419705
1205265305
1886871204
1886824003
0258899
0261619
1886903610
1887708803
1886901210
1886901510
1886899010
0258921
0261651
1149404803
1205314605
1205468905
1884309757
1884309657
1308377807
1886874604
1887711910
1886901610
1887709604
1205450205
1205295905
1205454305
1205300005
1205458805
1205304505
1887328539
1887249142
1887324939
1308948207
1887415450
1308377907
1308948307
1326347002
1325820102
1325820103
1887708903
1886874804
1886896810
0258672
0261113
1886866304
0258878
0261597
1886871304
0258892
0261612
0258865
0261633
1886868804
1886823803
1887709404
1886849912
1308408207
1308981607
1205448605
1205294305
1205464405
1205310105
1325729202
1308947507
1886837312
1886823203
1886871504
1887710304
1886898410
0258665
0261120
1886866504
1887709704
1205455305
1205301005
1887711810
0258689
0261130
0258697
0261137
1884309557
1308384307
1309106307
1308379607
1308950007
1326359202
1205463905
1205309605
1325830502
1205455605
1205301305
0258920
0261650
1886875004
1887709804
0258873
0261641
1886869804
1886871604
0258896
0261616
1886903510
1886903410
1887196735
1308379507
1308949907
1308377107
1309250407
1308564907
1886871404
1886869104
0258925
0261655
0258900
0261620
1886896710
0258671
0261112
1887709504
1886866404
1886874904
0258881
0261599
0258864
0261632
1887709003
1886869304
0258883
0261601
1887365248
1887215935
1887200035
1308416407
1308989607
1325820602
1326347502
1325820603
1326351002
1325823302
1325823303
1308378507
1308948907
1326360402
1205455405
1205301105
1308377207
1308947607
1308384207
1309106207
1887415550
1887197035
1887250543
1887669003
0258916
0261646
1886871704
1886875104
0258894
0261614
0261122
1887710004
1886823003
1308379707
1308950107
1884309457
1884309357
1308384407
1325831702
1887244343
1887322839
1886903310
1886903210
1887711510
1886866604
0258888
0261606
0258867
0261635
1886899310
0258685
0261126
1886869504
1887709904
1309106407
1887365048
1887212935
0258866
0261634
1887710204
1886869604
1887710810
0258917
0261647
1886866804
1886875304
1886837412
0259061
0262113
1886871904
1887710404
1887711710
0258903
0261623
1886899410
0258683
0261124
1887710504
1886875204
0258918
0261648
0258887
0261605
1886866904
1886872004
0258898
0261618
1887365150
1326351502
1887196835
1325823803
1325823802
1887711610
1886866704
0258884
0261602
0258885
0261603
1887710104
1886871804
0258901
0261621
1308415207
1308988407
1326351302
1325823603
1325823602
1887196935
1887711310
1886899510
1309250607
1308565107
1308379807
1308950207
1309110307
1886867004
1887711210
0258874
0261642
1886870004
1886875404
1308388307
1887324839
1887711110
0258662
0261117
1886893710
1886872104
1205455505
1205301205
1887415650
1205454605
1205300305
0258905
0261625
1886869904
1886872204
0258893
0261613
0258923
0261653
1886874404
1308379907
1308950307
1886872304
0258904
0261624
1887710910
1887206335
1887710710
1887711410
1887711010
1887710610
1886893810
0258663
0261118
---0% --------20% --------40% --------60% --------80% --------100% -----/Volumes/SeagateBackupPlusDrive/1stChoice/TNG/tiff/2014/09/6043206410.tif here
cp /Volumes/SeagateBackupPlusDrive/1stChoice/TNG/tiff/2014/09/6043206410.tif /Volumes/SeagateBackupPlusDrive/1stChoice/TNG/tiffCurrent/ATL/
09/27/2014
/Volumes/SeagateBackupPlusDrive/1stChoice/TNG/tiff/2014/09/1325802902.tif here
cp /Volumes/SeagateBackupPlusDrive/1stChoice/TNG/tiff/2014/09/1325802902.tif /Volumes/SeagateBackupPlusDrive/1stChoice/TNG/tiffCurrent/SAC/
09/27/2014
/Volumes/SeagateBackupPlusDrive/1stChoice/TNG/tiff/2014/09/1325802903.tif here
cp /Volumes/SeagateBackupPlusDrive/1stChoice/TNG/tiff/2014/09/1325802903.tif /Volumes/SeagateBackupPlusDrive/1stChoice/TNG/tiffCurrent/SAC/
09/27/2014
/Volumes/SeagateBackupPlusDrive/1stChoice/TNG/tiff/2014/09/1326328102.tif here
cp /Volumes/SeagateBackupPlusDrive/1stChoice/TNG/tiff/2014/09/1326328102.tif /Volumes/SeagateBackupPlusDrive/1stChoice/TNG/tiffCurrent/SAC/
09/27/2014
/Volumes/SeagateBackupPlusDrive/1stChoice/TNG/tiff/2014/09/1325804303.tif here
cp /Volumes/SeagateBackupPlusDrive/1stChoice/TNG/tiff/2014/09/1325804303.tif /Volumes/SeagateBackupPlusDrive/1stChoice/TNG/tiffCurrent/SAC/
09/27/2014
/Volumes/SeagateBackupPlusDrive/1stChoice/TNG/tiff/2014/09/1326329502.tif here
cp /Volumes/SeagateBackupPlusDrive/1stChoice/TNG/tiff/2014/09/1326329502.tif /Volumes/SeagateBackupPlusDrive/1stChoice/TNG/tiffCurrent/SAC/
09/27/2014
/Volumes/SeagateBackupPlusDrive/1stChoice/TNG/tiff/2014/09/1325804302.tif here
cp /Volumes/SeagateBackupPlusDrive/1stChoice/TNG/tiff/2014/09/1325804302.tif /Volumes/SeagateBackupPlusDrive/1stChoice/TNG/tiffCurrent/SAC/
09/27/2014
/Volumes/SeagateBackupPlusDrive/1stChoice/TNG/tiff/2014/09/1325804203.tif here
cp /Volumes/SeagateBackupPlusDrive/1stChoice/TNG/tiff/2014/09/1325804203.tif /Volumes/SeagateBackupPlusDrive/1stChoice/TNG/tiffCurrent/SAC/
09/27/2014
/Volumes/SeagateBackupPlusDrive/1stChoice/TNG/tiff/2014/09/1326329402.tif here
cp /Volumes/SeagateBackupPlusDrive/1stChoice/TNG/tiff/2014/09/1326329402.tif /Volumes/SeagateBackupPlusDrive/1stChoice/TNG/tiffCurrent/SAC/
09/27/2014
/Volumes/SeagateBackupPlusDrive/1stChoice/TNG/tiff/2014/09/1325804202.tif here
cp /Volumes/SeagateBackupPlusDrive/1stChoice/TNG/tiff/2014/09/1325804202.tif /Volumes/SeagateBackupPlusDrive/1stChoice/TNG/tiffCurrent/SAC/
09/27/2014
/Volumes/SeagateBackupPlusDrive/1stChoice/TNG/tiff/2014/09/1325804103.tif here
cp /Volumes/SeagateBackupPlusDrive/1stChoice/TNG/tiff/2014/09/1325804103.tif /Volumes/SeagateBackupPlusDrive/1stChoice/TNG/tiffCurrent/SAC/
09/27/2014
/Volumes/SeagateBackupPlusDrive/1stChoice/TNG/tiff/2014/09/1326329302.tif here
cp /Volumes/SeagateBackupPlusDrive/1stChoice/TNG/tiff/2014/09/1326329302.tif /Volumes/SeagateBackupPlusDrive/1stChoice/TNG/tiffCurrent/SAC/
09/27/2014
/Volumes/SeagateBackupPlusDrive/1stChoice/TNG/tiff/2014/09/1325804102.tif here
cp /Volumes/SeagateBackupPlusDrive/1stChoice/TNG/tiff/2014/09/1325804102.tif /Volumes/SeagateBackupPlusDrive/1stChoice/TNG/tiffCurrent/SAC/
09/27/2014
/Volumes/SeagateBackupPlusDrive/1stChoice/TNG/tiff/2014/09/1325804003.tif here
cp /Volumes/SeagateBackupPlusDrive/1stChoice/TNG/tiff/2014/09/1325804003.tif /Volumes/SeagateBackupPlusDrive/1stChoice/TNG/tiffCurrent/SAC/
09/27/2014
/Volumes/SeagateBackupPlusDrive/1stChoice/TNG/tiff/2014/09/1326329202.tif here
cp /Volumes/SeagateBackupPlusDrive/1stChoice/TNG/tiff/2014/09/1326329202.tif /Volumes/SeagateBackupPlusDrive/1stChoice/TNG/tiffCurrent/SAC/
09/27/2014
/Volumes/SeagateBackupPlusDrive/1stChoice/TNG/tiff/2014/09/1326352802.tif here
cp /Volumes/SeagateBackupPlusDrive/1stChoice/TNG/tiff/2014/09/1326352802.tif /Volumes/SeagateBackupPlusDrive/1stChoice/TNG/tiffCurrent/SAC/
09/27/2014
/Volumes/SeagateBackupPlusDrive/1stChoice/TNG/tiff/2014/09/1325824702.tif here
cp /Volumes/SeagateBackupPlusDrive/1stChoice/TNG/tiff/2014/09/1325824702.tif /Volumes/SeagateBackupPlusDrive/1stChoice/TNG/tiffCurrent/SAC/
09/27/2014
/Volumes/SeagateBackupPlusDrive/1stChoice/TNG/tiff/2014/09/1325824603.tif here
cp /Volumes/SeagateBackupPlusDrive/1stChoice/TNG/tiff/2014/09/1325824603.tif /Volumes/SeagateBackupPlusDrive/1stChoice/TNG/tiffCurrent/SAC/
09/27/2014
/Volumes/SeagateBackupPlusDrive/1stChoice/TNG/tiff/2014/09/1326352702.tif here
cp /Volumes/SeagateBackupPlusDrive/1stChoice/TNG/tiff/2014/09/1326352702.tif /Volumes/SeagateBackupPlusDrive/1stChoice/TNG/tiffCurrent/SAC/
09/27/2014
/Volumes/SeagateBackupPlusDrive/1stChoice/TNG/tiff/2014/09/1326352502.tif here
cp /Volumes/SeagateBackupPlusDrive/1stChoice/TNG/tiff/2014/09/1326352502.tif /Volumes/SeagateBackupPlusDrive/1stChoice/TNG/tiffCurrent/SAC/
09/27/2014
/Volumes/SeagateBackupPlusDrive/1stChoice/TNG/tiff/2014/09/1325824402.tif here
cp /Volumes/SeagateBackupPlusDrive/1stChoice/TNG/tiff/2014/09/1325824402.tif /Volumes/SeagateBackupPlusDrive/1stChoice/TNG/tiffCurrent/SAC/
09/27/2014
/Volumes/SeagateBackupPlusDrive/1stChoice/TNG/tiff/2014/09/1326352402.tif here
cp /Volumes/SeagateBackupPlusDrive/1stChoice/TNG/tiff/2014/09/1326352402.tif /Volumes/SeagateBackupPlusDrive/1stChoice/TNG/tiffCurrent/SAC/
09/27/2014
/Volumes/SeagateBackupPlusDrive/1stChoice/TNG/tiff/2014/09/1325824302.tif here
cp /Volumes/SeagateBackupPlusDrive/1stChoice/TNG/tiff/2014/09/1325824302.tif /Volumes/SeagateBackupPlusDrive/1stChoice/TNG/tiffCurrent/SAC/
09/27/2014
/Volumes/SeagateBackupPlusDrive/1stChoice/TNG/tiff/2014/09/1326352302.tif here
cp /Volumes/SeagateBackupPlusDrive/1stChoice/TNG/tiff/2014/09/1326352302.tif /Volumes/SeagateBackupPlusDrive/1stChoice/TNG/tiffCurrent/SAC/
09/27/2014
/Volumes/SeagateBackupPlusDrive/1stChoice/TNG/tiff/2014/09/1325824202.tif here
cp /Volumes/SeagateBackupPlusDrive/1stChoice/TNG/tiff/2014/09/1325824202.tif /Volumes/SeagateBackupPlusDrive/1stChoice/TNG/tiffCurrent/SAC/
09/27/2014
/Volumes/SeagateBackupPlusDrive/1stChoice/TNG/tiff/2014/09/1326352202.tif here
cp /Volumes/SeagateBackupPlusDrive/1stChoice/TNG/tiff/2014/09/1326352202.tif /Volumes/SeagateBackupPlusDrive/1stChoice/TNG/tiffCurrent/SAC/
09/27/2014
/Volumes/SeagateBackupPlusDrive/1stChoice/TNG/tiff/2014/09/1325824102.tif here
cp /Volumes/SeagateBackupPlusDrive/1stChoice/TNG/tiff/2014/09/1325824102.tif /Volumes/SeagateBackupPlusDrive/1stChoice/TNG/tiffCurrent/SAC/
09/27/2014
/Volumes/SeagateBackupPlusDrive/1stChoice/TNG/tiff/2014/09/1326352102.tif here
cp /Volumes/SeagateBackupPlusDrive/1stChoice/TNG/tiff/2014/09/1326352102.tif /Volumes/SeagateBackupPlusDrive/1stChoice/TNG/tiffCurrent/SAC/
09/27/2014
/Volumes/SeagateBackupPlusDrive/1stChoice/TNG/tiff/2014/09/1325824002.tif here
cp /Volumes/SeagateBackupPlusDrive/1stChoice/TNG/tiff/2014/09/1325824002.tif /Volumes/SeagateBackupPlusDrive/1stChoice/TNG/tiffCurrent/SAC/
09/27/2014
/Volumes/SeagateBackupPlusDrive/1stChoice/TNG/tiff/2014/09/1326353702.tif here
cp /Volumes/SeagateBackupPlusDrive/1stChoice/TNG/tiff/2014/09/1326353702.tif /Volumes/SeagateBackupPlusDrive/1stChoice/TNG/tiffCurrent/SAC/
09/27/2014
/Volumes/SeagateBackupPlusDrive/1stChoice/TNG/tiff/2014/09/1325825602.tif here
cp /Volumes/SeagateBackupPlusDrive/1stChoice/TNG/tiff/2014/09/1325825602.tif /Volumes/SeagateBackupPlusDrive/1stChoice/TNG/tiffCurrent/SAC/
09/27/2014
/Volumes/SeagateBackupPlusDrive/1stChoice/TNG/tiff/2014/09/1326353602.tif here
cp /Volumes/SeagateBackupPlusDrive/1stChoice/TNG/tiff/2014/09/1326353602.tif /Volumes/SeagateBackupPlusDrive/1stChoice/TNG/tiffCurrent/SAC/
09/27/2014
/Volumes/SeagateBackupPlusDrive/1stChoice/TNG/tiff/2014/09/1325825502.tif here
cp /Volumes/SeagateBackupPlusDrive/1stChoice/TNG/tiff/2014/09/1325825502.tif /Volumes/SeagateBackupPlusDrive/1stChoice/TNG/tiffCurrent/SAC/
09/27/2014
/Volumes/SeagateBackupPlusDrive/1stChoice/TNG/tiff/2014/09/1325825303.tif here
cp /Volumes/SeagateBackupPlusDrive/1stChoice/TNG/tiff/2014/09/1325825303.tif /Volumes/SeagateBackupPlusDrive/1stChoice/TNG/tiffCurrent/null/
09/27/2014
Caught: java.io.FileNotFoundException: /Volumes/SeagateBackupPlusDrive/1stChoice/TNG/tiffCurrent/404/Indexes.txt (No such file or directory)
java.io.FileNotFoundException: /Volumes/SeagateBackupPlusDrive/1stChoice/TNG/tiffCurrent/404/Indexes.txt (No such file or directory)
	at tif_generation$_run_closure5.doCall(tif_generation.groovy:346)
	at tif_generation.run(tif_generation.groovy:311)
9
09/18/2014
1325645303
1326157302
1325645302
1325643603
1326155602
1325643602
1325644403
1326156402
1325644402
1325644303
1326156302
1325644302
1325644203
1326156202
1325644202
1325644103
1326156102
1325644102
1325643803
1326155802
1325643802
1325643703
1326155702
1325643702
1325801803
1326327002
1325801802
1325802003
1326327302
1325802002
1325802103
1326327402
1325802102
1325644003
1326156002
1325644002
1307829307
1307199407
1308104907
1307427407
1308102607
1307429007
1885403435
1306145907
1306878307
1306135807
1308981107
1308407707
1885345156
1885345056
1325654003
1326167502
1325654002
1325653503
1326167002
1325653502
1325653403
1326166902
1325653402
1325655003
1326168502
1325655002
1325654903
1326168402
1325654902
1325654803
1326168302
1325654802
1325654703
1326168202
1325654702
1325654603
1326168102
1325654602
1325654503
1326168002
1325654502
1325654403
1326167902
1325654402
1325654303
1326167802
1325654302
1325654203
1326167702
1325654202
1325654103
1326167602
1325654102
1325653903
1326167402
1325653902
0260092
0261922
1886562812
1309024407
1308456207
1886569612
0260081
0261940
1884366657
1884330457
1884330257
1884330057
1884329857
1884329557
1884329457
1884329257
1884328957
1884328857
1884328557
1884328457
1884328357
1884322357
1884328257
1884328157
1884327057
1884326857
1884326557
1884326457
1884326357
1884326257
1884326157
1884301257
1884326057
1884301057
1884325957
1884325857
1884325757
1884300657
1884325657
1884325557
1884325457
1884300457
1309025507
1308457307
1309025207
1308457007
1309025107
1308456907
1309024907
1308456707
1309024707
1308456507
1309027007
1308458807
1309026807
1308458607
1309029407
1308461207
1308462407
1309030407
1308462207
1309028607
1308460407
1309028407
1308460207
1308916707
1309027807
1308459607
1308916607
1309027907
1308459707
1887698714
1308454907
1309023207
1309023407
1309023107
1309022907
1308454807
1308454707
1308455107
1309023307
1308457807
1309026007
1309029607
1308461407
1309029507
1308461307
1308461707
1309029907
1308461807
1309030007
1887698514
1887698614
1308916007
1309024607
1308456407
1308455007
1309023007
1308455207
1149368703
1149254203
1325650803
1325651002
1325650702
1326163502
1326163702
1326163802
1326163402
1325632803
1326164202
1325650703
1325650802
1326164302
1325651003
1326164502
1308982807
1308409407
1308408907
1308982307
1308983107
1308409707
1308983007
1308409607
1308983307
1308409907
1308410107
1308983507
1308410007
1308983407
1326164902
1325651402
1326164802
1325651302
1326163602
1326164702
1325651202
1326164602
1325651102
1326164402
1325650902
1205411805
1205257405
1205411705
1205257305
1205433005
1205278705
1205411105
1205256705
1205517705
1205410905
1205256505
1205410805
1205256405
1325661003
1326176002
1325661002
1326175402
1325660402
1326176902
1325661902
1326176702
1325661702
1326176602
1325661602
1325661303
1326176302
1325661302
1325661203
1326176202
1325661202
1326174902
1326175102
1205411605
1205257205
1205411305
1205256905
1205411205
1205256805
1205411405
1205257005
1205411005
1205256605
1205419505
1205428305
1205273905
1205428205
1205273805
1205265105
1205419405
1205265005
1205280805
1205435105
1205417005
1205410405
1205256005
1205416905
1205262505
1205416705
1205262305
1205262605
1205416605
1205262205
1205416805
1205262405
1205419205
1205264805
1205417105
1205262705
1326178502
1325663502
1205418505
1205264105
1205278805
1205419105
1205264705
1325662402
1326177402
1205425905
1205271505
1205417605
1205263205
1205418405
1205264005
1205418605
1205264205
1205433105
1205417705
1205263305
1205417805
1205263405
1149362303
1149247903
1205410205
1205255805
1326179002
1325664002
1205278905
1326177702
1325662702
1205418705
1205264305
1205433205
1326127902
1325618203
1325618202
1205419305
1205264905
1886547403
1884260611
1325662502
1326177502
1325663202
1326178202
1149362503
1149248103
1325620102
1326130302
1325620103
1149360203
1205416405
1205262005
1205405805
1205251405
1149362203
1149247803
1886687010
1205418805
1205264405
1326181102
1308407807
1308981207
1308408307
1308981707
1149245803
1326170402
0258965
0261806
1886902610
1325649703
1326162702
1325649702
1325649803
1326170702
1326129002
1205517605
1205410705
1205256305
1884260511
1149362103
1149247703
1325629302
1326140702
1325629303
1326178902
1325619003
1149362403
1149248003
1325663902
1326129202
1325619002
1325657502
1205407205
1205252805
1149360303
1149245903
1205418905
1205264505
1886546503
1886686910
1205280505
1205434805
1149360403
1149246003
1149360503
1149246103
1326130202
1325620003
1325620002
1325663302
1326178302
1326179202
1326180302
1325665302
1326180202
1325665202
1326171702
1325657402
1326180102
1325665102
1326180902
1325665902
1325665702
1326180602
1325665602
1326179902
1325664902
1326179802
1884260233
1326177102
1325662102
1326177002
1325662002
1326178802
1325663802
1326178702
1325663702
1326178602
1325663602
1326178402
1325663402
1325664102
1326179102
1326178102
1325663102
1326178002
1325663002
1326177902
1325662902
1326177802
1325662802
1326177602
1325662602
1326177302
1325662302
1205280605
1205518105
1205434905
1205416305
1205261905
1325664802
1326179702
1325664702
1326179602
1325664602
1326179502
1325664502
1325664202
1326139802
1325628402
1149356303
1149241903
1325628302
1326139702
1326162902
1325649902
1326163302
1325650302
1325650203
1326163202
1325650202
1325650103
1326163102
1325650102
1326163002
1325650002
1326162802
1325649802
1325649603
1326162602
1325649602
1326162502
1325649502
1325649403
1326162402
1325649402
1326161402
1326162302
1325649302
1326161302
1326161202
1326161502
1205282505
1205436805
1149360703
1149246303
1325619702
1325619703
1326129902
1325628502
1326139902
1149360603
1149246203
1205431205
1205276905
1326139502
1205423405
1205269005
1149356403
1149242003
1205420905
1149356203
1149241803
1887669103
1205420005
1205265605
1308406507
1308979907
1884259611
1884259433
1205266505
1308981007
1308407607
1205423605
1205269205
1205280705
1205435005
1205282205
1205436505
1205414105
1205259705
1205420405
1205266005
1205406105
1205251705
1886688010
1884259311
1884259111
1308407007
1308980407
1308408507
1308981907
1326140002
1325628602
1205423705
1205269305
1326140102
1325628702
1325619402
1205406405
1205252005
1308407507
1308980907
1205407405
1205253005
1205419905
1205265505
1886548003
1308943907
1325619403
1326129602
1205411905
1205257505
1205421105
1205266705
1205428105
1205273705
1205280905
1205435205
1149356803
1149242403
1205282605
1205436905
1205406205
1205251805
1205431105
1205276805
1884258833
1884258733
1205423805
1205269405
1308373407
1887700614
1205407305
1205252905
1205416205
1205261805
1308373507
1308980207
1308406807
1308170008
1887687710
1886687210
1887691510
1886548903
1149356703
1149356603
1149242203
1887673304
1887673404
1886548103
1887673504
1887673604
1886687910
0258597
0260968
1886683210
1887673704
1887673804
1887673904
1887669403
1205281005
1205435305
1326140402
1325629002
1205405605
1205251205
1205406005
1205251605
1325619303
1325619302
1326129502
1205431705
1205277405
1149242303
1205417305
1205262905
1205406305
1205251905
1205267605
1205422005
1205426505
1205272105
1308944607
1308943807
1205418305
1205263905
1205282705
1205437005
1886689410
0258615
0260986
1886548703
1886646904
1326140302
1325628902
1205281105
1205435405
1325629102
1325629103
1326140502
1205407905
1205253505
1884308357
1884308957
1884308757
1326128202
1325618503
1325618502
1326128002
1325618303
1325618302
1326128902
1205406505
1205252105
1886687110
0258594
0260965
1886683110
1886687310
0258593
0260964
1326128802
1325619503
1325619502
1326127302
1149362003
1149247603
1205421205
1205266805
1325657803
1326172602
1149356903
1149242503
1325629203
1325629202
1149368503
1149254003
1326140602
1887675204
1886547903
1886548603
1887687610
1886683610
1149361103
1149246703
1149368203
1149253703
1205426805
1205272405
1205281405
1205435705
1205413905
1205259505
1205426705
1205272305
1205419605
1205265205
1886689510
0258616
0260987
1887691710
1887687910
1887691810
1887691910
1886689210
0258628
0260999
1886689310
1887692010
1886649704
0258816
0261479
1886683510
1887675304
0258585
0260956
1887669203
1886686110
1887687510
1205417405
1205263005
1205420505
1205266105
1886548303
1886686310
0258591
0260962
1887675404
1886683010
1887687310
1205406705
1205252305
1149357103
1149242703
1205420105
1205265705
1149368903
1149254403
1308407407
1308980807
1308024307
1307345607
1149361503
1149247103
1884245811
1308406907
1308980307
1149368803
1149254303
1205408005
1205253605
1205421305
1205266905
1149361803
1149247403
1149361903
1149247503
1887675604
1886647404
0258810
0261465
1886687410
0258596
0260967
1887669303
1887687110
1205406605
1205252205
1884308857
1884246011
1884246311
1205407505
1205253105
1205431305
1205277005
1308373607
1308944007
1308980007
1308406607
1886548203
0258547
0260859
1205408705
1205254305
1149368003
1149253503
1886548803
1887675504
1887687410
1886548403
1205410605
1205256205
1205407105
1205252705
1308407207
1308980607
1149357203
1149242803
1887678404
1887675804
1205266205
1205406805
1205252405
1149361603
1149247203
1326170602
1205432705
1205278405
1886515010
1149368403
1149253903
1205279905
1205434205
1149357303
1149242903
1886683410
1887669603
1887687210
1887713003
0258818
0261481
1886649804
1886687510
0258595
0260966
1884260433
1884308657
1326139602
1887687810
0258586
0260957
1886686210
1886689810
0258626
0260989
1886683310
0259033
0262014
1205436105
1205281805
1149368103
1149253603
1205414005
1205417505
1205263105
1205279805
1205434105
1887700314
1205272205
1149357403
1149243003
1886515114
1886515314
1887699914
0258549
1887700514
1887669703
0259034
0262015
1886636212
1887687010
1887667803
0259032
0262013
1886636012
1887678304
1308407107
1308980507
1326140202
1325628802
1149361403
1308373707
1308944107
0258548
1308408607
1308982007
1205265405
1205259605
1149368303
1149253803
1205405405
1205251005
1887700414
1887669903
0258701
0261146
0258583
0260954
1887686910
0258582
0260953
1886687610
1887669803
1887678204
1205434305
1308406707
1308980107
1149247003
1205407805
1205253405
1884260311
1884310057
1884308557
1884308457
1884245611
1884246711
1205417205
1205262805
1205436005
1205281705
1149361303
1149246903
1308944207
1205406905
1205252505
1205280005
1149357603
1149243203
0260861
1887667603
1887688010
1887672004
1887676104
1887678504
1886686510
0258592
0260963
1205279705
1205434005
1205435905
1205281605
0260860
1887671904
1886683710
1887667303
1887670903
1887671804
1886686410
0258590
0260961
0259035
0262016
1886635812
1887669503
1887713203
1205411505
1205257105
1325657602
1308408007
1308981407
1308373807
1205410305
1205255905
1149361003
1149246603
1205409505
1205255105
1205434405
1205280105
1887667403
1886689910
1887668703
1887675904
1886652704
1205282905
1205437205
1884260133
1884259833
1884309957
1884308257
1884247111
1887676004
1205407605
1205253205
1205268005
1205431505
1205277205
1884247211
1205417905
1205263505
1886515214
1205407705
1205253305
1149361203
1149246803
1887668603
1887688110
0258682
0261123
1887672104
1887667903
0258829
0261492
1887678604
1205267705
1205271405
1205407005
1205252605
1205418105
1205263705
1205283005
1205437305
1308408107
1308981507
1308406407
1308979807
1205432105
1205277805
1884259733
1884259511
1884310657
1884307957
1884308157
1884245711
1884245911
1884247311
1205432805
1205278505
1887699814
1149368603
1149254103
1886653004
0259041
0262024
1886629612
0258826
0261489
1886687810
0258601
0260972
0259037
0262018
1886636612
0284236
1886622035
1886647604
0261469
1887678704
1886652804
0258825
0261488
1886687710
1887672204
1326170802
1149360903
1149246503
1887692103
1887688210
1887678804
1205418005
1205263605
1887699714
1205437405
1886635612
0259038
0262019
1887670703
1887676204
1887681104
1887668303
1308373907
1308914007
1308944307
1326172302
1149360803
1149246403
1326170502
1884259211
1884310557
1884307857
1884308057
1884246111
1205436605
1205282305
1886682410
1887672604
1887713303
1887713103
1887692203
1887692403
1887698212
1886690010
1887674004
1887692303
1886683810
1886650704
0258813
0261476
0260942
1886682310
0258630
0261001
1887672304
0261468
1886647804
1886636412
1205409405
1205255005
1205283105
1205263805
1887699114
1205267005
1886651504
1886652004
1887672404
1886651204
1887675704
0258814
1886685210
1887676304
1887690310
1887676404
1887672704
1887679104
1887699414
1308376107
1308946507
1308408407
1308981807
1884258633
1884310357
1884310257
1884307657
1884307557
1887672904
1887674804
1887676504
0258817
0261480
1887681504
0258552
0260864
1886515714
1887699614
1308410407
1308983807
1887690410
1886654104
0258828
0261491
1886635212
0259036
0262017
0258815
0261478
1887674504
1887681604
1887700114
1884258533
1884310157
1884307457
1884246811
0261477
1887674104
1887681204
1887670803
1887668503
1887678904
0258811
0261466
1886648104
1326172002
1887699314
1308376007
1308946407
1887699214
1884259011
1884258933
1884310457
1884307757
1884246411
1884246511
1205416505
1205262105
1887690210
1887681304
1887672804
1886689110
0258609
0260980
0258612
0260983
1886682510
1887674304
1887681404
1205267105
1325657302
1887699514
1887679004
1887670603
1887672504
1887691210
1887674204
1308374007
1308944407
1308374107
1308944507
1884246911
1205267205
1887676604
1887673004
1887686510
1887674404
1887690610
1887676704
1887673104
1887700214
1887690510
1887673204
1887679204
1886654504
0258830
0261493
1887674904
1887690010
1886515414
1886515514
0258550
0260862
1308374207
1307489708
1205267305
1886515614
1887676804
1887679304
1887674704
1886685410
1887686310
1205435505
1205281205
1887686410
1887674604
1886685310
0258812
0261467
1886648604
0258551
1886515814
0260863
1205435805
1205281505
1887675004
1886688110
1887690710
1887690110
1886654304
0258827
0261490
1887675104
1887686610
1887689910
1205266605
1884247411
1887681704
1887686710
1887682004
1887689810
1887689710
1887681804
1887690810
1887689610
1887691410
1887691310
1887681904
1887686810
1887690910
1887691010
1887689510
1887691110
1887689410
1887689310
1887689210
1887689110
---0% --------20% --------40% --------60% --------80% --------100% -----/Volumes/SeagateBackupPlusDrive/1stChoice/TNG/tiff/2014/09/1325645303.tif here
cp /Volumes/SeagateBackupPlusDrive/1stChoice/TNG/tiff/2014/09/1325645303.tif /Volumes/SeagateBackupPlusDrive/1stChoice/TNG/tiffCurrent/SAC/
09/27/2014
/Volumes/SeagateBackupPlusDrive/1stChoice/TNG/tiff/2014/09/1326157302.tif here
cp /Volumes/SeagateBackupPlusDrive/1stChoice/TNG/tiff/2014/09/1326157302.tif /Volumes/SeagateBackupPlusDrive/1stChoice/TNG/tiffCurrent/SAC/
09/27/2014
/Volumes/SeagateBackupPlusDrive/1stChoice/TNG/tiff/2014/09/1325645302.tif here
cp /Volumes/SeagateBackupPlusDrive/1stChoice/TNG/tiff/2014/09/1325645302.tif /Volumes/SeagateBackupPlusDrive/1stChoice/TNG/tiffCurrent/SAC/
09/27/2014
/Volumes/SeagateBackupPlusDrive/1stChoice/TNG/tiff/2014/09/1325643603.tif here
cp /Volumes/SeagateBackupPlusDrive/1stChoice/TNG/tiff/2014/09/1325643603.tif /Volumes/SeagateBackupPlusDrive/1stChoice/TNG/tiffCurrent/SAC/
09/27/2014
/Volumes/SeagateBackupPlusDrive/1stChoice/TNG/tiff/2014/09/1326155602.tif here
cp /Volumes/SeagateBackupPlusDrive/1stChoice/TNG/tiff/2014/09/1326155602.tif /Volumes/SeagateBackupPlusDrive/1stChoice/TNG/tiffCurrent/SAC/
09/27/2014
/Volumes/SeagateBackupPlusDrive/1stChoice/TNG/tiff/2014/09/1325643602.tif here
cp /Volumes/SeagateBackupPlusDrive/1stChoice/TNG/tiff/2014/09/1325643602.tif /Volumes/SeagateBackupPlusDrive/1stChoice/TNG/tiffCurrent/SAC/
09/27/2014
/Volumes/SeagateBackupPlusDrive/1stChoice/TNG/tiff/2014/09/1325644403.tif here
cp /Volumes/SeagateBackupPlusDrive/1stChoice/TNG/tiff/2014/09/1325644403.tif /Volumes/SeagateBackupPlusDrive/1stChoice/TNG/tiffCurrent/SAC/
09/27/2014
/Volumes/SeagateBackupPlusDrive/1stChoice/TNG/tiff/2014/09/1326156402.tif here
cp /Volumes/SeagateBackupPlusDrive/1stChoice/TNG/tiff/2014/09/1326156402.tif /Volumes/SeagateBackupPlusDrive/1stChoice/TNG/tiffCurrent/SAC/
09/27/2014
/Volumes/SeagateBackupPlusDrive/1stChoice/TNG/tiff/2014/09/1325644402.tif here
cp /Volumes/SeagateBackupPlusDrive/1stChoice/TNG/tiff/2014/09/1325644402.tif /Volumes/SeagateBackupPlusDrive/1stChoice/TNG/tiffCurrent/SAC/
09/27/2014
/Volumes/SeagateBackupPlusDrive/1stChoice/TNG/tiff/2014/09/1325644303.tif here
cp /Volumes/SeagateBackupPlusDrive/1stChoice/TNG/tiff/2014/09/1325644303.tif /Volumes/SeagateBackupPlusDrive/1stChoice/TNG/tiffCurrent/SAC/
09/27/2014
/Volumes/SeagateBackupPlusDrive/1stChoice/TNG/tiff/2014/09/1326156302.tif here
cp /Volumes/SeagateBackupPlusDrive/1stChoice/TNG/tiff/2014/09/1326156302.tif /Volumes/SeagateBackupPlusDrive/1stChoice/TNG/tiffCurrent/SAC/
09/27/2014
/Volumes/SeagateBackupPlusDrive/1stChoice/TNG/tiff/2014/09/1325644302.tif here
cp /Volumes/SeagateBackupPlusDrive/1stChoice/TNG/tiff/2014/09/1325644302.tif /Volumes/SeagateBackupPlusDrive/1stChoice/TNG/tiffCurrent/SAC/
09/27/2014
/Volumes/SeagateBackupPlusDrive/1stChoice/TNG/tiff/2014/09/1325644203.tif here
cp /Volumes/SeagateBackupPlusDrive/1stChoice/TNG/tiff/2014/09/1325644203.tif /Volumes/SeagateBackupPlusDrive/1stChoice/TNG/tiffCurrent/SAC/
09/27/2014
/Volumes/SeagateBackupPlusDrive/1stChoice/TNG/tiff/2014/09/1326156202.tif here
cp /Volumes/SeagateBackupPlusDrive/1stChoice/TNG/tiff/2014/09/1326156202.tif /Volumes/SeagateBackupPlusDrive/1stChoice/TNG/tiffCurrent/SAC/
09/27/2014
/Volumes/SeagateBackupPlusDrive/1stChoice/TNG/tiff/2014/09/1325644202.tif here
cp /Volumes/SeagateBackupPlusDrive/1stChoice/TNG/tiff/2014/09/1325644202.tif /Volumes/SeagateBackupPlusDrive/1stChoice/TNG/tiffCurrent/SAC/
09/27/2014
/Volumes/SeagateBackupPlusDrive/1stChoice/TNG/tiff/2014/09/1325644103.tif here
cp /Volumes/SeagateBackupPlusDrive/1stChoice/TNG/tiff/2014/09/1325644103.tif /Volumes/SeagateBackupPlusDrive/1stChoice/TNG/tiffCurrent/SAC/
09/27/2014
/Volumes/SeagateBackupPlusDrive/1stChoice/TNG/tiff/2014/09/1326156102.tif here
cp /Volumes/SeagateBackupPlusDrive/1stChoice/TNG/tiff/2014/09/1326156102.tif /Volumes/SeagateBackupPlusDrive/1stChoice/TNG/tiffCurrent/SAC/
09/27/2014
/Volumes/SeagateBackupPlusDrive/1stChoice/TNG/tiff/2014/09/1325644102.tif here
cp /Volumes/SeagateBackupPlusDrive/1stChoice/TNG/tiff/2014/09/1325644102.tif /Volumes/SeagateBackupPlusDrive/1stChoice/TNG/tiffCurrent/SAC/
09/27/2014
/Volumes/SeagateBackupPlusDrive/1stChoice/TNG/tiff/2014/09/1325643803.tif here
cp /Volumes/SeagateBackupPlusDrive/1stChoice/TNG/tiff/2014/09/1325643803.tif /Volumes/SeagateBackupPlusDrive/1stChoice/TNG/tiffCurrent/SAC/
09/27/2014
/Volumes/SeagateBackupPlusDrive/1stChoice/TNG/tiff/2014/09/1326155802.tif here
cp /Volumes/SeagateBackupPlusDrive/1stChoice/TNG/tiff/2014/09/1326155802.tif /Volumes/SeagateBackupPlusDrive/1stChoice/TNG/tiffCurrent/SAC/
09/27/2014
/Volumes/SeagateBackupPlusDrive/1stChoice/TNG/tiff/2014/09/1325643802.tif here
cp /Volumes/SeagateBackupPlusDrive/1stChoice/TNG/tiff/2014/09/1325643802.tif /Volumes/SeagateBackupPlusDrive/1stChoice/TNG/tiffCurrent/SAC/
09/27/2014
/Volumes/SeagateBackupPlusDrive/1stChoice/TNG/tiff/2014/09/1325643703.tif here
cp /Volumes/SeagateBackupPlusDrive/1stChoice/TNG/tiff/2014/09/1325643703.tif /Volumes/SeagateBackupPlusDrive/1stChoice/TNG/tiffCurrent/SAC/
09/27/2014
/Volumes/SeagateBackupPlusDrive/1stChoice/TNG/tiff/2014/09/1326155702.tif here
cp /Volumes/SeagateBackupPlusDrive/1stChoice/TNG/tiff/2014/09/1326155702.tif /Volumes/SeagateBackupPlusDrive/1stChoice/TNG/tiffCurrent/SAC/
09/27/2014
/Volumes/SeagateBackupPlusDrive/1stChoice/TNG/tiff/2014/09/1325643702.tif here
cp /Volumes/SeagateBackupPlusDrive/1stChoice/TNG/tiff/2014/09/1325643702.tif /Volumes/SeagateBackupPlusDrive/1stChoice/TNG/tiffCurrent/SAC/
09/27/2014
/Volumes/SeagateBackupPlusDrive/1stChoice/TNG/tiff/2014/09/1325801803.tif here
cp /Volumes/SeagateBackupPlusDrive/1stChoice/TNG/tiff/2014/09/1325801803.tif /Volumes/SeagateBackupPlusDrive/1stChoice/TNG/tiffCurrent/SAC/
09/27/2014
/Volumes/SeagateBackupPlusDrive/1stChoice/TNG/tiff/2014/09/1326327002.tif here
cp /Volumes/SeagateBackupPlusDrive/1stChoice/TNG/tiff/2014/09/1326327002.tif /Volumes/SeagateBackupPlusDrive/1stChoice/TNG/tiffCurrent/SAC/
09/27/2014
/Volumes/SeagateBackupPlusDrive/1stChoice/TNG/tiff/2014/09/1325801802.tif here
cp /Volumes/SeagateBackupPlusDrive/1stChoice/TNG/tiff/2014/09/1325801802.tif /Volumes/SeagateBackupPlusDrive/1stChoice/TNG/tiffCurrent/SAC/
09/27/2014
/Volumes/SeagateBackupPlusDrive/1stChoice/TNG/tiff/2014/09/1325802003.tif here
cp /Volumes/SeagateBackupPlusDrive/1stChoice/TNG/tiff/2014/09/1325802003.tif /Volumes/SeagateBackupPlusDrive/1stChoice/TNG/tiffCurrent/SAC/
09/27/2014
/Volumes/SeagateBackupPlusDrive/1stChoice/TNG/tiff/2014/09/1326327302.tif here
cp /Volumes/SeagateBackupPlusDrive/1stChoice/TNG/tiff/2014/09/1326327302.tif /Volumes/SeagateBackupPlusDrive/1stChoice/TNG/tiffCurrent/SAC/
09/27/2014
/Volumes/SeagateBackupPlusDrive/1stChoice/TNG/tiff/2014/09/1325802002.tif here
cp /Volumes/SeagateBackupPlusDrive/1stChoice/TNG/tiff/2014/09/1325802002.tif /Volumes/SeagateBackupPlusDrive/1stChoice/TNG/tiffCurrent/SAC/
09/27/2014
/Volumes/SeagateBackupPlusDrive/1stChoice/TNG/tiff/2014/09/1325802103.tif here
cp /Volumes/SeagateBackupPlusDrive/1stChoice/TNG/tiff/2014/09/1325802103.tif /Volumes/SeagateBackupPlusDrive/1stChoice/TNG/tiffCurrent/SAC/
09/27/2014
/Volumes/SeagateBackupPlusDrive/1stChoice/TNG/tiff/2014/09/1326327402.tif here
cp /Volumes/SeagateBackupPlusDrive/1stChoice/TNG/tiff/2014/09/1326327402.tif /Volumes/SeagateBackupPlusDrive/1stChoice/TNG/tiffCurrent/SAC/
09/27/2014
/Volumes/SeagateBackupPlusDrive/1stChoice/TNG/tiff/2014/09/1325802102.tif here
cp /Volumes/SeagateBackupPlusDrive/1stChoice/TNG/tiff/2014/09/1325802102.tif /Volumes/SeagateBackupPlusDrive/1stChoice/TNG/tiffCurrent/SAC/
09/27/2014
/Volumes/SeagateBackupPlusDrive/1stChoice/TNG/tiff/2014/09/1325644003.tif here
cp /Volumes/SeagateBackupPlusDrive/1stChoice/TNG/tiff/2014/09/1325644003.tif /Volumes/SeagateBackupPlusDrive/1stChoice/TNG/tiffCurrent/SAC/
09/27/2014
/Volumes/SeagateBackupPlusDrive/1stChoice/TNG/tiff/2014/09/1326156002.tif here
cp /Volumes/SeagateBackupPlusDrive/1stChoice/TNG/tiff/2014/09/1326156002.tif /Volumes/SeagateBackupPlusDrive/1stChoice/TNG/tiffCurrent/SAC/
09/27/2014
/Volumes/SeagateBackupPlusDrive/1stChoice/TNG/tiff/2014/09/1325644002.tif here
cp /Volumes/SeagateBackupPlusDrive/1stChoice/TNG/tiff/2014/09/1325644002.tif /Volumes/SeagateBackupPlusDrive/1stChoice/TNG/tiffCurrent/SAC/
09/27/2014
/Volumes/SeagateBackupPlusDrive/1stChoice/TNG/tiff/2014/09/1307829307.tif here
cp /Volumes/SeagateBackupPlusDrive/1stChoice/TNG/tiff/2014/09/1307829307.tif /Volumes/SeagateBackupPlusDrive/1stChoice/TNG/tiffCurrent/JAK/
09/27/2014
/Volumes/SeagateBackupPlusDrive/1stChoice/TNG/tiff/2014/09/1307199407.tif here
cp /Volumes/SeagateBackupPlusDrive/1stChoice/TNG/tiff/2014/09/1307199407.tif /Volumes/SeagateBackupPlusDrive/1stChoice/TNG/tiffCurrent/JAK/
09/27/2014
/Volumes/SeagateBackupPlusDrive/1stChoice/TNG/tiff/2014/09/1308104907.tif here
cp /Volumes/SeagateBackupPlusDrive/1stChoice/TNG/tiff/2014/09/1308104907.tif /Volumes/SeagateBackupPlusDrive/1stChoice/TNG/tiffCurrent/JAK/
09/27/2014
/Volumes/SeagateBackupPlusDrive/1stChoice/TNG/tiff/2014/09/1307427407.tif here
cp /Volumes/SeagateBackupPlusDrive/1stChoice/TNG/tiff/2014/09/1307427407.tif /Volumes/SeagateBackupPlusDrive/1stChoice/TNG/tiffCurrent/JAK/
09/27/2014
/Volumes/SeagateBackupPlusDrive/1stChoice/TNG/tiff/2014/09/1308102607.tif here
cp /Volumes/SeagateBackupPlusDrive/1stChoice/TNG/tiff/2014/09/1308102607.tif /Volumes/SeagateBackupPlusDrive/1stChoice/TNG/tiffCurrent/JAK/
09/27/2014
/Volumes/SeagateBackupPlusDrive/1stChoice/TNG/tiff/2014/09/1307429007.tif here
cp /Volumes/SeagateBackupPlusDrive/1stChoice/TNG/tiff/2014/09/1307429007.tif /Volumes/SeagateBackupPlusDrive/1stChoice/TNG/tiffCurrent/JAK/
09/27/2014
/Volumes/SeagateBackupPlusDrive/1stChoice/TNG/tiff/2014/09/1885403435.tif here
cp /Volumes/SeagateBackupPlusDrive/1stChoice/TNG/tiff/2014/09/1885403435.tif /Volumes/SeagateBackupPlusDrive/1stChoice/TNG/tiffCurrent/ATL/
09/27/2014
/Volumes/SeagateBackupPlusDrive/1stChoice/TNG/tiff/2014/09/1306145907.tif here
cp /Volumes/SeagateBackupPlusDrive/1stChoice/TNG/tiff/2014/09/1306145907.tif /Volumes/SeagateBackupPlusDrive/1stChoice/TNG/tiffCurrent/JAK/
09/27/2014
/Volumes/SeagateBackupPlusDrive/1stChoice/TNG/tiff/2014/09/1306878307.tif here
cp /Volumes/SeagateBackupPlusDrive/1stChoice/TNG/tiff/2014/09/1306878307.tif /Volumes/SeagateBackupPlusDrive/1stChoice/TNG/tiffCurrent/JAK/
09/27/2014
/Volumes/SeagateBackupPlusDrive/1stChoice/TNG/tiff/2014/09/1306135807.tif here
cp /Volumes/SeagateBackupPlusDrive/1stChoice/TNG/tiff/2014/09/1306135807.tif /Volumes/SeagateBackupPlusDrive/1stChoice/TNG/tiffCurrent/JAK/
09/27/2014
/Volumes/SeagateBackupPlusDrive/1stChoice/TNG/tiff/2014/09/1308981107.tif here
cp /Volumes/SeagateBackupPlusDrive/1stChoice/TNG/tiff/2014/09/1308981107.tif /Volumes/SeagateBackupPlusDrive/1stChoice/TNG/tiffCurrent/JAK/
09/27/2014
/Volumes/SeagateBackupPlusDrive/1stChoice/TNG/tiff/2014/09/1308407707.tif here
cp /Volumes/SeagateBackupPlusDrive/1stChoice/TNG/tiff/2014/09/1308407707.tif /Volumes/SeagateBackupPlusDrive/1stChoice/TNG/tiffCurrent/JAK/
09/27/2014
/Volumes/SeagateBackupPlusDrive/1stChoice/TNG/tiff/2014/09/1885345156.tif here
cp /Volumes/SeagateBackupPlusDrive/1stChoice/TNG/tiff/2014/09/1885345156.tif /Volumes/SeagateBackupPlusDrive/1stChoice/TNG/tiffCurrent/ATL/
09/27/2014
/Volumes/SeagateBackupPlusDrive/1stChoice/TNG/tiff/2014/09/1885345056.tif here
cp /Volumes/SeagateBackupPlusDrive/1stChoice/TNG/tiff/2014/09/1885345056.tif /Volumes/SeagateBackupPlusDrive/1stChoice/TNG/tiffCurrent/ATL/
09/27/2014
/Volumes/SeagateBackupPlusDrive/1stChoice/TNG/tiff/2014/09/1325654003.tif here
cp /Volumes/SeagateBackupPlusDrive/1stChoice/TNG/tiff/2014/09/1325654003.tif /Volumes/SeagateBackupPlusDrive/1stChoice/TNG/tiffCurrent/SAC/
09/27/2014
/Volumes/SeagateBackupPlusDrive/1stChoice/TNG/tiff/2014/09/1326167502.tif here
cp /Volumes/SeagateBackupPlusDrive/1stChoice/TNG/tiff/2014/09/1326167502.tif /Volumes/SeagateBackupPlusDrive/1stChoice/TNG/tiffCurrent/SAC/
09/27/2014
/Volumes/SeagateBackupPlusDrive/1stChoice/TNG/tiff/2014/09/1325654002.tif here
cp /Volumes/SeagateBackupPlusDrive/1stChoice/TNG/tiff/2014/09/1325654002.tif /Volumes/SeagateBackupPlusDrive/1stChoice/TNG/tiffCurrent/SAC/
09/27/2014
/Volumes/SeagateBackupPlusDrive/1stChoice/TNG/tiff/2014/09/1325653503.tif here
cp /Volumes/SeagateBackupPlusDrive/1stChoice/TNG/tiff/2014/09/1325653503.tif /Volumes/SeagateBackupPlusDrive/1stChoice/TNG/tiffCurrent/SAC/
09/27/2014
/Volumes/SeagateBackupPlusDrive/1stChoice/TNG/tiff/2014/09/1326167002.tif here
cp /Volumes/SeagateBackupPlusDrive/1stChoice/TNG/tiff/2014/09/1326167002.tif /Volumes/SeagateBackupPlusDrive/1stChoice/TNG/tiffCurrent/SAC/
09/27/2014
/Volumes/SeagateBackupPlusDrive/1stChoice/TNG/tiff/2014/09/1325653502.tif here
cp /Volumes/SeagateBackupPlusDrive/1stChoice/TNG/tiff/2014/09/1325653502.tif /Volumes/SeagateBackupPlusDrive/1stChoice/TNG/tiffCurrent/SAC/
09/27/2014
/Volumes/SeagateBackupPlusDrive/1stChoice/TNG/tiff/2014/09/1325653403.tif here
cp /Volumes/SeagateBackupPlusDrive/1stChoice/TNG/tiff/2014/09/1325653403.tif /Volumes/SeagateBackupPlusDrive/1stChoice/TNG/tiffCurrent/SAC/
09/27/2014
/Volumes/SeagateBackupPlusDrive/1stChoice/TNG/tiff/2014/09/1326166902.tif here
cp /Volumes/SeagateBackupPlusDrive/1stChoice/TNG/tiff/2014/09/1326166902.tif /Volumes/SeagateBackupPlusDrive/1stChoice/TNG/tiffCurrent/SAC/
09/27/2014
/Volumes/SeagateBackupPlusDrive/1stChoice/TNG/tiff/2014/09/1325653402.tif here
cp /Volumes/SeagateBackupPlusDrive/1stChoice/TNG/tiff/2014/09/1325653402.tif /Volumes/SeagateBackupPlusDrive/1stChoice/TNG/tiffCurrent/SAC/
09/27/2014
/Volumes/SeagateBackupPlusDrive/1stChoice/TNG/tiff/2014/09/1325655003.tif here
cp /Volumes/SeagateBackupPlusDrive/1stChoice/TNG/tiff/2014/09/1325655003.tif /Volumes/SeagateBackupPlusDrive/1stChoice/TNG/tiffCurrent/SAC/
09/27/2014
/Volumes/SeagateBackupPlusDrive/1stChoice/TNG/tiff/2014/09/1326168502.tif here
cp /Volumes/SeagateBackupPlusDrive/1stChoice/TNG/tiff/2014/09/1326168502.tif /Volumes/SeagateBackupPlusDrive/1stChoice/TNG/tiffCurrent/SAC/
09/27/2014
/Volumes/SeagateBackupPlusDrive/1stChoice/TNG/tiff/2014/09/1325655002.tif here
cp /Volumes/SeagateBackupPlusDrive/1stChoice/TNG/tiff/2014/09/1325655002.tif /Volumes/SeagateBackupPlusDrive/1stChoice/TNG/tiffCurrent/SAC/
09/27/2014
/Volumes/SeagateBackupPlusDrive/1stChoice/TNG/tiff/2014/09/1325654903.tif here
cp /Volumes/SeagateBackupPlusDrive/1stChoice/TNG/tiff/2014/09/1325654903.tif /Volumes/SeagateBackupPlusDrive/1stChoice/TNG/tiffCurrent/SAC/
09/27/2014
/Volumes/SeagateBackupPlusDrive/1stChoice/TNG/tiff/2014/09/1326168402.tif here
cp /Volumes/SeagateBackupPlusDrive/1stChoice/TNG/tiff/2014/09/1326168402.tif /Volumes/SeagateBackupPlusDrive/1stChoice/TNG/tiffCurrent/SAC/
09/27/2014
/Volumes/SeagateBackupPlusDrive/1stChoice/TNG/tiff/2014/09/1325654902.tif here
cp /Volumes/SeagateBackupPlusDrive/1stChoice/TNG/tiff/2014/09/1325654902.tif /Volumes/SeagateBackupPlusDrive/1stChoice/TNG/tiffCurrent/SAC/
09/27/2014
/Volumes/SeagateBackupPlusDrive/1stChoice/TNG/tiff/2014/09/1325654803.tif here
cp /Volumes/SeagateBackupPlusDrive/1stChoice/TNG/tiff/2014/09/1325654803.tif /Volumes/SeagateBackupPlusDrive/1stChoice/TNG/tiffCurrent/SAC/
09/27/2014
/Volumes/SeagateBackupPlusDrive/1stChoice/TNG/tiff/2014/09/1326168302.tif here
cp /Volumes/SeagateBackupPlusDrive/1stChoice/TNG/tiff/2014/09/1326168302.tif /Volumes/SeagateBackupPlusDrive/1stChoice/TNG/tiffCurrent/SAC/
09/27/2014
/Volumes/SeagateBackupPlusDrive/1stChoice/TNG/tiff/2014/09/1325654802.tif here
cp /Volumes/SeagateBackupPlusDrive/1stChoice/TNG/tiff/2014/09/1325654802.tif /Volumes/SeagateBackupPlusDrive/1stChoice/TNG/tiffCurrent/SAC/
09/27/2014
/Volumes/SeagateBackupPlusDrive/1stChoice/TNG/tiff/2014/09/1325654703.tif here
cp /Volumes/SeagateBackupPlusDrive/1stChoice/TNG/tiff/2014/09/1325654703.tif /Volumes/SeagateBackupPlusDrive/1stChoice/TNG/tiffCurrent/SAC/
09/27/2014
/Volumes/SeagateBackupPlusDrive/1stChoice/TNG/tiff/2014/09/1326168202.tif here
cp /Volumes/SeagateBackupPlusDrive/1stChoice/TNG/tiff/2014/09/1326168202.tif /Volumes/SeagateBackupPlusDrive/1stChoice/TNG/tiffCurrent/SAC/
09/27/2014
/Volumes/SeagateBackupPlusDrive/1stChoice/TNG/tiff/2014/09/1325654702.tif here
cp /Volumes/SeagateBackupPlusDrive/1stChoice/TNG/tiff/2014/09/1325654702.tif /Volumes/SeagateBackupPlusDrive/1stChoice/TNG/tiffCurrent/SAC/
09/27/2014
/Volumes/SeagateBackupPlusDrive/1stChoice/TNG/tiff/2014/09/1325654603.tif here
cp /Volumes/SeagateBackupPlusDrive/1stChoice/TNG/tiff/2014/09/1325654603.tif /Volumes/SeagateBackupPlusDrive/1stChoice/TNG/tiffCurrent/SAC/
09/27/2014
/Volumes/SeagateBackupPlusDrive/1stChoice/TNG/tiff/2014/09/1326168102.tif here
cp /Volumes/SeagateBackupPlusDrive/1stChoice/TNG/tiff/2014/09/1326168102.tif /Volumes/SeagateBackupPlusDrive/1stChoice/TNG/tiffCurrent/SAC/
09/27/2014
/Volumes/SeagateBackupPlusDrive/1stChoice/TNG/tiff/2014/09/1325654602.tif here
cp /Volumes/SeagateBackupPlusDrive/1stChoice/TNG/tiff/2014/09/1325654602.tif /Volumes/SeagateBackupPlusDrive/1stChoice/TNG/tiffCurrent/SAC/
09/27/2014
/Volumes/SeagateBackupPlusDrive/1stChoice/TNG/tiff/2014/09/1325654503.tif here
cp /Volumes/SeagateBackupPlusDrive/1stChoice/TNG/tiff/2014/09/1325654503.tif /Volumes/SeagateBackupPlusDrive/1stChoice/TNG/tiffCurrent/SAC/
09/27/2014
/Volumes/SeagateBackupPlusDrive/1stChoice/TNG/tiff/2014/09/1326168002.tif here
cp /Volumes/SeagateBackupPlusDrive/1stChoice/TNG/tiff/2014/09/1326168002.tif /Volumes/SeagateBackupPlusDrive/1stChoice/TNG/tiffCurrent/SAC/
09/27/2014
/Volumes/SeagateBackupPlusDrive/1stChoice/TNG/tiff/2014/09/1325654502.tif here
cp /Volumes/SeagateBackupPlusDrive/1stChoice/TNG/tiff/2014/09/1325654502.tif /Volumes/SeagateBackupPlusDrive/1stChoice/TNG/tiffCurrent/SAC/
09/27/2014
/Volumes/SeagateBackupPlusDrive/1stChoice/TNG/tiff/2014/09/1325654403.tif here
cp /Volumes/SeagateBackupPlusDrive/1stChoice/TNG/tiff/2014/09/1325654403.tif /Volumes/SeagateBackupPlusDrive/1stChoice/TNG/tiffCurrent/SAC/
09/27/2014
/Volumes/SeagateBackupPlusDrive/1stChoice/TNG/tiff/2014/09/1326167902.tif here
cp /Volumes/SeagateBackupPlusDrive/1stChoice/TNG/tiff/2014/09/1326167902.tif /Volumes/SeagateBackupPlusDrive/1stChoice/TNG/tiffCurrent/SAC/
09/27/2014
/Volumes/SeagateBackupPlusDrive/1stChoice/TNG/tiff/2014/09/1325654402.tif here
cp /Volumes/SeagateBackupPlusDrive/1stChoice/TNG/tiff/2014/09/1325654402.tif /Volumes/SeagateBackupPlusDrive/1stChoice/TNG/tiffCurrent/SAC/
09/27/2014
/Volumes/SeagateBackupPlusDrive/1stChoice/TNG/tiff/2014/09/1325654303.tif here
cp /Volumes/SeagateBackupPlusDrive/1stChoice/TNG/tiff/2014/09/1325654303.tif /Volumes/SeagateBackupPlusDrive/1stChoice/TNG/tiffCurrent/SAC/
09/27/2014
/Volumes/SeagateBackupPlusDrive/1stChoice/TNG/tiff/2014/09/1326167802.tif here
cp /Volumes/SeagateBackupPlusDrive/1stChoice/TNG/tiff/2014/09/1326167802.tif /Volumes/SeagateBackupPlusDrive/1stChoice/TNG/tiffCurrent/SAC/
09/27/2014
/Volumes/SeagateBackupPlusDrive/1stChoice/TNG/tiff/2014/09/1325654302.tif here
cp /Volumes/SeagateBackupPlusDrive/1stChoice/TNG/tiff/2014/09/1325654302.tif /Volumes/SeagateBackupPlusDrive/1stChoice/TNG/tiffCurrent/SAC/
09/27/2014
/Volumes/SeagateBackupPlusDrive/1stChoice/TNG/tiff/2014/09/1325654203.tif here
cp /Volumes/SeagateBackupPlusDrive/1stChoice/TNG/tiff/2014/09/1325654203.tif /Volumes/SeagateBackupPlusDrive/1stChoice/TNG/tiffCurrent/SAC/
09/27/2014
/Volumes/SeagateBackupPlusDrive/1stChoice/TNG/tiff/2014/09/1326167702.tif here
cp /Volumes/SeagateBackupPlusDrive/1stChoice/TNG/tiff/2014/09/1326167702.tif /Volumes/SeagateBackupPlusDrive/1stChoice/TNG/tiffCurrent/SAC/
09/27/2014
/Volumes/SeagateBackupPlusDrive/1stChoice/TNG/tiff/2014/09/1325654202.tif here
cp /Volumes/SeagateBackupPlusDrive/1stChoice/TNG/tiff/2014/09/1325654202.tif /Volumes/SeagateBackupPlusDrive/1stChoice/TNG/tiffCurrent/SAC/
09/27/2014
/Volumes/SeagateBackupPlusDrive/1stChoice/TNG/tiff/2014/09/1325654103.tif here
cp /Volumes/SeagateBackupPlusDrive/1stChoice/TNG/tiff/2014/09/1325654103.tif /Volumes/SeagateBackupPlusDrive/1stChoice/TNG/tiffCurrent/SAC/
09/27/2014
/Volumes/SeagateBackupPlusDrive/1stChoice/TNG/tiff/2014/09/1326167602.tif here
cp /Volumes/SeagateBackupPlusDrive/1stChoice/TNG/tiff/2014/09/1326167602.tif /Volumes/SeagateBackupPlusDrive/1stChoice/TNG/tiffCurrent/SAC/
09/27/2014
/Volumes/SeagateBackupPlusDrive/1stChoice/TNG/tiff/2014/09/1325654102.tif here
cp /Volumes/SeagateBackupPlusDrive/1stChoice/TNG/tiff/2014/09/1325654102.tif /Volumes/SeagateBackupPlusDrive/1stChoice/TNG/tiffCurrent/SAC/
09/27/2014
/Volumes/SeagateBackupPlusDrive/1stChoice/TNG/tiff/2014/09/1325653903.tif here
cp /Volumes/SeagateBackupPlusDrive/1stChoice/TNG/tiff/2014/09/1325653903.tif /Volumes/SeagateBackupPlusDrive/1stChoice/TNG/tiffCurrent/SAC/
09/27/2014
/Volumes/SeagateBackupPlusDrive/1stChoice/TNG/tiff/2014/09/1326167402.tif here
cp /Volumes/SeagateBackupPlusDrive/1stChoice/TNG/tiff/2014/09/1326167402.tif /Volumes/SeagateBackupPlusDrive/1stChoice/TNG/tiffCurrent/SAC/
09/27/2014
/Volumes/SeagateBackupPlusDrive/1stChoice/TNG/tiff/2014/09/1325653902.tif here
cp /Volumes/SeagateBackupPlusDrive/1stChoice/TNG/tiff/2014/09/1325653902.tif /Volumes/SeagateBackupPlusDrive/1stChoice/TNG/tiffCurrent/SAC/
09/27/2014
/Volumes/SeagateBackupPlusDrive/1stChoice/TNG/tiff/2014/09/0260092.tif here
cp /Volumes/SeagateBackupPlusDrive/1stChoice/TNG/tiff/2014/09/0260092.tif /Volumes/SeagateBackupPlusDrive/1stChoice/TNG/tiffCurrent/RDS/
09/27/2014
/Volumes/SeagateBackupPlusDrive/1stChoice/TNG/tiff/2014/09/0261922.tif here
cp /Volumes/SeagateBackupPlusDrive/1stChoice/TNG/tiff/2014/09/0261922.tif /Volumes/SeagateBackupPlusDrive/1stChoice/TNG/tiffCurrent/RDS/
09/27/2014
/Volumes/SeagateBackupPlusDrive/1stChoice/TNG/tiff/2014/09/1886562812.tif here
cp /Volumes/SeagateBackupPlusDrive/1stChoice/TNG/tiff/2014/09/1886562812.tif /Volumes/SeagateBackupPlusDrive/1stChoice/TNG/tiffCurrent/ATL/
09/27/2014
/Volumes/SeagateBackupPlusDrive/1stChoice/TNG/tiff/2014/09/1309024407.tif here
cp /Volumes/SeagateBackupPlusDrive/1stChoice/TNG/tiff/2014/09/1309024407.tif /Volumes/SeagateBackupPlusDrive/1stChoice/TNG/tiffCurrent/JAK/
09/27/2014
/Volumes/SeagateBackupPlusDrive/1stChoice/TNG/tiff/2014/09/1308456207.tif here
cp /Volumes/SeagateBackupPlusDrive/1stChoice/TNG/tiff/2014/09/1308456207.tif /Volumes/SeagateBackupPlusDrive/1stChoice/TNG/tiffCurrent/JAK/
09/27/2014
/Volumes/SeagateBackupPlusDrive/1stChoice/TNG/tiff/2014/09/1886569612.tif here
cp /Volumes/SeagateBackupPlusDrive/1stChoice/TNG/tiff/2014/09/1886569612.tif /Volumes/SeagateBackupPlusDrive/1stChoice/TNG/tiffCurrent/ATL/
09/27/2014
/Volumes/SeagateBackupPlusDrive/1stChoice/TNG/tiff/2014/09/0260081.tif here
cp /Volumes/SeagateBackupPlusDrive/1stChoice/TNG/tiff/2014/09/0260081.tif /Volumes/SeagateBackupPlusDrive/1stChoice/TNG/tiffCurrent/RDS/
09/27/2014
/Volumes/SeagateBackupPlusDrive/1stChoice/TNG/tiff/2014/09/0261940.tif here
cp /Volumes/SeagateBackupPlusDrive/1stChoice/TNG/tiff/2014/09/0261940.tif /Volumes/SeagateBackupPlusDrive/1stChoice/TNG/tiffCurrent/RDS/
09/27/2014
/Volumes/SeagateBackupPlusDrive/1stChoice/TNG/tiff/2014/09/1884366657.tif here
cp /Volumes/SeagateBackupPlusDrive/1stChoice/TNG/tiff/2014/09/1884366657.tif /Volumes/SeagateBackupPlusDrive/1stChoice/TNG/tiffCurrent/ATL/
09/27/2014
/Volumes/SeagateBackupPlusDrive/1stChoice/TNG/tiff/2014/09/1884330457.tif here
cp /Volumes/SeagateBackupPlusDrive/1stChoice/TNG/tiff/2014/09/1884330457.tif /Volumes/SeagateBackupPlusDrive/1stChoice/TNG/tiffCurrent/ATL/
09/27/2014
/Volumes/SeagateBackupPlusDrive/1stChoice/TNG/tiff/2014/09/1884330257.tif here
cp /Volumes/SeagateBackupPlusDrive/1stChoice/TNG/tiff/2014/09/1884330257.tif /Volumes/SeagateBackupPlusDrive/1stChoice/TNG/tiffCurrent/ATL/
09/27/2014
/Volumes/SeagateBackupPlusDrive/1stChoice/TNG/tiff/2014/09/1884330057.tif here
cp /Volumes/SeagateBackupPlusDrive/1stChoice/TNG/tiff/2014/09/1884330057.tif /Volumes/SeagateBackupPlusDrive/1stChoice/TNG/tiffCurrent/ATL/
09/27/2014
/Volumes/SeagateBackupPlusDrive/1stChoice/TNG/tiff/2014/09/1884329857.tif here
cp /Volumes/SeagateBackupPlusDrive/1stChoice/TNG/tiff/2014/09/1884329857.tif /Volumes/SeagateBackupPlusDrive/1stChoice/TNG/tiffCurrent/ATL/
09/27/2014
/Volumes/SeagateBackupPlusDrive/1stChoice/TNG/tiff/2014/09/1884329557.tif here
cp /Volumes/SeagateBackupPlusDrive/1stChoice/TNG/tiff/2014/09/1884329557.tif /Volumes/SeagateBackupPlusDrive/1stChoice/TNG/tiffCurrent/ATL/
09/27/2014
/Volumes/SeagateBackupPlusDrive/1stChoice/TNG/tiff/2014/09/1884329457.tif here
cp /Volumes/SeagateBackupPlusDrive/1stChoice/TNG/tiff/2014/09/1884329457.tif /Volumes/SeagateBackupPlusDrive/1stChoice/TNG/tiffCurrent/ATL/
09/27/2014
/Volumes/SeagateBackupPlusDrive/1stChoice/TNG/tiff/2014/09/1884329257.tif here
cp /Volumes/SeagateBackupPlusDrive/1stChoice/TNG/tiff/2014/09/1884329257.tif /Volumes/SeagateBackupPlusDrive/1stChoice/TNG/tiffCurrent/ATL/
09/27/2014
/Volumes/SeagateBackupPlusDrive/1stChoice/TNG/tiff/2014/09/1884328957.tif here
cp /Volumes/SeagateBackupPlusDrive/1stChoice/TNG/tiff/2014/09/1884328957.tif /Volumes/SeagateBackupPlusDrive/1stChoice/TNG/tiffCurrent/ATL/
09/27/2014
/Volumes/SeagateBackupPlusDrive/1stChoice/TNG/tiff/2014/09/1884328857.tif here
cp /Volumes/SeagateBackupPlusDrive/1stChoice/TNG/tiff/2014/09/1884328857.tif /Volumes/SeagateBackupPlusDrive/1stChoice/TNG/tiffCurrent/ATL/
09/27/2014
/Volumes/SeagateBackupPlusDrive/1stChoice/TNG/tiff/2014/09/1884328557.tif here
cp /Volumes/SeagateBackupPlusDrive/1stChoice/TNG/tiff/2014/09/1884328557.tif /Volumes/SeagateBackupPlusDrive/1stChoice/TNG/tiffCurrent/ATL/
09/27/2014
/Volumes/SeagateBackupPlusDrive/1stChoice/TNG/tiff/2014/09/1884328457.tif here
cp /Volumes/SeagateBackupPlusDrive/1stChoice/TNG/tiff/2014/09/1884328457.tif /Volumes/SeagateBackupPlusDrive/1stChoice/TNG/tiffCurrent/ATL/
09/27/2014
/Volumes/SeagateBackupPlusDrive/1stChoice/TNG/tiff/2014/09/1884328357.tif here
cp /Volumes/SeagateBackupPlusDrive/1stChoice/TNG/tiff/2014/09/1884328357.tif /Volumes/SeagateBackupPlusDrive/1stChoice/TNG/tiffCurrent/ATL/
09/27/2014
/Volumes/SeagateBackupPlusDrive/1stChoice/TNG/tiff/2014/09/1884322357.tif here
cp /Volumes/SeagateBackupPlusDrive/1stChoice/TNG/tiff/2014/09/1884322357.tif /Volumes/SeagateBackupPlusDrive/1stChoice/TNG/tiffCurrent/ATL/
09/27/2014
/Volumes/SeagateBackupPlusDrive/1stChoice/TNG/tiff/2014/09/1884328257.tif here
cp /Volumes/SeagateBackupPlusDrive/1stChoice/TNG/tiff/2014/09/1884328257.tif /Volumes/SeagateBackupPlusDrive/1stChoice/TNG/tiffCurrent/ATL/
09/27/2014
/Volumes/SeagateBackupPlusDrive/1stChoice/TNG/tiff/2014/09/1884328157.tif here
cp /Volumes/SeagateBackupPlusDrive/1stChoice/TNG/tiff/2014/09/1884328157.tif /Volumes/SeagateBackupPlusDrive/1stChoice/TNG/tiffCurrent/ATL/
09/27/2014
/Volumes/SeagateBackupPlusDrive/1stChoice/TNG/tiff/2014/09/1884327057.tif here
cp /Volumes/SeagateBackupPlusDrive/1stChoice/TNG/tiff/2014/09/1884327057.tif /Volumes/SeagateBackupPlusDrive/1stChoice/TNG/tiffCurrent/ATL/
09/27/2014
/Volumes/SeagateBackupPlusDrive/1stChoice/TNG/tiff/2014/09/1884326857.tif here
cp /Volumes/SeagateBackupPlusDrive/1stChoice/TNG/tiff/2014/09/1884326857.tif /Volumes/SeagateBackupPlusDrive/1stChoice/TNG/tiffCurrent/ATL/
09/27/2014
/Volumes/SeagateBackupPlusDrive/1stChoice/TNG/tiff/2014/09/1884326557.tif here
cp /Volumes/SeagateBackupPlusDrive/1stChoice/TNG/tiff/2014/09/1884326557.tif /Volumes/SeagateBackupPlusDrive/1stChoice/TNG/tiffCurrent/ATL/
09/27/2014
/Volumes/SeagateBackupPlusDrive/1stChoice/TNG/tiff/2014/09/1884326457.tif here
cp /Volumes/SeagateBackupPlusDrive/1stChoice/TNG/tiff/2014/09/1884326457.tif /Volumes/SeagateBackupPlusDrive/1stChoice/TNG/tiffCurrent/ATL/
09/27/2014
/Volumes/SeagateBackupPlusDrive/1stChoice/TNG/tiff/2014/09/1884326357.tif here
cp /Volumes/SeagateBackupPlusDrive/1stChoice/TNG/tiff/2014/09/1884326357.tif /Volumes/SeagateBackupPlusDrive/1stChoice/TNG/tiffCurrent/ATL/
09/27/2014
/Volumes/SeagateBackupPlusDrive/1stChoice/TNG/tiff/2014/09/1884326257.tif here
cp /Volumes/SeagateBackupPlusDrive/1stChoice/TNG/tiff/2014/09/1884326257.tif /Volumes/SeagateBackupPlusDrive/1stChoice/TNG/tiffCurrent/ATL/
09/27/2014
/Volumes/SeagateBackupPlusDrive/1stChoice/TNG/tiff/2014/09/1884326157.tif here
cp /Volumes/SeagateBackupPlusDrive/1stChoice/TNG/tiff/2014/09/1884326157.tif /Volumes/SeagateBackupPlusDrive/1stChoice/TNG/tiffCurrent/ATL/
09/27/2014
/Volumes/SeagateBackupPlusDrive/1stChoice/TNG/tiff/2014/09/1884301257.tif here
cp /Volumes/SeagateBackupPlusDrive/1stChoice/TNG/tiff/2014/09/1884301257.tif /Volumes/SeagateBackupPlusDrive/1stChoice/TNG/tiffCurrent/ATL/
09/27/2014
/Volumes/SeagateBackupPlusDrive/1stChoice/TNG/tiff/2014/09/1884326057.tif here
cp /Volumes/SeagateBackupPlusDrive/1stChoice/TNG/tiff/2014/09/1884326057.tif /Volumes/SeagateBackupPlusDrive/1stChoice/TNG/tiffCurrent/ATL/
09/27/2014
/Volumes/SeagateBackupPlusDrive/1stChoice/TNG/tiff/2014/09/1884301057.tif here
cp /Volumes/SeagateBackupPlusDrive/1stChoice/TNG/tiff/2014/09/1884301057.tif /Volumes/SeagateBackupPlusDrive/1stChoice/TNG/tiffCurrent/ATL/
09/27/2014
/Volumes/SeagateBackupPlusDrive/1stChoice/TNG/tiff/2014/09/1884325957.tif here
cp /Volumes/SeagateBackupPlusDrive/1stChoice/TNG/tiff/2014/09/1884325957.tif /Volumes/SeagateBackupPlusDrive/1stChoice/TNG/tiffCurrent/ATL/
09/27/2014
/Volumes/SeagateBackupPlusDrive/1stChoice/TNG/tiff/2014/09/1884325857.tif here
cp /Volumes/SeagateBackupPlusDrive/1stChoice/TNG/tiff/2014/09/1884325857.tif /Volumes/SeagateBackupPlusDrive/1stChoice/TNG/tiffCurrent/ATL/
09/27/2014
/Volumes/SeagateBackupPlusDrive/1stChoice/TNG/tiff/2014/09/1884325757.tif here
cp /Volumes/SeagateBackupPlusDrive/1stChoice/TNG/tiff/2014/09/1884325757.tif /Volumes/SeagateBackupPlusDrive/1stChoice/TNG/tiffCurrent/ATL/
09/27/2014
/Volumes/SeagateBackupPlusDrive/1stChoice/TNG/tiff/2014/09/1884300657.tif here
cp /Volumes/SeagateBackupPlusDrive/1stChoice/TNG/tiff/2014/09/1884300657.tif /Volumes/SeagateBackupPlusDrive/1stChoice/TNG/tiffCurrent/ATL/
09/27/2014
/Volumes/SeagateBackupPlusDrive/1stChoice/TNG/tiff/2014/09/1884325657.tif here
cp /Volumes/SeagateBackupPlusDrive/1stChoice/TNG/tiff/2014/09/1884325657.tif /Volumes/SeagateBackupPlusDrive/1stChoice/TNG/tiffCurrent/ATL/
09/27/2014
/Volumes/SeagateBackupPlusDrive/1stChoice/TNG/tiff/2014/09/1884325557.tif here
cp /Volumes/SeagateBackupPlusDrive/1stChoice/TNG/tiff/2014/09/1884325557.tif /Volumes/SeagateBackupPlusDrive/1stChoice/TNG/tiffCurrent/ATL/
09/27/2014
/Volumes/SeagateBackupPlusDrive/1stChoice/TNG/tiff/2014/09/1884325457.tif here
cp /Volumes/SeagateBackupPlusDrive/1stChoice/TNG/tiff/2014/09/1884325457.tif /Volumes/SeagateBackupPlusDrive/1stChoice/TNG/tiffCurrent/ATL/
09/27/2014
/Volumes/SeagateBackupPlusDrive/1stChoice/TNG/tiff/2014/09/1884300457.tif here
cp /Volumes/SeagateBackupPlusDrive/1stChoice/TNG/tiff/2014/09/1884300457.tif /Volumes/SeagateBackupPlusDrive/1stChoice/TNG/tiffCurrent/ATL/
09/27/2014
/Volumes/SeagateBackupPlusDrive/1stChoice/TNG/tiff/2014/09/1309025507.tif here
cp /Volumes/SeagateBackupPlusDrive/1stChoice/TNG/tiff/2014/09/1309025507.tif /Volumes/SeagateBackupPlusDrive/1stChoice/TNG/tiffCurrent/JAK/
09/27/2014
/Volumes/SeagateBackupPlusDrive/1stChoice/TNG/tiff/2014/09/1308457307.tif here
cp /Volumes/SeagateBackupPlusDrive/1stChoice/TNG/tiff/2014/09/1308457307.tif /Volumes/SeagateBackupPlusDrive/1stChoice/TNG/tiffCurrent/JAK/
09/27/2014
/Volumes/SeagateBackupPlusDrive/1stChoice/TNG/tiff/2014/09/1309025207.tif here
cp /Volumes/SeagateBackupPlusDrive/1stChoice/TNG/tiff/2014/09/1309025207.tif /Volumes/SeagateBackupPlusDrive/1stChoice/TNG/tiffCurrent/JAK/
09/27/2014
/Volumes/SeagateBackupPlusDrive/1stChoice/TNG/tiff/2014/09/1308457007.tif here
cp /Volumes/SeagateBackupPlusDrive/1stChoice/TNG/tiff/2014/09/1308457007.tif /Volumes/SeagateBackupPlusDrive/1stChoice/TNG/tiffCurrent/JAK/
09/27/2014
/Volumes/SeagateBackupPlusDrive/1stChoice/TNG/tiff/2014/09/1309025107.tif here
cp /Volumes/SeagateBackupPlusDrive/1stChoice/TNG/tiff/2014/09/1309025107.tif /Volumes/SeagateBackupPlusDrive/1stChoice/TNG/tiffCurrent/JAK/
09/27/2014
/Volumes/SeagateBackupPlusDrive/1stChoice/TNG/tiff/2014/09/1308456907.tif here
cp /Volumes/SeagateBackupPlusDrive/1stChoice/TNG/tiff/2014/09/1308456907.tif /Volumes/SeagateBackupPlusDrive/1stChoice/TNG/tiffCurrent/JAK/
09/27/2014
/Volumes/SeagateBackupPlusDrive/1stChoice/TNG/tiff/2014/09/1309024907.tif here
cp /Volumes/SeagateBackupPlusDrive/1stChoice/TNG/tiff/2014/09/1309024907.tif /Volumes/SeagateBackupPlusDrive/1stChoice/TNG/tiffCurrent/JAK/
09/27/2014
/Volumes/SeagateBackupPlusDrive/1stChoice/TNG/tiff/2014/09/1308456707.tif here
cp /Volumes/SeagateBackupPlusDrive/1stChoice/TNG/tiff/2014/09/1308456707.tif /Volumes/SeagateBackupPlusDrive/1stChoice/TNG/tiffCurrent/JAK/
09/27/2014
/Volumes/SeagateBackupPlusDrive/1stChoice/TNG/tiff/2014/09/1309024707.tif here
cp /Volumes/SeagateBackupPlusDrive/1stChoice/TNG/tiff/2014/09/1309024707.tif /Volumes/SeagateBackupPlusDrive/1stChoice/TNG/tiffCurrent/JAK/
09/27/2014
/Volumes/SeagateBackupPlusDrive/1stChoice/TNG/tiff/2014/09/1308456507.tif here
cp /Volumes/SeagateBackupPlusDrive/1stChoice/TNG/tiff/2014/09/1308456507.tif /Volumes/SeagateBackupPlusDrive/1stChoice/TNG/tiffCurrent/JAK/
09/27/2014
/Volumes/SeagateBackupPlusDrive/1stChoice/TNG/tiff/2014/09/1309027007.tif here
cp /Volumes/SeagateBackupPlusDrive/1stChoice/TNG/tiff/2014/09/1309027007.tif /Volumes/SeagateBackupPlusDrive/1stChoice/TNG/tiffCurrent/JAK/
09/27/2014
/Volumes/SeagateBackupPlusDrive/1stChoice/TNG/tiff/2014/09/1308458807.tif here
cp /Volumes/SeagateBackupPlusDrive/1stChoice/TNG/tiff/2014/09/1308458807.tif /Volumes/SeagateBackupPlusDrive/1stChoice/TNG/tiffCurrent/JAK/
09/27/2014
/Volumes/SeagateBackupPlusDrive/1stChoice/TNG/tiff/2014/09/1309026807.tif here
cp /Volumes/SeagateBackupPlusDrive/1stChoice/TNG/tiff/2014/09/1309026807.tif /Volumes/SeagateBackupPlusDrive/1stChoice/TNG/tiffCurrent/JAK/
09/27/2014
/Volumes/SeagateBackupPlusDrive/1stChoice/TNG/tiff/2014/09/1308458607.tif here
cp /Volumes/SeagateBackupPlusDrive/1stChoice/TNG/tiff/2014/09/1308458607.tif /Volumes/SeagateBackupPlusDrive/1stChoice/TNG/tiffCurrent/JAK/
09/27/2014
/Volumes/SeagateBackupPlusDrive/1stChoice/TNG/tiff/2014/09/1309029407.tif here
cp /Volumes/SeagateBackupPlusDrive/1stChoice/TNG/tiff/2014/09/1309029407.tif /Volumes/SeagateBackupPlusDrive/1stChoice/TNG/tiffCurrent/JAK/
09/27/2014
/Volumes/SeagateBackupPlusDrive/1stChoice/TNG/tiff/2014/09/1308461207.tif here
cp /Volumes/SeagateBackupPlusDrive/1stChoice/TNG/tiff/2014/09/1308461207.tif /Volumes/SeagateBackupPlusDrive/1stChoice/TNG/tiffCurrent/JAK/
09/27/2014
/Volumes/SeagateBackupPlusDrive/1stChoice/TNG/tiff/2014/09/1308462407.tif here
cp /Volumes/SeagateBackupPlusDrive/1stChoice/TNG/tiff/2014/09/1308462407.tif /Volumes/SeagateBackupPlusDrive/1stChoice/TNG/tiffCurrent/null/
09/27/2014
Caught: java.io.FileNotFoundException: /Volumes/SeagateBackupPlusDrive/1stChoice/TNG/tiffCurrent/404/Indexes.txt (No such file or directory)
java.io.FileNotFoundException: /Volumes/SeagateBackupPlusDrive/1stChoice/TNG/tiffCurrent/404/Indexes.txt (No such file or directory)
	at tif_generation$_run_closure5.doCall(tif_generation.groovy:346)
	at tif_generation.run(tif_generation.groovy:311)
10
09/17/2014
1884364957
Caught: java.lang.NullPointerException
java.lang.NullPointerException
	at org.xhtmlrenderer.layout.SharedContext.<init>(SharedContext.java:110)
	at org.xhtmlrenderer.pdf.ITextRenderer.<init>(ITextRenderer.java:111)
	at org.xhtmlrenderer.pdf.ITextRenderer.<init>(ITextRenderer.java:102)
	at tif_generation$_run_closure2.doCall(tif_generation.groovy:204)
	at tif_generation.run(tif_generation.groovy:179)
11
09/16/2014
1884385633
Caught: java.lang.NullPointerException
java.lang.NullPointerException
	at org.xhtmlrenderer.layout.SharedContext.<init>(SharedContext.java:110)
	at org.xhtmlrenderer.pdf.ITextRenderer.<init>(ITextRenderer.java:111)
	at org.xhtmlrenderer.pdf.ITextRenderer.<init>(ITextRenderer.java:102)
	at tif_generation$_run_closure2.doCall(tif_generation.groovy:204)
	at tif_generation.run(tif_generation.groovy:179)
12
09/15/2014
1148943303
Caught: java.lang.NullPointerException
java.lang.NullPointerException
	at org.xhtmlrenderer.layout.SharedContext.<init>(SharedContext.java:110)
	at org.xhtmlrenderer.pdf.ITextRenderer.<init>(ITextRenderer.java:111)
	at org.xhtmlrenderer.pdf.ITextRenderer.<init>(ITextRenderer.java:102)
	at tif_generation$_run_closure2.doCall(tif_generation.groovy:204)
	at tif_generation.run(tif_generation.groovy:179)
13
09/14/2014
14
09/13/2014
1885408939
Caught: java.lang.NullPointerException
java.lang.NullPointerException
	at org.xhtmlrenderer.layout.SharedContext.<init>(SharedContext.java:110)
	at org.xhtmlrenderer.pdf.ITextRenderer.<init>(ITextRenderer.java:111)
	at org.xhtmlrenderer.pdf.ITextRenderer.<init>(ITextRenderer.java:102)
	at tif_generation$_run_closure2.doCall(tif_generation.groovy:204)
	at tif_generation.run(tif_generation.groovy:179)
