1855965330
1855965430
1855965730
1855965830
1855965930
1855966130
1855970230
1855970330
1855970430
1855970530
1855970630
1855997330
1855997430
1855997530
1856001030
1856001130
1856002230
1856003230
1856003330
1856901330
1856901430
1856901730
1856901830
1856901930
1856902030
1856902130
1856902230
1856902330
1856902430
1856902530
1856902630
1856902730
1856902830
1856921930
1856922030
1856922130
1856922230
1856922330
1856922430
1856922530
1856922630
1856923230
1856923330
1856923430
1856923530
1856923630
1856926830
1856926930
1856927030
1856927230
1856927330
1856927430
1856927530
1856928530
1856928730
1856928930
1856936030
1856936130
1856936230
1856936330
1856936430
1856936630
1856936730
1856936830
1856937030
1856939330
1856939430
1856939530
1856939630
1856939730
1856939830
1856940030
1856940130
1856940230
1856940330
1856940430
1856940530
1856940730
1857180830
1857180930
1857181030
1857184130
1857184230
1857184430
1857184530
1857184630
1857185530
1857185630
1857185730
1857185830
1857186730
1857186830
1857278630
1857279230
1857279730
1857280230
1857280430
1857280530
1857362830
1857362930
1857363030
1857363230
1857363330
1857363430
1857363530
1857363630
1857363730
1857363830
1857363930
1857371330
1857371930
1857372530
1857372730
1857372930
1857373130
1857374930
1857401330
1857401430
1857401530
1857401630
1857406230
1857407130
1857407630
1857407830
1857407930
1857441703
1857442603
1857443103
1857443303
1857443403
1857443503
1857455912
1857456012
1857456112
1857456212
1857456312
1857456512
1857456612
1857456712
1857456812
1857456912
1857457012
1857457112
1857457212
1857457312
1857457412
1857457512
1857457612
1857457712
1857457812
1857457912
1857459212
1857459312
1857459612
1857460012
1857460612
1857460712
1857461012
1857461312
1857461412
1857461712
1857462212
1857463412
1857467912
1857468110
1857491912
1857492012
1857492112
1857492212
1857492412
1857492612
1857492712
1857492812
1857493012
1857493212
1857495012
1857495112
1857495212
1857495312
1857495412
1857495512
1857495612
1857495712
1857495912
1857496012
1857496212
1857496312
1857496412
1857496512
1857496612
1857496712
1857496912
1857537604
1857537704
1857538404
1857538804
1857539104
1857539604
1857573110
1857573210
1857573310
1857575610
1857575710
1857576110
1857576210
1857700703
1857700803
1857700903
1857701003
1857701103
1857701203
1857701603
1857701903
1857702003
1857702103
1857702203
1857702303
1857702403
1857702503
1857702603
1857702703
1857703103
1857703203
1857703303
1857703403
1857703503
1857736004
1857736104
1857736204
1857736504
1857739804
1857743804
1857743904
1857744004
1857744104
1857744204
1857744304
1857744404
1857744504
1857744604
1857744704
1857766510
1857766610
1857769510
1857769610
1857769710
1857769910
1857770010
1857770110
1857770210
1857771410
1857822830
1857822930
1857823030
1857823130
1857823230
1857823430
1857823530
1857823630
1857823730
1857853030
1857853130
1857853230
1857853330
1857853430
1857853530
1857853630
1857853730
1857853830
1857859930
1857860030
1857860130
1857860630
1857860930
1857861130
1857861330
1857861430
1857861630
1857873330
1857873430
1857873530
1857873730
1857873930
1857874130
1857874330
1857874530
1857878830
1857878930
1857879130
1857879230
1857879430
1857879630
1857879730
1857879930
1858177103
1858177203
1858177303
1858177403
1858177503
1858177603
1858177703
1858177803
1858177903
1858178003
1858178103
1858178603
1858179303
1858179503
1858179603
1858180503
1858181704
1858181804
1858187904
1858188004
1858188104
1858188204
1858188304
1858188404
1858188504
1858188604
1858188704
1858188804
1858188904
1858189004
1858190304
1858191904
1858192004
1858192104
1858192204
1858192304
1858192404
1858192504
1858192604
1858192704
1858192804
1858192904
1858193004
1858193104
1858193204
1858193304
1858193404
1858193504
1858193604
1858193704
1858193804
1858201310
1858201510
1858205312
1858205412
1858205512
1858205712
1858205812
1858205912
1858206012
1858206112
1858206612
1858206712
1858206812
1858206912
1858207012
1858210514
1858210614
1858212003
1858212203
1858212303
1858212403
1858212503
1858212603
1858212703
1858212803
1858213104
1858213204
1858213304
1858213404
1858213504
1858213604
1858213704
1858213804
1858213904
1858214004
1858214104
1858214204
1858215610
1858216803
1858218112
1858218312
1858218412
1858218812
1858218912
1858233710
1858259910
1858290204
1858290710
1858290810
1858290910
1858292910
1858303003
1858303103
1858303203
1858304104
1858304204
1858304304
1858304404
1858305110
1858305210
1858307410
3301728830
3301728930
3306110630
3306110930
3306111030
3306111130
3306111230
3306111330
3306111430
3306111530
3306111630
3306120030
3306120130
3306120230
3306120330
3306120430
3306120830
3306120930
3306121030
3306121130
3306123530
3306123630
3306123730
3306123830
3306123930
3306124030
3306124230
3306124430
3306129130
3306129230
3306131330
3306131430
3306131530
3306131630
3306131830
3306131930
3306132030
6042215830
1310110302
1310175202
1310175402
1855952830
1855952930
1855953030
1855953130
1855953230
1855965130
1855965230
---0% --------20% --------40% --------60% --------80% --------100% -----cp /u/1stChoice/Share/TNG/tiffMan/2014/06/1855965330.tif /u/1stChoice/Share/TNG/tiffCurrentMan/ATL/
06/25/2014
cp /u/1stChoice/Share/TNG/tiffMan/2014/06/1855965430.tif /u/1stChoice/Share/TNG/tiffCurrentMan/ATL/
06/25/2014
cp /u/1stChoice/Share/TNG/tiffMan/2014/06/1855965730.tif /u/1stChoice/Share/TNG/tiffCurrentMan/ATL/
06/25/2014
cp /u/1stChoice/Share/TNG/tiffMan/2014/06/1855965830.tif /u/1stChoice/Share/TNG/tiffCurrentMan/ATL/
06/25/2014
cp /u/1stChoice/Share/TNG/tiffMan/2014/06/1855965930.tif /u/1stChoice/Share/TNG/tiffCurrentMan/ATL/
06/25/2014
cp /u/1stChoice/Share/TNG/tiffMan/2014/06/1855966130.tif /u/1stChoice/Share/TNG/tiffCurrentMan/ATL/
06/25/2014
cp /u/1stChoice/Share/TNG/tiffMan/2014/06/1855970230.tif /u/1stChoice/Share/TNG/tiffCurrentMan/ATL/
06/25/2014
cp /u/1stChoice/Share/TNG/tiffMan/2014/06/1855970330.tif /u/1stChoice/Share/TNG/tiffCurrentMan/ATL/
06/25/2014
cp /u/1stChoice/Share/TNG/tiffMan/2014/06/1855970430.tif /u/1stChoice/Share/TNG/tiffCurrentMan/ATL/
06/25/2014
cp /u/1stChoice/Share/TNG/tiffMan/2014/06/1855970530.tif /u/1stChoice/Share/TNG/tiffCurrentMan/ATL/
06/25/2014
cp /u/1stChoice/Share/TNG/tiffMan/2014/06/1855970630.tif /u/1stChoice/Share/TNG/tiffCurrentMan/ATL/
06/25/2014
cp /u/1stChoice/Share/TNG/tiffMan/2014/06/1855997330.tif /u/1stChoice/Share/TNG/tiffCurrentMan/ATL/
06/25/2014
cp /u/1stChoice/Share/TNG/tiffMan/2014/06/1855997430.tif /u/1stChoice/Share/TNG/tiffCurrentMan/ATL/
06/25/2014
cp /u/1stChoice/Share/TNG/tiffMan/2014/06/1855997530.tif /u/1stChoice/Share/TNG/tiffCurrentMan/ATL/
06/25/2014
cp /u/1stChoice/Share/TNG/tiffMan/2014/06/1856001030.tif /u/1stChoice/Share/TNG/tiffCurrentMan/ATL/
06/25/2014
cp /u/1stChoice/Share/TNG/tiffMan/2014/06/1856001130.tif /u/1stChoice/Share/TNG/tiffCurrentMan/ATL/
06/25/2014
cp /u/1stChoice/Share/TNG/tiffMan/2014/06/1856002230.tif /u/1stChoice/Share/TNG/tiffCurrentMan/ATL/
06/25/2014
cp /u/1stChoice/Share/TNG/tiffMan/2014/06/1856003230.tif /u/1stChoice/Share/TNG/tiffCurrentMan/ATL/
06/25/2014
cp /u/1stChoice/Share/TNG/tiffMan/2014/06/1856003330.tif /u/1stChoice/Share/TNG/tiffCurrentMan/ATL/
06/25/2014
cp /u/1stChoice/Share/TNG/tiffMan/2014/06/1856901330.tif /u/1stChoice/Share/TNG/tiffCurrentMan/ATL/
06/25/2014
cp /u/1stChoice/Share/TNG/tiffMan/2014/06/1856901430.tif /u/1stChoice/Share/TNG/tiffCurrentMan/ATL/
06/25/2014
cp /u/1stChoice/Share/TNG/tiffMan/2014/06/1856901730.tif /u/1stChoice/Share/TNG/tiffCurrentMan/ATL/
06/25/2014
cp /u/1stChoice/Share/TNG/tiffMan/2014/06/1856901830.tif /u/1stChoice/Share/TNG/tiffCurrentMan/ATL/
06/25/2014
cp /u/1stChoice/Share/TNG/tiffMan/2014/06/1856901930.tif /u/1stChoice/Share/TNG/tiffCurrentMan/ATL/
06/25/2014
cp /u/1stChoice/Share/TNG/tiffMan/2014/06/1856902030.tif /u/1stChoice/Share/TNG/tiffCurrentMan/ATL/
06/25/2014
cp /u/1stChoice/Share/TNG/tiffMan/2014/06/1856902130.tif /u/1stChoice/Share/TNG/tiffCurrentMan/ATL/
06/25/2014
cp /u/1stChoice/Share/TNG/tiffMan/2014/06/1856902230.tif /u/1stChoice/Share/TNG/tiffCurrentMan/ATL/
06/25/2014
cp /u/1stChoice/Share/TNG/tiffMan/2014/06/1856902330.tif /u/1stChoice/Share/TNG/tiffCurrentMan/ATL/
06/25/2014
cp /u/1stChoice/Share/TNG/tiffMan/2014/06/1856902430.tif /u/1stChoice/Share/TNG/tiffCurrentMan/ATL/
06/25/2014
cp /u/1stChoice/Share/TNG/tiffMan/2014/06/1856902530.tif /u/1stChoice/Share/TNG/tiffCurrentMan/ATL/
06/25/2014
cp /u/1stChoice/Share/TNG/tiffMan/2014/06/1856902630.tif /u/1stChoice/Share/TNG/tiffCurrentMan/ATL/
06/25/2014
cp /u/1stChoice/Share/TNG/tiffMan/2014/06/1856902730.tif /u/1stChoice/Share/TNG/tiffCurrentMan/ATL/
06/25/2014
cp /u/1stChoice/Share/TNG/tiffMan/2014/06/1856902830.tif /u/1stChoice/Share/TNG/tiffCurrentMan/ATL/
06/25/2014
cp /u/1stChoice/Share/TNG/tiffMan/2014/06/1856921930.tif /u/1stChoice/Share/TNG/tiffCurrentMan/ATL/
06/25/2014
cp /u/1stChoice/Share/TNG/tiffMan/2014/06/1856922030.tif /u/1stChoice/Share/TNG/tiffCurrentMan/ATL/
06/25/2014
cp /u/1stChoice/Share/TNG/tiffMan/2014/06/1856922130.tif /u/1stChoice/Share/TNG/tiffCurrentMan/ATL/
06/25/2014
cp /u/1stChoice/Share/TNG/tiffMan/2014/06/1856922230.tif /u/1stChoice/Share/TNG/tiffCurrentMan/ATL/
06/25/2014
cp /u/1stChoice/Share/TNG/tiffMan/2014/06/1856922330.tif /u/1stChoice/Share/TNG/tiffCurrentMan/ATL/
06/25/2014
cp /u/1stChoice/Share/TNG/tiffMan/2014/06/1856922430.tif /u/1stChoice/Share/TNG/tiffCurrentMan/ATL/
06/25/2014
cp /u/1stChoice/Share/TNG/tiffMan/2014/06/1856922530.tif /u/1stChoice/Share/TNG/tiffCurrentMan/ATL/
06/25/2014
cp /u/1stChoice/Share/TNG/tiffMan/2014/06/1856922630.tif /u/1stChoice/Share/TNG/tiffCurrentMan/ATL/
06/25/2014
cp /u/1stChoice/Share/TNG/tiffMan/2014/06/1856923230.tif /u/1stChoice/Share/TNG/tiffCurrentMan/ATL/
06/25/2014
cp /u/1stChoice/Share/TNG/tiffMan/2014/06/1856923330.tif /u/1stChoice/Share/TNG/tiffCurrentMan/ATL/
06/25/2014
cp /u/1stChoice/Share/TNG/tiffMan/2014/06/1856923430.tif /u/1stChoice/Share/TNG/tiffCurrentMan/ATL/
06/25/2014
cp /u/1stChoice/Share/TNG/tiffMan/2014/06/1856923530.tif /u/1stChoice/Share/TNG/tiffCurrentMan/ATL/
06/25/2014
cp /u/1stChoice/Share/TNG/tiffMan/2014/06/1856923630.tif /u/1stChoice/Share/TNG/tiffCurrentMan/ATL/
06/25/2014
cp /u/1stChoice/Share/TNG/tiffMan/2014/06/1856926830.tif /u/1stChoice/Share/TNG/tiffCurrentMan/ATL/
06/25/2014
cp /u/1stChoice/Share/TNG/tiffMan/2014/06/1856926930.tif /u/1stChoice/Share/TNG/tiffCurrentMan/ATL/
06/25/2014
cp /u/1stChoice/Share/TNG/tiffMan/2014/06/1856927030.tif /u/1stChoice/Share/TNG/tiffCurrentMan/ATL/
06/25/2014
cp /u/1stChoice/Share/TNG/tiffMan/2014/06/1856927230.tif /u/1stChoice/Share/TNG/tiffCurrentMan/ATL/
06/25/2014
cp /u/1stChoice/Share/TNG/tiffMan/2014/06/1856927330.tif /u/1stChoice/Share/TNG/tiffCurrentMan/ATL/
06/25/2014
cp /u/1stChoice/Share/TNG/tiffMan/2014/06/1856927430.tif /u/1stChoice/Share/TNG/tiffCurrentMan/ATL/
06/25/2014
cp /u/1stChoice/Share/TNG/tiffMan/2014/06/1856927530.tif /u/1stChoice/Share/TNG/tiffCurrentMan/ATL/
06/25/2014
cp /u/1stChoice/Share/TNG/tiffMan/2014/06/1856928530.tif /u/1stChoice/Share/TNG/tiffCurrentMan/ATL/
06/25/2014
cp /u/1stChoice/Share/TNG/tiffMan/2014/06/1856928730.tif /u/1stChoice/Share/TNG/tiffCurrentMan/ATL/
06/25/2014
cp /u/1stChoice/Share/TNG/tiffMan/2014/06/1856928930.tif /u/1stChoice/Share/TNG/tiffCurrentMan/ATL/
06/25/2014
cp /u/1stChoice/Share/TNG/tiffMan/2014/06/1856936030.tif /u/1stChoice/Share/TNG/tiffCurrentMan/ATL/
06/25/2014
cp /u/1stChoice/Share/TNG/tiffMan/2014/06/1856936130.tif /u/1stChoice/Share/TNG/tiffCurrentMan/ATL/
06/25/2014
cp /u/1stChoice/Share/TNG/tiffMan/2014/06/1856936230.tif /u/1stChoice/Share/TNG/tiffCurrentMan/ATL/
06/25/2014
cp /u/1stChoice/Share/TNG/tiffMan/2014/06/1856936330.tif /u/1stChoice/Share/TNG/tiffCurrentMan/ATL/
06/25/2014
cp /u/1stChoice/Share/TNG/tiffMan/2014/06/1856936430.tif /u/1stChoice/Share/TNG/tiffCurrentMan/ATL/
06/25/2014
cp /u/1stChoice/Share/TNG/tiffMan/2014/06/1856936630.tif /u/1stChoice/Share/TNG/tiffCurrentMan/ATL/
06/25/2014
cp /u/1stChoice/Share/TNG/tiffMan/2014/06/1856936730.tif /u/1stChoice/Share/TNG/tiffCurrentMan/ATL/
06/25/2014
cp /u/1stChoice/Share/TNG/tiffMan/2014/06/1856936830.tif /u/1stChoice/Share/TNG/tiffCurrentMan/ATL/
06/25/2014
cp /u/1stChoice/Share/TNG/tiffMan/2014/06/1856937030.tif /u/1stChoice/Share/TNG/tiffCurrentMan/ATL/
06/25/2014
cp /u/1stChoice/Share/TNG/tiffMan/2014/06/1856939330.tif /u/1stChoice/Share/TNG/tiffCurrentMan/ATL/
06/25/2014
cp /u/1stChoice/Share/TNG/tiffMan/2014/06/1856939430.tif /u/1stChoice/Share/TNG/tiffCurrentMan/ATL/
06/25/2014
cp /u/1stChoice/Share/TNG/tiffMan/2014/06/1856939530.tif /u/1stChoice/Share/TNG/tiffCurrentMan/ATL/
06/25/2014
cp /u/1stChoice/Share/TNG/tiffMan/2014/06/1856939630.tif /u/1stChoice/Share/TNG/tiffCurrentMan/ATL/
06/25/2014
cp /u/1stChoice/Share/TNG/tiffMan/2014/06/1856939730.tif /u/1stChoice/Share/TNG/tiffCurrentMan/ATL/
06/25/2014
cp /u/1stChoice/Share/TNG/tiffMan/2014/06/1856939830.tif /u/1stChoice/Share/TNG/tiffCurrentMan/ATL/
06/25/2014
cp /u/1stChoice/Share/TNG/tiffMan/2014/06/1856940030.tif /u/1stChoice/Share/TNG/tiffCurrentMan/ATL/
06/25/2014
cp /u/1stChoice/Share/TNG/tiffMan/2014/06/1856940130.tif /u/1stChoice/Share/TNG/tiffCurrentMan/ATL/
06/25/2014
cp /u/1stChoice/Share/TNG/tiffMan/2014/06/1856940230.tif /u/1stChoice/Share/TNG/tiffCurrentMan/ATL/
06/25/2014
cp /u/1stChoice/Share/TNG/tiffMan/2014/06/1856940330.tif /u/1stChoice/Share/TNG/tiffCurrentMan/ATL/
06/25/2014
cp /u/1stChoice/Share/TNG/tiffMan/2014/06/1856940430.tif /u/1stChoice/Share/TNG/tiffCurrentMan/ATL/
06/25/2014
cp /u/1stChoice/Share/TNG/tiffMan/2014/06/1856940530.tif /u/1stChoice/Share/TNG/tiffCurrentMan/ATL/
06/25/2014
cp /u/1stChoice/Share/TNG/tiffMan/2014/06/1856940730.tif /u/1stChoice/Share/TNG/tiffCurrentMan/ATL/
06/25/2014
cp /u/1stChoice/Share/TNG/tiffMan/2014/06/1857180830.tif /u/1stChoice/Share/TNG/tiffCurrentMan/ATL/
06/25/2014
cp /u/1stChoice/Share/TNG/tiffMan/2014/06/1857180930.tif /u/1stChoice/Share/TNG/tiffCurrentMan/ATL/
06/25/2014
cp /u/1stChoice/Share/TNG/tiffMan/2014/06/1857181030.tif /u/1stChoice/Share/TNG/tiffCurrentMan/ATL/
06/25/2014
cp /u/1stChoice/Share/TNG/tiffMan/2014/06/1857184130.tif /u/1stChoice/Share/TNG/tiffCurrentMan/ATL/
06/25/2014
cp /u/1stChoice/Share/TNG/tiffMan/2014/06/1857184230.tif /u/1stChoice/Share/TNG/tiffCurrentMan/ATL/
06/25/2014
cp /u/1stChoice/Share/TNG/tiffMan/2014/06/1857184430.tif /u/1stChoice/Share/TNG/tiffCurrentMan/ATL/
06/25/2014
cp /u/1stChoice/Share/TNG/tiffMan/2014/06/1857184530.tif /u/1stChoice/Share/TNG/tiffCurrentMan/ATL/
06/25/2014
cp /u/1stChoice/Share/TNG/tiffMan/2014/06/1857184630.tif /u/1stChoice/Share/TNG/tiffCurrentMan/ATL/
06/25/2014
cp /u/1stChoice/Share/TNG/tiffMan/2014/06/1857185530.tif /u/1stChoice/Share/TNG/tiffCurrentMan/ATL/
06/25/2014
cp /u/1stChoice/Share/TNG/tiffMan/2014/06/1857185630.tif /u/1stChoice/Share/TNG/tiffCurrentMan/ATL/
06/25/2014
cp /u/1stChoice/Share/TNG/tiffMan/2014/06/1857185730.tif /u/1stChoice/Share/TNG/tiffCurrentMan/ATL/
06/25/2014
cp /u/1stChoice/Share/TNG/tiffMan/2014/06/1857185830.tif /u/1stChoice/Share/TNG/tiffCurrentMan/ATL/
06/25/2014
cp /u/1stChoice/Share/TNG/tiffMan/2014/06/1857186730.tif /u/1stChoice/Share/TNG/tiffCurrentMan/ATL/
06/25/2014
cp /u/1stChoice/Share/TNG/tiffMan/2014/06/1857186830.tif /u/1stChoice/Share/TNG/tiffCurrentMan/ATL/
06/25/2014
cp /u/1stChoice/Share/TNG/tiffMan/2014/06/1857278630.tif /u/1stChoice/Share/TNG/tiffCurrentMan/ATL/
06/25/2014
cp /u/1stChoice/Share/TNG/tiffMan/2014/06/1857279230.tif /u/1stChoice/Share/TNG/tiffCurrentMan/ATL/
06/25/2014
cp /u/1stChoice/Share/TNG/tiffMan/2014/06/1857279730.tif /u/1stChoice/Share/TNG/tiffCurrentMan/ATL/
06/25/2014
cp /u/1stChoice/Share/TNG/tiffMan/2014/06/1857280230.tif /u/1stChoice/Share/TNG/tiffCurrentMan/ATL/
06/25/2014
cp /u/1stChoice/Share/TNG/tiffMan/2014/06/1857280430.tif /u/1stChoice/Share/TNG/tiffCurrentMan/ATL/
06/25/2014
cp /u/1stChoice/Share/TNG/tiffMan/2014/06/1857280530.tif /u/1stChoice/Share/TNG/tiffCurrentMan/ATL/
06/25/2014
cp /u/1stChoice/Share/TNG/tiffMan/2014/06/1857362830.tif /u/1stChoice/Share/TNG/tiffCurrentMan/ATL/
06/25/2014
cp /u/1stChoice/Share/TNG/tiffMan/2014/06/1857362930.tif /u/1stChoice/Share/TNG/tiffCurrentMan/ATL/
06/25/2014
cp /u/1stChoice/Share/TNG/tiffMan/2014/06/1857363030.tif /u/1stChoice/Share/TNG/tiffCurrentMan/ATL/
06/25/2014
cp /u/1stChoice/Share/TNG/tiffMan/2014/06/1857363230.tif /u/1stChoice/Share/TNG/tiffCurrentMan/ATL/
06/25/2014
cp /u/1stChoice/Share/TNG/tiffMan/2014/06/1857363330.tif /u/1stChoice/Share/TNG/tiffCurrentMan/ATL/
06/25/2014
cp /u/1stChoice/Share/TNG/tiffMan/2014/06/1857363430.tif /u/1stChoice/Share/TNG/tiffCurrentMan/ATL/
06/25/2014
cp /u/1stChoice/Share/TNG/tiffMan/2014/06/1857363530.tif /u/1stChoice/Share/TNG/tiffCurrentMan/ATL/
06/25/2014
cp /u/1stChoice/Share/TNG/tiffMan/2014/06/1857363630.tif /u/1stChoice/Share/TNG/tiffCurrentMan/ATL/
06/25/2014
cp /u/1stChoice/Share/TNG/tiffMan/2014/06/1857363730.tif /u/1stChoice/Share/TNG/tiffCurrentMan/ATL/
06/25/2014
cp /u/1stChoice/Share/TNG/tiffMan/2014/06/1857363830.tif /u/1stChoice/Share/TNG/tiffCurrentMan/ATL/
06/25/2014
cp /u/1stChoice/Share/TNG/tiffMan/2014/06/1857363930.tif /u/1stChoice/Share/TNG/tiffCurrentMan/ATL/
06/25/2014
cp /u/1stChoice/Share/TNG/tiffMan/2014/06/1857371330.tif /u/1stChoice/Share/TNG/tiffCurrentMan/ATL/
06/25/2014
cp /u/1stChoice/Share/TNG/tiffMan/2014/06/1857371930.tif /u/1stChoice/Share/TNG/tiffCurrentMan/ATL/
06/25/2014
cp /u/1stChoice/Share/TNG/tiffMan/2014/06/1857372530.tif /u/1stChoice/Share/TNG/tiffCurrentMan/ATL/
06/25/2014
cp /u/1stChoice/Share/TNG/tiffMan/2014/06/1857372730.tif /u/1stChoice/Share/TNG/tiffCurrentMan/ATL/
06/25/2014
cp /u/1stChoice/Share/TNG/tiffMan/2014/06/1857372930.tif /u/1stChoice/Share/TNG/tiffCurrentMan/ATL/
06/25/2014
cp /u/1stChoice/Share/TNG/tiffMan/2014/06/1857373130.tif /u/1stChoice/Share/TNG/tiffCurrentMan/ATL/
06/25/2014
cp /u/1stChoice/Share/TNG/tiffMan/2014/06/1857374930.tif /u/1stChoice/Share/TNG/tiffCurrentMan/ATL/
06/25/2014
cp /u/1stChoice/Share/TNG/tiffMan/2014/06/1857401330.tif /u/1stChoice/Share/TNG/tiffCurrentMan/ATL/
06/25/2014
cp /u/1stChoice/Share/TNG/tiffMan/2014/06/1857401430.tif /u/1stChoice/Share/TNG/tiffCurrentMan/ATL/
06/25/2014
cp /u/1stChoice/Share/TNG/tiffMan/2014/06/1857401530.tif /u/1stChoice/Share/TNG/tiffCurrentMan/ATL/
06/25/2014
cp /u/1stChoice/Share/TNG/tiffMan/2014/06/1857401630.tif /u/1stChoice/Share/TNG/tiffCurrentMan/ATL/
06/25/2014
cp /u/1stChoice/Share/TNG/tiffMan/2014/06/1857406230.tif /u/1stChoice/Share/TNG/tiffCurrentMan/ATL/
06/25/2014
cp /u/1stChoice/Share/TNG/tiffMan/2014/06/1857407130.tif /u/1stChoice/Share/TNG/tiffCurrentMan/ATL/
06/25/2014
cp /u/1stChoice/Share/TNG/tiffMan/2014/06/1857407630.tif /u/1stChoice/Share/TNG/tiffCurrentMan/ATL/
06/25/2014
cp /u/1stChoice/Share/TNG/tiffMan/2014/06/1857407830.tif /u/1stChoice/Share/TNG/tiffCurrentMan/ATL/
06/25/2014
cp /u/1stChoice/Share/TNG/tiffMan/2014/06/1857407930.tif /u/1stChoice/Share/TNG/tiffCurrentMan/ATL/
06/25/2014
cp /u/1stChoice/Share/TNG/tiffMan/2014/06/1857441703.tif /u/1stChoice/Share/TNG/tiffCurrentMan/ATL/
06/25/2014
cp /u/1stChoice/Share/TNG/tiffMan/2014/06/1857442603.tif /u/1stChoice/Share/TNG/tiffCurrentMan/ATL/
06/25/2014
cp /u/1stChoice/Share/TNG/tiffMan/2014/06/1857443103.tif /u/1stChoice/Share/TNG/tiffCurrentMan/ATL/
06/25/2014
cp /u/1stChoice/Share/TNG/tiffMan/2014/06/1857443303.tif /u/1stChoice/Share/TNG/tiffCurrentMan/ATL/
06/25/2014
cp /u/1stChoice/Share/TNG/tiffMan/2014/06/1857443403.tif /u/1stChoice/Share/TNG/tiffCurrentMan/ATL/
06/25/2014
cp /u/1stChoice/Share/TNG/tiffMan/2014/06/1857443503.tif /u/1stChoice/Share/TNG/tiffCurrentMan/ATL/
06/25/2014
cp /u/1stChoice/Share/TNG/tiffMan/2014/06/1857455912.tif /u/1stChoice/Share/TNG/tiffCurrentMan/ATL/
06/25/2014
cp /u/1stChoice/Share/TNG/tiffMan/2014/06/1857456012.tif /u/1stChoice/Share/TNG/tiffCurrentMan/ATL/
06/25/2014
cp /u/1stChoice/Share/TNG/tiffMan/2014/06/1857456112.tif /u/1stChoice/Share/TNG/tiffCurrentMan/ATL/
06/25/2014
cp /u/1stChoice/Share/TNG/tiffMan/2014/06/1857456212.tif /u/1stChoice/Share/TNG/tiffCurrentMan/ATL/
06/25/2014
cp /u/1stChoice/Share/TNG/tiffMan/2014/06/1857456312.tif /u/1stChoice/Share/TNG/tiffCurrentMan/ATL/
06/25/2014
cp /u/1stChoice/Share/TNG/tiffMan/2014/06/1857456512.tif /u/1stChoice/Share/TNG/tiffCurrentMan/ATL/
06/25/2014
cp /u/1stChoice/Share/TNG/tiffMan/2014/06/1857456612.tif /u/1stChoice/Share/TNG/tiffCurrentMan/ATL/
06/25/2014
cp /u/1stChoice/Share/TNG/tiffMan/2014/06/1857456712.tif /u/1stChoice/Share/TNG/tiffCurrentMan/ATL/
06/25/2014
cp /u/1stChoice/Share/TNG/tiffMan/2014/06/1857456812.tif /u/1stChoice/Share/TNG/tiffCurrentMan/ATL/
06/25/2014
cp /u/1stChoice/Share/TNG/tiffMan/2014/06/1857456912.tif /u/1stChoice/Share/TNG/tiffCurrentMan/ATL/
06/25/2014
cp /u/1stChoice/Share/TNG/tiffMan/2014/06/1857457012.tif /u/1stChoice/Share/TNG/tiffCurrentMan/ATL/
06/25/2014
cp /u/1stChoice/Share/TNG/tiffMan/2014/06/1857457112.tif /u/1stChoice/Share/TNG/tiffCurrentMan/ATL/
06/25/2014
cp /u/1stChoice/Share/TNG/tiffMan/2014/06/1857457212.tif /u/1stChoice/Share/TNG/tiffCurrentMan/ATL/
06/25/2014
cp /u/1stChoice/Share/TNG/tiffMan/2014/06/1857457312.tif /u/1stChoice/Share/TNG/tiffCurrentMan/ATL/
06/25/2014
cp /u/1stChoice/Share/TNG/tiffMan/2014/06/1857457412.tif /u/1stChoice/Share/TNG/tiffCurrentMan/ATL/
06/25/2014
cp /u/1stChoice/Share/TNG/tiffMan/2014/06/1857457512.tif /u/1stChoice/Share/TNG/tiffCurrentMan/ATL/
06/25/2014
cp /u/1stChoice/Share/TNG/tiffMan/2014/06/1857457612.tif /u/1stChoice/Share/TNG/tiffCurrentMan/ATL/
06/25/2014
cp /u/1stChoice/Share/TNG/tiffMan/2014/06/1857457712.tif /u/1stChoice/Share/TNG/tiffCurrentMan/ATL/
06/25/2014
cp /u/1stChoice/Share/TNG/tiffMan/2014/06/1857457812.tif /u/1stChoice/Share/TNG/tiffCurrentMan/ATL/
06/25/2014
cp /u/1stChoice/Share/TNG/tiffMan/2014/06/1857457912.tif /u/1stChoice/Share/TNG/tiffCurrentMan/ATL/
06/25/2014
cp /u/1stChoice/Share/TNG/tiffMan/2014/06/1857459212.tif /u/1stChoice/Share/TNG/tiffCurrentMan/ATL/
06/25/2014
cp /u/1stChoice/Share/TNG/tiffMan/2014/06/1857459312.tif /u/1stChoice/Share/TNG/tiffCurrentMan/ATL/
06/25/2014
cp /u/1stChoice/Share/TNG/tiffMan/2014/06/1857459612.tif /u/1stChoice/Share/TNG/tiffCurrentMan/ATL/
06/25/2014
cp /u/1stChoice/Share/TNG/tiffMan/2014/06/1857460012.tif /u/1stChoice/Share/TNG/tiffCurrentMan/ATL/
06/25/2014
cp /u/1stChoice/Share/TNG/tiffMan/2014/06/1857460612.tif /u/1stChoice/Share/TNG/tiffCurrentMan/ATL/
06/25/2014
cp /u/1stChoice/Share/TNG/tiffMan/2014/06/1857460712.tif /u/1stChoice/Share/TNG/tiffCurrentMan/ATL/
06/25/2014
cp /u/1stChoice/Share/TNG/tiffMan/2014/06/1857461012.tif /u/1stChoice/Share/TNG/tiffCurrentMan/ATL/
06/25/2014
cp /u/1stChoice/Share/TNG/tiffMan/2014/06/1857461312.tif /u/1stChoice/Share/TNG/tiffCurrentMan/ATL/
06/25/2014
cp /u/1stChoice/Share/TNG/tiffMan/2014/06/1857461412.tif /u/1stChoice/Share/TNG/tiffCurrentMan/ATL/
06/25/2014
cp /u/1stChoice/Share/TNG/tiffMan/2014/06/1857461712.tif /u/1stChoice/Share/TNG/tiffCurrentMan/ATL/
06/25/2014
cp /u/1stChoice/Share/TNG/tiffMan/2014/06/1857462212.tif /u/1stChoice/Share/TNG/tiffCurrentMan/ATL/
06/25/2014
cp /u/1stChoice/Share/TNG/tiffMan/2014/06/1857463412.tif /u/1stChoice/Share/TNG/tiffCurrentMan/ATL/
06/25/2014
cp /u/1stChoice/Share/TNG/tiffMan/2014/06/1857467912.tif /u/1stChoice/Share/TNG/tiffCurrentMan/ATL/
06/25/2014
cp /u/1stChoice/Share/TNG/tiffMan/2014/06/1857468110.tif /u/1stChoice/Share/TNG/tiffCurrentMan/ATL/
06/25/2014
cp /u/1stChoice/Share/TNG/tiffMan/2014/06/1857491912.tif /u/1stChoice/Share/TNG/tiffCurrentMan/ATL/
06/25/2014
cp /u/1stChoice/Share/TNG/tiffMan/2014/06/1857492012.tif /u/1stChoice/Share/TNG/tiffCurrentMan/ATL/
06/25/2014
cp /u/1stChoice/Share/TNG/tiffMan/2014/06/1857492112.tif /u/1stChoice/Share/TNG/tiffCurrentMan/ATL/
06/25/2014
cp /u/1stChoice/Share/TNG/tiffMan/2014/06/1857492212.tif /u/1stChoice/Share/TNG/tiffCurrentMan/ATL/
06/25/2014
cp /u/1stChoice/Share/TNG/tiffMan/2014/06/1857492412.tif /u/1stChoice/Share/TNG/tiffCurrentMan/ATL/
06/25/2014
cp /u/1stChoice/Share/TNG/tiffMan/2014/06/1857492612.tif /u/1stChoice/Share/TNG/tiffCurrentMan/ATL/
06/25/2014
cp /u/1stChoice/Share/TNG/tiffMan/2014/06/1857492712.tif /u/1stChoice/Share/TNG/tiffCurrentMan/ATL/
06/25/2014
cp /u/1stChoice/Share/TNG/tiffMan/2014/06/1857492812.tif /u/1stChoice/Share/TNG/tiffCurrentMan/ATL/
06/25/2014
cp /u/1stChoice/Share/TNG/tiffMan/2014/06/1857493012.tif /u/1stChoice/Share/TNG/tiffCurrentMan/ATL/
06/25/2014
cp /u/1stChoice/Share/TNG/tiffMan/2014/06/1857493212.tif /u/1stChoice/Share/TNG/tiffCurrentMan/ATL/
06/25/2014
cp /u/1stChoice/Share/TNG/tiffMan/2014/06/1857495012.tif /u/1stChoice/Share/TNG/tiffCurrentMan/ATL/
06/25/2014
cp /u/1stChoice/Share/TNG/tiffMan/2014/06/1857495112.tif /u/1stChoice/Share/TNG/tiffCurrentMan/ATL/
06/25/2014
cp /u/1stChoice/Share/TNG/tiffMan/2014/06/1857495212.tif /u/1stChoice/Share/TNG/tiffCurrentMan/ATL/
06/25/2014
cp /u/1stChoice/Share/TNG/tiffMan/2014/06/1857495312.tif /u/1stChoice/Share/TNG/tiffCurrentMan/ATL/
06/25/2014
cp /u/1stChoice/Share/TNG/tiffMan/2014/06/1857495412.tif /u/1stChoice/Share/TNG/tiffCurrentMan/ATL/
06/25/2014
cp /u/1stChoice/Share/TNG/tiffMan/2014/06/1857495512.tif /u/1stChoice/Share/TNG/tiffCurrentMan/ATL/
06/25/2014
cp /u/1stChoice/Share/TNG/tiffMan/2014/06/1857495612.tif /u/1stChoice/Share/TNG/tiffCurrentMan/ATL/
06/25/2014
cp /u/1stChoice/Share/TNG/tiffMan/2014/06/1857495712.tif /u/1stChoice/Share/TNG/tiffCurrentMan/ATL/
06/25/2014
cp /u/1stChoice/Share/TNG/tiffMan/2014/06/1857495912.tif /u/1stChoice/Share/TNG/tiffCurrentMan/ATL/
06/25/2014
cp /u/1stChoice/Share/TNG/tiffMan/2014/06/1857496012.tif /u/1stChoice/Share/TNG/tiffCurrentMan/ATL/
06/25/2014
cp /u/1stChoice/Share/TNG/tiffMan/2014/06/1857496212.tif /u/1stChoice/Share/TNG/tiffCurrentMan/ATL/
06/25/2014
cp /u/1stChoice/Share/TNG/tiffMan/2014/06/1857496312.tif /u/1stChoice/Share/TNG/tiffCurrentMan/ATL/
06/25/2014
cp /u/1stChoice/Share/TNG/tiffMan/2014/06/1857496412.tif /u/1stChoice/Share/TNG/tiffCurrentMan/ATL/
06/25/2014
cp /u/1stChoice/Share/TNG/tiffMan/2014/06/1857496512.tif /u/1stChoice/Share/TNG/tiffCurrentMan/ATL/
06/25/2014
cp /u/1stChoice/Share/TNG/tiffMan/2014/06/1857496612.tif /u/1stChoice/Share/TNG/tiffCurrentMan/ATL/
06/25/2014
cp /u/1stChoice/Share/TNG/tiffMan/2014/06/1857496712.tif /u/1stChoice/Share/TNG/tiffCurrentMan/ATL/
06/25/2014
cp /u/1stChoice/Share/TNG/tiffMan/2014/06/1857496912.tif /u/1stChoice/Share/TNG/tiffCurrentMan/ATL/
06/25/2014
cp /u/1stChoice/Share/TNG/tiffMan/2014/06/1857537604.tif /u/1stChoice/Share/TNG/tiffCurrentMan/ATL/
06/25/2014
cp /u/1stChoice/Share/TNG/tiffMan/2014/06/1857537704.tif /u/1stChoice/Share/TNG/tiffCurrentMan/ATL/
06/25/2014
cp /u/1stChoice/Share/TNG/tiffMan/2014/06/1857538404.tif /u/1stChoice/Share/TNG/tiffCurrentMan/ATL/
06/25/2014
cp /u/1stChoice/Share/TNG/tiffMan/2014/06/1857538804.tif /u/1stChoice/Share/TNG/tiffCurrentMan/ATL/
06/25/2014
cp /u/1stChoice/Share/TNG/tiffMan/2014/06/1857539104.tif /u/1stChoice/Share/TNG/tiffCurrentMan/ATL/
06/25/2014
cp /u/1stChoice/Share/TNG/tiffMan/2014/06/1857539604.tif /u/1stChoice/Share/TNG/tiffCurrentMan/ATL/
06/25/2014
cp /u/1stChoice/Share/TNG/tiffMan/2014/06/1857573110.tif /u/1stChoice/Share/TNG/tiffCurrentMan/ATL/
06/25/2014
cp /u/1stChoice/Share/TNG/tiffMan/2014/06/1857573210.tif /u/1stChoice/Share/TNG/tiffCurrentMan/ATL/
06/25/2014
cp /u/1stChoice/Share/TNG/tiffMan/2014/06/1857573310.tif /u/1stChoice/Share/TNG/tiffCurrentMan/ATL/
06/25/2014
cp /u/1stChoice/Share/TNG/tiffMan/2014/06/1857575610.tif /u/1stChoice/Share/TNG/tiffCurrentMan/ATL/
06/25/2014
cp /u/1stChoice/Share/TNG/tiffMan/2014/06/1857575710.tif /u/1stChoice/Share/TNG/tiffCurrentMan/ATL/
06/25/2014
cp /u/1stChoice/Share/TNG/tiffMan/2014/06/1857576110.tif /u/1stChoice/Share/TNG/tiffCurrentMan/ATL/
06/25/2014
cp /u/1stChoice/Share/TNG/tiffMan/2014/06/1857576210.tif /u/1stChoice/Share/TNG/tiffCurrentMan/ATL/
06/25/2014
cp /u/1stChoice/Share/TNG/tiffMan/2014/06/1857700703.tif /u/1stChoice/Share/TNG/tiffCurrentMan/ATL/
06/25/2014
cp /u/1stChoice/Share/TNG/tiffMan/2014/06/1857700803.tif /u/1stChoice/Share/TNG/tiffCurrentMan/ATL/
06/25/2014
cp /u/1stChoice/Share/TNG/tiffMan/2014/06/1857700903.tif /u/1stChoice/Share/TNG/tiffCurrentMan/ATL/
06/25/2014
cp /u/1stChoice/Share/TNG/tiffMan/2014/06/1857701003.tif /u/1stChoice/Share/TNG/tiffCurrentMan/ATL/
06/25/2014
cp /u/1stChoice/Share/TNG/tiffMan/2014/06/1857701103.tif /u/1stChoice/Share/TNG/tiffCurrentMan/ATL/
06/25/2014
cp /u/1stChoice/Share/TNG/tiffMan/2014/06/1857701203.tif /u/1stChoice/Share/TNG/tiffCurrentMan/ATL/
06/25/2014
cp /u/1stChoice/Share/TNG/tiffMan/2014/06/1857701603.tif /u/1stChoice/Share/TNG/tiffCurrentMan/ATL/
06/25/2014
cp /u/1stChoice/Share/TNG/tiffMan/2014/06/1857701903.tif /u/1stChoice/Share/TNG/tiffCurrentMan/ATL/
06/25/2014
cp /u/1stChoice/Share/TNG/tiffMan/2014/06/1857702003.tif /u/1stChoice/Share/TNG/tiffCurrentMan/ATL/
06/25/2014
cp /u/1stChoice/Share/TNG/tiffMan/2014/06/1857702103.tif /u/1stChoice/Share/TNG/tiffCurrentMan/ATL/
06/25/2014
cp /u/1stChoice/Share/TNG/tiffMan/2014/06/1857702203.tif /u/1stChoice/Share/TNG/tiffCurrentMan/ATL/
06/25/2014
cp /u/1stChoice/Share/TNG/tiffMan/2014/06/1857702303.tif /u/1stChoice/Share/TNG/tiffCurrentMan/ATL/
06/25/2014
cp /u/1stChoice/Share/TNG/tiffMan/2014/06/1857702403.tif /u/1stChoice/Share/TNG/tiffCurrentMan/ATL/
06/25/2014
cp /u/1stChoice/Share/TNG/tiffMan/2014/06/1857702503.tif /u/1stChoice/Share/TNG/tiffCurrentMan/ATL/
06/25/2014
cp /u/1stChoice/Share/TNG/tiffMan/2014/06/1857702603.tif /u/1stChoice/Share/TNG/tiffCurrentMan/ATL/
06/25/2014
cp /u/1stChoice/Share/TNG/tiffMan/2014/06/1857702703.tif /u/1stChoice/Share/TNG/tiffCurrentMan/ATL/
06/25/2014
cp /u/1stChoice/Share/TNG/tiffMan/2014/06/1857703103.tif /u/1stChoice/Share/TNG/tiffCurrentMan/ATL/
06/25/2014
cp /u/1stChoice/Share/TNG/tiffMan/2014/06/1857703203.tif /u/1stChoice/Share/TNG/tiffCurrentMan/ATL/
06/25/2014
cp /u/1stChoice/Share/TNG/tiffMan/2014/06/1857703303.tif /u/1stChoice/Share/TNG/tiffCurrentMan/ATL/
06/25/2014
cp /u/1stChoice/Share/TNG/tiffMan/2014/06/1857703403.tif /u/1stChoice/Share/TNG/tiffCurrentMan/ATL/
06/25/2014
cp /u/1stChoice/Share/TNG/tiffMan/2014/06/1857703503.tif /u/1stChoice/Share/TNG/tiffCurrentMan/ATL/
06/25/2014
cp /u/1stChoice/Share/TNG/tiffMan/2014/06/1857736004.tif /u/1stChoice/Share/TNG/tiffCurrentMan/ATL/
06/25/2014
cp /u/1stChoice/Share/TNG/tiffMan/2014/06/1857736104.tif /u/1stChoice/Share/TNG/tiffCurrentMan/ATL/
06/25/2014
cp /u/1stChoice/Share/TNG/tiffMan/2014/06/1857736204.tif /u/1stChoice/Share/TNG/tiffCurrentMan/ATL/
06/25/2014
cp /u/1stChoice/Share/TNG/tiffMan/2014/06/1857736504.tif /u/1stChoice/Share/TNG/tiffCurrentMan/ATL/
06/25/2014
cp /u/1stChoice/Share/TNG/tiffMan/2014/06/1857739804.tif /u/1stChoice/Share/TNG/tiffCurrentMan/ATL/
06/25/2014
cp /u/1stChoice/Share/TNG/tiffMan/2014/06/1857743804.tif /u/1stChoice/Share/TNG/tiffCurrentMan/ATL/
06/25/2014
cp /u/1stChoice/Share/TNG/tiffMan/2014/06/1857743904.tif /u/1stChoice/Share/TNG/tiffCurrentMan/ATL/
06/25/2014
cp /u/1stChoice/Share/TNG/tiffMan/2014/06/1857744004.tif /u/1stChoice/Share/TNG/tiffCurrentMan/ATL/
06/25/2014
cp /u/1stChoice/Share/TNG/tiffMan/2014/06/1857744104.tif /u/1stChoice/Share/TNG/tiffCurrentMan/ATL/
06/25/2014
cp /u/1stChoice/Share/TNG/tiffMan/2014/06/1857744204.tif /u/1stChoice/Share/TNG/tiffCurrentMan/ATL/
06/25/2014
cp /u/1stChoice/Share/TNG/tiffMan/2014/06/1857744304.tif /u/1stChoice/Share/TNG/tiffCurrentMan/ATL/
06/25/2014
cp /u/1stChoice/Share/TNG/tiffMan/2014/06/1857744404.tif /u/1stChoice/Share/TNG/tiffCurrentMan/ATL/
06/25/2014
cp /u/1stChoice/Share/TNG/tiffMan/2014/06/1857744504.tif /u/1stChoice/Share/TNG/tiffCurrentMan/ATL/
06/25/2014
cp /u/1stChoice/Share/TNG/tiffMan/2014/06/1857744604.tif /u/1stChoice/Share/TNG/tiffCurrentMan/ATL/
06/25/2014
cp /u/1stChoice/Share/TNG/tiffMan/2014/06/1857744704.tif /u/1stChoice/Share/TNG/tiffCurrentMan/ATL/
06/25/2014
cp /u/1stChoice/Share/TNG/tiffMan/2014/06/1857766510.tif /u/1stChoice/Share/TNG/tiffCurrentMan/ATL/
06/25/2014
cp /u/1stChoice/Share/TNG/tiffMan/2014/06/1857766610.tif /u/1stChoice/Share/TNG/tiffCurrentMan/ATL/
06/25/2014
cp /u/1stChoice/Share/TNG/tiffMan/2014/06/1857769510.tif /u/1stChoice/Share/TNG/tiffCurrentMan/ATL/
06/25/2014
cp /u/1stChoice/Share/TNG/tiffMan/2014/06/1857769610.tif /u/1stChoice/Share/TNG/tiffCurrentMan/ATL/
06/25/2014
cp /u/1stChoice/Share/TNG/tiffMan/2014/06/1857769710.tif /u/1stChoice/Share/TNG/tiffCurrentMan/ATL/
06/25/2014
cp /u/1stChoice/Share/TNG/tiffMan/2014/06/1857769910.tif /u/1stChoice/Share/TNG/tiffCurrentMan/ATL/
06/25/2014
cp /u/1stChoice/Share/TNG/tiffMan/2014/06/1857770010.tif /u/1stChoice/Share/TNG/tiffCurrentMan/ATL/
06/25/2014
cp /u/1stChoice/Share/TNG/tiffMan/2014/06/1857770110.tif /u/1stChoice/Share/TNG/tiffCurrentMan/ATL/
06/25/2014
cp /u/1stChoice/Share/TNG/tiffMan/2014/06/1857770210.tif /u/1stChoice/Share/TNG/tiffCurrentMan/ATL/
06/25/2014
cp /u/1stChoice/Share/TNG/tiffMan/2014/06/1857771410.tif /u/1stChoice/Share/TNG/tiffCurrentMan/ATL/
06/25/2014
cp /u/1stChoice/Share/TNG/tiffMan/2014/06/1857822830.tif /u/1stChoice/Share/TNG/tiffCurrentMan/ATL/
06/25/2014
cp /u/1stChoice/Share/TNG/tiffMan/2014/06/1857822930.tif /u/1stChoice/Share/TNG/tiffCurrentMan/ATL/
06/25/2014
cp /u/1stChoice/Share/TNG/tiffMan/2014/06/1857823030.tif /u/1stChoice/Share/TNG/tiffCurrentMan/ATL/
06/25/2014
cp /u/1stChoice/Share/TNG/tiffMan/2014/06/1857823130.tif /u/1stChoice/Share/TNG/tiffCurrentMan/ATL/
06/25/2014
cp /u/1stChoice/Share/TNG/tiffMan/2014/06/1857823230.tif /u/1stChoice/Share/TNG/tiffCurrentMan/ATL/
06/25/2014
cp /u/1stChoice/Share/TNG/tiffMan/2014/06/1857823430.tif /u/1stChoice/Share/TNG/tiffCurrentMan/ATL/
06/25/2014
cp /u/1stChoice/Share/TNG/tiffMan/2014/06/1857823530.tif /u/1stChoice/Share/TNG/tiffCurrentMan/ATL/
06/25/2014
cp /u/1stChoice/Share/TNG/tiffMan/2014/06/1857823630.tif /u/1stChoice/Share/TNG/tiffCurrentMan/ATL/
06/25/2014
cp /u/1stChoice/Share/TNG/tiffMan/2014/06/1857823730.tif /u/1stChoice/Share/TNG/tiffCurrentMan/ATL/
06/25/2014
cp /u/1stChoice/Share/TNG/tiffMan/2014/06/1857853030.tif /u/1stChoice/Share/TNG/tiffCurrentMan/ATL/
06/25/2014
cp /u/1stChoice/Share/TNG/tiffMan/2014/06/1857853130.tif /u/1stChoice/Share/TNG/tiffCurrentMan/ATL/
06/25/2014
cp /u/1stChoice/Share/TNG/tiffMan/2014/06/1857853230.tif /u/1stChoice/Share/TNG/tiffCurrentMan/ATL/
06/25/2014
cp /u/1stChoice/Share/TNG/tiffMan/2014/06/1857853330.tif /u/1stChoice/Share/TNG/tiffCurrentMan/ATL/
06/25/2014
cp /u/1stChoice/Share/TNG/tiffMan/2014/06/1857853430.tif /u/1stChoice/Share/TNG/tiffCurrentMan/ATL/
06/25/2014
cp /u/1stChoice/Share/TNG/tiffMan/2014/06/1857853530.tif /u/1stChoice/Share/TNG/tiffCurrentMan/ATL/
06/25/2014
cp /u/1stChoice/Share/TNG/tiffMan/2014/06/1857853630.tif /u/1stChoice/Share/TNG/tiffCurrentMan/ATL/
06/25/2014
cp /u/1stChoice/Share/TNG/tiffMan/2014/06/1857853730.tif /u/1stChoice/Share/TNG/tiffCurrentMan/ATL/
06/25/2014
cp /u/1stChoice/Share/TNG/tiffMan/2014/06/1857853830.tif /u/1stChoice/Share/TNG/tiffCurrentMan/ATL/
06/25/2014
cp /u/1stChoice/Share/TNG/tiffMan/2014/06/1857859930.tif /u/1stChoice/Share/TNG/tiffCurrentMan/ATL/
06/25/2014
cp /u/1stChoice/Share/TNG/tiffMan/2014/06/1857860030.tif /u/1stChoice/Share/TNG/tiffCurrentMan/ATL/
06/25/2014
cp /u/1stChoice/Share/TNG/tiffMan/2014/06/1857860130.tif /u/1stChoice/Share/TNG/tiffCurrentMan/ATL/
06/25/2014
cp /u/1stChoice/Share/TNG/tiffMan/2014/06/1857860630.tif /u/1stChoice/Share/TNG/tiffCurrentMan/ATL/
06/25/2014
cp /u/1stChoice/Share/TNG/tiffMan/2014/06/1857860930.tif /u/1stChoice/Share/TNG/tiffCurrentMan/ATL/
06/25/2014
cp /u/1stChoice/Share/TNG/tiffMan/2014/06/1857861130.tif /u/1stChoice/Share/TNG/tiffCurrentMan/ATL/
06/25/2014
cp /u/1stChoice/Share/TNG/tiffMan/2014/06/1857861330.tif /u/1stChoice/Share/TNG/tiffCurrentMan/ATL/
06/25/2014
cp /u/1stChoice/Share/TNG/tiffMan/2014/06/1857861430.tif /u/1stChoice/Share/TNG/tiffCurrentMan/ATL/
06/25/2014
cp /u/1stChoice/Share/TNG/tiffMan/2014/06/1857861630.tif /u/1stChoice/Share/TNG/tiffCurrentMan/ATL/
06/25/2014
cp /u/1stChoice/Share/TNG/tiffMan/2014/06/1857873330.tif /u/1stChoice/Share/TNG/tiffCurrentMan/ATL/
06/25/2014
cp /u/1stChoice/Share/TNG/tiffMan/2014/06/1857873430.tif /u/1stChoice/Share/TNG/tiffCurrentMan/ATL/
06/25/2014
cp /u/1stChoice/Share/TNG/tiffMan/2014/06/1857873530.tif /u/1stChoice/Share/TNG/tiffCurrentMan/ATL/
06/25/2014
cp /u/1stChoice/Share/TNG/tiffMan/2014/06/1857873730.tif /u/1stChoice/Share/TNG/tiffCurrentMan/ATL/
06/25/2014
cp /u/1stChoice/Share/TNG/tiffMan/2014/06/1857873930.tif /u/1stChoice/Share/TNG/tiffCurrentMan/ATL/
06/25/2014
cp /u/1stChoice/Share/TNG/tiffMan/2014/06/1857874130.tif /u/1stChoice/Share/TNG/tiffCurrentMan/ATL/
06/25/2014
cp /u/1stChoice/Share/TNG/tiffMan/2014/06/1857874330.tif /u/1stChoice/Share/TNG/tiffCurrentMan/ATL/
06/25/2014
cp /u/1stChoice/Share/TNG/tiffMan/2014/06/1857874530.tif /u/1stChoice/Share/TNG/tiffCurrentMan/ATL/
06/25/2014
cp /u/1stChoice/Share/TNG/tiffMan/2014/06/1857878830.tif /u/1stChoice/Share/TNG/tiffCurrentMan/ATL/
06/25/2014
cp /u/1stChoice/Share/TNG/tiffMan/2014/06/1857878930.tif /u/1stChoice/Share/TNG/tiffCurrentMan/ATL/
06/25/2014
cp /u/1stChoice/Share/TNG/tiffMan/2014/06/1857879130.tif /u/1stChoice/Share/TNG/tiffCurrentMan/ATL/
06/25/2014
cp /u/1stChoice/Share/TNG/tiffMan/2014/06/1857879230.tif /u/1stChoice/Share/TNG/tiffCurrentMan/ATL/
06/25/2014
cp /u/1stChoice/Share/TNG/tiffMan/2014/06/1857879430.tif /u/1stChoice/Share/TNG/tiffCurrentMan/ATL/
06/25/2014
cp /u/1stChoice/Share/TNG/tiffMan/2014/06/1857879630.tif /u/1stChoice/Share/TNG/tiffCurrentMan/ATL/
06/25/2014
cp /u/1stChoice/Share/TNG/tiffMan/2014/06/1857879730.tif /u/1stChoice/Share/TNG/tiffCurrentMan/ATL/
06/25/2014
cp /u/1stChoice/Share/TNG/tiffMan/2014/06/1857879930.tif /u/1stChoice/Share/TNG/tiffCurrentMan/ATL/
06/25/2014
cp /u/1stChoice/Share/TNG/tiffMan/2014/06/1858177103.tif /u/1stChoice/Share/TNG/tiffCurrentMan/ATL/
06/25/2014
cp /u/1stChoice/Share/TNG/tiffMan/2014/06/1858177203.tif /u/1stChoice/Share/TNG/tiffCurrentMan/ATL/
06/25/2014
cp /u/1stChoice/Share/TNG/tiffMan/2014/06/1858177303.tif /u/1stChoice/Share/TNG/tiffCurrentMan/ATL/
06/25/2014
cp /u/1stChoice/Share/TNG/tiffMan/2014/06/1858177403.tif /u/1stChoice/Share/TNG/tiffCurrentMan/ATL/
06/25/2014
cp /u/1stChoice/Share/TNG/tiffMan/2014/06/1858177503.tif /u/1stChoice/Share/TNG/tiffCurrentMan/ATL/
06/25/2014
cp /u/1stChoice/Share/TNG/tiffMan/2014/06/1858177603.tif /u/1stChoice/Share/TNG/tiffCurrentMan/ATL/
06/25/2014
cp /u/1stChoice/Share/TNG/tiffMan/2014/06/1858177703.tif /u/1stChoice/Share/TNG/tiffCurrentMan/ATL/
06/25/2014
cp /u/1stChoice/Share/TNG/tiffMan/2014/06/1858177803.tif /u/1stChoice/Share/TNG/tiffCurrentMan/ATL/
06/25/2014
cp /u/1stChoice/Share/TNG/tiffMan/2014/06/1858177903.tif /u/1stChoice/Share/TNG/tiffCurrentMan/ATL/
06/25/2014
cp /u/1stChoice/Share/TNG/tiffMan/2014/06/1858178003.tif /u/1stChoice/Share/TNG/tiffCurrentMan/ATL/
06/25/2014
cp /u/1stChoice/Share/TNG/tiffMan/2014/06/1858178103.tif /u/1stChoice/Share/TNG/tiffCurrentMan/ATL/
06/25/2014
cp /u/1stChoice/Share/TNG/tiffMan/2014/06/1858178603.tif /u/1stChoice/Share/TNG/tiffCurrentMan/ATL/
06/25/2014
cp /u/1stChoice/Share/TNG/tiffMan/2014/06/1858179303.tif /u/1stChoice/Share/TNG/tiffCurrentMan/ATL/
06/25/2014
cp /u/1stChoice/Share/TNG/tiffMan/2014/06/1858179503.tif /u/1stChoice/Share/TNG/tiffCurrentMan/ATL/
06/25/2014
cp /u/1stChoice/Share/TNG/tiffMan/2014/06/1858179603.tif /u/1stChoice/Share/TNG/tiffCurrentMan/ATL/
06/25/2014
cp /u/1stChoice/Share/TNG/tiffMan/2014/06/1858180503.tif /u/1stChoice/Share/TNG/tiffCurrentMan/ATL/
06/25/2014
cp /u/1stChoice/Share/TNG/tiffMan/2014/06/1858181704.tif /u/1stChoice/Share/TNG/tiffCurrentMan/ATL/
06/25/2014
cp /u/1stChoice/Share/TNG/tiffMan/2014/06/1858181804.tif /u/1stChoice/Share/TNG/tiffCurrentMan/ATL/
06/25/2014
cp /u/1stChoice/Share/TNG/tiffMan/2014/06/1858187904.tif /u/1stChoice/Share/TNG/tiffCurrentMan/ATL/
06/25/2014
cp /u/1stChoice/Share/TNG/tiffMan/2014/06/1858188004.tif /u/1stChoice/Share/TNG/tiffCurrentMan/ATL/
06/25/2014
cp /u/1stChoice/Share/TNG/tiffMan/2014/06/1858188104.tif /u/1stChoice/Share/TNG/tiffCurrentMan/ATL/
06/25/2014
cp /u/1stChoice/Share/TNG/tiffMan/2014/06/1858188204.tif /u/1stChoice/Share/TNG/tiffCurrentMan/ATL/
06/25/2014
cp /u/1stChoice/Share/TNG/tiffMan/2014/06/1858188304.tif /u/1stChoice/Share/TNG/tiffCurrentMan/ATL/
06/25/2014
cp /u/1stChoice/Share/TNG/tiffMan/2014/06/1858188404.tif /u/1stChoice/Share/TNG/tiffCurrentMan/ATL/
06/25/2014
cp /u/1stChoice/Share/TNG/tiffMan/2014/06/1858188504.tif /u/1stChoice/Share/TNG/tiffCurrentMan/ATL/
06/25/2014
cp /u/1stChoice/Share/TNG/tiffMan/2014/06/1858188604.tif /u/1stChoice/Share/TNG/tiffCurrentMan/ATL/
06/25/2014
cp /u/1stChoice/Share/TNG/tiffMan/2014/06/1858188704.tif /u/1stChoice/Share/TNG/tiffCurrentMan/ATL/
06/25/2014
cp /u/1stChoice/Share/TNG/tiffMan/2014/06/1858188804.tif /u/1stChoice/Share/TNG/tiffCurrentMan/ATL/
06/25/2014
cp /u/1stChoice/Share/TNG/tiffMan/2014/06/1858188904.tif /u/1stChoice/Share/TNG/tiffCurrentMan/ATL/
06/25/2014
cp /u/1stChoice/Share/TNG/tiffMan/2014/06/1858189004.tif /u/1stChoice/Share/TNG/tiffCurrentMan/ATL/
06/25/2014
cp /u/1stChoice/Share/TNG/tiffMan/2014/06/1858190304.tif /u/1stChoice/Share/TNG/tiffCurrentMan/ATL/
06/25/2014
cp /u/1stChoice/Share/TNG/tiffMan/2014/06/1858191904.tif /u/1stChoice/Share/TNG/tiffCurrentMan/ATL/
06/25/2014
cp /u/1stChoice/Share/TNG/tiffMan/2014/06/1858192004.tif /u/1stChoice/Share/TNG/tiffCurrentMan/ATL/
06/25/2014
cp /u/1stChoice/Share/TNG/tiffMan/2014/06/1858192104.tif /u/1stChoice/Share/TNG/tiffCurrentMan/ATL/
06/25/2014
cp /u/1stChoice/Share/TNG/tiffMan/2014/06/1858192204.tif /u/1stChoice/Share/TNG/tiffCurrentMan/ATL/
06/25/2014
cp /u/1stChoice/Share/TNG/tiffMan/2014/06/1858192304.tif /u/1stChoice/Share/TNG/tiffCurrentMan/ATL/
06/25/2014
cp /u/1stChoice/Share/TNG/tiffMan/2014/06/1858192404.tif /u/1stChoice/Share/TNG/tiffCurrentMan/ATL/
06/25/2014
cp /u/1stChoice/Share/TNG/tiffMan/2014/06/1858192504.tif /u/1stChoice/Share/TNG/tiffCurrentMan/ATL/
06/25/2014
cp /u/1stChoice/Share/TNG/tiffMan/2014/06/1858192604.tif /u/1stChoice/Share/TNG/tiffCurrentMan/ATL/
06/25/2014
cp /u/1stChoice/Share/TNG/tiffMan/2014/06/1858192704.tif /u/1stChoice/Share/TNG/tiffCurrentMan/ATL/
06/25/2014
cp /u/1stChoice/Share/TNG/tiffMan/2014/06/1858192804.tif /u/1stChoice/Share/TNG/tiffCurrentMan/ATL/
06/25/2014
cp /u/1stChoice/Share/TNG/tiffMan/2014/06/1858192904.tif /u/1stChoice/Share/TNG/tiffCurrentMan/ATL/
06/25/2014
cp /u/1stChoice/Share/TNG/tiffMan/2014/06/1858193004.tif /u/1stChoice/Share/TNG/tiffCurrentMan/ATL/
06/25/2014
cp /u/1stChoice/Share/TNG/tiffMan/2014/06/1858193104.tif /u/1stChoice/Share/TNG/tiffCurrentMan/ATL/
06/25/2014
cp /u/1stChoice/Share/TNG/tiffMan/2014/06/1858193204.tif /u/1stChoice/Share/TNG/tiffCurrentMan/ATL/
06/25/2014
cp /u/1stChoice/Share/TNG/tiffMan/2014/06/1858193304.tif /u/1stChoice/Share/TNG/tiffCurrentMan/ATL/
06/25/2014
cp /u/1stChoice/Share/TNG/tiffMan/2014/06/1858193404.tif /u/1stChoice/Share/TNG/tiffCurrentMan/ATL/
06/25/2014
cp /u/1stChoice/Share/TNG/tiffMan/2014/06/1858193504.tif /u/1stChoice/Share/TNG/tiffCurrentMan/ATL/
06/25/2014
cp /u/1stChoice/Share/TNG/tiffMan/2014/06/1858193604.tif /u/1stChoice/Share/TNG/tiffCurrentMan/ATL/
06/25/2014
cp /u/1stChoice/Share/TNG/tiffMan/2014/06/1858193704.tif /u/1stChoice/Share/TNG/tiffCurrentMan/ATL/
06/25/2014
cp /u/1stChoice/Share/TNG/tiffMan/2014/06/1858193804.tif /u/1stChoice/Share/TNG/tiffCurrentMan/ATL/
06/25/2014
cp /u/1stChoice/Share/TNG/tiffMan/2014/06/1858201310.tif /u/1stChoice/Share/TNG/tiffCurrentMan/ATL/
06/25/2014
cp /u/1stChoice/Share/TNG/tiffMan/2014/06/1858201510.tif /u/1stChoice/Share/TNG/tiffCurrentMan/ATL/
06/25/2014
cp /u/1stChoice/Share/TNG/tiffMan/2014/06/1858205312.tif /u/1stChoice/Share/TNG/tiffCurrentMan/ATL/
06/25/2014
cp /u/1stChoice/Share/TNG/tiffMan/2014/06/1858205412.tif /u/1stChoice/Share/TNG/tiffCurrentMan/ATL/
06/25/2014
cp /u/1stChoice/Share/TNG/tiffMan/2014/06/1858205512.tif /u/1stChoice/Share/TNG/tiffCurrentMan/ATL/
06/25/2014
cp /u/1stChoice/Share/TNG/tiffMan/2014/06/1858205712.tif /u/1stChoice/Share/TNG/tiffCurrentMan/ATL/
06/25/2014
cp /u/1stChoice/Share/TNG/tiffMan/2014/06/1858205812.tif /u/1stChoice/Share/TNG/tiffCurrentMan/ATL/
06/25/2014
cp /u/1stChoice/Share/TNG/tiffMan/2014/06/1858205912.tif /u/1stChoice/Share/TNG/tiffCurrentMan/ATL/
06/25/2014
cp /u/1stChoice/Share/TNG/tiffMan/2014/06/1858206012.tif /u/1stChoice/Share/TNG/tiffCurrentMan/ATL/
06/25/2014
cp /u/1stChoice/Share/TNG/tiffMan/2014/06/1858206112.tif /u/1stChoice/Share/TNG/tiffCurrentMan/ATL/
06/25/2014
cp /u/1stChoice/Share/TNG/tiffMan/2014/06/1858206612.tif /u/1stChoice/Share/TNG/tiffCurrentMan/ATL/
06/25/2014
cp /u/1stChoice/Share/TNG/tiffMan/2014/06/1858206712.tif /u/1stChoice/Share/TNG/tiffCurrentMan/ATL/
06/25/2014
cp /u/1stChoice/Share/TNG/tiffMan/2014/06/1858206812.tif /u/1stChoice/Share/TNG/tiffCurrentMan/ATL/
06/25/2014
cp /u/1stChoice/Share/TNG/tiffMan/2014/06/1858206912.tif /u/1stChoice/Share/TNG/tiffCurrentMan/ATL/
06/25/2014
cp /u/1stChoice/Share/TNG/tiffMan/2014/06/1858207012.tif /u/1stChoice/Share/TNG/tiffCurrentMan/ATL/
06/25/2014
cp /u/1stChoice/Share/TNG/tiffMan/2014/06/1858210514.tif /u/1stChoice/Share/TNG/tiffCurrentMan/ATL/
06/25/2014
cp /u/1stChoice/Share/TNG/tiffMan/2014/06/1858210614.tif /u/1stChoice/Share/TNG/tiffCurrentMan/ATL/
06/25/2014
cp /u/1stChoice/Share/TNG/tiffMan/2014/06/1858212003.tif /u/1stChoice/Share/TNG/tiffCurrentMan/ATL/
06/25/2014
cp /u/1stChoice/Share/TNG/tiffMan/2014/06/1858212203.tif /u/1stChoice/Share/TNG/tiffCurrentMan/ATL/
06/25/2014
cp /u/1stChoice/Share/TNG/tiffMan/2014/06/1858212303.tif /u/1stChoice/Share/TNG/tiffCurrentMan/ATL/
06/25/2014
cp /u/1stChoice/Share/TNG/tiffMan/2014/06/1858212403.tif /u/1stChoice/Share/TNG/tiffCurrentMan/ATL/
06/25/2014
cp /u/1stChoice/Share/TNG/tiffMan/2014/06/1858212503.tif /u/1stChoice/Share/TNG/tiffCurrentMan/ATL/
06/25/2014
cp /u/1stChoice/Share/TNG/tiffMan/2014/06/1858212603.tif /u/1stChoice/Share/TNG/tiffCurrentMan/ATL/
06/25/2014
cp /u/1stChoice/Share/TNG/tiffMan/2014/06/1858212703.tif /u/1stChoice/Share/TNG/tiffCurrentMan/ATL/
06/25/2014
cp /u/1stChoice/Share/TNG/tiffMan/2014/06/1858212803.tif /u/1stChoice/Share/TNG/tiffCurrentMan/ATL/
06/25/2014
cp /u/1stChoice/Share/TNG/tiffMan/2014/06/1858213104.tif /u/1stChoice/Share/TNG/tiffCurrentMan/ATL/
06/25/2014
cp /u/1stChoice/Share/TNG/tiffMan/2014/06/1858213204.tif /u/1stChoice/Share/TNG/tiffCurrentMan/ATL/
06/25/2014
cp /u/1stChoice/Share/TNG/tiffMan/2014/06/1858213304.tif /u/1stChoice/Share/TNG/tiffCurrentMan/ATL/
06/25/2014
cp /u/1stChoice/Share/TNG/tiffMan/2014/06/1858213404.tif /u/1stChoice/Share/TNG/tiffCurrentMan/ATL/
06/25/2014
cp /u/1stChoice/Share/TNG/tiffMan/2014/06/1858213504.tif /u/1stChoice/Share/TNG/tiffCurrentMan/ATL/
06/25/2014
cp /u/1stChoice/Share/TNG/tiffMan/2014/06/1858213604.tif /u/1stChoice/Share/TNG/tiffCurrentMan/ATL/
06/25/2014
cp /u/1stChoice/Share/TNG/tiffMan/2014/06/1858213704.tif /u/1stChoice/Share/TNG/tiffCurrentMan/ATL/
06/25/2014
cp /u/1stChoice/Share/TNG/tiffMan/2014/06/1858213804.tif /u/1stChoice/Share/TNG/tiffCurrentMan/ATL/
06/25/2014
cp /u/1stChoice/Share/TNG/tiffMan/2014/06/1858213904.tif /u/1stChoice/Share/TNG/tiffCurrentMan/ATL/
06/25/2014
cp /u/1stChoice/Share/TNG/tiffMan/2014/06/1858214004.tif /u/1stChoice/Share/TNG/tiffCurrentMan/ATL/
06/25/2014
cp /u/1stChoice/Share/TNG/tiffMan/2014/06/1858214104.tif /u/1stChoice/Share/TNG/tiffCurrentMan/ATL/
06/25/2014
cp /u/1stChoice/Share/TNG/tiffMan/2014/06/1858214204.tif /u/1stChoice/Share/TNG/tiffCurrentMan/ATL/
06/25/2014
cp /u/1stChoice/Share/TNG/tiffMan/2014/06/1858215610.tif /u/1stChoice/Share/TNG/tiffCurrentMan/ATL/
06/25/2014
cp /u/1stChoice/Share/TNG/tiffMan/2014/06/1858216803.tif /u/1stChoice/Share/TNG/tiffCurrentMan/ATL/
06/25/2014
cp /u/1stChoice/Share/TNG/tiffMan/2014/06/1858218112.tif /u/1stChoice/Share/TNG/tiffCurrentMan/ATL/
06/25/2014
cp /u/1stChoice/Share/TNG/tiffMan/2014/06/1858218312.tif /u/1stChoice/Share/TNG/tiffCurrentMan/ATL/
06/25/2014
cp /u/1stChoice/Share/TNG/tiffMan/2014/06/1858218412.tif /u/1stChoice/Share/TNG/tiffCurrentMan/ATL/
06/25/2014
cp /u/1stChoice/Share/TNG/tiffMan/2014/06/1858218812.tif /u/1stChoice/Share/TNG/tiffCurrentMan/ATL/
06/25/2014
cp /u/1stChoice/Share/TNG/tiffMan/2014/06/1858218912.tif /u/1stChoice/Share/TNG/tiffCurrentMan/ATL/
06/25/2014
cp /u/1stChoice/Share/TNG/tiffMan/2014/06/1858233710.tif /u/1stChoice/Share/TNG/tiffCurrentMan/ATL/
06/25/2014
cp /u/1stChoice/Share/TNG/tiffMan/2014/06/1858259910.tif /u/1stChoice/Share/TNG/tiffCurrentMan/ATL/
06/25/2014
cp /u/1stChoice/Share/TNG/tiffMan/2014/06/1858290204.tif /u/1stChoice/Share/TNG/tiffCurrentMan/ATL/
06/25/2014
cp /u/1stChoice/Share/TNG/tiffMan/2014/06/1858290710.tif /u/1stChoice/Share/TNG/tiffCurrentMan/ATL/
06/25/2014
cp /u/1stChoice/Share/TNG/tiffMan/2014/06/1858290810.tif /u/1stChoice/Share/TNG/tiffCurrentMan/ATL/
06/25/2014
cp /u/1stChoice/Share/TNG/tiffMan/2014/06/1858290910.tif /u/1stChoice/Share/TNG/tiffCurrentMan/ATL/
06/25/2014
cp /u/1stChoice/Share/TNG/tiffMan/2014/06/1858292910.tif /u/1stChoice/Share/TNG/tiffCurrentMan/ATL/
06/25/2014
cp /u/1stChoice/Share/TNG/tiffMan/2014/06/1858303003.tif /u/1stChoice/Share/TNG/tiffCurrentMan/ATL/
06/25/2014
cp /u/1stChoice/Share/TNG/tiffMan/2014/06/1858303103.tif /u/1stChoice/Share/TNG/tiffCurrentMan/ATL/
06/25/2014
cp /u/1stChoice/Share/TNG/tiffMan/2014/06/1858303203.tif /u/1stChoice/Share/TNG/tiffCurrentMan/ATL/
06/25/2014
cp /u/1stChoice/Share/TNG/tiffMan/2014/06/1858304104.tif /u/1stChoice/Share/TNG/tiffCurrentMan/ATL/
06/25/2014
cp /u/1stChoice/Share/TNG/tiffMan/2014/06/1858304204.tif /u/1stChoice/Share/TNG/tiffCurrentMan/ATL/
06/25/2014
cp /u/1stChoice/Share/TNG/tiffMan/2014/06/1858304304.tif /u/1stChoice/Share/TNG/tiffCurrentMan/ATL/
06/25/2014
cp /u/1stChoice/Share/TNG/tiffMan/2014/06/1858304404.tif /u/1stChoice/Share/TNG/tiffCurrentMan/ATL/
06/25/2014
cp /u/1stChoice/Share/TNG/tiffMan/2014/06/1858305110.tif /u/1stChoice/Share/TNG/tiffCurrentMan/ATL/
06/25/2014
cp /u/1stChoice/Share/TNG/tiffMan/2014/06/1858305210.tif /u/1stChoice/Share/TNG/tiffCurrentMan/ATL/
06/25/2014
cp /u/1stChoice/Share/TNG/tiffMan/2014/06/1858307410.tif /u/1stChoice/Share/TNG/tiffCurrentMan/ATL/
06/25/2014
cp /u/1stChoice/Share/TNG/tiffMan/2014/06/3301728830.tif /u/1stChoice/Share/TNG/tiffCurrentMan/ATL/
06/25/2014
cp /u/1stChoice/Share/TNG/tiffMan/2014/06/3301728930.tif /u/1stChoice/Share/TNG/tiffCurrentMan/ATL/
06/25/2014
cp /u/1stChoice/Share/TNG/tiffMan/2014/06/3306110630.tif /u/1stChoice/Share/TNG/tiffCurrentMan/ATL/
06/25/2014
cp /u/1stChoice/Share/TNG/tiffMan/2014/06/3306110930.tif /u/1stChoice/Share/TNG/tiffCurrentMan/ATL/
06/25/2014
cp /u/1stChoice/Share/TNG/tiffMan/2014/06/3306111030.tif /u/1stChoice/Share/TNG/tiffCurrentMan/ATL/
06/25/2014
cp /u/1stChoice/Share/TNG/tiffMan/2014/06/3306111130.tif /u/1stChoice/Share/TNG/tiffCurrentMan/ATL/
06/25/2014
cp /u/1stChoice/Share/TNG/tiffMan/2014/06/3306111230.tif /u/1stChoice/Share/TNG/tiffCurrentMan/ATL/
06/25/2014
cp /u/1stChoice/Share/TNG/tiffMan/2014/06/3306111330.tif /u/1stChoice/Share/TNG/tiffCurrentMan/ATL/
06/25/2014
cp /u/1stChoice/Share/TNG/tiffMan/2014/06/3306111430.tif /u/1stChoice/Share/TNG/tiffCurrentMan/ATL/
06/25/2014
cp /u/1stChoice/Share/TNG/tiffMan/2014/06/3306111530.tif /u/1stChoice/Share/TNG/tiffCurrentMan/ATL/
06/25/2014
cp /u/1stChoice/Share/TNG/tiffMan/2014/06/3306111630.tif /u/1stChoice/Share/TNG/tiffCurrentMan/ATL/
06/25/2014
cp /u/1stChoice/Share/TNG/tiffMan/2014/06/3306120030.tif /u/1stChoice/Share/TNG/tiffCurrentMan/ATL/
06/25/2014
cp /u/1stChoice/Share/TNG/tiffMan/2014/06/3306120130.tif /u/1stChoice/Share/TNG/tiffCurrentMan/ATL/
06/25/2014
cp /u/1stChoice/Share/TNG/tiffMan/2014/06/3306120230.tif /u/1stChoice/Share/TNG/tiffCurrentMan/ATL/
06/25/2014
cp /u/1stChoice/Share/TNG/tiffMan/2014/06/3306120330.tif /u/1stChoice/Share/TNG/tiffCurrentMan/ATL/
06/25/2014
cp /u/1stChoice/Share/TNG/tiffMan/2014/06/3306120430.tif /u/1stChoice/Share/TNG/tiffCurrentMan/ATL/
06/25/2014
cp /u/1stChoice/Share/TNG/tiffMan/2014/06/3306120830.tif /u/1stChoice/Share/TNG/tiffCurrentMan/ATL/
06/25/2014
cp /u/1stChoice/Share/TNG/tiffMan/2014/06/3306120930.tif /u/1stChoice/Share/TNG/tiffCurrentMan/ATL/
06/25/2014
cp /u/1stChoice/Share/TNG/tiffMan/2014/06/3306121030.tif /u/1stChoice/Share/TNG/tiffCurrentMan/ATL/
06/25/2014
cp /u/1stChoice/Share/TNG/tiffMan/2014/06/3306121130.tif /u/1stChoice/Share/TNG/tiffCurrentMan/ATL/
06/25/2014
cp /u/1stChoice/Share/TNG/tiffMan/2014/06/3306123530.tif /u/1stChoice/Share/TNG/tiffCurrentMan/ATL/
06/25/2014
cp /u/1stChoice/Share/TNG/tiffMan/2014/06/3306123630.tif /u/1stChoice/Share/TNG/tiffCurrentMan/ATL/
06/25/2014
cp /u/1stChoice/Share/TNG/tiffMan/2014/06/3306123730.tif /u/1stChoice/Share/TNG/tiffCurrentMan/ATL/
06/25/2014
cp /u/1stChoice/Share/TNG/tiffMan/2014/06/3306123830.tif /u/1stChoice/Share/TNG/tiffCurrentMan/ATL/
06/25/2014
cp /u/1stChoice/Share/TNG/tiffMan/2014/06/3306123930.tif /u/1stChoice/Share/TNG/tiffCurrentMan/ATL/
06/25/2014
cp /u/1stChoice/Share/TNG/tiffMan/2014/06/3306124030.tif /u/1stChoice/Share/TNG/tiffCurrentMan/ATL/
06/25/2014
cp /u/1stChoice/Share/TNG/tiffMan/2014/06/3306124230.tif /u/1stChoice/Share/TNG/tiffCurrentMan/ATL/
06/25/2014
cp /u/1stChoice/Share/TNG/tiffMan/2014/06/3306124430.tif /u/1stChoice/Share/TNG/tiffCurrentMan/ATL/
06/25/2014
cp /u/1stChoice/Share/TNG/tiffMan/2014/06/3306129130.tif /u/1stChoice/Share/TNG/tiffCurrentMan/ATL/
06/25/2014
cp /u/1stChoice/Share/TNG/tiffMan/2014/06/3306129230.tif /u/1stChoice/Share/TNG/tiffCurrentMan/ATL/
06/25/2014
cp /u/1stChoice/Share/TNG/tiffMan/2014/06/3306131330.tif /u/1stChoice/Share/TNG/tiffCurrentMan/ATL/
06/25/2014
cp /u/1stChoice/Share/TNG/tiffMan/2014/06/3306131430.tif /u/1stChoice/Share/TNG/tiffCurrentMan/ATL/
06/25/2014
cp /u/1stChoice/Share/TNG/tiffMan/2014/06/3306131530.tif /u/1stChoice/Share/TNG/tiffCurrentMan/ATL/
06/25/2014
cp /u/1stChoice/Share/TNG/tiffMan/2014/06/3306131630.tif /u/1stChoice/Share/TNG/tiffCurrentMan/ATL/
06/25/2014
cp /u/1stChoice/Share/TNG/tiffMan/2014/06/3306131830.tif /u/1stChoice/Share/TNG/tiffCurrentMan/ATL/
06/25/2014
cp /u/1stChoice/Share/TNG/tiffMan/2014/06/3306131930.tif /u/1stChoice/Share/TNG/tiffCurrentMan/ATL/
06/25/2014
cp /u/1stChoice/Share/TNG/tiffMan/2014/06/3306132030.tif /u/1stChoice/Share/TNG/tiffCurrentMan/ATL/
06/25/2014
cp /u/1stChoice/Share/TNG/tiffMan/2014/06/6042215830.tif /u/1stChoice/Share/TNG/tiffCurrentMan/ATL/
06/25/2014
cp /u/1stChoice/Share/TNG/tiffMan/2014/06/1310110302.tif /u/1stChoice/Share/TNG/tiffCurrentMan/SAC/
06/25/2014
cp /u/1stChoice/Share/TNG/tiffMan/2014/06/1310175202.tif /u/1stChoice/Share/TNG/tiffCurrentMan/SAC/
06/25/2014
cp /u/1stChoice/Share/TNG/tiffMan/2014/06/1310175402.tif /u/1stChoice/Share/TNG/tiffCurrentMan/SAC/
06/25/2014
cp /u/1stChoice/Share/TNG/tiffMan/2014/06/1855952830.tif /u/1stChoice/Share/TNG/tiffCurrentMan/ATL/
06/25/2014
cp /u/1stChoice/Share/TNG/tiffMan/2014/06/1855952930.tif /u/1stChoice/Share/TNG/tiffCurrentMan/ATL/
06/25/2014
cp /u/1stChoice/Share/TNG/tiffMan/2014/06/1855953030.tif /u/1stChoice/Share/TNG/tiffCurrentMan/ATL/
06/25/2014
cp /u/1stChoice/Share/TNG/tiffMan/2014/06/1855953130.tif /u/1stChoice/Share/TNG/tiffCurrentMan/ATL/
06/25/2014
cp /u/1stChoice/Share/TNG/tiffMan/2014/06/1855953230.tif /u/1stChoice/Share/TNG/tiffCurrentMan/ATL/
06/25/2014
cp /u/1stChoice/Share/TNG/tiffMan/2014/06/1855965130.tif /u/1stChoice/Share/TNG/tiffCurrentMan/ATL/
06/25/2014
cp /u/1stChoice/Share/TNG/tiffMan/2014/06/1855965230.tif /u/1stChoice/Share/TNG/tiffCurrentMan/ATL/
06/25/2014
