7
08/22/2014
1303639407
1304229807
1303639307
1304229707
000null
1304222407
1303631707
1304222607
1303631907
1304222507
1303631807
1304222807
1303632107
1878171556
1878171456
1303632807
1303634407
1304129707
1303634607
1304223107
1304224907
1304224707
1304225007
1303634707
1304226107
1303635807
1304226207
1303636007
1304226307
1303635907
1303636207
1304226507
1304226607
1303636307
1303638807
1304229207
1303640307
1304230707
1878135835
1320594702
1320594902
1321123502
1321123702
1320595102
1320594402
1321124102
1321123902
1321123402
1320594302
1320595202
1321124002
1320595002
1321123802
1320594802
1321123602
1320594602
1320594502
1321123302
1321123202
1878169656
1878169956
1878167756
1878167856
1878192456
1878176039
1878175939
1878175856
1878101844
1878101144
1878101644
1878101744
1878101244
1204026905
1203874605
1204026405
1203874105
1878105144
1878105244
1878101444
1878103344
1878103244
1878103444
1878106844
1321044002
1878105544
1878233039
1878103144
1204032805
1203880505
1877507303
1204033005
1203880705
1878224042
1320509202
1320509203
1321028902
1320524102
1878124535
1878103044
1878154643
1204032905
1203880605
1304302207
1321119602
1320590502
1878124935
1321028002
1321044202
1878236939
1878236739
1878237139
1321039502
1877848810
0093721
1320489202
1321027902
1303598207
1878223742
1878158743
1320589602
1321118902
1320590602
1321119702
1320492003
1321286802
1320492102
1320492103
1321010702
1878105644
1878184056
1321029602
1320509903
1204033905
1203881605
1877774003
1321045302
1204032505
1203880205
1878172256
1304301907
1303597907
1320508803
1878305748
1877849310
0093732
1877774303
1878236139
1878124635
1878117535
1878100044
1320592202
1321121202
1321119202
1320589902
1878124335
1304301807
1303597807
1321040402
1320519103
1320491803
1321010302
1320491702
1320491703
1321047902
1320524202
1877774203
1877848910
0093723
1320492602
1320519102
1321044502
1321119802
1320590702
1878305148
1878305048
1878304948
1321030102
1321119302
1320590002
1321121102
1320592102
1878161844
1878231139
1878228639
1878192742
0094666
1877848710
0093725
1304302107
1303598107
1878305450
1878305350
1878124735
1878107644
1878099944
1321030002
1320519503
1303744107
1321041802
1878304850
0094670
1877849410
0093730
1877849010
0093722
1878236239
1320510003
1321121402
1320592402
1878107544
1320521702
1320590202
1204033205
1203880905
1320524002
1321044102
1878305548
1320524302
1320521703
1321121302
1320592302
1321043402
1320519703
1877849110
0093726
1878154943
1878107744
1204030805
1203878505
1321041002
1303744807
1321029702
1304301707
1303597707
1320510002
1321007802
1321286402
1204034005
1203881705
1303713807
1303713907
1878175356
1878152644
1878152744
1878162042
1320522002
1303744307
1321038502
1320509403
1877850610
0093737
1877778203
1320591802
1321120802
1321029102
1320509402
1321011002
1320492403
1304302007
1303598007
1320526002
1320492202
1320492203
1321010802
0093708
1148246703
1148132303
1321030702
1321121002
1320592002
1320519303
1321045102
1321040602
1878193342
1878174956
1878149843
1878107844
1320488202
1321006302
1320488203
1304301507
1303597507
1320519702
1321044302
1320594002
1321122902
1878175256
1877849610
0093729
0094667
1321042202
1321120902
1320591902
1320590102
1321119402
1321123002
1320594102
1877849210
0093724
0094669
1877858410
0094671
1321289902
1321043702
1321045002
1320522003
1320488103
1321006202
1321286002
1320593702
1321122602
1320519302
1321035002
1321034202
1877850810
1877846610
1877850510
1321029202
1320509503
1321122702
1320593802
1877171357
1320492302
1321010902
1320492303
1878149943
1878235739
1321122402
1320593502
1878192942
1320509502
1320591702
1878303450
1303713707
1321037002
1878303350
1878223842
1878139135
1321027702
1303597607
1878304650
1878303150
1320593402
1321122302
1320521203
1320593602
1321122502
1321044902
1321041702
1320520103
1303714507
1321120702
1877171257
1204037805
1203885505
1878101544
1204033805
1203881505
1321034302
1321042902
1877816104
0094253
1877822604
1320516003
1878193942
1878157243
1878145843
1320521202
1321036502
1321044402
1321122202
1320593302
1320511402
1320520102
1877776703
1877847610
0093719
1877850010
0093733
1321041402
1320519003
1321040302
1320525702
1321123102
1320594202
1320519002
1204045305
1203892805
1321036402
1878303250
1303744007
1304301607
1878233639
1878154743
1878153343
1878150043
1877816004
0094264
0093741
1877850710
0094680
1320510702
1321038902
1321030802
1321034102
1878235839
1878233139
1320513902
0095374
1877849710
0093727
1877791612
1320511102
1877096711
1878549703
1877850210
1877849510
0093734
0093707
0094672
1877846710
1320591602
1878157143
1878228539
1321034902
1204033605
1203881305
1321120602
0094301
1877822804
1879968804
1877858010
1877779003
1878549803
1321122102
1320593202
1320513903
1304301307
1303714907
1303597307
1304132907
1320590902
1321120002
1321043002
1321043802
1320591302
1321120302
1204031805
1203879505
1320521303
1320521302
1204045405
1203892905
1875853156
1878229039
1878176156
1878145743
1321039602
1320593102
1321122002
1320515703
1878303750
1320524902
1878175056
1320525202
1321027502
1320590402
1320521803
1204031405
1203879105
0093746
0094286
0093728
1877849810
1879969110
1877820804
1877777403
1877800712
1877850110
1877850410
1877818804
1877815904
1877779103
1877778603
1879968603
0094255
1877791812
1321036202
1321119502
1877816804
0094262
1877851110
0093739
1877791912
0095377
1877850310
0093735
0094290
1877820904
1877777603
0093744
0094305
1877819004
0094280
1321043502
1321027402
1877171157
1877096811
1878233539
1878228939
1878192256
1878099844
1320521802
1204033705
1203881405
1320519903
1878235939
1878233239
1878231039
1878193242
1878193742
1878154843
1878117335
0095378
0093743
1877857710
1877822304
1877849910
0093731
1877818904
0094284
1304392107
1303734307
1303714807
1204037905
1203885605
1321044802
1320589702
1321119002
1303744507
1321121802
1320592902
1321006002
1321286202
1878150143
1878158650
1878230839
1321041202
1320519902
1321121902
1320593002
1303713607
1878305850
1878306050
1321038702
1320487003
1320487002
1321004702
1321035302
1321008902
1320490303
1321007402
1320489302
1321005002
1320487302
1204031205
1203878905
1321120502
1320591502
0093742
0094252
0093709
1877847310
1879969010
1877816704
0094265
1304301007
1303597007
1304153007
1320592802
1878305950
1321004202
1321027602
1321030202
1878104344
1878104044
1878099744
1878236039
1878229139
1878184156
1878175156
1878171956
1877822404
1877791712
0095376
0093745
1877857910
1877847710
1877857810
0093740
1877847910
1878304750
1878303850
1321119102
1320589802
1321005802
1321011102
1320492502
1320492503
1321010402
1320491802
1320491102
1320491103
1321009702
1320491902
1320491903
1321010502
1320490903
1321009502
1320491002
1321009602
1320491003
1321286702
1320490802
1320490803
1321009402
1321181902
1321286602
1320651302
1320490102
1321008702
1320519203
1320524802
1878303950
1321004802
1320487103
1320487102
1321121702
1877819104
1878549903
1877857610
1321029902
1321041902
1204031705
1203879405
0094675
1877791412
0095379
1877788312
0095350
1877819204
1878554310
0094275
1877800912
1877847810
0093718
1321009802
1320491202
1320491203
1320516203
1877171057
1877096911
1878099644
1321008802
1320490202
1321034402
1320521403
1321043902
1320591402
1321120402
1320486702
1321004402
1320486703
1204031105
1203878805
1320525302
1320591002
1321120102
1878557112
1877819304
1878553710
0094273
1877858210
0094298
1877816304
1877822104
0094261
0094677
1877788212
0095355
1878146043
1878121035
1878100144
1878230939
1878163243
1878303550
1321034702
1321121602
1320592702
1320510802
1320590802
1321119902
1877096111
1878103944
1878100244
1878183756
0093717
1877791312
0095373
1877819404
1877800812
1320519202
1320490103
1321005902
1321286102
1321008102
1321040502
1320592502
1321006402
1320488303
1320488302
0094303
1877822204
1877791512
0093747
1877816404
1877778103
1877844910
1320489902
1320487502
1321005202
1320487503
1321285802
1321286302
1320488502
1321006602
1320488503
1878153243
1878223942
1878223656
1878223542
1878183656
0094287
1321044602
1878304450
1320521402
1878117435
1878230739
1878183556
1878183256
1878171655
1878163343
1320591202
1321120202
1877816204
1877821204
0094263
1877845310
0093706
1877819504
0094678
1304302307
1303598307
1878304350
1878304250
1878304050
1878304150
1320515802
1320515803
1321041102
1321034802
1321039102
1320666802
1320666803
1321198002
1303715107
1878145943
1878228839
1321043102
1878223442
1878192039
1320519802
1321036302
0094293
1877821304
1877858310
0094268
1877817004
1878553810
0094254
1877819604
0094277
1320519803
1303721707
1321027202
1320590302
1877848010
0094300
1877822904
1320591102
1320524602
1303721607
1876030750
1878104244
1878236339
1878231339
1321038802
1321039402
1878183856
1878302850
1321045602
1320516102
1321036602
0094679
0094288
1877821404
0094304
1877823004
1877817404
1304295807
1304296307
1304295607
1303591607
1304131907
1878303650
1320592602
1878223342
1878193642
1878183156
1878175555
1878172056
1878236539
1303744407
1303744707
1877170957
1878109635
1878236439
1321027102
1304301407
1304301107
1321355002
0149159
1877858810
1878595510
1878569010
1877819804
0094278
1878553510
1321038402
1303743607
1303715007
1321045202
1320521103
1877817204
0094256
0094681
1877845910
0093701
1877822704
1877819704
0094270
1877801012
1877813104
0094238
1877847410
0093710
1320524702
1320525402
1320525802
1321027302
1321041602
1204031905
1203879605
1320510902
1303597407
1303724407
1320516103
1878120635
1303743507
1878104144
1320511002
1321034602
1877848110
0093720
0094673
1877813504
1877790412
0094289
1877821504
1877820004
0094274
1877817504
1877097011
1877097111
1877096211
1303592307
1303591807
1877173357
1877170857
1878551004
1875925439
1303721807
1320510103
1878302550
1320510102
1877817804
1878553410
1877818004
1878109535
1878223242
1878175656
1320511202
1321034502
1321044702
1320521503
1320521502
1321043202
1877817304
1877813204
1879968704
0094269
0094237
1877845510
0093702
1877819904
0094285
0094299
1877823104
1303743007
0094257
1877820104
0094272
1878551104
0094295
1877823204
1878105344
1878231239
1878175756
1877096511
1878233439
1877777103
0093714
1877848410
1877820204
0094266
0094279
1877818504
1303743207
1321045502
1878120735
1878236639
0094292
1877821604
1877845710
0093704
1877848310
1878550103
1878551904
0094296
1321177802
1321369202
1320647402
1877096311
1877096411
1878115335
1304132007
1303597107
1304153107
1321045402
1321038602
1321029802
0094258
1877845810
0093705
1878551204
1878183456
1878152843
1878120935
1320525002
1877823404
1877848510
1877858510
1877858610
1878551304
1877818204
1877821704
1877820304
0094260
0094281
1878302650
1877096611
1878120835
1878115635
1878550303
1878551404
1877848210
1877848610
1877790512
0095372
0094297
1877823304
0094294
1878550203
1877821804
1878302750
1878550003
0093716
1877818304
1321122802
1303591307
1304152107
1304295307
1877173157
1877170657
0094259
0094291
1878551504
1877820404
0094276
1878551704
1878552910
1877822504
1878551604
0094302
1877821904
1320647802
1878551804
1877822004
1877820504
0094283
1878552004
1878557012
1879973050
1877820604
0094271
1878552104
1877818604
0093698
1877842710
1879968910
1877173457
1878115435
1877820704
0094282
1877818704
0094267
1878552510
1878552310
1877173057
1877172957
1877170557
1878553010
1878552610
1878552210
1877842810
0093699
---0% --------20% --------40% --------60% --------80% --------100% -----/Volumes/SeagateBackupPlusDrive/1stChoice/TNG/tiff/2014/08/1303639407.tif here
cp /Volumes/SeagateBackupPlusDrive/1stChoice/TNG/tiff/2014/08/1303639407.tif /Volumes/SeagateBackupPlusDrive/1stChoice/TNG/tiffCurrent/JAK/
08/29/2014
/Volumes/SeagateBackupPlusDrive/1stChoice/TNG/tiff/2014/08/1304229807.tif here
cp /Volumes/SeagateBackupPlusDrive/1stChoice/TNG/tiff/2014/08/1304229807.tif /Volumes/SeagateBackupPlusDrive/1stChoice/TNG/tiffCurrent/JAK/
08/29/2014
/Volumes/SeagateBackupPlusDrive/1stChoice/TNG/tiff/2014/08/1303639307.tif here
cp /Volumes/SeagateBackupPlusDrive/1stChoice/TNG/tiff/2014/08/1303639307.tif /Volumes/SeagateBackupPlusDrive/1stChoice/TNG/tiffCurrent/JAK/
08/29/2014
/Volumes/SeagateBackupPlusDrive/1stChoice/TNG/tiff/2014/08/1304229707.tif here
cp /Volumes/SeagateBackupPlusDrive/1stChoice/TNG/tiff/2014/08/1304229707.tif /Volumes/SeagateBackupPlusDrive/1stChoice/TNG/tiffCurrent/JAK/
08/29/2014
/Volumes/SeagateBackupPlusDrive/1stChoice/TNG/tiff/2014/08/STL.tif here
STL
/Volumes/SeagateBackupPlusDrive/1stChoice/TNG/tiff/2014/08/
/Volumes/SeagateBackupPlusDrive/1stChoice/TNG/tiff/2014/08//STL.tif
/Volumes/SeagateBackupPlusDrive/1stChoice/TNG/tiff/2014/08/1304222407.tif here
cp /Volumes/SeagateBackupPlusDrive/1stChoice/TNG/tiff/2014/08/1304222407.tif /Volumes/SeagateBackupPlusDrive/1stChoice/TNG/tiffCurrent/JAK/
08/29/2014
/Volumes/SeagateBackupPlusDrive/1stChoice/TNG/tiff/2014/08/1303631707.tif here
cp /Volumes/SeagateBackupPlusDrive/1stChoice/TNG/tiff/2014/08/1303631707.tif /Volumes/SeagateBackupPlusDrive/1stChoice/TNG/tiffCurrent/JAK/
08/29/2014
/Volumes/SeagateBackupPlusDrive/1stChoice/TNG/tiff/2014/08/1304222607.tif here
cp /Volumes/SeagateBackupPlusDrive/1stChoice/TNG/tiff/2014/08/1304222607.tif /Volumes/SeagateBackupPlusDrive/1stChoice/TNG/tiffCurrent/JAK/
08/29/2014
/Volumes/SeagateBackupPlusDrive/1stChoice/TNG/tiff/2014/08/1303631907.tif here
cp /Volumes/SeagateBackupPlusDrive/1stChoice/TNG/tiff/2014/08/1303631907.tif /Volumes/SeagateBackupPlusDrive/1stChoice/TNG/tiffCurrent/JAK/
08/29/2014
/Volumes/SeagateBackupPlusDrive/1stChoice/TNG/tiff/2014/08/1304222507.tif here
cp /Volumes/SeagateBackupPlusDrive/1stChoice/TNG/tiff/2014/08/1304222507.tif /Volumes/SeagateBackupPlusDrive/1stChoice/TNG/tiffCurrent/JAK/
08/29/2014
/Volumes/SeagateBackupPlusDrive/1stChoice/TNG/tiff/2014/08/1303631807.tif here
cp /Volumes/SeagateBackupPlusDrive/1stChoice/TNG/tiff/2014/08/1303631807.tif /Volumes/SeagateBackupPlusDrive/1stChoice/TNG/tiffCurrent/JAK/
08/29/2014
/Volumes/SeagateBackupPlusDrive/1stChoice/TNG/tiff/2014/08/1304222807.tif here
cp /Volumes/SeagateBackupPlusDrive/1stChoice/TNG/tiff/2014/08/1304222807.tif /Volumes/SeagateBackupPlusDrive/1stChoice/TNG/tiffCurrent/JAK/
08/29/2014
/Volumes/SeagateBackupPlusDrive/1stChoice/TNG/tiff/2014/08/1303632107.tif here
cp /Volumes/SeagateBackupPlusDrive/1stChoice/TNG/tiff/2014/08/1303632107.tif /Volumes/SeagateBackupPlusDrive/1stChoice/TNG/tiffCurrent/JAK/
08/29/2014
/Volumes/SeagateBackupPlusDrive/1stChoice/TNG/tiff/2014/08/1878171556.tif here
cp /Volumes/SeagateBackupPlusDrive/1stChoice/TNG/tiff/2014/08/1878171556.tif /Volumes/SeagateBackupPlusDrive/1stChoice/TNG/tiffCurrent/ATL/
08/29/2014
/Volumes/SeagateBackupPlusDrive/1stChoice/TNG/tiff/2014/08/1878171456.tif here
cp /Volumes/SeagateBackupPlusDrive/1stChoice/TNG/tiff/2014/08/1878171456.tif /Volumes/SeagateBackupPlusDrive/1stChoice/TNG/tiffCurrent/ATL/
08/29/2014
/Volumes/SeagateBackupPlusDrive/1stChoice/TNG/tiff/2014/08/1303632807.tif here
cp /Volumes/SeagateBackupPlusDrive/1stChoice/TNG/tiff/2014/08/1303632807.tif /Volumes/SeagateBackupPlusDrive/1stChoice/TNG/tiffCurrent/JAK/
08/29/2014
/Volumes/SeagateBackupPlusDrive/1stChoice/TNG/tiff/2014/08/1303634407.tif here
cp /Volumes/SeagateBackupPlusDrive/1stChoice/TNG/tiff/2014/08/1303634407.tif /Volumes/SeagateBackupPlusDrive/1stChoice/TNG/tiffCurrent/JAK/
08/29/2014
/Volumes/SeagateBackupPlusDrive/1stChoice/TNG/tiff/2014/08/1304129707.tif here
cp /Volumes/SeagateBackupPlusDrive/1stChoice/TNG/tiff/2014/08/1304129707.tif /Volumes/SeagateBackupPlusDrive/1stChoice/TNG/tiffCurrent/JAK/
08/29/2014
/Volumes/SeagateBackupPlusDrive/1stChoice/TNG/tiff/2014/08/1303634607.tif here
cp /Volumes/SeagateBackupPlusDrive/1stChoice/TNG/tiff/2014/08/1303634607.tif /Volumes/SeagateBackupPlusDrive/1stChoice/TNG/tiffCurrent/JAK/
08/29/2014
/Volumes/SeagateBackupPlusDrive/1stChoice/TNG/tiff/2014/08/1304223107.tif here
cp /Volumes/SeagateBackupPlusDrive/1stChoice/TNG/tiff/2014/08/1304223107.tif /Volumes/SeagateBackupPlusDrive/1stChoice/TNG/tiffCurrent/JAK/
08/29/2014
/Volumes/SeagateBackupPlusDrive/1stChoice/TNG/tiff/2014/08/1304224907.tif here
cp /Volumes/SeagateBackupPlusDrive/1stChoice/TNG/tiff/2014/08/1304224907.tif /Volumes/SeagateBackupPlusDrive/1stChoice/TNG/tiffCurrent/JAK/
08/29/2014
/Volumes/SeagateBackupPlusDrive/1stChoice/TNG/tiff/2014/08/1304224707.tif here
cp /Volumes/SeagateBackupPlusDrive/1stChoice/TNG/tiff/2014/08/1304224707.tif /Volumes/SeagateBackupPlusDrive/1stChoice/TNG/tiffCurrent/JAK/
08/29/2014
/Volumes/SeagateBackupPlusDrive/1stChoice/TNG/tiff/2014/08/1304225007.tif here
cp /Volumes/SeagateBackupPlusDrive/1stChoice/TNG/tiff/2014/08/1304225007.tif /Volumes/SeagateBackupPlusDrive/1stChoice/TNG/tiffCurrent/JAK/
08/29/2014
/Volumes/SeagateBackupPlusDrive/1stChoice/TNG/tiff/2014/08/1303634707.tif here
cp /Volumes/SeagateBackupPlusDrive/1stChoice/TNG/tiff/2014/08/1303634707.tif /Volumes/SeagateBackupPlusDrive/1stChoice/TNG/tiffCurrent/JAK/
08/29/2014
/Volumes/SeagateBackupPlusDrive/1stChoice/TNG/tiff/2014/08/1304226107.tif here
cp /Volumes/SeagateBackupPlusDrive/1stChoice/TNG/tiff/2014/08/1304226107.tif /Volumes/SeagateBackupPlusDrive/1stChoice/TNG/tiffCurrent/JAK/
08/29/2014
/Volumes/SeagateBackupPlusDrive/1stChoice/TNG/tiff/2014/08/1303635807.tif here
cp /Volumes/SeagateBackupPlusDrive/1stChoice/TNG/tiff/2014/08/1303635807.tif /Volumes/SeagateBackupPlusDrive/1stChoice/TNG/tiffCurrent/JAK/
08/29/2014
/Volumes/SeagateBackupPlusDrive/1stChoice/TNG/tiff/2014/08/1304226207.tif here
cp /Volumes/SeagateBackupPlusDrive/1stChoice/TNG/tiff/2014/08/1304226207.tif /Volumes/SeagateBackupPlusDrive/1stChoice/TNG/tiffCurrent/JAK/
08/29/2014
/Volumes/SeagateBackupPlusDrive/1stChoice/TNG/tiff/2014/08/1303636007.tif here
cp /Volumes/SeagateBackupPlusDrive/1stChoice/TNG/tiff/2014/08/1303636007.tif /Volumes/SeagateBackupPlusDrive/1stChoice/TNG/tiffCurrent/JAK/
08/29/2014
/Volumes/SeagateBackupPlusDrive/1stChoice/TNG/tiff/2014/08/1304226307.tif here
cp /Volumes/SeagateBackupPlusDrive/1stChoice/TNG/tiff/2014/08/1304226307.tif /Volumes/SeagateBackupPlusDrive/1stChoice/TNG/tiffCurrent/JAK/
08/29/2014
/Volumes/SeagateBackupPlusDrive/1stChoice/TNG/tiff/2014/08/1303635907.tif here
cp /Volumes/SeagateBackupPlusDrive/1stChoice/TNG/tiff/2014/08/1303635907.tif /Volumes/SeagateBackupPlusDrive/1stChoice/TNG/tiffCurrent/JAK/
08/29/2014
/Volumes/SeagateBackupPlusDrive/1stChoice/TNG/tiff/2014/08/1303636207.tif here
cp /Volumes/SeagateBackupPlusDrive/1stChoice/TNG/tiff/2014/08/1303636207.tif /Volumes/SeagateBackupPlusDrive/1stChoice/TNG/tiffCurrent/JAK/
08/29/2014
/Volumes/SeagateBackupPlusDrive/1stChoice/TNG/tiff/2014/08/1304226507.tif here
cp /Volumes/SeagateBackupPlusDrive/1stChoice/TNG/tiff/2014/08/1304226507.tif /Volumes/SeagateBackupPlusDrive/1stChoice/TNG/tiffCurrent/JAK/
08/29/2014
/Volumes/SeagateBackupPlusDrive/1stChoice/TNG/tiff/2014/08/1304226607.tif here
cp /Volumes/SeagateBackupPlusDrive/1stChoice/TNG/tiff/2014/08/1304226607.tif /Volumes/SeagateBackupPlusDrive/1stChoice/TNG/tiffCurrent/JAK/
08/29/2014
/Volumes/SeagateBackupPlusDrive/1stChoice/TNG/tiff/2014/08/1303636307.tif here
cp /Volumes/SeagateBackupPlusDrive/1stChoice/TNG/tiff/2014/08/1303636307.tif /Volumes/SeagateBackupPlusDrive/1stChoice/TNG/tiffCurrent/JAK/
08/29/2014
/Volumes/SeagateBackupPlusDrive/1stChoice/TNG/tiff/2014/08/1303638807.tif here
cp /Volumes/SeagateBackupPlusDrive/1stChoice/TNG/tiff/2014/08/1303638807.tif /Volumes/SeagateBackupPlusDrive/1stChoice/TNG/tiffCurrent/JAK/
08/29/2014
/Volumes/SeagateBackupPlusDrive/1stChoice/TNG/tiff/2014/08/1304229207.tif here
cp /Volumes/SeagateBackupPlusDrive/1stChoice/TNG/tiff/2014/08/1304229207.tif /Volumes/SeagateBackupPlusDrive/1stChoice/TNG/tiffCurrent/JAK/
08/29/2014
/Volumes/SeagateBackupPlusDrive/1stChoice/TNG/tiff/2014/08/1303640307.tif here
cp /Volumes/SeagateBackupPlusDrive/1stChoice/TNG/tiff/2014/08/1303640307.tif /Volumes/SeagateBackupPlusDrive/1stChoice/TNG/tiffCurrent/JAK/
08/29/2014
/Volumes/SeagateBackupPlusDrive/1stChoice/TNG/tiff/2014/08/1304230707.tif here
cp /Volumes/SeagateBackupPlusDrive/1stChoice/TNG/tiff/2014/08/1304230707.tif /Volumes/SeagateBackupPlusDrive/1stChoice/TNG/tiffCurrent/JAK/
08/29/2014
/Volumes/SeagateBackupPlusDrive/1stChoice/TNG/tiff/2014/08/1878135835.tif here
cp /Volumes/SeagateBackupPlusDrive/1stChoice/TNG/tiff/2014/08/1878135835.tif /Volumes/SeagateBackupPlusDrive/1stChoice/TNG/tiffCurrent/ATL/
08/29/2014
/Volumes/SeagateBackupPlusDrive/1stChoice/TNG/tiff/2014/08/1320594702.tif here
cp /Volumes/SeagateBackupPlusDrive/1stChoice/TNG/tiff/2014/08/1320594702.tif /Volumes/SeagateBackupPlusDrive/1stChoice/TNG/tiffCurrent/SAC/
08/29/2014
/Volumes/SeagateBackupPlusDrive/1stChoice/TNG/tiff/2014/08/1320594902.tif here
cp /Volumes/SeagateBackupPlusDrive/1stChoice/TNG/tiff/2014/08/1320594902.tif /Volumes/SeagateBackupPlusDrive/1stChoice/TNG/tiffCurrent/SAC/
08/29/2014
/Volumes/SeagateBackupPlusDrive/1stChoice/TNG/tiff/2014/08/1321123502.tif here
cp /Volumes/SeagateBackupPlusDrive/1stChoice/TNG/tiff/2014/08/1321123502.tif /Volumes/SeagateBackupPlusDrive/1stChoice/TNG/tiffCurrent/SAC/
08/29/2014
/Volumes/SeagateBackupPlusDrive/1stChoice/TNG/tiff/2014/08/1321123702.tif here
cp /Volumes/SeagateBackupPlusDrive/1stChoice/TNG/tiff/2014/08/1321123702.tif /Volumes/SeagateBackupPlusDrive/1stChoice/TNG/tiffCurrent/SAC/
08/29/2014
/Volumes/SeagateBackupPlusDrive/1stChoice/TNG/tiff/2014/08/1320595102.tif here
cp /Volumes/SeagateBackupPlusDrive/1stChoice/TNG/tiff/2014/08/1320595102.tif /Volumes/SeagateBackupPlusDrive/1stChoice/TNG/tiffCurrent/SAC/
08/29/2014
/Volumes/SeagateBackupPlusDrive/1stChoice/TNG/tiff/2014/08/1320594402.tif here
cp /Volumes/SeagateBackupPlusDrive/1stChoice/TNG/tiff/2014/08/1320594402.tif /Volumes/SeagateBackupPlusDrive/1stChoice/TNG/tiffCurrent/SAC/
08/29/2014
/Volumes/SeagateBackupPlusDrive/1stChoice/TNG/tiff/2014/08/1321124102.tif here
cp /Volumes/SeagateBackupPlusDrive/1stChoice/TNG/tiff/2014/08/1321124102.tif /Volumes/SeagateBackupPlusDrive/1stChoice/TNG/tiffCurrent/SAC/
08/29/2014
/Volumes/SeagateBackupPlusDrive/1stChoice/TNG/tiff/2014/08/1321123902.tif here
cp /Volumes/SeagateBackupPlusDrive/1stChoice/TNG/tiff/2014/08/1321123902.tif /Volumes/SeagateBackupPlusDrive/1stChoice/TNG/tiffCurrent/SAC/
08/29/2014
/Volumes/SeagateBackupPlusDrive/1stChoice/TNG/tiff/2014/08/1321123402.tif here
cp /Volumes/SeagateBackupPlusDrive/1stChoice/TNG/tiff/2014/08/1321123402.tif /Volumes/SeagateBackupPlusDrive/1stChoice/TNG/tiffCurrent/SAC/
08/29/2014
/Volumes/SeagateBackupPlusDrive/1stChoice/TNG/tiff/2014/08/1320594302.tif here
cp /Volumes/SeagateBackupPlusDrive/1stChoice/TNG/tiff/2014/08/1320594302.tif /Volumes/SeagateBackupPlusDrive/1stChoice/TNG/tiffCurrent/SAC/
08/29/2014
/Volumes/SeagateBackupPlusDrive/1stChoice/TNG/tiff/2014/08/1320595202.tif here
cp /Volumes/SeagateBackupPlusDrive/1stChoice/TNG/tiff/2014/08/1320595202.tif /Volumes/SeagateBackupPlusDrive/1stChoice/TNG/tiffCurrent/SAC/
08/29/2014
/Volumes/SeagateBackupPlusDrive/1stChoice/TNG/tiff/2014/08/1321124002.tif here
cp /Volumes/SeagateBackupPlusDrive/1stChoice/TNG/tiff/2014/08/1321124002.tif /Volumes/SeagateBackupPlusDrive/1stChoice/TNG/tiffCurrent/SAC/
08/29/2014
/Volumes/SeagateBackupPlusDrive/1stChoice/TNG/tiff/2014/08/1320595002.tif here
cp /Volumes/SeagateBackupPlusDrive/1stChoice/TNG/tiff/2014/08/1320595002.tif /Volumes/SeagateBackupPlusDrive/1stChoice/TNG/tiffCurrent/SAC/
08/29/2014
/Volumes/SeagateBackupPlusDrive/1stChoice/TNG/tiff/2014/08/1321123802.tif here
cp /Volumes/SeagateBackupPlusDrive/1stChoice/TNG/tiff/2014/08/1321123802.tif /Volumes/SeagateBackupPlusDrive/1stChoice/TNG/tiffCurrent/SAC/
08/29/2014
/Volumes/SeagateBackupPlusDrive/1stChoice/TNG/tiff/2014/08/1320594802.tif here
cp /Volumes/SeagateBackupPlusDrive/1stChoice/TNG/tiff/2014/08/1320594802.tif /Volumes/SeagateBackupPlusDrive/1stChoice/TNG/tiffCurrent/SAC/
08/29/2014
/Volumes/SeagateBackupPlusDrive/1stChoice/TNG/tiff/2014/08/1321123602.tif here
cp /Volumes/SeagateBackupPlusDrive/1stChoice/TNG/tiff/2014/08/1321123602.tif /Volumes/SeagateBackupPlusDrive/1stChoice/TNG/tiffCurrent/SAC/
08/29/2014
/Volumes/SeagateBackupPlusDrive/1stChoice/TNG/tiff/2014/08/1320594602.tif here
cp /Volumes/SeagateBackupPlusDrive/1stChoice/TNG/tiff/2014/08/1320594602.tif /Volumes/SeagateBackupPlusDrive/1stChoice/TNG/tiffCurrent/SAC/
08/29/2014
/Volumes/SeagateBackupPlusDrive/1stChoice/TNG/tiff/2014/08/1320594502.tif here
cp /Volumes/SeagateBackupPlusDrive/1stChoice/TNG/tiff/2014/08/1320594502.tif /Volumes/SeagateBackupPlusDrive/1stChoice/TNG/tiffCurrent/SAC/
08/29/2014
/Volumes/SeagateBackupPlusDrive/1stChoice/TNG/tiff/2014/08/1321123302.tif here
cp /Volumes/SeagateBackupPlusDrive/1stChoice/TNG/tiff/2014/08/1321123302.tif /Volumes/SeagateBackupPlusDrive/1stChoice/TNG/tiffCurrent/SAC/
08/29/2014
/Volumes/SeagateBackupPlusDrive/1stChoice/TNG/tiff/2014/08/1321123202.tif here
cp /Volumes/SeagateBackupPlusDrive/1stChoice/TNG/tiff/2014/08/1321123202.tif /Volumes/SeagateBackupPlusDrive/1stChoice/TNG/tiffCurrent/SAC/
08/29/2014
/Volumes/SeagateBackupPlusDrive/1stChoice/TNG/tiff/2014/08/1878169656.tif here
cp /Volumes/SeagateBackupPlusDrive/1stChoice/TNG/tiff/2014/08/1878169656.tif /Volumes/SeagateBackupPlusDrive/1stChoice/TNG/tiffCurrent/ATL/
08/29/2014
/Volumes/SeagateBackupPlusDrive/1stChoice/TNG/tiff/2014/08/1878169956.tif here
cp /Volumes/SeagateBackupPlusDrive/1stChoice/TNG/tiff/2014/08/1878169956.tif /Volumes/SeagateBackupPlusDrive/1stChoice/TNG/tiffCurrent/ATL/
08/29/2014
/Volumes/SeagateBackupPlusDrive/1stChoice/TNG/tiff/2014/08/1878167756.tif here
cp /Volumes/SeagateBackupPlusDrive/1stChoice/TNG/tiff/2014/08/1878167756.tif /Volumes/SeagateBackupPlusDrive/1stChoice/TNG/tiffCurrent/ATL/
08/29/2014
/Volumes/SeagateBackupPlusDrive/1stChoice/TNG/tiff/2014/08/1878167856.tif here
cp /Volumes/SeagateBackupPlusDrive/1stChoice/TNG/tiff/2014/08/1878167856.tif /Volumes/SeagateBackupPlusDrive/1stChoice/TNG/tiffCurrent/ATL/
08/29/2014
/Volumes/SeagateBackupPlusDrive/1stChoice/TNG/tiff/2014/08/1878192456.tif here
cp /Volumes/SeagateBackupPlusDrive/1stChoice/TNG/tiff/2014/08/1878192456.tif /Volumes/SeagateBackupPlusDrive/1stChoice/TNG/tiffCurrent/ATL/
08/29/2014
/Volumes/SeagateBackupPlusDrive/1stChoice/TNG/tiff/2014/08/1878176039.tif here
cp /Volumes/SeagateBackupPlusDrive/1stChoice/TNG/tiff/2014/08/1878176039.tif /Volumes/SeagateBackupPlusDrive/1stChoice/TNG/tiffCurrent/ATL/
08/29/2014
/Volumes/SeagateBackupPlusDrive/1stChoice/TNG/tiff/2014/08/1878175939.tif here
cp /Volumes/SeagateBackupPlusDrive/1stChoice/TNG/tiff/2014/08/1878175939.tif /Volumes/SeagateBackupPlusDrive/1stChoice/TNG/tiffCurrent/ATL/
08/29/2014
/Volumes/SeagateBackupPlusDrive/1stChoice/TNG/tiff/2014/08/1878175856.tif here
cp /Volumes/SeagateBackupPlusDrive/1stChoice/TNG/tiff/2014/08/1878175856.tif /Volumes/SeagateBackupPlusDrive/1stChoice/TNG/tiffCurrent/ATL/
08/29/2014
/Volumes/SeagateBackupPlusDrive/1stChoice/TNG/tiff/2014/08/1878101844.tif here
cp /Volumes/SeagateBackupPlusDrive/1stChoice/TNG/tiff/2014/08/1878101844.tif /Volumes/SeagateBackupPlusDrive/1stChoice/TNG/tiffCurrent/ATL/
08/29/2014
/Volumes/SeagateBackupPlusDrive/1stChoice/TNG/tiff/2014/08/1878101144.tif here
cp /Volumes/SeagateBackupPlusDrive/1stChoice/TNG/tiff/2014/08/1878101144.tif /Volumes/SeagateBackupPlusDrive/1stChoice/TNG/tiffCurrent/ATL/
08/29/2014
/Volumes/SeagateBackupPlusDrive/1stChoice/TNG/tiff/2014/08/1878101644.tif here
cp /Volumes/SeagateBackupPlusDrive/1stChoice/TNG/tiff/2014/08/1878101644.tif /Volumes/SeagateBackupPlusDrive/1stChoice/TNG/tiffCurrent/ATL/
08/29/2014
/Volumes/SeagateBackupPlusDrive/1stChoice/TNG/tiff/2014/08/1878101744.tif here
cp /Volumes/SeagateBackupPlusDrive/1stChoice/TNG/tiff/2014/08/1878101744.tif /Volumes/SeagateBackupPlusDrive/1stChoice/TNG/tiffCurrent/ATL/
08/29/2014
/Volumes/SeagateBackupPlusDrive/1stChoice/TNG/tiff/2014/08/1878101244.tif here
cp /Volumes/SeagateBackupPlusDrive/1stChoice/TNG/tiff/2014/08/1878101244.tif /Volumes/SeagateBackupPlusDrive/1stChoice/TNG/tiffCurrent/ATL/
08/29/2014
/Volumes/SeagateBackupPlusDrive/1stChoice/TNG/tiff/2014/08/1204026905.tif here
cp /Volumes/SeagateBackupPlusDrive/1stChoice/TNG/tiff/2014/08/1204026905.tif /Volumes/SeagateBackupPlusDrive/1stChoice/TNG/tiffCurrent/PHX/
08/29/2014
/Volumes/SeagateBackupPlusDrive/1stChoice/TNG/tiff/2014/08/1203874605.tif here
cp /Volumes/SeagateBackupPlusDrive/1stChoice/TNG/tiff/2014/08/1203874605.tif /Volumes/SeagateBackupPlusDrive/1stChoice/TNG/tiffCurrent/PHX/
08/29/2014
/Volumes/SeagateBackupPlusDrive/1stChoice/TNG/tiff/2014/08/1204026405.tif here
cp /Volumes/SeagateBackupPlusDrive/1stChoice/TNG/tiff/2014/08/1204026405.tif /Volumes/SeagateBackupPlusDrive/1stChoice/TNG/tiffCurrent/PHX/
08/29/2014
/Volumes/SeagateBackupPlusDrive/1stChoice/TNG/tiff/2014/08/1203874105.tif here
cp /Volumes/SeagateBackupPlusDrive/1stChoice/TNG/tiff/2014/08/1203874105.tif /Volumes/SeagateBackupPlusDrive/1stChoice/TNG/tiffCurrent/PHX/
08/29/2014
/Volumes/SeagateBackupPlusDrive/1stChoice/TNG/tiff/2014/08/1878105144.tif here
cp /Volumes/SeagateBackupPlusDrive/1stChoice/TNG/tiff/2014/08/1878105144.tif /Volumes/SeagateBackupPlusDrive/1stChoice/TNG/tiffCurrent/ATL/
08/29/2014
/Volumes/SeagateBackupPlusDrive/1stChoice/TNG/tiff/2014/08/1878105244.tif here
cp /Volumes/SeagateBackupPlusDrive/1stChoice/TNG/tiff/2014/08/1878105244.tif /Volumes/SeagateBackupPlusDrive/1stChoice/TNG/tiffCurrent/ATL/
08/29/2014
/Volumes/SeagateBackupPlusDrive/1stChoice/TNG/tiff/2014/08/1878101444.tif here
cp /Volumes/SeagateBackupPlusDrive/1stChoice/TNG/tiff/2014/08/1878101444.tif /Volumes/SeagateBackupPlusDrive/1stChoice/TNG/tiffCurrent/ATL/
08/29/2014
/Volumes/SeagateBackupPlusDrive/1stChoice/TNG/tiff/2014/08/1878103344.tif here
cp /Volumes/SeagateBackupPlusDrive/1stChoice/TNG/tiff/2014/08/1878103344.tif /Volumes/SeagateBackupPlusDrive/1stChoice/TNG/tiffCurrent/ATL/
08/29/2014
/Volumes/SeagateBackupPlusDrive/1stChoice/TNG/tiff/2014/08/1878103244.tif here
cp /Volumes/SeagateBackupPlusDrive/1stChoice/TNG/tiff/2014/08/1878103244.tif /Volumes/SeagateBackupPlusDrive/1stChoice/TNG/tiffCurrent/ATL/
08/29/2014
/Volumes/SeagateBackupPlusDrive/1stChoice/TNG/tiff/2014/08/1878103444.tif here
cp /Volumes/SeagateBackupPlusDrive/1stChoice/TNG/tiff/2014/08/1878103444.tif /Volumes/SeagateBackupPlusDrive/1stChoice/TNG/tiffCurrent/ATL/
08/29/2014
/Volumes/SeagateBackupPlusDrive/1stChoice/TNG/tiff/2014/08/1878106844.tif here
cp /Volumes/SeagateBackupPlusDrive/1stChoice/TNG/tiff/2014/08/1878106844.tif /Volumes/SeagateBackupPlusDrive/1stChoice/TNG/tiffCurrent/ATL/
08/29/2014
/Volumes/SeagateBackupPlusDrive/1stChoice/TNG/tiff/2014/08/1321044002.tif here
cp /Volumes/SeagateBackupPlusDrive/1stChoice/TNG/tiff/2014/08/1321044002.tif /Volumes/SeagateBackupPlusDrive/1stChoice/TNG/tiffCurrent/SAC/
08/29/2014
/Volumes/SeagateBackupPlusDrive/1stChoice/TNG/tiff/2014/08/1878105544.tif here
cp /Volumes/SeagateBackupPlusDrive/1stChoice/TNG/tiff/2014/08/1878105544.tif /Volumes/SeagateBackupPlusDrive/1stChoice/TNG/tiffCurrent/ATL/
08/29/2014
/Volumes/SeagateBackupPlusDrive/1stChoice/TNG/tiff/2014/08/1878233039.tif here
cp /Volumes/SeagateBackupPlusDrive/1stChoice/TNG/tiff/2014/08/1878233039.tif /Volumes/SeagateBackupPlusDrive/1stChoice/TNG/tiffCurrent/ATL/
08/29/2014
/Volumes/SeagateBackupPlusDrive/1stChoice/TNG/tiff/2014/08/1878103144.tif here
cp /Volumes/SeagateBackupPlusDrive/1stChoice/TNG/tiff/2014/08/1878103144.tif /Volumes/SeagateBackupPlusDrive/1stChoice/TNG/tiffCurrent/ATL/
08/29/2014
/Volumes/SeagateBackupPlusDrive/1stChoice/TNG/tiff/2014/08/1204032805.tif here
cp /Volumes/SeagateBackupPlusDrive/1stChoice/TNG/tiff/2014/08/1204032805.tif /Volumes/SeagateBackupPlusDrive/1stChoice/TNG/tiffCurrent/PHX/
08/29/2014
/Volumes/SeagateBackupPlusDrive/1stChoice/TNG/tiff/2014/08/1203880505.tif here
cp /Volumes/SeagateBackupPlusDrive/1stChoice/TNG/tiff/2014/08/1203880505.tif /Volumes/SeagateBackupPlusDrive/1stChoice/TNG/tiffCurrent/PHX/
08/29/2014
/Volumes/SeagateBackupPlusDrive/1stChoice/TNG/tiff/2014/08/1877507303.tif here
cp /Volumes/SeagateBackupPlusDrive/1stChoice/TNG/tiff/2014/08/1877507303.tif /Volumes/SeagateBackupPlusDrive/1stChoice/TNG/tiffCurrent/ATL/
08/29/2014
/Volumes/SeagateBackupPlusDrive/1stChoice/TNG/tiff/2014/08/1204033005.tif here
cp /Volumes/SeagateBackupPlusDrive/1stChoice/TNG/tiff/2014/08/1204033005.tif /Volumes/SeagateBackupPlusDrive/1stChoice/TNG/tiffCurrent/PHX/
08/29/2014
/Volumes/SeagateBackupPlusDrive/1stChoice/TNG/tiff/2014/08/1203880705.tif here
cp /Volumes/SeagateBackupPlusDrive/1stChoice/TNG/tiff/2014/08/1203880705.tif /Volumes/SeagateBackupPlusDrive/1stChoice/TNG/tiffCurrent/PHX/
08/29/2014
/Volumes/SeagateBackupPlusDrive/1stChoice/TNG/tiff/2014/08/1878224042.tif here
cp /Volumes/SeagateBackupPlusDrive/1stChoice/TNG/tiff/2014/08/1878224042.tif /Volumes/SeagateBackupPlusDrive/1stChoice/TNG/tiffCurrent/ATL/
08/29/2014
/Volumes/SeagateBackupPlusDrive/1stChoice/TNG/tiff/2014/08/1320509202.tif here
cp /Volumes/SeagateBackupPlusDrive/1stChoice/TNG/tiff/2014/08/1320509202.tif /Volumes/SeagateBackupPlusDrive/1stChoice/TNG/tiffCurrent/SAC/
08/29/2014
/Volumes/SeagateBackupPlusDrive/1stChoice/TNG/tiff/2014/08/1320509203.tif here
cp /Volumes/SeagateBackupPlusDrive/1stChoice/TNG/tiff/2014/08/1320509203.tif /Volumes/SeagateBackupPlusDrive/1stChoice/TNG/tiffCurrent/SAC/
08/29/2014
/Volumes/SeagateBackupPlusDrive/1stChoice/TNG/tiff/2014/08/1321028902.tif here
cp /Volumes/SeagateBackupPlusDrive/1stChoice/TNG/tiff/2014/08/1321028902.tif /Volumes/SeagateBackupPlusDrive/1stChoice/TNG/tiffCurrent/SAC/
08/29/2014
/Volumes/SeagateBackupPlusDrive/1stChoice/TNG/tiff/2014/08/1320524102.tif here
cp /Volumes/SeagateBackupPlusDrive/1stChoice/TNG/tiff/2014/08/1320524102.tif /Volumes/SeagateBackupPlusDrive/1stChoice/TNG/tiffCurrent/SAC/
08/29/2014
/Volumes/SeagateBackupPlusDrive/1stChoice/TNG/tiff/2014/08/1878124535.tif here
cp /Volumes/SeagateBackupPlusDrive/1stChoice/TNG/tiff/2014/08/1878124535.tif /Volumes/SeagateBackupPlusDrive/1stChoice/TNG/tiffCurrent/ATL/
08/29/2014
/Volumes/SeagateBackupPlusDrive/1stChoice/TNG/tiff/2014/08/1878103044.tif here
cp /Volumes/SeagateBackupPlusDrive/1stChoice/TNG/tiff/2014/08/1878103044.tif /Volumes/SeagateBackupPlusDrive/1stChoice/TNG/tiffCurrent/ATL/
08/29/2014
/Volumes/SeagateBackupPlusDrive/1stChoice/TNG/tiff/2014/08/1878154643.tif here
cp /Volumes/SeagateBackupPlusDrive/1stChoice/TNG/tiff/2014/08/1878154643.tif /Volumes/SeagateBackupPlusDrive/1stChoice/TNG/tiffCurrent/ATL/
08/29/2014
/Volumes/SeagateBackupPlusDrive/1stChoice/TNG/tiff/2014/08/1204032905.tif here
cp /Volumes/SeagateBackupPlusDrive/1stChoice/TNG/tiff/2014/08/1204032905.tif /Volumes/SeagateBackupPlusDrive/1stChoice/TNG/tiffCurrent/PHX/
08/29/2014
/Volumes/SeagateBackupPlusDrive/1stChoice/TNG/tiff/2014/08/1203880605.tif here
cp /Volumes/SeagateBackupPlusDrive/1stChoice/TNG/tiff/2014/08/1203880605.tif /Volumes/SeagateBackupPlusDrive/1stChoice/TNG/tiffCurrent/PHX/
08/29/2014
/Volumes/SeagateBackupPlusDrive/1stChoice/TNG/tiff/2014/08/1304302207.tif here
cp /Volumes/SeagateBackupPlusDrive/1stChoice/TNG/tiff/2014/08/1304302207.tif /Volumes/SeagateBackupPlusDrive/1stChoice/TNG/tiffCurrent/JAK/
08/29/2014
/Volumes/SeagateBackupPlusDrive/1stChoice/TNG/tiff/2014/08/1321119602.tif here
cp /Volumes/SeagateBackupPlusDrive/1stChoice/TNG/tiff/2014/08/1321119602.tif /Volumes/SeagateBackupPlusDrive/1stChoice/TNG/tiffCurrent/SAC/
08/29/2014
/Volumes/SeagateBackupPlusDrive/1stChoice/TNG/tiff/2014/08/1320590502.tif here
cp /Volumes/SeagateBackupPlusDrive/1stChoice/TNG/tiff/2014/08/1320590502.tif /Volumes/SeagateBackupPlusDrive/1stChoice/TNG/tiffCurrent/SAC/
08/29/2014
/Volumes/SeagateBackupPlusDrive/1stChoice/TNG/tiff/2014/08/1878124935.tif here
cp /Volumes/SeagateBackupPlusDrive/1stChoice/TNG/tiff/2014/08/1878124935.tif /Volumes/SeagateBackupPlusDrive/1stChoice/TNG/tiffCurrent/ATL/
08/29/2014
/Volumes/SeagateBackupPlusDrive/1stChoice/TNG/tiff/2014/08/1321028002.tif here
cp /Volumes/SeagateBackupPlusDrive/1stChoice/TNG/tiff/2014/08/1321028002.tif /Volumes/SeagateBackupPlusDrive/1stChoice/TNG/tiffCurrent/SAC/
08/29/2014
/Volumes/SeagateBackupPlusDrive/1stChoice/TNG/tiff/2014/08/1321044202.tif here
cp /Volumes/SeagateBackupPlusDrive/1stChoice/TNG/tiff/2014/08/1321044202.tif /Volumes/SeagateBackupPlusDrive/1stChoice/TNG/tiffCurrent/SAC/
08/29/2014
/Volumes/SeagateBackupPlusDrive/1stChoice/TNG/tiff/2014/08/1878236939.tif here
cp /Volumes/SeagateBackupPlusDrive/1stChoice/TNG/tiff/2014/08/1878236939.tif /Volumes/SeagateBackupPlusDrive/1stChoice/TNG/tiffCurrent/ATL/
08/29/2014
/Volumes/SeagateBackupPlusDrive/1stChoice/TNG/tiff/2014/08/1878236739.tif here
cp /Volumes/SeagateBackupPlusDrive/1stChoice/TNG/tiff/2014/08/1878236739.tif /Volumes/SeagateBackupPlusDrive/1stChoice/TNG/tiffCurrent/ATL/
08/29/2014
/Volumes/SeagateBackupPlusDrive/1stChoice/TNG/tiff/2014/08/1878237139.tif here
cp /Volumes/SeagateBackupPlusDrive/1stChoice/TNG/tiff/2014/08/1878237139.tif /Volumes/SeagateBackupPlusDrive/1stChoice/TNG/tiffCurrent/ATL/
08/29/2014
/Volumes/SeagateBackupPlusDrive/1stChoice/TNG/tiff/2014/08/1321039502.tif here
cp /Volumes/SeagateBackupPlusDrive/1stChoice/TNG/tiff/2014/08/1321039502.tif /Volumes/SeagateBackupPlusDrive/1stChoice/TNG/tiffCurrent/SAC/
08/29/2014
/Volumes/SeagateBackupPlusDrive/1stChoice/TNG/tiff/2014/08/1877848810.tif here
cp /Volumes/SeagateBackupPlusDrive/1stChoice/TNG/tiff/2014/08/1877848810.tif /Volumes/SeagateBackupPlusDrive/1stChoice/TNG/tiffCurrent/ATL/
08/29/2014
/Volumes/SeagateBackupPlusDrive/1stChoice/TNG/tiff/2014/08/0093721.tif here
cp /Volumes/SeagateBackupPlusDrive/1stChoice/TNG/tiff/2014/08/0093721.tif /Volumes/SeagateBackupPlusDrive/1stChoice/TNG/tiffCurrent/RDS/
08/29/2014
/Volumes/SeagateBackupPlusDrive/1stChoice/TNG/tiff/2014/08/1320489202.tif here
cp /Volumes/SeagateBackupPlusDrive/1stChoice/TNG/tiff/2014/08/1320489202.tif /Volumes/SeagateBackupPlusDrive/1stChoice/TNG/tiffCurrent/SAC/
08/29/2014
/Volumes/SeagateBackupPlusDrive/1stChoice/TNG/tiff/2014/08/1321027902.tif here
cp /Volumes/SeagateBackupPlusDrive/1stChoice/TNG/tiff/2014/08/1321027902.tif /Volumes/SeagateBackupPlusDrive/1stChoice/TNG/tiffCurrent/SAC/
08/29/2014
/Volumes/SeagateBackupPlusDrive/1stChoice/TNG/tiff/2014/08/1303598207.tif here
cp /Volumes/SeagateBackupPlusDrive/1stChoice/TNG/tiff/2014/08/1303598207.tif /Volumes/SeagateBackupPlusDrive/1stChoice/TNG/tiffCurrent/JAK/
08/29/2014
/Volumes/SeagateBackupPlusDrive/1stChoice/TNG/tiff/2014/08/1878223742.tif here
cp /Volumes/SeagateBackupPlusDrive/1stChoice/TNG/tiff/2014/08/1878223742.tif /Volumes/SeagateBackupPlusDrive/1stChoice/TNG/tiffCurrent/ATL/
08/29/2014
/Volumes/SeagateBackupPlusDrive/1stChoice/TNG/tiff/2014/08/1878158743.tif here
cp /Volumes/SeagateBackupPlusDrive/1stChoice/TNG/tiff/2014/08/1878158743.tif /Volumes/SeagateBackupPlusDrive/1stChoice/TNG/tiffCurrent/ATL/
08/29/2014
/Volumes/SeagateBackupPlusDrive/1stChoice/TNG/tiff/2014/08/1320589602.tif here
cp /Volumes/SeagateBackupPlusDrive/1stChoice/TNG/tiff/2014/08/1320589602.tif /Volumes/SeagateBackupPlusDrive/1stChoice/TNG/tiffCurrent/SAC/
08/29/2014
/Volumes/SeagateBackupPlusDrive/1stChoice/TNG/tiff/2014/08/1321118902.tif here
cp /Volumes/SeagateBackupPlusDrive/1stChoice/TNG/tiff/2014/08/1321118902.tif /Volumes/SeagateBackupPlusDrive/1stChoice/TNG/tiffCurrent/SAC/
08/29/2014
/Volumes/SeagateBackupPlusDrive/1stChoice/TNG/tiff/2014/08/1320590602.tif here
cp /Volumes/SeagateBackupPlusDrive/1stChoice/TNG/tiff/2014/08/1320590602.tif /Volumes/SeagateBackupPlusDrive/1stChoice/TNG/tiffCurrent/SAC/
08/29/2014
/Volumes/SeagateBackupPlusDrive/1stChoice/TNG/tiff/2014/08/1321119702.tif here
cp /Volumes/SeagateBackupPlusDrive/1stChoice/TNG/tiff/2014/08/1321119702.tif /Volumes/SeagateBackupPlusDrive/1stChoice/TNG/tiffCurrent/SAC/
08/29/2014
/Volumes/SeagateBackupPlusDrive/1stChoice/TNG/tiff/2014/08/1320492003.tif here
cp /Volumes/SeagateBackupPlusDrive/1stChoice/TNG/tiff/2014/08/1320492003.tif /Volumes/SeagateBackupPlusDrive/1stChoice/TNG/tiffCurrent/SAC/
08/29/2014
/Volumes/SeagateBackupPlusDrive/1stChoice/TNG/tiff/2014/08/1321286802.tif here
cp /Volumes/SeagateBackupPlusDrive/1stChoice/TNG/tiff/2014/08/1321286802.tif /Volumes/SeagateBackupPlusDrive/1stChoice/TNG/tiffCurrent/SAC/
08/29/2014
/Volumes/SeagateBackupPlusDrive/1stChoice/TNG/tiff/2014/08/1320492102.tif here
cp /Volumes/SeagateBackupPlusDrive/1stChoice/TNG/tiff/2014/08/1320492102.tif /Volumes/SeagateBackupPlusDrive/1stChoice/TNG/tiffCurrent/SAC/
08/29/2014
/Volumes/SeagateBackupPlusDrive/1stChoice/TNG/tiff/2014/08/1320492103.tif here
cp /Volumes/SeagateBackupPlusDrive/1stChoice/TNG/tiff/2014/08/1320492103.tif /Volumes/SeagateBackupPlusDrive/1stChoice/TNG/tiffCurrent/SAC/
08/29/2014
/Volumes/SeagateBackupPlusDrive/1stChoice/TNG/tiff/2014/08/1321010702.tif here
cp /Volumes/SeagateBackupPlusDrive/1stChoice/TNG/tiff/2014/08/1321010702.tif /Volumes/SeagateBackupPlusDrive/1stChoice/TNG/tiffCurrent/SAC/
08/29/2014
/Volumes/SeagateBackupPlusDrive/1stChoice/TNG/tiff/2014/08/1878105644.tif here
cp /Volumes/SeagateBackupPlusDrive/1stChoice/TNG/tiff/2014/08/1878105644.tif /Volumes/SeagateBackupPlusDrive/1stChoice/TNG/tiffCurrent/ATL/
08/29/2014
/Volumes/SeagateBackupPlusDrive/1stChoice/TNG/tiff/2014/08/1878184056.tif here
cp /Volumes/SeagateBackupPlusDrive/1stChoice/TNG/tiff/2014/08/1878184056.tif /Volumes/SeagateBackupPlusDrive/1stChoice/TNG/tiffCurrent/ATL/
08/29/2014
/Volumes/SeagateBackupPlusDrive/1stChoice/TNG/tiff/2014/08/1321029602.tif here
cp /Volumes/SeagateBackupPlusDrive/1stChoice/TNG/tiff/2014/08/1321029602.tif /Volumes/SeagateBackupPlusDrive/1stChoice/TNG/tiffCurrent/SAC/
08/29/2014
/Volumes/SeagateBackupPlusDrive/1stChoice/TNG/tiff/2014/08/1320509903.tif here
cp /Volumes/SeagateBackupPlusDrive/1stChoice/TNG/tiff/2014/08/1320509903.tif /Volumes/SeagateBackupPlusDrive/1stChoice/TNG/tiffCurrent/SAC/
08/29/2014
/Volumes/SeagateBackupPlusDrive/1stChoice/TNG/tiff/2014/08/1204033905.tif here
cp /Volumes/SeagateBackupPlusDrive/1stChoice/TNG/tiff/2014/08/1204033905.tif /Volumes/SeagateBackupPlusDrive/1stChoice/TNG/tiffCurrent/PHX/
08/29/2014
/Volumes/SeagateBackupPlusDrive/1stChoice/TNG/tiff/2014/08/1203881605.tif here
cp /Volumes/SeagateBackupPlusDrive/1stChoice/TNG/tiff/2014/08/1203881605.tif /Volumes/SeagateBackupPlusDrive/1stChoice/TNG/tiffCurrent/PHX/
08/29/2014
/Volumes/SeagateBackupPlusDrive/1stChoice/TNG/tiff/2014/08/1877774003.tif here
cp /Volumes/SeagateBackupPlusDrive/1stChoice/TNG/tiff/2014/08/1877774003.tif /Volumes/SeagateBackupPlusDrive/1stChoice/TNG/tiffCurrent/ATL/
08/29/2014
/Volumes/SeagateBackupPlusDrive/1stChoice/TNG/tiff/2014/08/1321045302.tif here
cp /Volumes/SeagateBackupPlusDrive/1stChoice/TNG/tiff/2014/08/1321045302.tif /Volumes/SeagateBackupPlusDrive/1stChoice/TNG/tiffCurrent/SAC/
08/29/2014
/Volumes/SeagateBackupPlusDrive/1stChoice/TNG/tiff/2014/08/1204032505.tif here
cp /Volumes/SeagateBackupPlusDrive/1stChoice/TNG/tiff/2014/08/1204032505.tif /Volumes/SeagateBackupPlusDrive/1stChoice/TNG/tiffCurrent/PHX/
08/29/2014
/Volumes/SeagateBackupPlusDrive/1stChoice/TNG/tiff/2014/08/1203880205.tif here
cp /Volumes/SeagateBackupPlusDrive/1stChoice/TNG/tiff/2014/08/1203880205.tif /Volumes/SeagateBackupPlusDrive/1stChoice/TNG/tiffCurrent/PHX/
08/29/2014
/Volumes/SeagateBackupPlusDrive/1stChoice/TNG/tiff/2014/08/1878172256.tif here
cp /Volumes/SeagateBackupPlusDrive/1stChoice/TNG/tiff/2014/08/1878172256.tif /Volumes/SeagateBackupPlusDrive/1stChoice/TNG/tiffCurrent/ATL/
08/29/2014
/Volumes/SeagateBackupPlusDrive/1stChoice/TNG/tiff/2014/08/1304301907.tif here
cp /Volumes/SeagateBackupPlusDrive/1stChoice/TNG/tiff/2014/08/1304301907.tif /Volumes/SeagateBackupPlusDrive/1stChoice/TNG/tiffCurrent/JAK/
08/29/2014
/Volumes/SeagateBackupPlusDrive/1stChoice/TNG/tiff/2014/08/1303597907.tif here
cp /Volumes/SeagateBackupPlusDrive/1stChoice/TNG/tiff/2014/08/1303597907.tif /Volumes/SeagateBackupPlusDrive/1stChoice/TNG/tiffCurrent/JAK/
08/29/2014
/Volumes/SeagateBackupPlusDrive/1stChoice/TNG/tiff/2014/08/1320508803.tif here
cp /Volumes/SeagateBackupPlusDrive/1stChoice/TNG/tiff/2014/08/1320508803.tif /Volumes/SeagateBackupPlusDrive/1stChoice/TNG/tiffCurrent/SAC/
08/29/2014
/Volumes/SeagateBackupPlusDrive/1stChoice/TNG/tiff/2014/08/1878305748.tif here
cp /Volumes/SeagateBackupPlusDrive/1stChoice/TNG/tiff/2014/08/1878305748.tif /Volumes/SeagateBackupPlusDrive/1stChoice/TNG/tiffCurrent/ATL/
08/29/2014
/Volumes/SeagateBackupPlusDrive/1stChoice/TNG/tiff/2014/08/1877849310.tif here
cp /Volumes/SeagateBackupPlusDrive/1stChoice/TNG/tiff/2014/08/1877849310.tif /Volumes/SeagateBackupPlusDrive/1stChoice/TNG/tiffCurrent/ATL/
08/29/2014
/Volumes/SeagateBackupPlusDrive/1stChoice/TNG/tiff/2014/08/0093732.tif here
cp /Volumes/SeagateBackupPlusDrive/1stChoice/TNG/tiff/2014/08/0093732.tif /Volumes/SeagateBackupPlusDrive/1stChoice/TNG/tiffCurrent/RDS/
08/29/2014
/Volumes/SeagateBackupPlusDrive/1stChoice/TNG/tiff/2014/08/1877774303.tif here
cp /Volumes/SeagateBackupPlusDrive/1stChoice/TNG/tiff/2014/08/1877774303.tif /Volumes/SeagateBackupPlusDrive/1stChoice/TNG/tiffCurrent/ATL/
08/29/2014
/Volumes/SeagateBackupPlusDrive/1stChoice/TNG/tiff/2014/08/1878236139.tif here
cp /Volumes/SeagateBackupPlusDrive/1stChoice/TNG/tiff/2014/08/1878236139.tif /Volumes/SeagateBackupPlusDrive/1stChoice/TNG/tiffCurrent/ATL/
08/29/2014
/Volumes/SeagateBackupPlusDrive/1stChoice/TNG/tiff/2014/08/1878124635.tif here
cp /Volumes/SeagateBackupPlusDrive/1stChoice/TNG/tiff/2014/08/1878124635.tif /Volumes/SeagateBackupPlusDrive/1stChoice/TNG/tiffCurrent/ATL/
08/29/2014
/Volumes/SeagateBackupPlusDrive/1stChoice/TNG/tiff/2014/08/1878117535.tif here
cp /Volumes/SeagateBackupPlusDrive/1stChoice/TNG/tiff/2014/08/1878117535.tif /Volumes/SeagateBackupPlusDrive/1stChoice/TNG/tiffCurrent/ATL/
08/29/2014
/Volumes/SeagateBackupPlusDrive/1stChoice/TNG/tiff/2014/08/1878100044.tif here
cp /Volumes/SeagateBackupPlusDrive/1stChoice/TNG/tiff/2014/08/1878100044.tif /Volumes/SeagateBackupPlusDrive/1stChoice/TNG/tiffCurrent/ATL/
08/29/2014
/Volumes/SeagateBackupPlusDrive/1stChoice/TNG/tiff/2014/08/1320592202.tif here
cp /Volumes/SeagateBackupPlusDrive/1stChoice/TNG/tiff/2014/08/1320592202.tif /Volumes/SeagateBackupPlusDrive/1stChoice/TNG/tiffCurrent/SAC/
08/29/2014
/Volumes/SeagateBackupPlusDrive/1stChoice/TNG/tiff/2014/08/1321121202.tif here
cp /Volumes/SeagateBackupPlusDrive/1stChoice/TNG/tiff/2014/08/1321121202.tif /Volumes/SeagateBackupPlusDrive/1stChoice/TNG/tiffCurrent/SAC/
08/29/2014
/Volumes/SeagateBackupPlusDrive/1stChoice/TNG/tiff/2014/08/1321119202.tif here
cp /Volumes/SeagateBackupPlusDrive/1stChoice/TNG/tiff/2014/08/1321119202.tif /Volumes/SeagateBackupPlusDrive/1stChoice/TNG/tiffCurrent/SAC/
08/29/2014
/Volumes/SeagateBackupPlusDrive/1stChoice/TNG/tiff/2014/08/1320589902.tif here
cp /Volumes/SeagateBackupPlusDrive/1stChoice/TNG/tiff/2014/08/1320589902.tif /Volumes/SeagateBackupPlusDrive/1stChoice/TNG/tiffCurrent/SAC/
08/29/2014
/Volumes/SeagateBackupPlusDrive/1stChoice/TNG/tiff/2014/08/1878124335.tif here
cp /Volumes/SeagateBackupPlusDrive/1stChoice/TNG/tiff/2014/08/1878124335.tif /Volumes/SeagateBackupPlusDrive/1stChoice/TNG/tiffCurrent/ATL/
08/29/2014
/Volumes/SeagateBackupPlusDrive/1stChoice/TNG/tiff/2014/08/1304301807.tif here
cp /Volumes/SeagateBackupPlusDrive/1stChoice/TNG/tiff/2014/08/1304301807.tif /Volumes/SeagateBackupPlusDrive/1stChoice/TNG/tiffCurrent/JAK/
08/29/2014
/Volumes/SeagateBackupPlusDrive/1stChoice/TNG/tiff/2014/08/1303597807.tif here
cp /Volumes/SeagateBackupPlusDrive/1stChoice/TNG/tiff/2014/08/1303597807.tif /Volumes/SeagateBackupPlusDrive/1stChoice/TNG/tiffCurrent/JAK/
08/29/2014
/Volumes/SeagateBackupPlusDrive/1stChoice/TNG/tiff/2014/08/1321040402.tif here
cp /Volumes/SeagateBackupPlusDrive/1stChoice/TNG/tiff/2014/08/1321040402.tif /Volumes/SeagateBackupPlusDrive/1stChoice/TNG/tiffCurrent/SAC/
08/29/2014
/Volumes/SeagateBackupPlusDrive/1stChoice/TNG/tiff/2014/08/1320519103.tif here
cp /Volumes/SeagateBackupPlusDrive/1stChoice/TNG/tiff/2014/08/1320519103.tif /Volumes/SeagateBackupPlusDrive/1stChoice/TNG/tiffCurrent/SAC/
08/29/2014
/Volumes/SeagateBackupPlusDrive/1stChoice/TNG/tiff/2014/08/1320491803.tif here
cp /Volumes/SeagateBackupPlusDrive/1stChoice/TNG/tiff/2014/08/1320491803.tif /Volumes/SeagateBackupPlusDrive/1stChoice/TNG/tiffCurrent/SAC/
08/29/2014
/Volumes/SeagateBackupPlusDrive/1stChoice/TNG/tiff/2014/08/1321010302.tif here
cp /Volumes/SeagateBackupPlusDrive/1stChoice/TNG/tiff/2014/08/1321010302.tif /Volumes/SeagateBackupPlusDrive/1stChoice/TNG/tiffCurrent/SAC/
08/29/2014
/Volumes/SeagateBackupPlusDrive/1stChoice/TNG/tiff/2014/08/1320491702.tif here
cp /Volumes/SeagateBackupPlusDrive/1stChoice/TNG/tiff/2014/08/1320491702.tif /Volumes/SeagateBackupPlusDrive/1stChoice/TNG/tiffCurrent/SAC/
08/29/2014
/Volumes/SeagateBackupPlusDrive/1stChoice/TNG/tiff/2014/08/1320491703.tif here
cp /Volumes/SeagateBackupPlusDrive/1stChoice/TNG/tiff/2014/08/1320491703.tif /Volumes/SeagateBackupPlusDrive/1stChoice/TNG/tiffCurrent/SAC/
08/29/2014
/Volumes/SeagateBackupPlusDrive/1stChoice/TNG/tiff/2014/08/1321047902.tif here
cp /Volumes/SeagateBackupPlusDrive/1stChoice/TNG/tiff/2014/08/1321047902.tif /Volumes/SeagateBackupPlusDrive/1stChoice/TNG/tiffCurrent/null/
08/29/2014
Caught: java.io.FileNotFoundException: /Volumes/SeagateBackupPlusDrive/1stChoice/TNG/tiffCurrent/404/Indexes.txt (No such file or directory)
java.io.FileNotFoundException: /Volumes/SeagateBackupPlusDrive/1stChoice/TNG/tiffCurrent/404/Indexes.txt (No such file or directory)
	at tif_generation$_run_closure5.doCall(tif_generation.groovy:346)
	at tif_generation.run(tif_generation.groovy:311)
8
08/21/2014
1874864657
1874865257
1874865157
1874865057
1303638407
1304229107
1203858105
1204010305
0093308
1877478414
1878541414
1878541314
1203989105
1203837005
1878541214
1878540014
1877478210
1878540114
1303635207
1303635507
1304225807
1304225507
1303635107
1304225407
1303637007
1303636807
1303637707
1303637607
1303639807
1303640007
1303639907
1304230407
1304230307
1303640107
1304230507
1304230207
1303639507
1304229907
1303639607
1304230007
1304225307
1304230807
1303635007
1303640207
1303640407
1304230607
1303633007
1303633207
1303632907
1303633307
1304223507
1304223707
1304223207
1304223607
1304223307
1303633407
1878540214
1878540614
1878540814
1878541014
1878541514
1878541614
1878541714
1878540914
1878541114
1875848043
1203833005
1203985105
1875848343
1203841505
1203993605
1203841205
1203993305
1875848143
1203841305
1203993405
1203841405
1203993505
1203841705
1203993805
1203841605
1203993705
1203842105
1203994205
1203572805
1203421905
1203841905
1203994005
1203849005
1204001005
1203842005
1203994105
1877604704
1203857505
1204009705
1203856305
1204008505
1203857605
1204009805
1203833505
1203985605
0094471
1203856105
1204008305
0094477
1303216007
1302626707
1204011905
1203859705
1204011205
1203859005
1203837205
1203989305
1303176107
1302612307
1875845643
1203856205
1204008405
1303215607
1302626307
1203832405
1203984405
1878512303
1203842605
1203994705
1878516804
1204011505
1203859305
1203837105
1203989205
1303181807
1302618007
1204011305
1203859105
1203837305
1203989405
1203833405
1203985505
1204010005
1302638707
1878516904
1878516704
1303176207
1302612407
1875833743
1875849943
1204010805
1203858605
1302638507
1875849843
1877508703
1203857805
1878517004
1878517104
1204011605
1203859405
1203857905
1204010105
1878517204
1877509203
1878517304
1877508803
1203858005
1204010205
1878514804
1878514904
1878515104
1302640207
1303181107
1302617307
1878517404
1203832305
1203984305
1204003205
1203851105
1878510903
1877508603
1203845005
1203997105
1203996905
1203844805
1204007905
1203855705
1203858205
1204010405
1303175907
1302612107
1203841005
1203993105
1878554703
1878554603
0093713
1877645810
1877645710
1878554903
0093736
1203838305
1203990405
1203858305
1204010505
1878523604
0094475
1877509003
1204011405
1203859205
1204010605
1878517604
0094115
1878523804
1204010905
1203858705
1878517504
1878522104
1878523704
1303177707
1302613907
1203858405
1878508803
1878523904
1878519804
1877607304
0094113
1877507603
1878521204
1878509103
1878524004
1877605304
1878510803
0094101
1877605504
0094100
1878533903
1878508903
1878521104
1878533703
1878524104
1878554803
1878521004
1877605104
1879965204
0094097
1877609504
1878519704
1203842405
1203994505
0094118
1877609404
1878511103
1878509403
1878520004
1875846043
1302639107
1204011005
1203858805
1204008005
1203855805
1203842705
1203994805
1874785111
1878521304
1878517704
1878520104
1878533803
1877605704
1879965304
1878515304
0094098
1204011105
1203858905
1878515404
1877609604
0094116
1877607704
1878509303
1878524404
1877610004
1878521404
1878524604
1878515504
1878517904
1877645610
1877612204
1877645510
1878515204
1877645910
0113819
1877580335
1879252435
1203848905
1204000905
1877508003
1878512103
1878520204
1878513404
1878521504
1878515604
1878513304
1878518004
1877507703
1877610104
0094120
1203841105
1203993205
0094474
1877606204
1877608104
0094108
1878524704
1303174507
1302610707
1877610304
0094121
1878511403
1878521604
1878520304
1878515804
1878511303
1878522604
1878513604
1878524204
1877507903
1878533603
1878515704
1878509803
0094119
1878513504
1877609704
1878512403
0094473
0094099
1877507503
1878510003
1878513704
1878521804
1878516304
1878521704
1877608504
0094109
1878524904
1878521904
1878522804
1878516004
1878522004
1878522904
1877608804
0094112
1878520604
1877507803
1874785311
1874785411
0094468
1878515904
0094114
1878525104
1878514104
1877609804
1878514004
1877611404
0094123
1878516204
1877609304
1879965504
0094110
1878514304
1878525304
1878523104
1878518204
1204012605
1203860405
1874785511
1878522304
1878516504
0094117
1878514204
1877609904
1878518304
1874785211
1878524804
1878516104
1878522704
1878513804
1878520404
1878520504
1878514404
1878516604
1877611804
1878520704
0094125
1878520804
1874785611
1204010705
1203858505
1877611604
0094122
1878525404
1876033050
1878514504
1878523204
1878522404
1878514604
1878514704
1878523504
1878522504
1878523304
1878523404
1878523004
1878518104
1878513904
1878525004
1878522204
1878516404
---0% --------20% --------40% --------60% --------80% --------100% -----/Volumes/SeagateBackupPlusDrive/1stChoice/TNG/tiff/2014/08/1874864657.tif here
cp /Volumes/SeagateBackupPlusDrive/1stChoice/TNG/tiff/2014/08/1874864657.tif /Volumes/SeagateBackupPlusDrive/1stChoice/TNG/tiffCurrent/ATL/
08/29/2014
/Volumes/SeagateBackupPlusDrive/1stChoice/TNG/tiff/2014/08/1874865257.tif here
cp /Volumes/SeagateBackupPlusDrive/1stChoice/TNG/tiff/2014/08/1874865257.tif /Volumes/SeagateBackupPlusDrive/1stChoice/TNG/tiffCurrent/ATL/
08/29/2014
/Volumes/SeagateBackupPlusDrive/1stChoice/TNG/tiff/2014/08/1874865157.tif here
cp /Volumes/SeagateBackupPlusDrive/1stChoice/TNG/tiff/2014/08/1874865157.tif /Volumes/SeagateBackupPlusDrive/1stChoice/TNG/tiffCurrent/ATL/
08/29/2014
/Volumes/SeagateBackupPlusDrive/1stChoice/TNG/tiff/2014/08/1874865057.tif here
cp /Volumes/SeagateBackupPlusDrive/1stChoice/TNG/tiff/2014/08/1874865057.tif /Volumes/SeagateBackupPlusDrive/1stChoice/TNG/tiffCurrent/ATL/
08/29/2014
/Volumes/SeagateBackupPlusDrive/1stChoice/TNG/tiff/2014/08/1303638407.tif here
cp /Volumes/SeagateBackupPlusDrive/1stChoice/TNG/tiff/2014/08/1303638407.tif /Volumes/SeagateBackupPlusDrive/1stChoice/TNG/tiffCurrent/JAK/
08/29/2014
/Volumes/SeagateBackupPlusDrive/1stChoice/TNG/tiff/2014/08/1304229107.tif here
cp /Volumes/SeagateBackupPlusDrive/1stChoice/TNG/tiff/2014/08/1304229107.tif /Volumes/SeagateBackupPlusDrive/1stChoice/TNG/tiffCurrent/JAK/
08/29/2014
/Volumes/SeagateBackupPlusDrive/1stChoice/TNG/tiff/2014/08/1203858105.tif here
cp /Volumes/SeagateBackupPlusDrive/1stChoice/TNG/tiff/2014/08/1203858105.tif /Volumes/SeagateBackupPlusDrive/1stChoice/TNG/tiffCurrent/null/
08/29/2014
Caught: java.io.FileNotFoundException: /Volumes/SeagateBackupPlusDrive/1stChoice/TNG/tiffCurrent/404/Indexes.txt (No such file or directory)
java.io.FileNotFoundException: /Volumes/SeagateBackupPlusDrive/1stChoice/TNG/tiffCurrent/404/Indexes.txt (No such file or directory)
	at tif_generation$_run_closure5.doCall(tif_generation.groovy:346)
	at tif_generation.run(tif_generation.groovy:311)
9
08/20/2014
1874862071
1874866157
1874865757
1874867357
1874867257
1874867157
1874867057
1874866057
1874865957
1874865857
1874865657
1874864257
1874864157
1874863757
1874864957
1874864857
1874864557
1874864457
1874864357
1874864057
1874863957
1874863857
1303237907
1874883257
1303238907
1303237307
1874853157
1303238407
1303216307
1302627007
1874882857
1303239107
1874882757
1302626907
1303216207
1874882657
1874883357
1303237407
1875844443
1303238707
1303238507
1874880157
1874853357
1303087507
1874783611
1299610407
1299610107
1303236907
1303088507
1874882957
1303086607
1874802511
1874789911
1874783811
1874783911
1303237607
1874871257
1874883057
1874881357
1874879957
1303087707
1303215707
1302626407
1874784111
1300400707
1299608507
1874881057
1874883157
1303086907
1303237007
1874872957
1303239007
1303240507
1303241807
1303240307
1303240607
1303242407
1303242307
1303240807
1303249107
1303237807
1303239207
1303234707
1303239307
1303237507
1875803435
1876034050
1876033550
1303215307
1302626007
1874802611
1874802233
1874802033
1874801933
1874801611
1874801433
1874801311
1874801111
1874800833
1874800733
1303088407
1303231007
1303237707
1874872757
1874854157
1303238107
1874875057
1876033150
1874872657
1303238307
1303215807
1303215007
1302625707
1874880857
1303215507
1874790911
1876495611
1874791011
1300400007
1299607807
1302626507
1302626207
1876036050
1874872357
1303086807
1303087807
1876026650
1303214707
1303238807
1303088007
1876035950
1876035850
1876033250
1876026750
1874883557
1303215107
1302625807
1302625407
1874883657
1303237207
1874872157
1874872257
1303087607
1874874857
1876028850
1876026950
1874880557
1303215907
1302626607
1875851356
1874789211
1874789511
1874925257
1875849743
1303087207
1874883457
1876029550
1876033750
1874871957
1875813835
1876033650
1876029050
1876027250
1875803335
1875852956
1303087007
1874871857
1874872057
1303088207
1874874757
1874853957
1874880457
1876028950
1876027050
1874871657
1874880357
1875853056
1875918139
1874802433
1874790311
1300400507
1299608307
1874884257
1874880257
1874801733
1874789411
1876495511
1874790411
1874874657
1874871757
1303086707
1876033950
1876027450
1874802311
1874802133
1874801833
1874789311
1874790711
1303088307
1876033850
1876029250
1874874557
1874879857
1874801511
1874789611
1874789811
1874790811
1876028550
1876029150
1303214807
1302625507
1303087307
1874880057
1876034150
1876030650
1876030550
1303087907
1876028250
1876030050
1876029950
1874853557
1874925157
1874883757
1303086307
1876028450
1303087407
1874884057
1876029850
1876029750
1876029650
1876029450
1876029350
1874874257
1874871157
1875796535
1303088607
1874879657
1874873957
1874801011
1874800933
1874790111
1874871457
1301806707
1876027650
1874873857
1303214907
1302625607
1300985907
1874879457
1303084707
1874871357
1874873757
1874800633
1874790611
1874879757
1303085907
1874873657
1876011850
1874873557
1874790511
1303086407
1876027850
1303088107
1303084907
1874874157
1876027750
1874801211
1874790211
1303087107
1302626807
1303216107
1874871557
1876030250
1874874057
1303085007
1874799611
1876495711
1874791111
1876724411
---0% --------20% --------40% --------60% --------80% --------100% -----/Volumes/SeagateBackupPlusDrive/1stChoice/TNG/tiff/2014/08/1874862071.tif here
cp /Volumes/SeagateBackupPlusDrive/1stChoice/TNG/tiff/2014/08/1874862071.tif /Volumes/SeagateBackupPlusDrive/1stChoice/TNG/tiffCurrent/ATL/
08/29/2014
/Volumes/SeagateBackupPlusDrive/1stChoice/TNG/tiff/2014/08/1874866157.tif here
cp /Volumes/SeagateBackupPlusDrive/1stChoice/TNG/tiff/2014/08/1874866157.tif /Volumes/SeagateBackupPlusDrive/1stChoice/TNG/tiffCurrent/ATL/
08/29/2014
/Volumes/SeagateBackupPlusDrive/1stChoice/TNG/tiff/2014/08/1874865757.tif here
cp /Volumes/SeagateBackupPlusDrive/1stChoice/TNG/tiff/2014/08/1874865757.tif /Volumes/SeagateBackupPlusDrive/1stChoice/TNG/tiffCurrent/ATL/
08/29/2014
/Volumes/SeagateBackupPlusDrive/1stChoice/TNG/tiff/2014/08/1874867357.tif here
cp /Volumes/SeagateBackupPlusDrive/1stChoice/TNG/tiff/2014/08/1874867357.tif /Volumes/SeagateBackupPlusDrive/1stChoice/TNG/tiffCurrent/ATL/
08/29/2014
/Volumes/SeagateBackupPlusDrive/1stChoice/TNG/tiff/2014/08/1874867257.tif here
cp /Volumes/SeagateBackupPlusDrive/1stChoice/TNG/tiff/2014/08/1874867257.tif /Volumes/SeagateBackupPlusDrive/1stChoice/TNG/tiffCurrent/ATL/
08/29/2014
/Volumes/SeagateBackupPlusDrive/1stChoice/TNG/tiff/2014/08/1874867157.tif here
cp /Volumes/SeagateBackupPlusDrive/1stChoice/TNG/tiff/2014/08/1874867157.tif /Volumes/SeagateBackupPlusDrive/1stChoice/TNG/tiffCurrent/ATL/
08/29/2014
/Volumes/SeagateBackupPlusDrive/1stChoice/TNG/tiff/2014/08/1874867057.tif here
cp /Volumes/SeagateBackupPlusDrive/1stChoice/TNG/tiff/2014/08/1874867057.tif /Volumes/SeagateBackupPlusDrive/1stChoice/TNG/tiffCurrent/ATL/
08/29/2014
/Volumes/SeagateBackupPlusDrive/1stChoice/TNG/tiff/2014/08/1874866057.tif here
cp /Volumes/SeagateBackupPlusDrive/1stChoice/TNG/tiff/2014/08/1874866057.tif /Volumes/SeagateBackupPlusDrive/1stChoice/TNG/tiffCurrent/ATL/
08/29/2014
/Volumes/SeagateBackupPlusDrive/1stChoice/TNG/tiff/2014/08/1874865957.tif here
cp /Volumes/SeagateBackupPlusDrive/1stChoice/TNG/tiff/2014/08/1874865957.tif /Volumes/SeagateBackupPlusDrive/1stChoice/TNG/tiffCurrent/ATL/
08/29/2014
/Volumes/SeagateBackupPlusDrive/1stChoice/TNG/tiff/2014/08/1874865857.tif here
cp /Volumes/SeagateBackupPlusDrive/1stChoice/TNG/tiff/2014/08/1874865857.tif /Volumes/SeagateBackupPlusDrive/1stChoice/TNG/tiffCurrent/ATL/
08/29/2014
/Volumes/SeagateBackupPlusDrive/1stChoice/TNG/tiff/2014/08/1874865657.tif here
cp /Volumes/SeagateBackupPlusDrive/1stChoice/TNG/tiff/2014/08/1874865657.tif /Volumes/SeagateBackupPlusDrive/1stChoice/TNG/tiffCurrent/ATL/
08/29/2014
/Volumes/SeagateBackupPlusDrive/1stChoice/TNG/tiff/2014/08/1874864257.tif here
cp /Volumes/SeagateBackupPlusDrive/1stChoice/TNG/tiff/2014/08/1874864257.tif /Volumes/SeagateBackupPlusDrive/1stChoice/TNG/tiffCurrent/ATL/
08/29/2014
/Volumes/SeagateBackupPlusDrive/1stChoice/TNG/tiff/2014/08/1874864157.tif here
cp /Volumes/SeagateBackupPlusDrive/1stChoice/TNG/tiff/2014/08/1874864157.tif /Volumes/SeagateBackupPlusDrive/1stChoice/TNG/tiffCurrent/ATL/
08/29/2014
/Volumes/SeagateBackupPlusDrive/1stChoice/TNG/tiff/2014/08/1874863757.tif here
cp /Volumes/SeagateBackupPlusDrive/1stChoice/TNG/tiff/2014/08/1874863757.tif /Volumes/SeagateBackupPlusDrive/1stChoice/TNG/tiffCurrent/ATL/
08/29/2014
/Volumes/SeagateBackupPlusDrive/1stChoice/TNG/tiff/2014/08/1874864957.tif here
cp /Volumes/SeagateBackupPlusDrive/1stChoice/TNG/tiff/2014/08/1874864957.tif /Volumes/SeagateBackupPlusDrive/1stChoice/TNG/tiffCurrent/ATL/
08/29/2014
/Volumes/SeagateBackupPlusDrive/1stChoice/TNG/tiff/2014/08/1874864857.tif here
cp /Volumes/SeagateBackupPlusDrive/1stChoice/TNG/tiff/2014/08/1874864857.tif /Volumes/SeagateBackupPlusDrive/1stChoice/TNG/tiffCurrent/ATL/
08/29/2014
/Volumes/SeagateBackupPlusDrive/1stChoice/TNG/tiff/2014/08/1874864557.tif here
cp /Volumes/SeagateBackupPlusDrive/1stChoice/TNG/tiff/2014/08/1874864557.tif /Volumes/SeagateBackupPlusDrive/1stChoice/TNG/tiffCurrent/ATL/
08/29/2014
/Volumes/SeagateBackupPlusDrive/1stChoice/TNG/tiff/2014/08/1874864457.tif here
cp /Volumes/SeagateBackupPlusDrive/1stChoice/TNG/tiff/2014/08/1874864457.tif /Volumes/SeagateBackupPlusDrive/1stChoice/TNG/tiffCurrent/ATL/
08/29/2014
/Volumes/SeagateBackupPlusDrive/1stChoice/TNG/tiff/2014/08/1874864357.tif here
cp /Volumes/SeagateBackupPlusDrive/1stChoice/TNG/tiff/2014/08/1874864357.tif /Volumes/SeagateBackupPlusDrive/1stChoice/TNG/tiffCurrent/ATL/
08/29/2014
/Volumes/SeagateBackupPlusDrive/1stChoice/TNG/tiff/2014/08/1874864057.tif here
cp /Volumes/SeagateBackupPlusDrive/1stChoice/TNG/tiff/2014/08/1874864057.tif /Volumes/SeagateBackupPlusDrive/1stChoice/TNG/tiffCurrent/ATL/
08/29/2014
/Volumes/SeagateBackupPlusDrive/1stChoice/TNG/tiff/2014/08/1874863957.tif here
cp /Volumes/SeagateBackupPlusDrive/1stChoice/TNG/tiff/2014/08/1874863957.tif /Volumes/SeagateBackupPlusDrive/1stChoice/TNG/tiffCurrent/ATL/
08/29/2014
/Volumes/SeagateBackupPlusDrive/1stChoice/TNG/tiff/2014/08/1874863857.tif here
cp /Volumes/SeagateBackupPlusDrive/1stChoice/TNG/tiff/2014/08/1874863857.tif /Volumes/SeagateBackupPlusDrive/1stChoice/TNG/tiffCurrent/ATL/
08/29/2014
/Volumes/SeagateBackupPlusDrive/1stChoice/TNG/tiff/2014/08/1303237907.tif here
cp /Volumes/SeagateBackupPlusDrive/1stChoice/TNG/tiff/2014/08/1303237907.tif /Volumes/SeagateBackupPlusDrive/1stChoice/TNG/tiffCurrent/JAK/
08/29/2014
/Volumes/SeagateBackupPlusDrive/1stChoice/TNG/tiff/2014/08/1874883257.tif here
cp /Volumes/SeagateBackupPlusDrive/1stChoice/TNG/tiff/2014/08/1874883257.tif /Volumes/SeagateBackupPlusDrive/1stChoice/TNG/tiffCurrent/ATL/
08/29/2014
/Volumes/SeagateBackupPlusDrive/1stChoice/TNG/tiff/2014/08/1303238907.tif here
cp /Volumes/SeagateBackupPlusDrive/1stChoice/TNG/tiff/2014/08/1303238907.tif /Volumes/SeagateBackupPlusDrive/1stChoice/TNG/tiffCurrent/JAK/
08/29/2014
/Volumes/SeagateBackupPlusDrive/1stChoice/TNG/tiff/2014/08/1303237307.tif here
cp /Volumes/SeagateBackupPlusDrive/1stChoice/TNG/tiff/2014/08/1303237307.tif /Volumes/SeagateBackupPlusDrive/1stChoice/TNG/tiffCurrent/JAK/
08/29/2014
/Volumes/SeagateBackupPlusDrive/1stChoice/TNG/tiff/2014/08/1874853157.tif here
cp /Volumes/SeagateBackupPlusDrive/1stChoice/TNG/tiff/2014/08/1874853157.tif /Volumes/SeagateBackupPlusDrive/1stChoice/TNG/tiffCurrent/ATL/
08/29/2014
/Volumes/SeagateBackupPlusDrive/1stChoice/TNG/tiff/2014/08/1303238407.tif here
cp /Volumes/SeagateBackupPlusDrive/1stChoice/TNG/tiff/2014/08/1303238407.tif /Volumes/SeagateBackupPlusDrive/1stChoice/TNG/tiffCurrent/JAK/
08/29/2014
/Volumes/SeagateBackupPlusDrive/1stChoice/TNG/tiff/2014/08/1303216307.tif here
cp /Volumes/SeagateBackupPlusDrive/1stChoice/TNG/tiff/2014/08/1303216307.tif /Volumes/SeagateBackupPlusDrive/1stChoice/TNG/tiffCurrent/JAK/
08/29/2014
/Volumes/SeagateBackupPlusDrive/1stChoice/TNG/tiff/2014/08/1302627007.tif here
cp /Volumes/SeagateBackupPlusDrive/1stChoice/TNG/tiff/2014/08/1302627007.tif /Volumes/SeagateBackupPlusDrive/1stChoice/TNG/tiffCurrent/JAK/
08/29/2014
/Volumes/SeagateBackupPlusDrive/1stChoice/TNG/tiff/2014/08/1874882857.tif here
cp /Volumes/SeagateBackupPlusDrive/1stChoice/TNG/tiff/2014/08/1874882857.tif /Volumes/SeagateBackupPlusDrive/1stChoice/TNG/tiffCurrent/ATL/
08/29/2014
/Volumes/SeagateBackupPlusDrive/1stChoice/TNG/tiff/2014/08/1303239107.tif here
cp /Volumes/SeagateBackupPlusDrive/1stChoice/TNG/tiff/2014/08/1303239107.tif /Volumes/SeagateBackupPlusDrive/1stChoice/TNG/tiffCurrent/JAK/
08/29/2014
/Volumes/SeagateBackupPlusDrive/1stChoice/TNG/tiff/2014/08/1874882757.tif here
cp /Volumes/SeagateBackupPlusDrive/1stChoice/TNG/tiff/2014/08/1874882757.tif /Volumes/SeagateBackupPlusDrive/1stChoice/TNG/tiffCurrent/ATL/
08/29/2014
/Volumes/SeagateBackupPlusDrive/1stChoice/TNG/tiff/2014/08/1302626907.tif here
cp /Volumes/SeagateBackupPlusDrive/1stChoice/TNG/tiff/2014/08/1302626907.tif /Volumes/SeagateBackupPlusDrive/1stChoice/TNG/tiffCurrent/JAK/
08/29/2014
/Volumes/SeagateBackupPlusDrive/1stChoice/TNG/tiff/2014/08/1303216207.tif here
cp /Volumes/SeagateBackupPlusDrive/1stChoice/TNG/tiff/2014/08/1303216207.tif /Volumes/SeagateBackupPlusDrive/1stChoice/TNG/tiffCurrent/JAK/
08/29/2014
/Volumes/SeagateBackupPlusDrive/1stChoice/TNG/tiff/2014/08/1874882657.tif here
cp /Volumes/SeagateBackupPlusDrive/1stChoice/TNG/tiff/2014/08/1874882657.tif /Volumes/SeagateBackupPlusDrive/1stChoice/TNG/tiffCurrent/ATL/
08/29/2014
/Volumes/SeagateBackupPlusDrive/1stChoice/TNG/tiff/2014/08/1874883357.tif here
cp /Volumes/SeagateBackupPlusDrive/1stChoice/TNG/tiff/2014/08/1874883357.tif /Volumes/SeagateBackupPlusDrive/1stChoice/TNG/tiffCurrent/ATL/
08/29/2014
/Volumes/SeagateBackupPlusDrive/1stChoice/TNG/tiff/2014/08/1303237407.tif here
cp /Volumes/SeagateBackupPlusDrive/1stChoice/TNG/tiff/2014/08/1303237407.tif /Volumes/SeagateBackupPlusDrive/1stChoice/TNG/tiffCurrent/JAK/
08/29/2014
/Volumes/SeagateBackupPlusDrive/1stChoice/TNG/tiff/2014/08/1875844443.tif here
cp /Volumes/SeagateBackupPlusDrive/1stChoice/TNG/tiff/2014/08/1875844443.tif /Volumes/SeagateBackupPlusDrive/1stChoice/TNG/tiffCurrent/ATL/
08/29/2014
/Volumes/SeagateBackupPlusDrive/1stChoice/TNG/tiff/2014/08/1303238707.tif here
cp /Volumes/SeagateBackupPlusDrive/1stChoice/TNG/tiff/2014/08/1303238707.tif /Volumes/SeagateBackupPlusDrive/1stChoice/TNG/tiffCurrent/JAK/
08/29/2014
/Volumes/SeagateBackupPlusDrive/1stChoice/TNG/tiff/2014/08/1303238507.tif here
cp /Volumes/SeagateBackupPlusDrive/1stChoice/TNG/tiff/2014/08/1303238507.tif /Volumes/SeagateBackupPlusDrive/1stChoice/TNG/tiffCurrent/JAK/
08/29/2014
/Volumes/SeagateBackupPlusDrive/1stChoice/TNG/tiff/2014/08/1874880157.tif here
cp /Volumes/SeagateBackupPlusDrive/1stChoice/TNG/tiff/2014/08/1874880157.tif /Volumes/SeagateBackupPlusDrive/1stChoice/TNG/tiffCurrent/ATL/
08/29/2014
/Volumes/SeagateBackupPlusDrive/1stChoice/TNG/tiff/2014/08/1874853357.tif here
cp /Volumes/SeagateBackupPlusDrive/1stChoice/TNG/tiff/2014/08/1874853357.tif /Volumes/SeagateBackupPlusDrive/1stChoice/TNG/tiffCurrent/ATL/
08/29/2014
/Volumes/SeagateBackupPlusDrive/1stChoice/TNG/tiff/2014/08/1303087507.tif here
cp /Volumes/SeagateBackupPlusDrive/1stChoice/TNG/tiff/2014/08/1303087507.tif /Volumes/SeagateBackupPlusDrive/1stChoice/TNG/tiffCurrent/JAK/
08/29/2014
/Volumes/SeagateBackupPlusDrive/1stChoice/TNG/tiff/2014/08/1874783611.tif here
cp /Volumes/SeagateBackupPlusDrive/1stChoice/TNG/tiff/2014/08/1874783611.tif /Volumes/SeagateBackupPlusDrive/1stChoice/TNG/tiffCurrent/ATL/
08/29/2014
/Volumes/SeagateBackupPlusDrive/1stChoice/TNG/tiff/2014/08/1299610407.tif here
cp /Volumes/SeagateBackupPlusDrive/1stChoice/TNG/tiff/2014/08/1299610407.tif /Volumes/SeagateBackupPlusDrive/1stChoice/TNG/tiffCurrent/JAK/
08/29/2014
/Volumes/SeagateBackupPlusDrive/1stChoice/TNG/tiff/2014/08/1299610107.tif here
cp /Volumes/SeagateBackupPlusDrive/1stChoice/TNG/tiff/2014/08/1299610107.tif /Volumes/SeagateBackupPlusDrive/1stChoice/TNG/tiffCurrent/JAK/
08/29/2014
/Volumes/SeagateBackupPlusDrive/1stChoice/TNG/tiff/2014/08/1303236907.tif here
cp /Volumes/SeagateBackupPlusDrive/1stChoice/TNG/tiff/2014/08/1303236907.tif /Volumes/SeagateBackupPlusDrive/1stChoice/TNG/tiffCurrent/JAK/
08/29/2014
/Volumes/SeagateBackupPlusDrive/1stChoice/TNG/tiff/2014/08/1303088507.tif here
cp /Volumes/SeagateBackupPlusDrive/1stChoice/TNG/tiff/2014/08/1303088507.tif /Volumes/SeagateBackupPlusDrive/1stChoice/TNG/tiffCurrent/JAK/
08/29/2014
/Volumes/SeagateBackupPlusDrive/1stChoice/TNG/tiff/2014/08/1874882957.tif here
cp /Volumes/SeagateBackupPlusDrive/1stChoice/TNG/tiff/2014/08/1874882957.tif /Volumes/SeagateBackupPlusDrive/1stChoice/TNG/tiffCurrent/ATL/
08/29/2014
/Volumes/SeagateBackupPlusDrive/1stChoice/TNG/tiff/2014/08/1303086607.tif here
cp /Volumes/SeagateBackupPlusDrive/1stChoice/TNG/tiff/2014/08/1303086607.tif /Volumes/SeagateBackupPlusDrive/1stChoice/TNG/tiffCurrent/JAK/
08/29/2014
/Volumes/SeagateBackupPlusDrive/1stChoice/TNG/tiff/2014/08/1874802511.tif here
cp /Volumes/SeagateBackupPlusDrive/1stChoice/TNG/tiff/2014/08/1874802511.tif /Volumes/SeagateBackupPlusDrive/1stChoice/TNG/tiffCurrent/ATL/
08/29/2014
/Volumes/SeagateBackupPlusDrive/1stChoice/TNG/tiff/2014/08/1874789911.tif here
cp /Volumes/SeagateBackupPlusDrive/1stChoice/TNG/tiff/2014/08/1874789911.tif /Volumes/SeagateBackupPlusDrive/1stChoice/TNG/tiffCurrent/ATL/
08/29/2014
/Volumes/SeagateBackupPlusDrive/1stChoice/TNG/tiff/2014/08/1874783811.tif here
cp /Volumes/SeagateBackupPlusDrive/1stChoice/TNG/tiff/2014/08/1874783811.tif /Volumes/SeagateBackupPlusDrive/1stChoice/TNG/tiffCurrent/ATL/
08/29/2014
/Volumes/SeagateBackupPlusDrive/1stChoice/TNG/tiff/2014/08/1874783911.tif here
cp /Volumes/SeagateBackupPlusDrive/1stChoice/TNG/tiff/2014/08/1874783911.tif /Volumes/SeagateBackupPlusDrive/1stChoice/TNG/tiffCurrent/ATL/
08/29/2014
/Volumes/SeagateBackupPlusDrive/1stChoice/TNG/tiff/2014/08/1303237607.tif here
cp /Volumes/SeagateBackupPlusDrive/1stChoice/TNG/tiff/2014/08/1303237607.tif /Volumes/SeagateBackupPlusDrive/1stChoice/TNG/tiffCurrent/JAK/
08/29/2014
/Volumes/SeagateBackupPlusDrive/1stChoice/TNG/tiff/2014/08/1874871257.tif here
cp /Volumes/SeagateBackupPlusDrive/1stChoice/TNG/tiff/2014/08/1874871257.tif /Volumes/SeagateBackupPlusDrive/1stChoice/TNG/tiffCurrent/ATL/
08/29/2014
/Volumes/SeagateBackupPlusDrive/1stChoice/TNG/tiff/2014/08/1874883057.tif here
cp /Volumes/SeagateBackupPlusDrive/1stChoice/TNG/tiff/2014/08/1874883057.tif /Volumes/SeagateBackupPlusDrive/1stChoice/TNG/tiffCurrent/ATL/
08/29/2014
/Volumes/SeagateBackupPlusDrive/1stChoice/TNG/tiff/2014/08/1874881357.tif here
cp /Volumes/SeagateBackupPlusDrive/1stChoice/TNG/tiff/2014/08/1874881357.tif /Volumes/SeagateBackupPlusDrive/1stChoice/TNG/tiffCurrent/ATL/
08/29/2014
/Volumes/SeagateBackupPlusDrive/1stChoice/TNG/tiff/2014/08/1874879957.tif here
cp /Volumes/SeagateBackupPlusDrive/1stChoice/TNG/tiff/2014/08/1874879957.tif /Volumes/SeagateBackupPlusDrive/1stChoice/TNG/tiffCurrent/ATL/
08/29/2014
/Volumes/SeagateBackupPlusDrive/1stChoice/TNG/tiff/2014/08/1303087707.tif here
cp /Volumes/SeagateBackupPlusDrive/1stChoice/TNG/tiff/2014/08/1303087707.tif /Volumes/SeagateBackupPlusDrive/1stChoice/TNG/tiffCurrent/JAK/
08/29/2014
/Volumes/SeagateBackupPlusDrive/1stChoice/TNG/tiff/2014/08/1303215707.tif here
cp /Volumes/SeagateBackupPlusDrive/1stChoice/TNG/tiff/2014/08/1303215707.tif /Volumes/SeagateBackupPlusDrive/1stChoice/TNG/tiffCurrent/JAK/
08/29/2014
/Volumes/SeagateBackupPlusDrive/1stChoice/TNG/tiff/2014/08/1302626407.tif here
cp /Volumes/SeagateBackupPlusDrive/1stChoice/TNG/tiff/2014/08/1302626407.tif /Volumes/SeagateBackupPlusDrive/1stChoice/TNG/tiffCurrent/JAK/
08/29/2014
/Volumes/SeagateBackupPlusDrive/1stChoice/TNG/tiff/2014/08/1874784111.tif here
cp /Volumes/SeagateBackupPlusDrive/1stChoice/TNG/tiff/2014/08/1874784111.tif /Volumes/SeagateBackupPlusDrive/1stChoice/TNG/tiffCurrent/ATL/
08/29/2014
/Volumes/SeagateBackupPlusDrive/1stChoice/TNG/tiff/2014/08/1300400707.tif here
cp /Volumes/SeagateBackupPlusDrive/1stChoice/TNG/tiff/2014/08/1300400707.tif /Volumes/SeagateBackupPlusDrive/1stChoice/TNG/tiffCurrent/JAK/
08/29/2014
/Volumes/SeagateBackupPlusDrive/1stChoice/TNG/tiff/2014/08/1299608507.tif here
cp /Volumes/SeagateBackupPlusDrive/1stChoice/TNG/tiff/2014/08/1299608507.tif /Volumes/SeagateBackupPlusDrive/1stChoice/TNG/tiffCurrent/JAK/
08/29/2014
/Volumes/SeagateBackupPlusDrive/1stChoice/TNG/tiff/2014/08/1874881057.tif here
cp /Volumes/SeagateBackupPlusDrive/1stChoice/TNG/tiff/2014/08/1874881057.tif /Volumes/SeagateBackupPlusDrive/1stChoice/TNG/tiffCurrent/ATL/
08/29/2014
/Volumes/SeagateBackupPlusDrive/1stChoice/TNG/tiff/2014/08/1874883157.tif here
cp /Volumes/SeagateBackupPlusDrive/1stChoice/TNG/tiff/2014/08/1874883157.tif /Volumes/SeagateBackupPlusDrive/1stChoice/TNG/tiffCurrent/ATL/
08/29/2014
/Volumes/SeagateBackupPlusDrive/1stChoice/TNG/tiff/2014/08/1303086907.tif here
cp /Volumes/SeagateBackupPlusDrive/1stChoice/TNG/tiff/2014/08/1303086907.tif /Volumes/SeagateBackupPlusDrive/1stChoice/TNG/tiffCurrent/JAK/
08/29/2014
/Volumes/SeagateBackupPlusDrive/1stChoice/TNG/tiff/2014/08/1303237007.tif here
cp /Volumes/SeagateBackupPlusDrive/1stChoice/TNG/tiff/2014/08/1303237007.tif /Volumes/SeagateBackupPlusDrive/1stChoice/TNG/tiffCurrent/JAK/
08/29/2014
/Volumes/SeagateBackupPlusDrive/1stChoice/TNG/tiff/2014/08/1874872957.tif here
cp /Volumes/SeagateBackupPlusDrive/1stChoice/TNG/tiff/2014/08/1874872957.tif /Volumes/SeagateBackupPlusDrive/1stChoice/TNG/tiffCurrent/ATL/
08/29/2014
/Volumes/SeagateBackupPlusDrive/1stChoice/TNG/tiff/2014/08/1303239007.tif here
cp /Volumes/SeagateBackupPlusDrive/1stChoice/TNG/tiff/2014/08/1303239007.tif /Volumes/SeagateBackupPlusDrive/1stChoice/TNG/tiffCurrent/JAK/
08/29/2014
/Volumes/SeagateBackupPlusDrive/1stChoice/TNG/tiff/2014/08/1303240507.tif here
cp /Volumes/SeagateBackupPlusDrive/1stChoice/TNG/tiff/2014/08/1303240507.tif /Volumes/SeagateBackupPlusDrive/1stChoice/TNG/tiffCurrent/null/
08/29/2014
Caught: java.io.FileNotFoundException: /Volumes/SeagateBackupPlusDrive/1stChoice/TNG/tiffCurrent/404/Indexes.txt (No such file or directory)
java.io.FileNotFoundException: /Volumes/SeagateBackupPlusDrive/1stChoice/TNG/tiffCurrent/404/Indexes.txt (No such file or directory)
	at tif_generation$_run_closure5.doCall(tif_generation.groovy:346)
	at tif_generation.run(tif_generation.groovy:311)
10
08/19/2014
1874895357
Caught: java.lang.NullPointerException
java.lang.NullPointerException
	at org.xhtmlrenderer.layout.SharedContext.<init>(SharedContext.java:110)
	at org.xhtmlrenderer.pdf.ITextRenderer.<init>(ITextRenderer.java:111)
	at org.xhtmlrenderer.pdf.ITextRenderer.<init>(ITextRenderer.java:102)
	at tif_generation$_run_closure2.doCall(tif_generation.groovy:204)
	at tif_generation.run(tif_generation.groovy:179)
11
08/18/2014
1874859657
Caught: java.lang.NullPointerException
java.lang.NullPointerException
	at org.xhtmlrenderer.layout.SharedContext.<init>(SharedContext.java:110)
	at org.xhtmlrenderer.pdf.ITextRenderer.<init>(ITextRenderer.java:111)
	at org.xhtmlrenderer.pdf.ITextRenderer.<init>(ITextRenderer.java:102)
	at tif_generation$_run_closure2.doCall(tif_generation.groovy:204)
	at tif_generation.run(tif_generation.groovy:179)
12
08/17/2014
1875913635
Caught: java.lang.NullPointerException
java.lang.NullPointerException
	at org.xhtmlrenderer.layout.SharedContext.<init>(SharedContext.java:110)
	at org.xhtmlrenderer.pdf.ITextRenderer.<init>(ITextRenderer.java:111)
	at org.xhtmlrenderer.pdf.ITextRenderer.<init>(ITextRenderer.java:102)
	at tif_generation$_run_closure2.doCall(tif_generation.groovy:204)
	at tif_generation.run(tif_generation.groovy:179)
13
08/16/2014
1874783211
Caught: java.lang.NullPointerException
java.lang.NullPointerException
	at org.xhtmlrenderer.layout.SharedContext.<init>(SharedContext.java:110)
	at org.xhtmlrenderer.pdf.ITextRenderer.<init>(ITextRenderer.java:111)
	at org.xhtmlrenderer.pdf.ITextRenderer.<init>(ITextRenderer.java:102)
	at tif_generation$_run_closure2.doCall(tif_generation.groovy:204)
	at tif_generation.run(tif_generation.groovy:179)
