7
08/15/2014



























































































































































































Caught: java.io.FileNotFoundException: pdf/bad/1147882903.pdf (No such file or directory)
java.io.FileNotFoundException: pdf/bad/1147882903.pdf (No such file or directory)
	at tif_generation_MarkIII$_run_closure2.doCall(tif_generation_MarkIII.groovy:215)
	at tif_generation_MarkIII.run(tif_generation_MarkIII.groovy:192)
8
08/14/2014



































































































































































































































































































































































































































































































Caught: java.io.FileNotFoundException: pdf/bad/1203615005.pdf (No such file or directory)
java.io.FileNotFoundException: pdf/bad/1203615005.pdf (No such file or directory)
	at tif_generation_MarkIII$_run_closure2.doCall(tif_generation_MarkIII.groovy:215)
	at tif_generation_MarkIII.run(tif_generation_MarkIII.groovy:192)
9
08/13/2014
---0%------20%------40%------60%------80%---10
08/12/2014
---0%------20%------40%------60%------80%------100%---11
08/11/2014




Caught: java.io.FileNotFoundException: pdf/bad/1301089907.pdf (No such file or directory)
java.io.FileNotFoundException: pdf/bad/1301089907.pdf (No such file or directory)
	at tif_generation_MarkIII$_run_closure2.doCall(tif_generation_MarkIII.groovy:215)
	at tif_generation_MarkIII.run(tif_generation_MarkIII.groovy:192)
12
08/10/2014
13
08/09/2014
