7
06/20/2014
1860101603
1860878310
1860878710
1860879110
1860879310
1860880010
1860878410
1860880110
1860878610
1860405804
1860879410
1860403704
1860400804
1860405704
             87
1860403604
1860880310
1860400704
1860878810
1860405604
1860879210
1860880210
             86
1860879010
1860876303
1860405504
1860878910
1860400604
1860876403
1860405404
1860876103
1860403304
1860878510
1860405304
1860363103
1860400504
1860403204
1860405204
1860876203
1860400404
6015042102
1860405104
1860400304
1860363303
1860403504
1860364903
1860362903
1860375612
1311221202
1860400204
1860403004
1860386412
1860402804
1860405004
1860363703
1860385612
1860404904
1311221102
1311221002
1311220702
1860363903
1860400104
1860386512
1860402504
1860404804
1860386112
1860842703
1860876503
1860363803
1860373212
1860402404
1860364103
1860399904
1311220802
1311220902
1860400004
1860364003
1860377112
1860386612
1860373312
1860402304
1860399804
1860883112
1860363603
1860102803
1311220602
1860376512
1860385912
1860399704
1860386712
1860402104
1860404304
1860363403
1311220502
1860399604
1860876003
1860883212
1860404204
1860376712
1860401304
1860363503
1860404104
1860376612
1860404004
1860880610
1860880510
1860363203
1860879910
1860879810
1860386012
1860401404
1860375712
1860376912
1860880410
1860401504
1860386812
1860365003
1860377012
1860362603
1860100803
1860842603
1860376812
1860386912
1860875803
1860362503
1860376412
1860101803
1860879710
1860387012
1860100603
1860875703
1860364203
1860100703
1860362003
1860403904
1860404504
1860404404
1860404604
1860403804
1860404704
1860385812
1860362103
1860361803
1860361903
1860361603
1860361503
1860361703
1311210702
1311210502
---0% --------20% --------40% --------60% --------80% --------100% -----/u/1stChoice/Share/TNG/tiff/2014/06/1860101603.tif here
cp /u/1stChoice/Share/TNG/tiff/2014/06/1860101603.tif /u/1stChoice/Share/TNG/tiffCurrent/ATL/
06/27/2014
/u/1stChoice/Share/TNG/tiff/2014/06/1860878310.tif here
cp /u/1stChoice/Share/TNG/tiff/2014/06/1860878310.tif /u/1stChoice/Share/TNG/tiffCurrent/ATL/
06/27/2014
/u/1stChoice/Share/TNG/tiff/2014/06/1860878710.tif here
cp /u/1stChoice/Share/TNG/tiff/2014/06/1860878710.tif /u/1stChoice/Share/TNG/tiffCurrent/ATL/
06/27/2014
/u/1stChoice/Share/TNG/tiff/2014/06/1860879110.tif here
cp /u/1stChoice/Share/TNG/tiff/2014/06/1860879110.tif /u/1stChoice/Share/TNG/tiffCurrent/ATL/
06/27/2014
/u/1stChoice/Share/TNG/tiff/2014/06/1860879310.tif here
cp /u/1stChoice/Share/TNG/tiff/2014/06/1860879310.tif /u/1stChoice/Share/TNG/tiffCurrent/ATL/
06/27/2014
/u/1stChoice/Share/TNG/tiff/2014/06/1860880010.tif here
cp /u/1stChoice/Share/TNG/tiff/2014/06/1860880010.tif /u/1stChoice/Share/TNG/tiffCurrent/ATL/
06/27/2014
/u/1stChoice/Share/TNG/tiff/2014/06/1860878410.tif here
cp /u/1stChoice/Share/TNG/tiff/2014/06/1860878410.tif /u/1stChoice/Share/TNG/tiffCurrent/ATL/
06/27/2014
/u/1stChoice/Share/TNG/tiff/2014/06/1860880110.tif here
cp /u/1stChoice/Share/TNG/tiff/2014/06/1860880110.tif /u/1stChoice/Share/TNG/tiffCurrent/ATL/
06/27/2014
/u/1stChoice/Share/TNG/tiff/2014/06/1860878610.tif here
cp /u/1stChoice/Share/TNG/tiff/2014/06/1860878610.tif /u/1stChoice/Share/TNG/tiffCurrent/ATL/
06/27/2014
/u/1stChoice/Share/TNG/tiff/2014/06/1860405804.tif here
cp /u/1stChoice/Share/TNG/tiff/2014/06/1860405804.tif /u/1stChoice/Share/TNG/tiffCurrent/ATL/
06/27/2014
/u/1stChoice/Share/TNG/tiff/2014/06/1860879410.tif here
cp /u/1stChoice/Share/TNG/tiff/2014/06/1860879410.tif /u/1stChoice/Share/TNG/tiffCurrent/ATL/
06/27/2014
/u/1stChoice/Share/TNG/tiff/2014/06/1860403704.tif here
cp /u/1stChoice/Share/TNG/tiff/2014/06/1860403704.tif /u/1stChoice/Share/TNG/tiffCurrent/ATL/
06/27/2014
/u/1stChoice/Share/TNG/tiff/2014/06/1860400804.tif here
cp /u/1stChoice/Share/TNG/tiff/2014/06/1860400804.tif /u/1stChoice/Share/TNG/tiffCurrent/ATL/
06/27/2014
/u/1stChoice/Share/TNG/tiff/2014/06/1860405704.tif here
cp /u/1stChoice/Share/TNG/tiff/2014/06/1860405704.tif /u/1stChoice/Share/TNG/tiffCurrent/ATL/
06/27/2014
/u/1stChoice/Share/TNG/tiff/2014/06/             87.tif here
             87
/u/1stChoice/Share/TNG/tiff/2014/06/
/u/1stChoice/Share/TNG/tiff/2014/06//             87.tif
/u/1stChoice/Share/TNG/tiff/2014/06/1860403604.tif here
cp /u/1stChoice/Share/TNG/tiff/2014/06/1860403604.tif /u/1stChoice/Share/TNG/tiffCurrent/ATL/
06/27/2014
/u/1stChoice/Share/TNG/tiff/2014/06/1860880310.tif here
cp /u/1stChoice/Share/TNG/tiff/2014/06/1860880310.tif /u/1stChoice/Share/TNG/tiffCurrent/ATL/
06/27/2014
/u/1stChoice/Share/TNG/tiff/2014/06/1860400704.tif here
cp /u/1stChoice/Share/TNG/tiff/2014/06/1860400704.tif /u/1stChoice/Share/TNG/tiffCurrent/ATL/
06/27/2014
/u/1stChoice/Share/TNG/tiff/2014/06/1860878810.tif here
cp /u/1stChoice/Share/TNG/tiff/2014/06/1860878810.tif /u/1stChoice/Share/TNG/tiffCurrent/ATL/
06/27/2014
/u/1stChoice/Share/TNG/tiff/2014/06/1860405604.tif here
cp /u/1stChoice/Share/TNG/tiff/2014/06/1860405604.tif /u/1stChoice/Share/TNG/tiffCurrent/ATL/
06/27/2014
/u/1stChoice/Share/TNG/tiff/2014/06/1860879210.tif here
cp /u/1stChoice/Share/TNG/tiff/2014/06/1860879210.tif /u/1stChoice/Share/TNG/tiffCurrent/ATL/
06/27/2014
/u/1stChoice/Share/TNG/tiff/2014/06/1860880210.tif here
cp /u/1stChoice/Share/TNG/tiff/2014/06/1860880210.tif /u/1stChoice/Share/TNG/tiffCurrent/ATL/
06/27/2014
/u/1stChoice/Share/TNG/tiff/2014/06/             86.tif here
             86
/u/1stChoice/Share/TNG/tiff/2014/06/
/u/1stChoice/Share/TNG/tiff/2014/06//             86.tif
/u/1stChoice/Share/TNG/tiff/2014/06/1860879010.tif here
cp /u/1stChoice/Share/TNG/tiff/2014/06/1860879010.tif /u/1stChoice/Share/TNG/tiffCurrent/ATL/
06/27/2014
/u/1stChoice/Share/TNG/tiff/2014/06/1860876303.tif here
cp /u/1stChoice/Share/TNG/tiff/2014/06/1860876303.tif /u/1stChoice/Share/TNG/tiffCurrent/ATL/
06/27/2014
/u/1stChoice/Share/TNG/tiff/2014/06/1860405504.tif here
cp /u/1stChoice/Share/TNG/tiff/2014/06/1860405504.tif /u/1stChoice/Share/TNG/tiffCurrent/ATL/
06/27/2014
/u/1stChoice/Share/TNG/tiff/2014/06/1860878910.tif here
cp /u/1stChoice/Share/TNG/tiff/2014/06/1860878910.tif /u/1stChoice/Share/TNG/tiffCurrent/ATL/
06/27/2014
/u/1stChoice/Share/TNG/tiff/2014/06/1860400604.tif here
cp /u/1stChoice/Share/TNG/tiff/2014/06/1860400604.tif /u/1stChoice/Share/TNG/tiffCurrent/ATL/
06/27/2014
/u/1stChoice/Share/TNG/tiff/2014/06/1860876403.tif here
cp /u/1stChoice/Share/TNG/tiff/2014/06/1860876403.tif /u/1stChoice/Share/TNG/tiffCurrent/ATL/
06/27/2014
/u/1stChoice/Share/TNG/tiff/2014/06/1860405404.tif here
cp /u/1stChoice/Share/TNG/tiff/2014/06/1860405404.tif /u/1stChoice/Share/TNG/tiffCurrent/ATL/
06/27/2014
/u/1stChoice/Share/TNG/tiff/2014/06/1860876103.tif here
cp /u/1stChoice/Share/TNG/tiff/2014/06/1860876103.tif /u/1stChoice/Share/TNG/tiffCurrent/ATL/
06/27/2014
/u/1stChoice/Share/TNG/tiff/2014/06/1860403304.tif here
cp /u/1stChoice/Share/TNG/tiff/2014/06/1860403304.tif /u/1stChoice/Share/TNG/tiffCurrent/ATL/
06/27/2014
/u/1stChoice/Share/TNG/tiff/2014/06/1860878510.tif here
cp /u/1stChoice/Share/TNG/tiff/2014/06/1860878510.tif /u/1stChoice/Share/TNG/tiffCurrent/ATL/
06/27/2014
/u/1stChoice/Share/TNG/tiff/2014/06/1860405304.tif here
cp /u/1stChoice/Share/TNG/tiff/2014/06/1860405304.tif /u/1stChoice/Share/TNG/tiffCurrent/ATL/
06/27/2014
/u/1stChoice/Share/TNG/tiff/2014/06/1860363103.tif here
cp /u/1stChoice/Share/TNG/tiff/2014/06/1860363103.tif /u/1stChoice/Share/TNG/tiffCurrent/ATL/
06/27/2014
/u/1stChoice/Share/TNG/tiff/2014/06/1860400504.tif here
cp /u/1stChoice/Share/TNG/tiff/2014/06/1860400504.tif /u/1stChoice/Share/TNG/tiffCurrent/ATL/
06/27/2014
/u/1stChoice/Share/TNG/tiff/2014/06/1860403204.tif here
cp /u/1stChoice/Share/TNG/tiff/2014/06/1860403204.tif /u/1stChoice/Share/TNG/tiffCurrent/ATL/
06/27/2014
/u/1stChoice/Share/TNG/tiff/2014/06/1860405204.tif here
cp /u/1stChoice/Share/TNG/tiff/2014/06/1860405204.tif /u/1stChoice/Share/TNG/tiffCurrent/ATL/
06/27/2014
/u/1stChoice/Share/TNG/tiff/2014/06/1860876203.tif here
cp /u/1stChoice/Share/TNG/tiff/2014/06/1860876203.tif /u/1stChoice/Share/TNG/tiffCurrent/ATL/
06/27/2014
/u/1stChoice/Share/TNG/tiff/2014/06/1860400404.tif here
cp /u/1stChoice/Share/TNG/tiff/2014/06/1860400404.tif /u/1stChoice/Share/TNG/tiffCurrent/ATL/
06/27/2014
/u/1stChoice/Share/TNG/tiff/2014/06/6015042102.tif here
cp /u/1stChoice/Share/TNG/tiff/2014/06/6015042102.tif /u/1stChoice/Share/TNG/tiffCurrent/SAC/
06/27/2014
/u/1stChoice/Share/TNG/tiff/2014/06/1860405104.tif here
cp /u/1stChoice/Share/TNG/tiff/2014/06/1860405104.tif /u/1stChoice/Share/TNG/tiffCurrent/ATL/
06/27/2014
/u/1stChoice/Share/TNG/tiff/2014/06/1860400304.tif here
cp /u/1stChoice/Share/TNG/tiff/2014/06/1860400304.tif /u/1stChoice/Share/TNG/tiffCurrent/ATL/
06/27/2014
/u/1stChoice/Share/TNG/tiff/2014/06/1860363303.tif here
cp /u/1stChoice/Share/TNG/tiff/2014/06/1860363303.tif /u/1stChoice/Share/TNG/tiffCurrent/ATL/
06/27/2014
/u/1stChoice/Share/TNG/tiff/2014/06/1860403504.tif here
cp /u/1stChoice/Share/TNG/tiff/2014/06/1860403504.tif /u/1stChoice/Share/TNG/tiffCurrent/ATL/
06/27/2014
/u/1stChoice/Share/TNG/tiff/2014/06/1860364903.tif here
cp /u/1stChoice/Share/TNG/tiff/2014/06/1860364903.tif /u/1stChoice/Share/TNG/tiffCurrent/ATL/
06/27/2014
/u/1stChoice/Share/TNG/tiff/2014/06/1860362903.tif here
cp /u/1stChoice/Share/TNG/tiff/2014/06/1860362903.tif /u/1stChoice/Share/TNG/tiffCurrent/ATL/
06/27/2014
/u/1stChoice/Share/TNG/tiff/2014/06/1860375612.tif here
cp /u/1stChoice/Share/TNG/tiff/2014/06/1860375612.tif /u/1stChoice/Share/TNG/tiffCurrent/ATL/
06/27/2014
/u/1stChoice/Share/TNG/tiff/2014/06/1311221202.tif here
cp /u/1stChoice/Share/TNG/tiff/2014/06/1311221202.tif /u/1stChoice/Share/TNG/tiffCurrent/SAC/
06/27/2014
/u/1stChoice/Share/TNG/tiff/2014/06/1860400204.tif here
cp /u/1stChoice/Share/TNG/tiff/2014/06/1860400204.tif /u/1stChoice/Share/TNG/tiffCurrent/ATL/
06/27/2014
/u/1stChoice/Share/TNG/tiff/2014/06/1860403004.tif here
cp /u/1stChoice/Share/TNG/tiff/2014/06/1860403004.tif /u/1stChoice/Share/TNG/tiffCurrent/ATL/
06/27/2014
/u/1stChoice/Share/TNG/tiff/2014/06/1860386412.tif here
cp /u/1stChoice/Share/TNG/tiff/2014/06/1860386412.tif /u/1stChoice/Share/TNG/tiffCurrent/ATL/
06/27/2014
/u/1stChoice/Share/TNG/tiff/2014/06/1860402804.tif here
cp /u/1stChoice/Share/TNG/tiff/2014/06/1860402804.tif /u/1stChoice/Share/TNG/tiffCurrent/ATL/
06/27/2014
/u/1stChoice/Share/TNG/tiff/2014/06/1860405004.tif here
cp /u/1stChoice/Share/TNG/tiff/2014/06/1860405004.tif /u/1stChoice/Share/TNG/tiffCurrent/ATL/
06/27/2014
/u/1stChoice/Share/TNG/tiff/2014/06/1860363703.tif here
cp /u/1stChoice/Share/TNG/tiff/2014/06/1860363703.tif /u/1stChoice/Share/TNG/tiffCurrent/ATL/
06/27/2014
/u/1stChoice/Share/TNG/tiff/2014/06/1860385612.tif here
cp /u/1stChoice/Share/TNG/tiff/2014/06/1860385612.tif /u/1stChoice/Share/TNG/tiffCurrent/ATL/
06/27/2014
/u/1stChoice/Share/TNG/tiff/2014/06/1860404904.tif here
cp /u/1stChoice/Share/TNG/tiff/2014/06/1860404904.tif /u/1stChoice/Share/TNG/tiffCurrent/ATL/
06/27/2014
/u/1stChoice/Share/TNG/tiff/2014/06/1311221102.tif here
cp /u/1stChoice/Share/TNG/tiff/2014/06/1311221102.tif /u/1stChoice/Share/TNG/tiffCurrent/SAC/
06/27/2014
/u/1stChoice/Share/TNG/tiff/2014/06/1311221002.tif here
cp /u/1stChoice/Share/TNG/tiff/2014/06/1311221002.tif /u/1stChoice/Share/TNG/tiffCurrent/SAC/
06/27/2014
/u/1stChoice/Share/TNG/tiff/2014/06/1311220702.tif here
cp /u/1stChoice/Share/TNG/tiff/2014/06/1311220702.tif /u/1stChoice/Share/TNG/tiffCurrent/SAC/
06/27/2014
/u/1stChoice/Share/TNG/tiff/2014/06/1860363903.tif here
cp /u/1stChoice/Share/TNG/tiff/2014/06/1860363903.tif /u/1stChoice/Share/TNG/tiffCurrent/ATL/
06/27/2014
/u/1stChoice/Share/TNG/tiff/2014/06/1860400104.tif here
cp /u/1stChoice/Share/TNG/tiff/2014/06/1860400104.tif /u/1stChoice/Share/TNG/tiffCurrent/ATL/
06/27/2014
/u/1stChoice/Share/TNG/tiff/2014/06/1860386512.tif here
cp /u/1stChoice/Share/TNG/tiff/2014/06/1860386512.tif /u/1stChoice/Share/TNG/tiffCurrent/ATL/
06/27/2014
/u/1stChoice/Share/TNG/tiff/2014/06/1860402504.tif here
cp /u/1stChoice/Share/TNG/tiff/2014/06/1860402504.tif /u/1stChoice/Share/TNG/tiffCurrent/ATL/
06/27/2014
/u/1stChoice/Share/TNG/tiff/2014/06/1860404804.tif here
1860404804
/u/1stChoice/Share/TNG/tiff/2014/06/
/u/1stChoice/Share/TNG/tiff/2014/06//1860404804.tif
/u/1stChoice/Share/TNG/tiff/2014/06/1860386112.tif here
cp /u/1stChoice/Share/TNG/tiff/2014/06/1860386112.tif /u/1stChoice/Share/TNG/tiffCurrent/ATL/
06/27/2014
/u/1stChoice/Share/TNG/tiff/2014/06/1860842703.tif here
cp /u/1stChoice/Share/TNG/tiff/2014/06/1860842703.tif /u/1stChoice/Share/TNG/tiffCurrent/ATL/
06/27/2014
/u/1stChoice/Share/TNG/tiff/2014/06/1860876503.tif here
cp /u/1stChoice/Share/TNG/tiff/2014/06/1860876503.tif /u/1stChoice/Share/TNG/tiffCurrent/ATL/
06/27/2014
/u/1stChoice/Share/TNG/tiff/2014/06/1860363803.tif here
cp /u/1stChoice/Share/TNG/tiff/2014/06/1860363803.tif /u/1stChoice/Share/TNG/tiffCurrent/ATL/
06/27/2014
/u/1stChoice/Share/TNG/tiff/2014/06/1860373212.tif here
cp /u/1stChoice/Share/TNG/tiff/2014/06/1860373212.tif /u/1stChoice/Share/TNG/tiffCurrent/ATL/
06/27/2014
/u/1stChoice/Share/TNG/tiff/2014/06/1860402404.tif here
cp /u/1stChoice/Share/TNG/tiff/2014/06/1860402404.tif /u/1stChoice/Share/TNG/tiffCurrent/ATL/
06/27/2014
/u/1stChoice/Share/TNG/tiff/2014/06/1860364103.tif here
cp /u/1stChoice/Share/TNG/tiff/2014/06/1860364103.tif /u/1stChoice/Share/TNG/tiffCurrent/ATL/
06/27/2014
/u/1stChoice/Share/TNG/tiff/2014/06/1860399904.tif here
1860399904
/u/1stChoice/Share/TNG/tiff/2014/06/
/u/1stChoice/Share/TNG/tiff/2014/06//1860399904.tif
/u/1stChoice/Share/TNG/tiff/2014/06/1311220802.tif here
cp /u/1stChoice/Share/TNG/tiff/2014/06/1311220802.tif /u/1stChoice/Share/TNG/tiffCurrent/SAC/
06/27/2014
/u/1stChoice/Share/TNG/tiff/2014/06/1311220902.tif here
cp /u/1stChoice/Share/TNG/tiff/2014/06/1311220902.tif /u/1stChoice/Share/TNG/tiffCurrent/SAC/
06/27/2014
/u/1stChoice/Share/TNG/tiff/2014/06/1860400004.tif here
cp /u/1stChoice/Share/TNG/tiff/2014/06/1860400004.tif /u/1stChoice/Share/TNG/tiffCurrent/ATL/
06/27/2014
/u/1stChoice/Share/TNG/tiff/2014/06/1860364003.tif here
cp /u/1stChoice/Share/TNG/tiff/2014/06/1860364003.tif /u/1stChoice/Share/TNG/tiffCurrent/ATL/
06/27/2014
/u/1stChoice/Share/TNG/tiff/2014/06/1860377112.tif here
cp /u/1stChoice/Share/TNG/tiff/2014/06/1860377112.tif /u/1stChoice/Share/TNG/tiffCurrent/ATL/
06/27/2014
/u/1stChoice/Share/TNG/tiff/2014/06/1860386612.tif here
cp /u/1stChoice/Share/TNG/tiff/2014/06/1860386612.tif /u/1stChoice/Share/TNG/tiffCurrent/ATL/
06/27/2014
/u/1stChoice/Share/TNG/tiff/2014/06/1860373312.tif here
cp /u/1stChoice/Share/TNG/tiff/2014/06/1860373312.tif /u/1stChoice/Share/TNG/tiffCurrent/ATL/
06/27/2014
/u/1stChoice/Share/TNG/tiff/2014/06/1860402304.tif here
cp /u/1stChoice/Share/TNG/tiff/2014/06/1860402304.tif /u/1stChoice/Share/TNG/tiffCurrent/ATL/
06/27/2014
/u/1stChoice/Share/TNG/tiff/2014/06/1860399804.tif here
cp /u/1stChoice/Share/TNG/tiff/2014/06/1860399804.tif /u/1stChoice/Share/TNG/tiffCurrent/ATL/
06/27/2014
/u/1stChoice/Share/TNG/tiff/2014/06/1860883112.tif here
cp /u/1stChoice/Share/TNG/tiff/2014/06/1860883112.tif /u/1stChoice/Share/TNG/tiffCurrent/ATL/
06/27/2014
/u/1stChoice/Share/TNG/tiff/2014/06/1860363603.tif here
cp /u/1stChoice/Share/TNG/tiff/2014/06/1860363603.tif /u/1stChoice/Share/TNG/tiffCurrent/ATL/
06/27/2014
/u/1stChoice/Share/TNG/tiff/2014/06/1860102803.tif here
cp /u/1stChoice/Share/TNG/tiff/2014/06/1860102803.tif /u/1stChoice/Share/TNG/tiffCurrent/ATL/
06/27/2014
/u/1stChoice/Share/TNG/tiff/2014/06/1311220602.tif here
cp /u/1stChoice/Share/TNG/tiff/2014/06/1311220602.tif /u/1stChoice/Share/TNG/tiffCurrent/SAC/
06/27/2014
/u/1stChoice/Share/TNG/tiff/2014/06/1860376512.tif here
cp /u/1stChoice/Share/TNG/tiff/2014/06/1860376512.tif /u/1stChoice/Share/TNG/tiffCurrent/ATL/
06/27/2014
/u/1stChoice/Share/TNG/tiff/2014/06/1860385912.tif here
cp /u/1stChoice/Share/TNG/tiff/2014/06/1860385912.tif /u/1stChoice/Share/TNG/tiffCurrent/ATL/
06/27/2014
/u/1stChoice/Share/TNG/tiff/2014/06/1860399704.tif here
cp /u/1stChoice/Share/TNG/tiff/2014/06/1860399704.tif /u/1stChoice/Share/TNG/tiffCurrent/ATL/
06/27/2014
/u/1stChoice/Share/TNG/tiff/2014/06/1860386712.tif here
cp /u/1stChoice/Share/TNG/tiff/2014/06/1860386712.tif /u/1stChoice/Share/TNG/tiffCurrent/ATL/
06/27/2014
/u/1stChoice/Share/TNG/tiff/2014/06/1860402104.tif here
cp /u/1stChoice/Share/TNG/tiff/2014/06/1860402104.tif /u/1stChoice/Share/TNG/tiffCurrent/ATL/
06/27/2014
/u/1stChoice/Share/TNG/tiff/2014/06/1860404304.tif here
cp /u/1stChoice/Share/TNG/tiff/2014/06/1860404304.tif /u/1stChoice/Share/TNG/tiffCurrent/ATL/
06/27/2014
/u/1stChoice/Share/TNG/tiff/2014/06/1860363403.tif here
cp /u/1stChoice/Share/TNG/tiff/2014/06/1860363403.tif /u/1stChoice/Share/TNG/tiffCurrent/ATL/
06/27/2014
/u/1stChoice/Share/TNG/tiff/2014/06/1311220502.tif here
cp /u/1stChoice/Share/TNG/tiff/2014/06/1311220502.tif /u/1stChoice/Share/TNG/tiffCurrent/SAC/
06/27/2014
/u/1stChoice/Share/TNG/tiff/2014/06/1860399604.tif here
cp /u/1stChoice/Share/TNG/tiff/2014/06/1860399604.tif /u/1stChoice/Share/TNG/tiffCurrent/ATL/
06/27/2014
/u/1stChoice/Share/TNG/tiff/2014/06/1860876003.tif here
cp /u/1stChoice/Share/TNG/tiff/2014/06/1860876003.tif /u/1stChoice/Share/TNG/tiffCurrent/ATL/
06/27/2014
/u/1stChoice/Share/TNG/tiff/2014/06/1860883212.tif here
cp /u/1stChoice/Share/TNG/tiff/2014/06/1860883212.tif /u/1stChoice/Share/TNG/tiffCurrent/ATL/
06/27/2014
/u/1stChoice/Share/TNG/tiff/2014/06/1860404204.tif here
cp /u/1stChoice/Share/TNG/tiff/2014/06/1860404204.tif /u/1stChoice/Share/TNG/tiffCurrent/ATL/
06/27/2014
/u/1stChoice/Share/TNG/tiff/2014/06/1860376712.tif here
cp /u/1stChoice/Share/TNG/tiff/2014/06/1860376712.tif /u/1stChoice/Share/TNG/tiffCurrent/ATL/
06/27/2014
/u/1stChoice/Share/TNG/tiff/2014/06/1860401304.tif here
cp /u/1stChoice/Share/TNG/tiff/2014/06/1860401304.tif /u/1stChoice/Share/TNG/tiffCurrent/ATL/
06/27/2014
/u/1stChoice/Share/TNG/tiff/2014/06/1860363503.tif here
cp /u/1stChoice/Share/TNG/tiff/2014/06/1860363503.tif /u/1stChoice/Share/TNG/tiffCurrent/ATL/
06/27/2014
/u/1stChoice/Share/TNG/tiff/2014/06/1860404104.tif here
cp /u/1stChoice/Share/TNG/tiff/2014/06/1860404104.tif /u/1stChoice/Share/TNG/tiffCurrent/ATL/
06/27/2014
/u/1stChoice/Share/TNG/tiff/2014/06/1860376612.tif here
cp /u/1stChoice/Share/TNG/tiff/2014/06/1860376612.tif /u/1stChoice/Share/TNG/tiffCurrent/ATL/
06/27/2014
/u/1stChoice/Share/TNG/tiff/2014/06/1860404004.tif here
cp /u/1stChoice/Share/TNG/tiff/2014/06/1860404004.tif /u/1stChoice/Share/TNG/tiffCurrent/ATL/
06/27/2014
/u/1stChoice/Share/TNG/tiff/2014/06/1860880610.tif here
cp /u/1stChoice/Share/TNG/tiff/2014/06/1860880610.tif /u/1stChoice/Share/TNG/tiffCurrent/ATL/
06/27/2014
/u/1stChoice/Share/TNG/tiff/2014/06/1860880510.tif here
cp /u/1stChoice/Share/TNG/tiff/2014/06/1860880510.tif /u/1stChoice/Share/TNG/tiffCurrent/ATL/
06/27/2014
/u/1stChoice/Share/TNG/tiff/2014/06/1860363203.tif here
cp /u/1stChoice/Share/TNG/tiff/2014/06/1860363203.tif /u/1stChoice/Share/TNG/tiffCurrent/ATL/
06/27/2014
/u/1stChoice/Share/TNG/tiff/2014/06/1860879910.tif here
cp /u/1stChoice/Share/TNG/tiff/2014/06/1860879910.tif /u/1stChoice/Share/TNG/tiffCurrent/ATL/
06/27/2014
/u/1stChoice/Share/TNG/tiff/2014/06/1860879810.tif here
cp /u/1stChoice/Share/TNG/tiff/2014/06/1860879810.tif /u/1stChoice/Share/TNG/tiffCurrent/ATL/
06/27/2014
/u/1stChoice/Share/TNG/tiff/2014/06/1860386012.tif here
cp /u/1stChoice/Share/TNG/tiff/2014/06/1860386012.tif /u/1stChoice/Share/TNG/tiffCurrent/ATL/
06/27/2014
/u/1stChoice/Share/TNG/tiff/2014/06/1860401404.tif here
cp /u/1stChoice/Share/TNG/tiff/2014/06/1860401404.tif /u/1stChoice/Share/TNG/tiffCurrent/ATL/
06/27/2014
/u/1stChoice/Share/TNG/tiff/2014/06/1860375712.tif here
cp /u/1stChoice/Share/TNG/tiff/2014/06/1860375712.tif /u/1stChoice/Share/TNG/tiffCurrent/ATL/
06/27/2014
/u/1stChoice/Share/TNG/tiff/2014/06/1860376912.tif here
cp /u/1stChoice/Share/TNG/tiff/2014/06/1860376912.tif /u/1stChoice/Share/TNG/tiffCurrent/ATL/
06/27/2014
/u/1stChoice/Share/TNG/tiff/2014/06/1860880410.tif here
cp /u/1stChoice/Share/TNG/tiff/2014/06/1860880410.tif /u/1stChoice/Share/TNG/tiffCurrent/ATL/
06/27/2014
/u/1stChoice/Share/TNG/tiff/2014/06/1860401504.tif here
cp /u/1stChoice/Share/TNG/tiff/2014/06/1860401504.tif /u/1stChoice/Share/TNG/tiffCurrent/ATL/
06/27/2014
/u/1stChoice/Share/TNG/tiff/2014/06/1860386812.tif here
cp /u/1stChoice/Share/TNG/tiff/2014/06/1860386812.tif /u/1stChoice/Share/TNG/tiffCurrent/ATL/
06/27/2014
/u/1stChoice/Share/TNG/tiff/2014/06/1860365003.tif here
cp /u/1stChoice/Share/TNG/tiff/2014/06/1860365003.tif /u/1stChoice/Share/TNG/tiffCurrent/ATL/
06/27/2014
/u/1stChoice/Share/TNG/tiff/2014/06/1860377012.tif here
cp /u/1stChoice/Share/TNG/tiff/2014/06/1860377012.tif /u/1stChoice/Share/TNG/tiffCurrent/ATL/
06/27/2014
/u/1stChoice/Share/TNG/tiff/2014/06/1860362603.tif here
cp /u/1stChoice/Share/TNG/tiff/2014/06/1860362603.tif /u/1stChoice/Share/TNG/tiffCurrent/ATL/
06/27/2014
/u/1stChoice/Share/TNG/tiff/2014/06/1860100803.tif here
cp /u/1stChoice/Share/TNG/tiff/2014/06/1860100803.tif /u/1stChoice/Share/TNG/tiffCurrent/ATL/
06/27/2014
/u/1stChoice/Share/TNG/tiff/2014/06/1860842603.tif here
cp /u/1stChoice/Share/TNG/tiff/2014/06/1860842603.tif /u/1stChoice/Share/TNG/tiffCurrent/ATL/
06/27/2014
/u/1stChoice/Share/TNG/tiff/2014/06/1860376812.tif here
cp /u/1stChoice/Share/TNG/tiff/2014/06/1860376812.tif /u/1stChoice/Share/TNG/tiffCurrent/ATL/
06/27/2014
/u/1stChoice/Share/TNG/tiff/2014/06/1860386912.tif here
cp /u/1stChoice/Share/TNG/tiff/2014/06/1860386912.tif /u/1stChoice/Share/TNG/tiffCurrent/ATL/
06/27/2014
/u/1stChoice/Share/TNG/tiff/2014/06/1860875803.tif here
cp /u/1stChoice/Share/TNG/tiff/2014/06/1860875803.tif /u/1stChoice/Share/TNG/tiffCurrent/ATL/
06/27/2014
/u/1stChoice/Share/TNG/tiff/2014/06/1860362503.tif here
cp /u/1stChoice/Share/TNG/tiff/2014/06/1860362503.tif /u/1stChoice/Share/TNG/tiffCurrent/ATL/
06/27/2014
/u/1stChoice/Share/TNG/tiff/2014/06/1860376412.tif here
cp /u/1stChoice/Share/TNG/tiff/2014/06/1860376412.tif /u/1stChoice/Share/TNG/tiffCurrent/ATL/
06/27/2014
/u/1stChoice/Share/TNG/tiff/2014/06/1860101803.tif here
cp /u/1stChoice/Share/TNG/tiff/2014/06/1860101803.tif /u/1stChoice/Share/TNG/tiffCurrent/ATL/
06/27/2014
/u/1stChoice/Share/TNG/tiff/2014/06/1860879710.tif here
cp /u/1stChoice/Share/TNG/tiff/2014/06/1860879710.tif /u/1stChoice/Share/TNG/tiffCurrent/ATL/
06/27/2014
/u/1stChoice/Share/TNG/tiff/2014/06/1860387012.tif here
cp /u/1stChoice/Share/TNG/tiff/2014/06/1860387012.tif /u/1stChoice/Share/TNG/tiffCurrent/ATL/
06/27/2014
/u/1stChoice/Share/TNG/tiff/2014/06/1860100603.tif here
cp /u/1stChoice/Share/TNG/tiff/2014/06/1860100603.tif /u/1stChoice/Share/TNG/tiffCurrent/ATL/
06/27/2014
/u/1stChoice/Share/TNG/tiff/2014/06/1860875703.tif here
cp /u/1stChoice/Share/TNG/tiff/2014/06/1860875703.tif /u/1stChoice/Share/TNG/tiffCurrent/ATL/
06/27/2014
/u/1stChoice/Share/TNG/tiff/2014/06/1860364203.tif here
cp /u/1stChoice/Share/TNG/tiff/2014/06/1860364203.tif /u/1stChoice/Share/TNG/tiffCurrent/ATL/
06/27/2014
/u/1stChoice/Share/TNG/tiff/2014/06/1860100703.tif here
1860100703
/u/1stChoice/Share/TNG/tiff/2014/06/
/u/1stChoice/Share/TNG/tiff/2014/06//1860100703.tif
/u/1stChoice/Share/TNG/tiff/2014/06/1860362003.tif here
cp /u/1stChoice/Share/TNG/tiff/2014/06/1860362003.tif /u/1stChoice/Share/TNG/tiffCurrent/ATL/
06/27/2014
/u/1stChoice/Share/TNG/tiff/2014/06/1860403904.tif here
cp /u/1stChoice/Share/TNG/tiff/2014/06/1860403904.tif /u/1stChoice/Share/TNG/tiffCurrent/ATL/
06/27/2014
/u/1stChoice/Share/TNG/tiff/2014/06/1860404504.tif here
cp /u/1stChoice/Share/TNG/tiff/2014/06/1860404504.tif /u/1stChoice/Share/TNG/tiffCurrent/ATL/
06/27/2014
/u/1stChoice/Share/TNG/tiff/2014/06/1860404404.tif here
cp /u/1stChoice/Share/TNG/tiff/2014/06/1860404404.tif /u/1stChoice/Share/TNG/tiffCurrent/ATL/
06/27/2014
/u/1stChoice/Share/TNG/tiff/2014/06/1860404604.tif here
cp /u/1stChoice/Share/TNG/tiff/2014/06/1860404604.tif /u/1stChoice/Share/TNG/tiffCurrent/ATL/
06/27/2014
/u/1stChoice/Share/TNG/tiff/2014/06/1860403804.tif here
cp /u/1stChoice/Share/TNG/tiff/2014/06/1860403804.tif /u/1stChoice/Share/TNG/tiffCurrent/ATL/
06/27/2014
/u/1stChoice/Share/TNG/tiff/2014/06/1860404704.tif here
cp /u/1stChoice/Share/TNG/tiff/2014/06/1860404704.tif /u/1stChoice/Share/TNG/tiffCurrent/ATL/
06/27/2014
/u/1stChoice/Share/TNG/tiff/2014/06/1860385812.tif here
cp /u/1stChoice/Share/TNG/tiff/2014/06/1860385812.tif /u/1stChoice/Share/TNG/tiffCurrent/ATL/
06/27/2014
/u/1stChoice/Share/TNG/tiff/2014/06/1860362103.tif here
cp /u/1stChoice/Share/TNG/tiff/2014/06/1860362103.tif /u/1stChoice/Share/TNG/tiffCurrent/ATL/
06/27/2014
/u/1stChoice/Share/TNG/tiff/2014/06/1860361803.tif here
cp /u/1stChoice/Share/TNG/tiff/2014/06/1860361803.tif /u/1stChoice/Share/TNG/tiffCurrent/ATL/
06/27/2014
/u/1stChoice/Share/TNG/tiff/2014/06/1860361903.tif here
cp /u/1stChoice/Share/TNG/tiff/2014/06/1860361903.tif /u/1stChoice/Share/TNG/tiffCurrent/ATL/
06/27/2014
/u/1stChoice/Share/TNG/tiff/2014/06/1860361603.tif here
cp /u/1stChoice/Share/TNG/tiff/2014/06/1860361603.tif /u/1stChoice/Share/TNG/tiffCurrent/ATL/
06/27/2014
/u/1stChoice/Share/TNG/tiff/2014/06/1860361503.tif here
cp /u/1stChoice/Share/TNG/tiff/2014/06/1860361503.tif /u/1stChoice/Share/TNG/tiffCurrent/ATL/
06/27/2014
/u/1stChoice/Share/TNG/tiff/2014/06/1860361703.tif here
cp /u/1stChoice/Share/TNG/tiff/2014/06/1860361703.tif /u/1stChoice/Share/TNG/tiffCurrent/ATL/
06/27/2014
/u/1stChoice/Share/TNG/tiff/2014/06/1311210702.tif here
cp /u/1stChoice/Share/TNG/tiff/2014/06/1311210702.tif /u/1stChoice/Share/TNG/tiffCurrent/SAC/
06/27/2014
/u/1stChoice/Share/TNG/tiff/2014/06/1311210502.tif here
cp /u/1stChoice/Share/TNG/tiff/2014/06/1311210502.tif /u/1stChoice/Share/TNG/tiffCurrent/SAC/
06/27/2014
8
06/19/2014
1860234210
1860847004
1860863010
1860860110
1860235810
1860863110
1860863210
1860863310
1860859710
1860863410
1860853104
1860863510
1860854804
1860850604
             87
1860863610
1860860710
1860855504
1860853004
1860848904
1860848804
1860865310
1860846504
1860854604
1860850404
1860860510
1860848604
1860198504
1860196004
1860201504
1860863910
1860854504
1860848404
1860857704
1860852904
1860071914
1860846304
1860860410
1860199504
1860857404
1860848304
1860855404
1860850304
1860874014
1310930803
1311145302
1310930802
1860874114
1860852804
1860850704
1860848204
1860854304
1860860310
1860201104
1860846204
1860072114
1860850204
1860857304
1860852704
1860846404
1860854204
1860234110
1860844003
1860855304
1860848104
1860228610
1860850104
1860230610
1860182712
1860072014
1860851904
1860857204
1860198204
1311144802
1310930303
1310930302
1860841003
1860856504
1860228510
1860200504
1860854104
1860840903
1860851804
1860196804
1860843803
1860235710
1860855204
1860846104
1860849504
1860841903
1860229910
1860235210
1311162402
1860855104
1860228410
1860857104
1860846004
1860177312
1860853904
1860850004
1860862110
1860845904
1860841803
1311145202
1310930703
1311154902
1860196704
1860852604
1860848004
1860844203
1860857004
1860199404
1860840803
1860855004
1860171312
1860842303
1860235010
1860171512
1311158802
1860862010
1860847904
1860195304
1860184012
1860197804
1860177512
1860851604
1860183012
1860856804
1860847804
1860853804
1310930702
1311144902
1311155202
1311158902
1860847704
1860856904
1860852504
1860843603
1860854904
1860853704
1310930403
1310930402
1311161802
1860200004
1860195104
1860183812
1860861510
1860845604
1860843703
1860847604
1311159302
1311154402
1860177712
1860199304
1860852404
1860229810
1860229710
1860847504
1860843903
1860842203
1860849704
1311161702
1311158202
1311159102
1310930603
1311145102
1860856704
1860861410
1860853604
1860856604
1860199804
1860231710
1860852304
1860861210
1311159202
1860849904
1860229410
1860234910
1860234810
1860865510
1860847304
1860851504
1860856404
1860849804
1860842103
1311156002
1860874514
1860861710
1860852004
1860199704
1860861310
1860847204
1860177912
1860199104
1860856304
1860234310
1860229510
1860847104
1310930602
1311158302
1311156502
1311156102
1311157902
1311154602
1311155602
1311154002
1311155502
1311163202
1860852104
1860856204
1860841603
1860853204
1860844303
1860849604
1860847404
1860861810
1860232610
1311157602
1311158402
1311158702
1860196604
1860853404
1860856104
1860194904
1311163302
1311210402
1310985302
1310985303
1311210302
1860841703
1860197004
1860861010
1860851404
1860232510
1860853504
1860183412
1860178112
1860233910
1311155702
1311157502
1311163402
1860849404
1860846704
1860856004
1860852204
1860229610
1860234710
1860851304
1860865910
1860849304
1860199204
1311158602
1860874214
1311158102
1860855904
1860841203
1860229110
1860849204
1860183612
1860233810
1860853304
1860232310
1860196504
1860841103
1860872414
1860071510
1310985203
1310985202
1311163102
1311144602
1311157802
1311159002
1860860910
1860183212
1860234610
1860849104
1860841403
1860229210
1311157702
1860872514
1311163502
1860860810
1310930103
1310930102
1860872614
1311145002
1310930503
1311158502
1311158002
1311154302
1860232710
1860229310
1860176312
1860196904
1860102603
1860235110
1311160002
1311153802
1311155402
1860176212
1860176512
1860234410
1860861110
1860232410
1860232210
1860196304
1310930502
1311144702
1311156602
1310930202
1311163002
1860861610
1860233710
1311154102
1860874614
1311156902
1860102703
1860232810
1860196204
1860175812
1860233610
1311162902
1311154702
1860102303
1860879510
1860178312
1860235310
1860175612
1311156702
1311154502
1311155102
1311156202
1860851204
1860233510
1860175312
1311157302
1311162702
1860233010
1860865810
1860103003
1311157202
1311156402
1311155302
1860851104
1860102503
1860865410
1311162802
1860102403
1860178612
1860865610
1860232910
1860851004
1311156302
1311155802
1311162602
1311157102
1311154802
1311153902
1311162502
1860178812
1860865710
1860233410
1860233310
1860233210
1860850804
1860179012
1311162302
1311155002
1311157402
1311154202
1860234010
1311155902
1311157002
1860179212
1311159502
1311159602
1311153202
1311152802
1311153002
1311153502
1311153102
1311152702
1311152902
1311153402
1311152602
1311153302
1311153602
1311152402
1311152502
1860233110
1310930203
1311156802
1311159402
1311161002
1311160902
1311160802
1311219302
1311219202
1311160702
1311160602
1311160502
1311160402
1311160302
1311160202
1311160102
1311161102
1311219502
1311162202
1311162102
1311162002
1311161902
1311218802
1311161302
1311161602
1311159902
1311161502
1311159802
1311159702
1311161202
1311161402
---0% --------20% --------40% --------60% --------80% -----/u/1stChoice/Share/TNG/tiff/2014/06/1860234210.tif here
cp /u/1stChoice/Share/TNG/tiff/2014/06/1860234210.tif /u/1stChoice/Share/TNG/tiffCurrent/ATL/
06/27/2014
/u/1stChoice/Share/TNG/tiff/2014/06/1860847004.tif here
cp /u/1stChoice/Share/TNG/tiff/2014/06/1860847004.tif /u/1stChoice/Share/TNG/tiffCurrent/ATL/
06/27/2014
/u/1stChoice/Share/TNG/tiff/2014/06/1860863010.tif here
cp /u/1stChoice/Share/TNG/tiff/2014/06/1860863010.tif /u/1stChoice/Share/TNG/tiffCurrent/ATL/
06/27/2014
/u/1stChoice/Share/TNG/tiff/2014/06/1860860110.tif here
cp /u/1stChoice/Share/TNG/tiff/2014/06/1860860110.tif /u/1stChoice/Share/TNG/tiffCurrent/ATL/
06/27/2014
/u/1stChoice/Share/TNG/tiff/2014/06/1860235810.tif here
cp /u/1stChoice/Share/TNG/tiff/2014/06/1860235810.tif /u/1stChoice/Share/TNG/tiffCurrent/ATL/
06/27/2014
/u/1stChoice/Share/TNG/tiff/2014/06/1860863110.tif here
cp /u/1stChoice/Share/TNG/tiff/2014/06/1860863110.tif /u/1stChoice/Share/TNG/tiffCurrent/ATL/
06/27/2014
/u/1stChoice/Share/TNG/tiff/2014/06/1860863210.tif here
cp /u/1stChoice/Share/TNG/tiff/2014/06/1860863210.tif /u/1stChoice/Share/TNG/tiffCurrent/ATL/
06/27/2014
/u/1stChoice/Share/TNG/tiff/2014/06/1860863310.tif here
cp /u/1stChoice/Share/TNG/tiff/2014/06/1860863310.tif /u/1stChoice/Share/TNG/tiffCurrent/ATL/
06/27/2014
/u/1stChoice/Share/TNG/tiff/2014/06/1860859710.tif here
cp /u/1stChoice/Share/TNG/tiff/2014/06/1860859710.tif /u/1stChoice/Share/TNG/tiffCurrent/ATL/
06/27/2014
/u/1stChoice/Share/TNG/tiff/2014/06/1860863410.tif here
cp /u/1stChoice/Share/TNG/tiff/2014/06/1860863410.tif /u/1stChoice/Share/TNG/tiffCurrent/ATL/
06/27/2014
/u/1stChoice/Share/TNG/tiff/2014/06/1860853104.tif here
cp /u/1stChoice/Share/TNG/tiff/2014/06/1860853104.tif /u/1stChoice/Share/TNG/tiffCurrent/ATL/
06/27/2014
/u/1stChoice/Share/TNG/tiff/2014/06/1860863510.tif here
cp /u/1stChoice/Share/TNG/tiff/2014/06/1860863510.tif /u/1stChoice/Share/TNG/tiffCurrent/ATL/
06/27/2014
/u/1stChoice/Share/TNG/tiff/2014/06/1860854804.tif here
cp /u/1stChoice/Share/TNG/tiff/2014/06/1860854804.tif /u/1stChoice/Share/TNG/tiffCurrent/ATL/
06/27/2014
/u/1stChoice/Share/TNG/tiff/2014/06/1860850604.tif here
cp /u/1stChoice/Share/TNG/tiff/2014/06/1860850604.tif /u/1stChoice/Share/TNG/tiffCurrent/ATL/
06/27/2014
/u/1stChoice/Share/TNG/tiff/2014/06/             87.tif here
             87
/u/1stChoice/Share/TNG/tiff/2014/06/
/u/1stChoice/Share/TNG/tiff/2014/06//             87.tif
/u/1stChoice/Share/TNG/tiff/2014/06/1860863610.tif here
cp /u/1stChoice/Share/TNG/tiff/2014/06/1860863610.tif /u/1stChoice/Share/TNG/tiffCurrent/ATL/
06/27/2014
/u/1stChoice/Share/TNG/tiff/2014/06/1860860710.tif here
cp /u/1stChoice/Share/TNG/tiff/2014/06/1860860710.tif /u/1stChoice/Share/TNG/tiffCurrent/ATL/
06/27/2014
/u/1stChoice/Share/TNG/tiff/2014/06/1860855504.tif here
cp /u/1stChoice/Share/TNG/tiff/2014/06/1860855504.tif /u/1stChoice/Share/TNG/tiffCurrent/ATL/
06/27/2014
/u/1stChoice/Share/TNG/tiff/2014/06/1860853004.tif here
cp /u/1stChoice/Share/TNG/tiff/2014/06/1860853004.tif /u/1stChoice/Share/TNG/tiffCurrent/ATL/
06/27/2014
/u/1stChoice/Share/TNG/tiff/2014/06/1860848904.tif here
cp /u/1stChoice/Share/TNG/tiff/2014/06/1860848904.tif /u/1stChoice/Share/TNG/tiffCurrent/ATL/
06/27/2014
/u/1stChoice/Share/TNG/tiff/2014/06/1860848804.tif here
cp /u/1stChoice/Share/TNG/tiff/2014/06/1860848804.tif /u/1stChoice/Share/TNG/tiffCurrent/ATL/
06/27/2014
/u/1stChoice/Share/TNG/tiff/2014/06/1860865310.tif here
cp /u/1stChoice/Share/TNG/tiff/2014/06/1860865310.tif /u/1stChoice/Share/TNG/tiffCurrent/ATL/
06/27/2014
/u/1stChoice/Share/TNG/tiff/2014/06/1860846504.tif here
1860846504
/u/1stChoice/Share/TNG/tiff/2014/06/
/u/1stChoice/Share/TNG/tiff/2014/06//1860846504.tif
/u/1stChoice/Share/TNG/tiff/2014/06/1860854604.tif here
cp /u/1stChoice/Share/TNG/tiff/2014/06/1860854604.tif /u/1stChoice/Share/TNG/tiffCurrent/ATL/
06/27/2014
/u/1stChoice/Share/TNG/tiff/2014/06/1860850404.tif here
cp /u/1stChoice/Share/TNG/tiff/2014/06/1860850404.tif /u/1stChoice/Share/TNG/tiffCurrent/ATL/
06/27/2014
/u/1stChoice/Share/TNG/tiff/2014/06/1860860510.tif here
cp /u/1stChoice/Share/TNG/tiff/2014/06/1860860510.tif /u/1stChoice/Share/TNG/tiffCurrent/ATL/
06/27/2014
/u/1stChoice/Share/TNG/tiff/2014/06/1860848604.tif here
cp /u/1stChoice/Share/TNG/tiff/2014/06/1860848604.tif /u/1stChoice/Share/TNG/tiffCurrent/ATL/
06/27/2014
/u/1stChoice/Share/TNG/tiff/2014/06/1860198504.tif here
cp /u/1stChoice/Share/TNG/tiff/2014/06/1860198504.tif /u/1stChoice/Share/TNG/tiffCurrent/ATL/
06/27/2014
/u/1stChoice/Share/TNG/tiff/2014/06/1860196004.tif here
cp /u/1stChoice/Share/TNG/tiff/2014/06/1860196004.tif /u/1stChoice/Share/TNG/tiffCurrent/ATL/
06/27/2014
/u/1stChoice/Share/TNG/tiff/2014/06/1860201504.tif here
cp /u/1stChoice/Share/TNG/tiff/2014/06/1860201504.tif /u/1stChoice/Share/TNG/tiffCurrent/ATL/
06/27/2014
/u/1stChoice/Share/TNG/tiff/2014/06/1860863910.tif here
cp /u/1stChoice/Share/TNG/tiff/2014/06/1860863910.tif /u/1stChoice/Share/TNG/tiffCurrent/ATL/
06/27/2014
/u/1stChoice/Share/TNG/tiff/2014/06/1860854504.tif here
cp /u/1stChoice/Share/TNG/tiff/2014/06/1860854504.tif /u/1stChoice/Share/TNG/tiffCurrent/ATL/
06/27/2014
/u/1stChoice/Share/TNG/tiff/2014/06/1860848404.tif here
cp /u/1stChoice/Share/TNG/tiff/2014/06/1860848404.tif /u/1stChoice/Share/TNG/tiffCurrent/ATL/
06/27/2014
/u/1stChoice/Share/TNG/tiff/2014/06/1860857704.tif here
cp /u/1stChoice/Share/TNG/tiff/2014/06/1860857704.tif /u/1stChoice/Share/TNG/tiffCurrent/ATL/
06/27/2014
/u/1stChoice/Share/TNG/tiff/2014/06/1860852904.tif here
cp /u/1stChoice/Share/TNG/tiff/2014/06/1860852904.tif /u/1stChoice/Share/TNG/tiffCurrent/ATL/
06/27/2014
/u/1stChoice/Share/TNG/tiff/2014/06/1860071914.tif here
cp /u/1stChoice/Share/TNG/tiff/2014/06/1860071914.tif /u/1stChoice/Share/TNG/tiffCurrent/ATL/
06/27/2014
/u/1stChoice/Share/TNG/tiff/2014/06/1860846304.tif here
cp /u/1stChoice/Share/TNG/tiff/2014/06/1860846304.tif /u/1stChoice/Share/TNG/tiffCurrent/ATL/
06/27/2014
/u/1stChoice/Share/TNG/tiff/2014/06/1860860410.tif here
cp /u/1stChoice/Share/TNG/tiff/2014/06/1860860410.tif /u/1stChoice/Share/TNG/tiffCurrent/ATL/
06/27/2014
/u/1stChoice/Share/TNG/tiff/2014/06/1860199504.tif here
cp /u/1stChoice/Share/TNG/tiff/2014/06/1860199504.tif /u/1stChoice/Share/TNG/tiffCurrent/ATL/
06/27/2014
/u/1stChoice/Share/TNG/tiff/2014/06/1860857404.tif here
cp /u/1stChoice/Share/TNG/tiff/2014/06/1860857404.tif /u/1stChoice/Share/TNG/tiffCurrent/ATL/
06/27/2014
/u/1stChoice/Share/TNG/tiff/2014/06/1860848304.tif here
cp /u/1stChoice/Share/TNG/tiff/2014/06/1860848304.tif /u/1stChoice/Share/TNG/tiffCurrent/ATL/
06/27/2014
/u/1stChoice/Share/TNG/tiff/2014/06/1860855404.tif here
cp /u/1stChoice/Share/TNG/tiff/2014/06/1860855404.tif /u/1stChoice/Share/TNG/tiffCurrent/ATL/
06/27/2014
/u/1stChoice/Share/TNG/tiff/2014/06/1860850304.tif here
cp /u/1stChoice/Share/TNG/tiff/2014/06/1860850304.tif /u/1stChoice/Share/TNG/tiffCurrent/ATL/
06/27/2014
/u/1stChoice/Share/TNG/tiff/2014/06/1860874014.tif here
cp /u/1stChoice/Share/TNG/tiff/2014/06/1860874014.tif /u/1stChoice/Share/TNG/tiffCurrent/ATL/
06/27/2014
/u/1stChoice/Share/TNG/tiff/2014/06/1310930803.tif here
cp /u/1stChoice/Share/TNG/tiff/2014/06/1310930803.tif /u/1stChoice/Share/TNG/tiffCurrent/SAC/
06/27/2014
/u/1stChoice/Share/TNG/tiff/2014/06/1311145302.tif here
cp /u/1stChoice/Share/TNG/tiff/2014/06/1311145302.tif /u/1stChoice/Share/TNG/tiffCurrent/SAC/
06/27/2014
/u/1stChoice/Share/TNG/tiff/2014/06/1310930802.tif here
cp /u/1stChoice/Share/TNG/tiff/2014/06/1310930802.tif /u/1stChoice/Share/TNG/tiffCurrent/SAC/
06/27/2014
/u/1stChoice/Share/TNG/tiff/2014/06/1860874114.tif here
cp /u/1stChoice/Share/TNG/tiff/2014/06/1860874114.tif /u/1stChoice/Share/TNG/tiffCurrent/ATL/
06/27/2014
/u/1stChoice/Share/TNG/tiff/2014/06/1860852804.tif here
cp /u/1stChoice/Share/TNG/tiff/2014/06/1860852804.tif /u/1stChoice/Share/TNG/tiffCurrent/ATL/
06/27/2014
/u/1stChoice/Share/TNG/tiff/2014/06/1860850704.tif here
cp /u/1stChoice/Share/TNG/tiff/2014/06/1860850704.tif /u/1stChoice/Share/TNG/tiffCurrent/ATL/
06/27/2014
/u/1stChoice/Share/TNG/tiff/2014/06/1860848204.tif here
cp /u/1stChoice/Share/TNG/tiff/2014/06/1860848204.tif /u/1stChoice/Share/TNG/tiffCurrent/ATL/
06/27/2014
/u/1stChoice/Share/TNG/tiff/2014/06/1860854304.tif here
cp /u/1stChoice/Share/TNG/tiff/2014/06/1860854304.tif /u/1stChoice/Share/TNG/tiffCurrent/ATL/
06/27/2014
/u/1stChoice/Share/TNG/tiff/2014/06/1860860310.tif here
cp /u/1stChoice/Share/TNG/tiff/2014/06/1860860310.tif /u/1stChoice/Share/TNG/tiffCurrent/ATL/
06/27/2014
/u/1stChoice/Share/TNG/tiff/2014/06/1860201104.tif here
cp /u/1stChoice/Share/TNG/tiff/2014/06/1860201104.tif /u/1stChoice/Share/TNG/tiffCurrent/ATL/
06/27/2014
/u/1stChoice/Share/TNG/tiff/2014/06/1860846204.tif here
cp /u/1stChoice/Share/TNG/tiff/2014/06/1860846204.tif /u/1stChoice/Share/TNG/tiffCurrent/ATL/
06/27/2014
/u/1stChoice/Share/TNG/tiff/2014/06/1860072114.tif here
cp /u/1stChoice/Share/TNG/tiff/2014/06/1860072114.tif /u/1stChoice/Share/TNG/tiffCurrent/ATL/
06/27/2014
/u/1stChoice/Share/TNG/tiff/2014/06/1860850204.tif here
cp /u/1stChoice/Share/TNG/tiff/2014/06/1860850204.tif /u/1stChoice/Share/TNG/tiffCurrent/ATL/
06/27/2014
/u/1stChoice/Share/TNG/tiff/2014/06/1860857304.tif here
cp /u/1stChoice/Share/TNG/tiff/2014/06/1860857304.tif /u/1stChoice/Share/TNG/tiffCurrent/ATL/
06/27/2014
/u/1stChoice/Share/TNG/tiff/2014/06/1860852704.tif here
cp /u/1stChoice/Share/TNG/tiff/2014/06/1860852704.tif /u/1stChoice/Share/TNG/tiffCurrent/ATL/
06/27/2014
/u/1stChoice/Share/TNG/tiff/2014/06/1860846404.tif here
cp /u/1stChoice/Share/TNG/tiff/2014/06/1860846404.tif /u/1stChoice/Share/TNG/tiffCurrent/ATL/
06/27/2014
/u/1stChoice/Share/TNG/tiff/2014/06/1860854204.tif here
cp /u/1stChoice/Share/TNG/tiff/2014/06/1860854204.tif /u/1stChoice/Share/TNG/tiffCurrent/ATL/
06/27/2014
/u/1stChoice/Share/TNG/tiff/2014/06/1860234110.tif here
cp /u/1stChoice/Share/TNG/tiff/2014/06/1860234110.tif /u/1stChoice/Share/TNG/tiffCurrent/ATL/
06/27/2014
/u/1stChoice/Share/TNG/tiff/2014/06/1860844003.tif here
cp /u/1stChoice/Share/TNG/tiff/2014/06/1860844003.tif /u/1stChoice/Share/TNG/tiffCurrent/ATL/
06/27/2014
/u/1stChoice/Share/TNG/tiff/2014/06/1860855304.tif here
cp /u/1stChoice/Share/TNG/tiff/2014/06/1860855304.tif /u/1stChoice/Share/TNG/tiffCurrent/ATL/
06/27/2014
/u/1stChoice/Share/TNG/tiff/2014/06/1860848104.tif here
cp /u/1stChoice/Share/TNG/tiff/2014/06/1860848104.tif /u/1stChoice/Share/TNG/tiffCurrent/ATL/
06/27/2014
/u/1stChoice/Share/TNG/tiff/2014/06/1860228610.tif here
cp /u/1stChoice/Share/TNG/tiff/2014/06/1860228610.tif /u/1stChoice/Share/TNG/tiffCurrent/ATL/
06/27/2014
/u/1stChoice/Share/TNG/tiff/2014/06/1860850104.tif here
cp /u/1stChoice/Share/TNG/tiff/2014/06/1860850104.tif /u/1stChoice/Share/TNG/tiffCurrent/ATL/
06/27/2014
/u/1stChoice/Share/TNG/tiff/2014/06/1860230610.tif here
cp /u/1stChoice/Share/TNG/tiff/2014/06/1860230610.tif /u/1stChoice/Share/TNG/tiffCurrent/ATL/
06/27/2014
/u/1stChoice/Share/TNG/tiff/2014/06/1860182712.tif here
cp /u/1stChoice/Share/TNG/tiff/2014/06/1860182712.tif /u/1stChoice/Share/TNG/tiffCurrent/ATL/
06/27/2014
/u/1stChoice/Share/TNG/tiff/2014/06/1860072014.tif here
cp /u/1stChoice/Share/TNG/tiff/2014/06/1860072014.tif /u/1stChoice/Share/TNG/tiffCurrent/ATL/
06/27/2014
/u/1stChoice/Share/TNG/tiff/2014/06/1860851904.tif here
cp /u/1stChoice/Share/TNG/tiff/2014/06/1860851904.tif /u/1stChoice/Share/TNG/tiffCurrent/ATL/
06/27/2014
/u/1stChoice/Share/TNG/tiff/2014/06/1860857204.tif here
cp /u/1stChoice/Share/TNG/tiff/2014/06/1860857204.tif /u/1stChoice/Share/TNG/tiffCurrent/ATL/
06/27/2014
/u/1stChoice/Share/TNG/tiff/2014/06/1860198204.tif here
cp /u/1stChoice/Share/TNG/tiff/2014/06/1860198204.tif /u/1stChoice/Share/TNG/tiffCurrent/ATL/
06/27/2014
/u/1stChoice/Share/TNG/tiff/2014/06/1311144802.tif here
cp /u/1stChoice/Share/TNG/tiff/2014/06/1311144802.tif /u/1stChoice/Share/TNG/tiffCurrent/SAC/
06/27/2014
/u/1stChoice/Share/TNG/tiff/2014/06/1310930303.tif here
cp /u/1stChoice/Share/TNG/tiff/2014/06/1310930303.tif /u/1stChoice/Share/TNG/tiffCurrent/SAC/
06/27/2014
/u/1stChoice/Share/TNG/tiff/2014/06/1310930302.tif here
cp /u/1stChoice/Share/TNG/tiff/2014/06/1310930302.tif /u/1stChoice/Share/TNG/tiffCurrent/SAC/
06/27/2014
/u/1stChoice/Share/TNG/tiff/2014/06/1860841003.tif here
cp /u/1stChoice/Share/TNG/tiff/2014/06/1860841003.tif /u/1stChoice/Share/TNG/tiffCurrent/ATL/
06/27/2014
/u/1stChoice/Share/TNG/tiff/2014/06/1860856504.tif here
cp /u/1stChoice/Share/TNG/tiff/2014/06/1860856504.tif /u/1stChoice/Share/TNG/tiffCurrent/ATL/
06/27/2014
/u/1stChoice/Share/TNG/tiff/2014/06/1860228510.tif here
cp /u/1stChoice/Share/TNG/tiff/2014/06/1860228510.tif /u/1stChoice/Share/TNG/tiffCurrent/ATL/
06/27/2014
/u/1stChoice/Share/TNG/tiff/2014/06/1860200504.tif here
cp /u/1stChoice/Share/TNG/tiff/2014/06/1860200504.tif /u/1stChoice/Share/TNG/tiffCurrent/ATL/
06/27/2014
/u/1stChoice/Share/TNG/tiff/2014/06/1860854104.tif here
cp /u/1stChoice/Share/TNG/tiff/2014/06/1860854104.tif /u/1stChoice/Share/TNG/tiffCurrent/ATL/
06/27/2014
/u/1stChoice/Share/TNG/tiff/2014/06/1860840903.tif here
cp /u/1stChoice/Share/TNG/tiff/2014/06/1860840903.tif /u/1stChoice/Share/TNG/tiffCurrent/ATL/
06/27/2014
/u/1stChoice/Share/TNG/tiff/2014/06/1860851804.tif here
cp /u/1stChoice/Share/TNG/tiff/2014/06/1860851804.tif /u/1stChoice/Share/TNG/tiffCurrent/ATL/
06/27/2014
/u/1stChoice/Share/TNG/tiff/2014/06/1860196804.tif here
cp /u/1stChoice/Share/TNG/tiff/2014/06/1860196804.tif /u/1stChoice/Share/TNG/tiffCurrent/ATL/
06/27/2014
/u/1stChoice/Share/TNG/tiff/2014/06/1860843803.tif here
cp /u/1stChoice/Share/TNG/tiff/2014/06/1860843803.tif /u/1stChoice/Share/TNG/tiffCurrent/ATL/
06/27/2014
/u/1stChoice/Share/TNG/tiff/2014/06/1860235710.tif here
cp /u/1stChoice/Share/TNG/tiff/2014/06/1860235710.tif /u/1stChoice/Share/TNG/tiffCurrent/ATL/
06/27/2014
/u/1stChoice/Share/TNG/tiff/2014/06/1860855204.tif here
cp /u/1stChoice/Share/TNG/tiff/2014/06/1860855204.tif /u/1stChoice/Share/TNG/tiffCurrent/ATL/
06/27/2014
/u/1stChoice/Share/TNG/tiff/2014/06/1860846104.tif here
cp /u/1stChoice/Share/TNG/tiff/2014/06/1860846104.tif /u/1stChoice/Share/TNG/tiffCurrent/ATL/
06/27/2014
/u/1stChoice/Share/TNG/tiff/2014/06/1860849504.tif here
cp /u/1stChoice/Share/TNG/tiff/2014/06/1860849504.tif /u/1stChoice/Share/TNG/tiffCurrent/ATL/
06/27/2014
/u/1stChoice/Share/TNG/tiff/2014/06/1860841903.tif here
1860841903
/u/1stChoice/Share/TNG/tiff/2014/06/
/u/1stChoice/Share/TNG/tiff/2014/06//1860841903.tif
/u/1stChoice/Share/TNG/tiff/2014/06/1860229910.tif here
cp /u/1stChoice/Share/TNG/tiff/2014/06/1860229910.tif /u/1stChoice/Share/TNG/tiffCurrent/ATL/
06/27/2014
/u/1stChoice/Share/TNG/tiff/2014/06/1860235210.tif here
cp /u/1stChoice/Share/TNG/tiff/2014/06/1860235210.tif /u/1stChoice/Share/TNG/tiffCurrent/ATL/
06/27/2014
/u/1stChoice/Share/TNG/tiff/2014/06/1311162402.tif here
cp /u/1stChoice/Share/TNG/tiff/2014/06/1311162402.tif /u/1stChoice/Share/TNG/tiffCurrent/SAC/
06/27/2014
/u/1stChoice/Share/TNG/tiff/2014/06/1860855104.tif here
cp /u/1stChoice/Share/TNG/tiff/2014/06/1860855104.tif /u/1stChoice/Share/TNG/tiffCurrent/ATL/
06/27/2014
/u/1stChoice/Share/TNG/tiff/2014/06/1860228410.tif here
cp /u/1stChoice/Share/TNG/tiff/2014/06/1860228410.tif /u/1stChoice/Share/TNG/tiffCurrent/ATL/
06/27/2014
/u/1stChoice/Share/TNG/tiff/2014/06/1860857104.tif here
cp /u/1stChoice/Share/TNG/tiff/2014/06/1860857104.tif /u/1stChoice/Share/TNG/tiffCurrent/ATL/
06/27/2014
/u/1stChoice/Share/TNG/tiff/2014/06/1860846004.tif here
cp /u/1stChoice/Share/TNG/tiff/2014/06/1860846004.tif /u/1stChoice/Share/TNG/tiffCurrent/ATL/
06/27/2014
/u/1stChoice/Share/TNG/tiff/2014/06/1860177312.tif here
cp /u/1stChoice/Share/TNG/tiff/2014/06/1860177312.tif /u/1stChoice/Share/TNG/tiffCurrent/ATL/
06/27/2014
/u/1stChoice/Share/TNG/tiff/2014/06/1860853904.tif here
cp /u/1stChoice/Share/TNG/tiff/2014/06/1860853904.tif /u/1stChoice/Share/TNG/tiffCurrent/ATL/
06/27/2014
/u/1stChoice/Share/TNG/tiff/2014/06/1860850004.tif here
cp /u/1stChoice/Share/TNG/tiff/2014/06/1860850004.tif /u/1stChoice/Share/TNG/tiffCurrent/ATL/
06/27/2014
/u/1stChoice/Share/TNG/tiff/2014/06/1860862110.tif here
cp /u/1stChoice/Share/TNG/tiff/2014/06/1860862110.tif /u/1stChoice/Share/TNG/tiffCurrent/ATL/
06/27/2014
/u/1stChoice/Share/TNG/tiff/2014/06/1860845904.tif here
cp /u/1stChoice/Share/TNG/tiff/2014/06/1860845904.tif /u/1stChoice/Share/TNG/tiffCurrent/ATL/
06/27/2014
/u/1stChoice/Share/TNG/tiff/2014/06/1860841803.tif here
cp /u/1stChoice/Share/TNG/tiff/2014/06/1860841803.tif /u/1stChoice/Share/TNG/tiffCurrent/ATL/
06/27/2014
/u/1stChoice/Share/TNG/tiff/2014/06/1311145202.tif here
cp /u/1stChoice/Share/TNG/tiff/2014/06/1311145202.tif /u/1stChoice/Share/TNG/tiffCurrent/SAC/
06/27/2014
/u/1stChoice/Share/TNG/tiff/2014/06/1310930703.tif here
cp /u/1stChoice/Share/TNG/tiff/2014/06/1310930703.tif /u/1stChoice/Share/TNG/tiffCurrent/SAC/
06/27/2014
/u/1stChoice/Share/TNG/tiff/2014/06/1311154902.tif here
cp /u/1stChoice/Share/TNG/tiff/2014/06/1311154902.tif /u/1stChoice/Share/TNG/tiffCurrent/SAC/
06/27/2014
/u/1stChoice/Share/TNG/tiff/2014/06/1860196704.tif here
cp /u/1stChoice/Share/TNG/tiff/2014/06/1860196704.tif /u/1stChoice/Share/TNG/tiffCurrent/ATL/
06/27/2014
/u/1stChoice/Share/TNG/tiff/2014/06/1860852604.tif here
cp /u/1stChoice/Share/TNG/tiff/2014/06/1860852604.tif /u/1stChoice/Share/TNG/tiffCurrent/ATL/
06/27/2014
/u/1stChoice/Share/TNG/tiff/2014/06/1860848004.tif here
cp /u/1stChoice/Share/TNG/tiff/2014/06/1860848004.tif /u/1stChoice/Share/TNG/tiffCurrent/ATL/
06/27/2014
/u/1stChoice/Share/TNG/tiff/2014/06/1860844203.tif here
cp /u/1stChoice/Share/TNG/tiff/2014/06/1860844203.tif /u/1stChoice/Share/TNG/tiffCurrent/ATL/
06/27/2014
/u/1stChoice/Share/TNG/tiff/2014/06/1860857004.tif here
cp /u/1stChoice/Share/TNG/tiff/2014/06/1860857004.tif /u/1stChoice/Share/TNG/tiffCurrent/ATL/
06/27/2014
/u/1stChoice/Share/TNG/tiff/2014/06/1860199404.tif here
cp /u/1stChoice/Share/TNG/tiff/2014/06/1860199404.tif /u/1stChoice/Share/TNG/tiffCurrent/ATL/
06/27/2014
/u/1stChoice/Share/TNG/tiff/2014/06/1860840803.tif here
cp /u/1stChoice/Share/TNG/tiff/2014/06/1860840803.tif /u/1stChoice/Share/TNG/tiffCurrent/ATL/
06/27/2014
/u/1stChoice/Share/TNG/tiff/2014/06/1860855004.tif here
cp /u/1stChoice/Share/TNG/tiff/2014/06/1860855004.tif /u/1stChoice/Share/TNG/tiffCurrent/ATL/
06/27/2014
/u/1stChoice/Share/TNG/tiff/2014/06/1860171312.tif here
cp /u/1stChoice/Share/TNG/tiff/2014/06/1860171312.tif /u/1stChoice/Share/TNG/tiffCurrent/ATL/
06/27/2014
/u/1stChoice/Share/TNG/tiff/2014/06/1860842303.tif here
cp /u/1stChoice/Share/TNG/tiff/2014/06/1860842303.tif /u/1stChoice/Share/TNG/tiffCurrent/ATL/
06/27/2014
/u/1stChoice/Share/TNG/tiff/2014/06/1860235010.tif here
cp /u/1stChoice/Share/TNG/tiff/2014/06/1860235010.tif /u/1stChoice/Share/TNG/tiffCurrent/ATL/
06/27/2014
/u/1stChoice/Share/TNG/tiff/2014/06/1860171512.tif here
cp /u/1stChoice/Share/TNG/tiff/2014/06/1860171512.tif /u/1stChoice/Share/TNG/tiffCurrent/ATL/
06/27/2014
/u/1stChoice/Share/TNG/tiff/2014/06/1311158802.tif here
cp /u/1stChoice/Share/TNG/tiff/2014/06/1311158802.tif /u/1stChoice/Share/TNG/tiffCurrent/SAC/
06/27/2014
/u/1stChoice/Share/TNG/tiff/2014/06/1860862010.tif here
cp /u/1stChoice/Share/TNG/tiff/2014/06/1860862010.tif /u/1stChoice/Share/TNG/tiffCurrent/ATL/
06/27/2014
/u/1stChoice/Share/TNG/tiff/2014/06/1860847904.tif here
cp /u/1stChoice/Share/TNG/tiff/2014/06/1860847904.tif /u/1stChoice/Share/TNG/tiffCurrent/ATL/
06/27/2014
/u/1stChoice/Share/TNG/tiff/2014/06/1860195304.tif here
cp /u/1stChoice/Share/TNG/tiff/2014/06/1860195304.tif /u/1stChoice/Share/TNG/tiffCurrent/ATL/
06/27/2014
/u/1stChoice/Share/TNG/tiff/2014/06/1860184012.tif here
cp /u/1stChoice/Share/TNG/tiff/2014/06/1860184012.tif /u/1stChoice/Share/TNG/tiffCurrent/ATL/
06/27/2014
/u/1stChoice/Share/TNG/tiff/2014/06/1860197804.tif here
cp /u/1stChoice/Share/TNG/tiff/2014/06/1860197804.tif /u/1stChoice/Share/TNG/tiffCurrent/ATL/
06/27/2014
/u/1stChoice/Share/TNG/tiff/2014/06/1860177512.tif here
cp /u/1stChoice/Share/TNG/tiff/2014/06/1860177512.tif /u/1stChoice/Share/TNG/tiffCurrent/ATL/
06/27/2014
/u/1stChoice/Share/TNG/tiff/2014/06/1860851604.tif here
cp /u/1stChoice/Share/TNG/tiff/2014/06/1860851604.tif /u/1stChoice/Share/TNG/tiffCurrent/ATL/
06/27/2014
/u/1stChoice/Share/TNG/tiff/2014/06/1860183012.tif here
cp /u/1stChoice/Share/TNG/tiff/2014/06/1860183012.tif /u/1stChoice/Share/TNG/tiffCurrent/ATL/
06/27/2014
/u/1stChoice/Share/TNG/tiff/2014/06/1860856804.tif here
cp /u/1stChoice/Share/TNG/tiff/2014/06/1860856804.tif /u/1stChoice/Share/TNG/tiffCurrent/ATL/
06/27/2014
/u/1stChoice/Share/TNG/tiff/2014/06/1860847804.tif here
cp /u/1stChoice/Share/TNG/tiff/2014/06/1860847804.tif /u/1stChoice/Share/TNG/tiffCurrent/ATL/
06/27/2014
/u/1stChoice/Share/TNG/tiff/2014/06/1860853804.tif here
cp /u/1stChoice/Share/TNG/tiff/2014/06/1860853804.tif /u/1stChoice/Share/TNG/tiffCurrent/ATL/
06/27/2014
/u/1stChoice/Share/TNG/tiff/2014/06/1310930702.tif here
cp /u/1stChoice/Share/TNG/tiff/2014/06/1310930702.tif /u/1stChoice/Share/TNG/tiffCurrent/SAC/
06/27/2014
/u/1stChoice/Share/TNG/tiff/2014/06/1311144902.tif here
cp /u/1stChoice/Share/TNG/tiff/2014/06/1311144902.tif /u/1stChoice/Share/TNG/tiffCurrent/SAC/
06/27/2014
/u/1stChoice/Share/TNG/tiff/2014/06/1311155202.tif here
cp /u/1stChoice/Share/TNG/tiff/2014/06/1311155202.tif /u/1stChoice/Share/TNG/tiffCurrent/SAC/
06/27/2014
/u/1stChoice/Share/TNG/tiff/2014/06/1311158902.tif here
cp /u/1stChoice/Share/TNG/tiff/2014/06/1311158902.tif /u/1stChoice/Share/TNG/tiffCurrent/SAC/
06/27/2014
/u/1stChoice/Share/TNG/tiff/2014/06/1860847704.tif here
cp /u/1stChoice/Share/TNG/tiff/2014/06/1860847704.tif /u/1stChoice/Share/TNG/tiffCurrent/ATL/
06/27/2014
/u/1stChoice/Share/TNG/tiff/2014/06/1860856904.tif here
cp /u/1stChoice/Share/TNG/tiff/2014/06/1860856904.tif /u/1stChoice/Share/TNG/tiffCurrent/ATL/
06/27/2014
/u/1stChoice/Share/TNG/tiff/2014/06/1860852504.tif here
cp /u/1stChoice/Share/TNG/tiff/2014/06/1860852504.tif /u/1stChoice/Share/TNG/tiffCurrent/ATL/
06/27/2014
/u/1stChoice/Share/TNG/tiff/2014/06/1860843603.tif here
cp /u/1stChoice/Share/TNG/tiff/2014/06/1860843603.tif /u/1stChoice/Share/TNG/tiffCurrent/ATL/
06/27/2014
/u/1stChoice/Share/TNG/tiff/2014/06/1860854904.tif here
cp /u/1stChoice/Share/TNG/tiff/2014/06/1860854904.tif /u/1stChoice/Share/TNG/tiffCurrent/ATL/
06/27/2014
/u/1stChoice/Share/TNG/tiff/2014/06/1860853704.tif here
cp /u/1stChoice/Share/TNG/tiff/2014/06/1860853704.tif /u/1stChoice/Share/TNG/tiffCurrent/ATL/
06/27/2014
/u/1stChoice/Share/TNG/tiff/2014/06/1310930403.tif here
cp /u/1stChoice/Share/TNG/tiff/2014/06/1310930403.tif /u/1stChoice/Share/TNG/tiffCurrent/SAC/
06/27/2014
/u/1stChoice/Share/TNG/tiff/2014/06/1310930402.tif here
cp /u/1stChoice/Share/TNG/tiff/2014/06/1310930402.tif /u/1stChoice/Share/TNG/tiffCurrent/SAC/
06/27/2014
/u/1stChoice/Share/TNG/tiff/2014/06/1311161802.tif here
cp /u/1stChoice/Share/TNG/tiff/2014/06/1311161802.tif /u/1stChoice/Share/TNG/tiffCurrent/SAC/
06/27/2014
/u/1stChoice/Share/TNG/tiff/2014/06/1860200004.tif here
cp /u/1stChoice/Share/TNG/tiff/2014/06/1860200004.tif /u/1stChoice/Share/TNG/tiffCurrent/ATL/
06/27/2014
/u/1stChoice/Share/TNG/tiff/2014/06/1860195104.tif here
cp /u/1stChoice/Share/TNG/tiff/2014/06/1860195104.tif /u/1stChoice/Share/TNG/tiffCurrent/ATL/
06/27/2014
/u/1stChoice/Share/TNG/tiff/2014/06/1860183812.tif here
cp /u/1stChoice/Share/TNG/tiff/2014/06/1860183812.tif /u/1stChoice/Share/TNG/tiffCurrent/ATL/
06/27/2014
/u/1stChoice/Share/TNG/tiff/2014/06/1860861510.tif here
cp /u/1stChoice/Share/TNG/tiff/2014/06/1860861510.tif /u/1stChoice/Share/TNG/tiffCurrent/ATL/
06/27/2014
/u/1stChoice/Share/TNG/tiff/2014/06/1860845604.tif here
cp /u/1stChoice/Share/TNG/tiff/2014/06/1860845604.tif /u/1stChoice/Share/TNG/tiffCurrent/ATL/
06/27/2014
/u/1stChoice/Share/TNG/tiff/2014/06/1860843703.tif here
cp /u/1stChoice/Share/TNG/tiff/2014/06/1860843703.tif /u/1stChoice/Share/TNG/tiffCurrent/ATL/
06/27/2014
/u/1stChoice/Share/TNG/tiff/2014/06/1860847604.tif here
cp /u/1stChoice/Share/TNG/tiff/2014/06/1860847604.tif /u/1stChoice/Share/TNG/tiffCurrent/ATL/
06/27/2014
/u/1stChoice/Share/TNG/tiff/2014/06/1311159302.tif here
cp /u/1stChoice/Share/TNG/tiff/2014/06/1311159302.tif /u/1stChoice/Share/TNG/tiffCurrent/SAC/
06/27/2014
/u/1stChoice/Share/TNG/tiff/2014/06/1311154402.tif here
cp /u/1stChoice/Share/TNG/tiff/2014/06/1311154402.tif /u/1stChoice/Share/TNG/tiffCurrent/SAC/
06/27/2014
/u/1stChoice/Share/TNG/tiff/2014/06/1860177712.tif here
cp /u/1stChoice/Share/TNG/tiff/2014/06/1860177712.tif /u/1stChoice/Share/TNG/tiffCurrent/ATL/
06/27/2014
/u/1stChoice/Share/TNG/tiff/2014/06/1860199304.tif here
cp /u/1stChoice/Share/TNG/tiff/2014/06/1860199304.tif /u/1stChoice/Share/TNG/tiffCurrent/ATL/
06/27/2014
/u/1stChoice/Share/TNG/tiff/2014/06/1860852404.tif here
cp /u/1stChoice/Share/TNG/tiff/2014/06/1860852404.tif /u/1stChoice/Share/TNG/tiffCurrent/ATL/
06/27/2014
/u/1stChoice/Share/TNG/tiff/2014/06/1860229810.tif here
cp /u/1stChoice/Share/TNG/tiff/2014/06/1860229810.tif /u/1stChoice/Share/TNG/tiffCurrent/ATL/
06/27/2014
/u/1stChoice/Share/TNG/tiff/2014/06/1860229710.tif here
cp /u/1stChoice/Share/TNG/tiff/2014/06/1860229710.tif /u/1stChoice/Share/TNG/tiffCurrent/ATL/
06/27/2014
/u/1stChoice/Share/TNG/tiff/2014/06/1860847504.tif here
cp /u/1stChoice/Share/TNG/tiff/2014/06/1860847504.tif /u/1stChoice/Share/TNG/tiffCurrent/ATL/
06/27/2014
/u/1stChoice/Share/TNG/tiff/2014/06/1860843903.tif here
cp /u/1stChoice/Share/TNG/tiff/2014/06/1860843903.tif /u/1stChoice/Share/TNG/tiffCurrent/ATL/
06/27/2014
/u/1stChoice/Share/TNG/tiff/2014/06/1860842203.tif here
cp /u/1stChoice/Share/TNG/tiff/2014/06/1860842203.tif /u/1stChoice/Share/TNG/tiffCurrent/ATL/
06/27/2014
/u/1stChoice/Share/TNG/tiff/2014/06/1860849704.tif here
cp /u/1stChoice/Share/TNG/tiff/2014/06/1860849704.tif /u/1stChoice/Share/TNG/tiffCurrent/ATL/
06/27/2014
/u/1stChoice/Share/TNG/tiff/2014/06/1311161702.tif here
cp /u/1stChoice/Share/TNG/tiff/2014/06/1311161702.tif /u/1stChoice/Share/TNG/tiffCurrent/SAC/
06/27/2014
/u/1stChoice/Share/TNG/tiff/2014/06/1311158202.tif here
cp /u/1stChoice/Share/TNG/tiff/2014/06/1311158202.tif /u/1stChoice/Share/TNG/tiffCurrent/SAC/
06/27/2014
/u/1stChoice/Share/TNG/tiff/2014/06/1311159102.tif here
cp /u/1stChoice/Share/TNG/tiff/2014/06/1311159102.tif /u/1stChoice/Share/TNG/tiffCurrent/SAC/
06/27/2014
/u/1stChoice/Share/TNG/tiff/2014/06/1310930603.tif here
cp /u/1stChoice/Share/TNG/tiff/2014/06/1310930603.tif /u/1stChoice/Share/TNG/tiffCurrent/SAC/
06/27/2014
/u/1stChoice/Share/TNG/tiff/2014/06/1311145102.tif here
cp /u/1stChoice/Share/TNG/tiff/2014/06/1311145102.tif /u/1stChoice/Share/TNG/tiffCurrent/SAC/
06/27/2014
/u/1stChoice/Share/TNG/tiff/2014/06/1860856704.tif here
cp /u/1stChoice/Share/TNG/tiff/2014/06/1860856704.tif /u/1stChoice/Share/TNG/tiffCurrent/ATL/
06/27/2014
/u/1stChoice/Share/TNG/tiff/2014/06/1860861410.tif here
cp /u/1stChoice/Share/TNG/tiff/2014/06/1860861410.tif /u/1stChoice/Share/TNG/tiffCurrent/ATL/
06/27/2014
/u/1stChoice/Share/TNG/tiff/2014/06/1860853604.tif here
cp /u/1stChoice/Share/TNG/tiff/2014/06/1860853604.tif /u/1stChoice/Share/TNG/tiffCurrent/ATL/
06/27/2014
/u/1stChoice/Share/TNG/tiff/2014/06/1860856604.tif here
cp /u/1stChoice/Share/TNG/tiff/2014/06/1860856604.tif /u/1stChoice/Share/TNG/tiffCurrent/ATL/
06/27/2014
/u/1stChoice/Share/TNG/tiff/2014/06/1860199804.tif here
cp /u/1stChoice/Share/TNG/tiff/2014/06/1860199804.tif /u/1stChoice/Share/TNG/tiffCurrent/ATL/
06/27/2014
/u/1stChoice/Share/TNG/tiff/2014/06/1860231710.tif here
cp /u/1stChoice/Share/TNG/tiff/2014/06/1860231710.tif /u/1stChoice/Share/TNG/tiffCurrent/ATL/
06/27/2014
/u/1stChoice/Share/TNG/tiff/2014/06/1860852304.tif here
cp /u/1stChoice/Share/TNG/tiff/2014/06/1860852304.tif /u/1stChoice/Share/TNG/tiffCurrent/ATL/
06/27/2014
/u/1stChoice/Share/TNG/tiff/2014/06/1860861210.tif here
cp /u/1stChoice/Share/TNG/tiff/2014/06/1860861210.tif /u/1stChoice/Share/TNG/tiffCurrent/ATL/
06/27/2014
/u/1stChoice/Share/TNG/tiff/2014/06/1311159202.tif here
cp /u/1stChoice/Share/TNG/tiff/2014/06/1311159202.tif /u/1stChoice/Share/TNG/tiffCurrent/SAC/
06/27/2014
/u/1stChoice/Share/TNG/tiff/2014/06/1860849904.tif here
cp /u/1stChoice/Share/TNG/tiff/2014/06/1860849904.tif /u/1stChoice/Share/TNG/tiffCurrent/ATL/
06/27/2014
/u/1stChoice/Share/TNG/tiff/2014/06/1860229410.tif here
cp /u/1stChoice/Share/TNG/tiff/2014/06/1860229410.tif /u/1stChoice/Share/TNG/tiffCurrent/ATL/
06/27/2014
/u/1stChoice/Share/TNG/tiff/2014/06/1860234910.tif here
cp /u/1stChoice/Share/TNG/tiff/2014/06/1860234910.tif /u/1stChoice/Share/TNG/tiffCurrent/ATL/
06/27/2014
/u/1stChoice/Share/TNG/tiff/2014/06/1860234810.tif here
cp /u/1stChoice/Share/TNG/tiff/2014/06/1860234810.tif /u/1stChoice/Share/TNG/tiffCurrent/ATL/
06/27/2014
/u/1stChoice/Share/TNG/tiff/2014/06/1860865510.tif here
cp /u/1stChoice/Share/TNG/tiff/2014/06/1860865510.tif /u/1stChoice/Share/TNG/tiffCurrent/ATL/
06/27/2014
/u/1stChoice/Share/TNG/tiff/2014/06/1860847304.tif here
cp /u/1stChoice/Share/TNG/tiff/2014/06/1860847304.tif /u/1stChoice/Share/TNG/tiffCurrent/ATL/
06/27/2014
/u/1stChoice/Share/TNG/tiff/2014/06/1860851504.tif here
cp /u/1stChoice/Share/TNG/tiff/2014/06/1860851504.tif /u/1stChoice/Share/TNG/tiffCurrent/ATL/
06/27/2014
/u/1stChoice/Share/TNG/tiff/2014/06/1860856404.tif here
cp /u/1stChoice/Share/TNG/tiff/2014/06/1860856404.tif /u/1stChoice/Share/TNG/tiffCurrent/ATL/
06/27/2014
/u/1stChoice/Share/TNG/tiff/2014/06/1860849804.tif here
cp /u/1stChoice/Share/TNG/tiff/2014/06/1860849804.tif /u/1stChoice/Share/TNG/tiffCurrent/ATL/
06/27/2014
/u/1stChoice/Share/TNG/tiff/2014/06/1860842103.tif here
cp /u/1stChoice/Share/TNG/tiff/2014/06/1860842103.tif /u/1stChoice/Share/TNG/tiffCurrent/ATL/
06/27/2014
/u/1stChoice/Share/TNG/tiff/2014/06/1311156002.tif here
cp /u/1stChoice/Share/TNG/tiff/2014/06/1311156002.tif /u/1stChoice/Share/TNG/tiffCurrent/SAC/
06/27/2014
/u/1stChoice/Share/TNG/tiff/2014/06/1860874514.tif here
cp /u/1stChoice/Share/TNG/tiff/2014/06/1860874514.tif /u/1stChoice/Share/TNG/tiffCurrent/ATL/
06/27/2014
/u/1stChoice/Share/TNG/tiff/2014/06/1860861710.tif here
cp /u/1stChoice/Share/TNG/tiff/2014/06/1860861710.tif /u/1stChoice/Share/TNG/tiffCurrent/ATL/
06/27/2014
/u/1stChoice/Share/TNG/tiff/2014/06/1860852004.tif here
cp /u/1stChoice/Share/TNG/tiff/2014/06/1860852004.tif /u/1stChoice/Share/TNG/tiffCurrent/ATL/
06/27/2014
/u/1stChoice/Share/TNG/tiff/2014/06/1860199704.tif here
cp /u/1stChoice/Share/TNG/tiff/2014/06/1860199704.tif /u/1stChoice/Share/TNG/tiffCurrent/ATL/
06/27/2014
/u/1stChoice/Share/TNG/tiff/2014/06/1860861310.tif here
cp /u/1stChoice/Share/TNG/tiff/2014/06/1860861310.tif /u/1stChoice/Share/TNG/tiffCurrent/ATL/
06/27/2014
/u/1stChoice/Share/TNG/tiff/2014/06/1860847204.tif here
cp /u/1stChoice/Share/TNG/tiff/2014/06/1860847204.tif /u/1stChoice/Share/TNG/tiffCurrent/ATL/
06/27/2014
/u/1stChoice/Share/TNG/tiff/2014/06/1860177912.tif here
cp /u/1stChoice/Share/TNG/tiff/2014/06/1860177912.tif /u/1stChoice/Share/TNG/tiffCurrent/ATL/
06/27/2014
/u/1stChoice/Share/TNG/tiff/2014/06/1860199104.tif here
cp /u/1stChoice/Share/TNG/tiff/2014/06/1860199104.tif /u/1stChoice/Share/TNG/tiffCurrent/ATL/
06/27/2014
/u/1stChoice/Share/TNG/tiff/2014/06/1860856304.tif here
cp /u/1stChoice/Share/TNG/tiff/2014/06/1860856304.tif /u/1stChoice/Share/TNG/tiffCurrent/ATL/
06/27/2014
/u/1stChoice/Share/TNG/tiff/2014/06/1860234310.tif here
cp /u/1stChoice/Share/TNG/tiff/2014/06/1860234310.tif /u/1stChoice/Share/TNG/tiffCurrent/ATL/
06/27/2014
/u/1stChoice/Share/TNG/tiff/2014/06/1860229510.tif here
cp /u/1stChoice/Share/TNG/tiff/2014/06/1860229510.tif /u/1stChoice/Share/TNG/tiffCurrent/ATL/
06/27/2014
/u/1stChoice/Share/TNG/tiff/2014/06/1860847104.tif here
cp /u/1stChoice/Share/TNG/tiff/2014/06/1860847104.tif /u/1stChoice/Share/TNG/tiffCurrent/ATL/
06/27/2014
/u/1stChoice/Share/TNG/tiff/2014/06/1310930602.tif here
cp /u/1stChoice/Share/TNG/tiff/2014/06/1310930602.tif /u/1stChoice/Share/TNG/tiffCurrent/SAC/
06/27/2014
/u/1stChoice/Share/TNG/tiff/2014/06/1311158302.tif here
cp /u/1stChoice/Share/TNG/tiff/2014/06/1311158302.tif /u/1stChoice/Share/TNG/tiffCurrent/SAC/
06/27/2014
/u/1stChoice/Share/TNG/tiff/2014/06/1311156502.tif here
cp /u/1stChoice/Share/TNG/tiff/2014/06/1311156502.tif /u/1stChoice/Share/TNG/tiffCurrent/SAC/
06/27/2014
/u/1stChoice/Share/TNG/tiff/2014/06/1311156102.tif here
cp /u/1stChoice/Share/TNG/tiff/2014/06/1311156102.tif /u/1stChoice/Share/TNG/tiffCurrent/SAC/
06/27/2014
/u/1stChoice/Share/TNG/tiff/2014/06/1311157902.tif here
cp /u/1stChoice/Share/TNG/tiff/2014/06/1311157902.tif /u/1stChoice/Share/TNG/tiffCurrent/SAC/
06/27/2014
/u/1stChoice/Share/TNG/tiff/2014/06/1311154602.tif here
cp /u/1stChoice/Share/TNG/tiff/2014/06/1311154602.tif /u/1stChoice/Share/TNG/tiffCurrent/SAC/
06/27/2014
/u/1stChoice/Share/TNG/tiff/2014/06/1311155602.tif here
cp /u/1stChoice/Share/TNG/tiff/2014/06/1311155602.tif /u/1stChoice/Share/TNG/tiffCurrent/SAC/
06/27/2014
/u/1stChoice/Share/TNG/tiff/2014/06/1311154002.tif here
cp /u/1stChoice/Share/TNG/tiff/2014/06/1311154002.tif /u/1stChoice/Share/TNG/tiffCurrent/SAC/
06/27/2014
/u/1stChoice/Share/TNG/tiff/2014/06/1311155502.tif here
cp /u/1stChoice/Share/TNG/tiff/2014/06/1311155502.tif /u/1stChoice/Share/TNG/tiffCurrent/SAC/
06/27/2014
/u/1stChoice/Share/TNG/tiff/2014/06/1311163202.tif here
cp /u/1stChoice/Share/TNG/tiff/2014/06/1311163202.tif /u/1stChoice/Share/TNG/tiffCurrent/SAC/
06/27/2014
/u/1stChoice/Share/TNG/tiff/2014/06/1860852104.tif here
cp /u/1stChoice/Share/TNG/tiff/2014/06/1860852104.tif /u/1stChoice/Share/TNG/tiffCurrent/ATL/
06/27/2014
/u/1stChoice/Share/TNG/tiff/2014/06/1860856204.tif here
cp /u/1stChoice/Share/TNG/tiff/2014/06/1860856204.tif /u/1stChoice/Share/TNG/tiffCurrent/ATL/
06/27/2014
/u/1stChoice/Share/TNG/tiff/2014/06/1860841603.tif here
cp /u/1stChoice/Share/TNG/tiff/2014/06/1860841603.tif /u/1stChoice/Share/TNG/tiffCurrent/ATL/
06/27/2014
/u/1stChoice/Share/TNG/tiff/2014/06/1860853204.tif here
cp /u/1stChoice/Share/TNG/tiff/2014/06/1860853204.tif /u/1stChoice/Share/TNG/tiffCurrent/ATL/
06/27/2014
/u/1stChoice/Share/TNG/tiff/2014/06/1860844303.tif here
cp /u/1stChoice/Share/TNG/tiff/2014/06/1860844303.tif /u/1stChoice/Share/TNG/tiffCurrent/ATL/
06/27/2014
/u/1stChoice/Share/TNG/tiff/2014/06/1860849604.tif here
cp /u/1stChoice/Share/TNG/tiff/2014/06/1860849604.tif /u/1stChoice/Share/TNG/tiffCurrent/ATL/
06/27/2014
/u/1stChoice/Share/TNG/tiff/2014/06/1860847404.tif here
cp /u/1stChoice/Share/TNG/tiff/2014/06/1860847404.tif /u/1stChoice/Share/TNG/tiffCurrent/ATL/
06/27/2014
/u/1stChoice/Share/TNG/tiff/2014/06/1860861810.tif here
cp /u/1stChoice/Share/TNG/tiff/2014/06/1860861810.tif /u/1stChoice/Share/TNG/tiffCurrent/ATL/
06/27/2014
/u/1stChoice/Share/TNG/tiff/2014/06/1860232610.tif here
cp /u/1stChoice/Share/TNG/tiff/2014/06/1860232610.tif /u/1stChoice/Share/TNG/tiffCurrent/ATL/
06/27/2014
/u/1stChoice/Share/TNG/tiff/2014/06/1311157602.tif here
cp /u/1stChoice/Share/TNG/tiff/2014/06/1311157602.tif /u/1stChoice/Share/TNG/tiffCurrent/SAC/
06/27/2014
/u/1stChoice/Share/TNG/tiff/2014/06/1311158402.tif here
cp /u/1stChoice/Share/TNG/tiff/2014/06/1311158402.tif /u/1stChoice/Share/TNG/tiffCurrent/SAC/
06/27/2014
/u/1stChoice/Share/TNG/tiff/2014/06/1311158702.tif here
cp /u/1stChoice/Share/TNG/tiff/2014/06/1311158702.tif /u/1stChoice/Share/TNG/tiffCurrent/SAC/
06/27/2014
/u/1stChoice/Share/TNG/tiff/2014/06/1860196604.tif here
cp /u/1stChoice/Share/TNG/tiff/2014/06/1860196604.tif /u/1stChoice/Share/TNG/tiffCurrent/ATL/
06/27/2014
/u/1stChoice/Share/TNG/tiff/2014/06/1860853404.tif here
cp /u/1stChoice/Share/TNG/tiff/2014/06/1860853404.tif /u/1stChoice/Share/TNG/tiffCurrent/ATL/
06/27/2014
/u/1stChoice/Share/TNG/tiff/2014/06/1860856104.tif here
cp /u/1stChoice/Share/TNG/tiff/2014/06/1860856104.tif /u/1stChoice/Share/TNG/tiffCurrent/ATL/
06/27/2014
/u/1stChoice/Share/TNG/tiff/2014/06/1860194904.tif here
cp /u/1stChoice/Share/TNG/tiff/2014/06/1860194904.tif /u/1stChoice/Share/TNG/tiffCurrent/ATL/
06/27/2014
/u/1stChoice/Share/TNG/tiff/2014/06/1311163302.tif here
cp /u/1stChoice/Share/TNG/tiff/2014/06/1311163302.tif /u/1stChoice/Share/TNG/tiffCurrent/SAC/
06/27/2014
/u/1stChoice/Share/TNG/tiff/2014/06/1311210402.tif here
cp /u/1stChoice/Share/TNG/tiff/2014/06/1311210402.tif /u/1stChoice/Share/TNG/tiffCurrent/SAC/
06/27/2014
/u/1stChoice/Share/TNG/tiff/2014/06/1310985302.tif here
cp /u/1stChoice/Share/TNG/tiff/2014/06/1310985302.tif /u/1stChoice/Share/TNG/tiffCurrent/SAC/
06/27/2014
/u/1stChoice/Share/TNG/tiff/2014/06/1310985303.tif here
cp /u/1stChoice/Share/TNG/tiff/2014/06/1310985303.tif /u/1stChoice/Share/TNG/tiffCurrent/SAC/
06/27/2014
/u/1stChoice/Share/TNG/tiff/2014/06/1311210302.tif here
cp /u/1stChoice/Share/TNG/tiff/2014/06/1311210302.tif /u/1stChoice/Share/TNG/tiffCurrent/SAC/
06/27/2014
/u/1stChoice/Share/TNG/tiff/2014/06/1860841703.tif here
cp /u/1stChoice/Share/TNG/tiff/2014/06/1860841703.tif /u/1stChoice/Share/TNG/tiffCurrent/ATL/
06/27/2014
/u/1stChoice/Share/TNG/tiff/2014/06/1860197004.tif here
cp /u/1stChoice/Share/TNG/tiff/2014/06/1860197004.tif /u/1stChoice/Share/TNG/tiffCurrent/ATL/
06/27/2014
/u/1stChoice/Share/TNG/tiff/2014/06/1860861010.tif here
cp /u/1stChoice/Share/TNG/tiff/2014/06/1860861010.tif /u/1stChoice/Share/TNG/tiffCurrent/ATL/
06/27/2014
/u/1stChoice/Share/TNG/tiff/2014/06/1860851404.tif here
cp /u/1stChoice/Share/TNG/tiff/2014/06/1860851404.tif /u/1stChoice/Share/TNG/tiffCurrent/ATL/
06/27/2014
/u/1stChoice/Share/TNG/tiff/2014/06/1860232510.tif here
cp /u/1stChoice/Share/TNG/tiff/2014/06/1860232510.tif /u/1stChoice/Share/TNG/tiffCurrent/ATL/
06/27/2014
/u/1stChoice/Share/TNG/tiff/2014/06/1860853504.tif here
cp /u/1stChoice/Share/TNG/tiff/2014/06/1860853504.tif /u/1stChoice/Share/TNG/tiffCurrent/ATL/
06/27/2014
/u/1stChoice/Share/TNG/tiff/2014/06/1860183412.tif here
cp /u/1stChoice/Share/TNG/tiff/2014/06/1860183412.tif /u/1stChoice/Share/TNG/tiffCurrent/ATL/
06/27/2014
/u/1stChoice/Share/TNG/tiff/2014/06/1860178112.tif here
cp /u/1stChoice/Share/TNG/tiff/2014/06/1860178112.tif /u/1stChoice/Share/TNG/tiffCurrent/ATL/
06/27/2014
/u/1stChoice/Share/TNG/tiff/2014/06/1860233910.tif here
cp /u/1stChoice/Share/TNG/tiff/2014/06/1860233910.tif /u/1stChoice/Share/TNG/tiffCurrent/ATL/
06/27/2014
/u/1stChoice/Share/TNG/tiff/2014/06/1311155702.tif here
cp /u/1stChoice/Share/TNG/tiff/2014/06/1311155702.tif /u/1stChoice/Share/TNG/tiffCurrent/SAC/
06/27/2014
/u/1stChoice/Share/TNG/tiff/2014/06/1311157502.tif here
cp /u/1stChoice/Share/TNG/tiff/2014/06/1311157502.tif /u/1stChoice/Share/TNG/tiffCurrent/SAC/
06/27/2014
/u/1stChoice/Share/TNG/tiff/2014/06/1311163402.tif here
cp /u/1stChoice/Share/TNG/tiff/2014/06/1311163402.tif /u/1stChoice/Share/TNG/tiffCurrent/SAC/
06/27/2014
/u/1stChoice/Share/TNG/tiff/2014/06/1860849404.tif here
cp /u/1stChoice/Share/TNG/tiff/2014/06/1860849404.tif /u/1stChoice/Share/TNG/tiffCurrent/ATL/
06/27/2014
/u/1stChoice/Share/TNG/tiff/2014/06/1860846704.tif here
cp /u/1stChoice/Share/TNG/tiff/2014/06/1860846704.tif /u/1stChoice/Share/TNG/tiffCurrent/ATL/
06/27/2014
/u/1stChoice/Share/TNG/tiff/2014/06/1860856004.tif here
cp /u/1stChoice/Share/TNG/tiff/2014/06/1860856004.tif /u/1stChoice/Share/TNG/tiffCurrent/ATL/
06/27/2014
/u/1stChoice/Share/TNG/tiff/2014/06/1860852204.tif here
cp /u/1stChoice/Share/TNG/tiff/2014/06/1860852204.tif /u/1stChoice/Share/TNG/tiffCurrent/ATL/
06/27/2014
/u/1stChoice/Share/TNG/tiff/2014/06/1860229610.tif here
cp /u/1stChoice/Share/TNG/tiff/2014/06/1860229610.tif /u/1stChoice/Share/TNG/tiffCurrent/ATL/
06/27/2014
/u/1stChoice/Share/TNG/tiff/2014/06/1860234710.tif here
cp /u/1stChoice/Share/TNG/tiff/2014/06/1860234710.tif /u/1stChoice/Share/TNG/tiffCurrent/ATL/
06/27/2014
/u/1stChoice/Share/TNG/tiff/2014/06/1860851304.tif here
cp /u/1stChoice/Share/TNG/tiff/2014/06/1860851304.tif /u/1stChoice/Share/TNG/tiffCurrent/ATL/
06/27/2014
/u/1stChoice/Share/TNG/tiff/2014/06/1860865910.tif here
cp /u/1stChoice/Share/TNG/tiff/2014/06/1860865910.tif /u/1stChoice/Share/TNG/tiffCurrent/ATL/
06/27/2014
/u/1stChoice/Share/TNG/tiff/2014/06/1860849304.tif here
cp /u/1stChoice/Share/TNG/tiff/2014/06/1860849304.tif /u/1stChoice/Share/TNG/tiffCurrent/ATL/
06/27/2014
/u/1stChoice/Share/TNG/tiff/2014/06/1860199204.tif here
cp /u/1stChoice/Share/TNG/tiff/2014/06/1860199204.tif /u/1stChoice/Share/TNG/tiffCurrent/ATL/
06/27/2014
/u/1stChoice/Share/TNG/tiff/2014/06/1311158602.tif here
cp /u/1stChoice/Share/TNG/tiff/2014/06/1311158602.tif /u/1stChoice/Share/TNG/tiffCurrent/SAC/
06/27/2014
/u/1stChoice/Share/TNG/tiff/2014/06/1860874214.tif here
cp /u/1stChoice/Share/TNG/tiff/2014/06/1860874214.tif /u/1stChoice/Share/TNG/tiffCurrent/ATL/
06/27/2014
/u/1stChoice/Share/TNG/tiff/2014/06/1311158102.tif here
cp /u/1stChoice/Share/TNG/tiff/2014/06/1311158102.tif /u/1stChoice/Share/TNG/tiffCurrent/SAC/
06/27/2014
/u/1stChoice/Share/TNG/tiff/2014/06/1860855904.tif here
cp /u/1stChoice/Share/TNG/tiff/2014/06/1860855904.tif /u/1stChoice/Share/TNG/tiffCurrent/ATL/
06/27/2014
/u/1stChoice/Share/TNG/tiff/2014/06/1860841203.tif here
cp /u/1stChoice/Share/TNG/tiff/2014/06/1860841203.tif /u/1stChoice/Share/TNG/tiffCurrent/ATL/
06/27/2014
/u/1stChoice/Share/TNG/tiff/2014/06/1860229110.tif here
cp /u/1stChoice/Share/TNG/tiff/2014/06/1860229110.tif /u/1stChoice/Share/TNG/tiffCurrent/ATL/
06/27/2014
/u/1stChoice/Share/TNG/tiff/2014/06/1860849204.tif here
cp /u/1stChoice/Share/TNG/tiff/2014/06/1860849204.tif /u/1stChoice/Share/TNG/tiffCurrent/ATL/
06/27/2014
/u/1stChoice/Share/TNG/tiff/2014/06/1860183612.tif here
cp /u/1stChoice/Share/TNG/tiff/2014/06/1860183612.tif /u/1stChoice/Share/TNG/tiffCurrent/ATL/
06/27/2014
/u/1stChoice/Share/TNG/tiff/2014/06/1860233810.tif here
cp /u/1stChoice/Share/TNG/tiff/2014/06/1860233810.tif /u/1stChoice/Share/TNG/tiffCurrent/ATL/
06/27/2014
/u/1stChoice/Share/TNG/tiff/2014/06/1860853304.tif here
cp /u/1stChoice/Share/TNG/tiff/2014/06/1860853304.tif /u/1stChoice/Share/TNG/tiffCurrent/ATL/
06/27/2014
/u/1stChoice/Share/TNG/tiff/2014/06/1860232310.tif here
cp /u/1stChoice/Share/TNG/tiff/2014/06/1860232310.tif /u/1stChoice/Share/TNG/tiffCurrent/ATL/
06/27/2014
/u/1stChoice/Share/TNG/tiff/2014/06/1860196504.tif here
cp /u/1stChoice/Share/TNG/tiff/2014/06/1860196504.tif /u/1stChoice/Share/TNG/tiffCurrent/ATL/
06/27/2014
/u/1stChoice/Share/TNG/tiff/2014/06/1860841103.tif here
cp /u/1stChoice/Share/TNG/tiff/2014/06/1860841103.tif /u/1stChoice/Share/TNG/tiffCurrent/ATL/
06/27/2014
/u/1stChoice/Share/TNG/tiff/2014/06/1860872414.tif here
cp /u/1stChoice/Share/TNG/tiff/2014/06/1860872414.tif /u/1stChoice/Share/TNG/tiffCurrent/ATL/
06/27/2014
/u/1stChoice/Share/TNG/tiff/2014/06/1860071510.tif here
cp /u/1stChoice/Share/TNG/tiff/2014/06/1860071510.tif /u/1stChoice/Share/TNG/tiffCurrent/ATL/
06/27/2014
/u/1stChoice/Share/TNG/tiff/2014/06/1310985203.tif here
cp /u/1stChoice/Share/TNG/tiff/2014/06/1310985203.tif /u/1stChoice/Share/TNG/tiffCurrent/SAC/
06/27/2014
/u/1stChoice/Share/TNG/tiff/2014/06/1310985202.tif here
cp /u/1stChoice/Share/TNG/tiff/2014/06/1310985202.tif /u/1stChoice/Share/TNG/tiffCurrent/SAC/
06/27/2014
/u/1stChoice/Share/TNG/tiff/2014/06/1311163102.tif here
cp /u/1stChoice/Share/TNG/tiff/2014/06/1311163102.tif /u/1stChoice/Share/TNG/tiffCurrent/SAC/
06/27/2014
/u/1stChoice/Share/TNG/tiff/2014/06/1311144602.tif here
cp /u/1stChoice/Share/TNG/tiff/2014/06/1311144602.tif /u/1stChoice/Share/TNG/tiffCurrent/SAC/
06/27/2014
/u/1stChoice/Share/TNG/tiff/2014/06/1311157802.tif here
cp /u/1stChoice/Share/TNG/tiff/2014/06/1311157802.tif /u/1stChoice/Share/TNG/tiffCurrent/SAC/
06/27/2014
/u/1stChoice/Share/TNG/tiff/2014/06/1311159002.tif here
cp /u/1stChoice/Share/TNG/tiff/2014/06/1311159002.tif /u/1stChoice/Share/TNG/tiffCurrent/SAC/
06/27/2014
/u/1stChoice/Share/TNG/tiff/2014/06/1860860910.tif here
cp /u/1stChoice/Share/TNG/tiff/2014/06/1860860910.tif /u/1stChoice/Share/TNG/tiffCurrent/ATL/
06/27/2014
/u/1stChoice/Share/TNG/tiff/2014/06/1860183212.tif here
cp /u/1stChoice/Share/TNG/tiff/2014/06/1860183212.tif /u/1stChoice/Share/TNG/tiffCurrent/ATL/
06/27/2014
/u/1stChoice/Share/TNG/tiff/2014/06/1860234610.tif here
cp /u/1stChoice/Share/TNG/tiff/2014/06/1860234610.tif /u/1stChoice/Share/TNG/tiffCurrent/ATL/
06/27/2014
/u/1stChoice/Share/TNG/tiff/2014/06/1860849104.tif here
cp /u/1stChoice/Share/TNG/tiff/2014/06/1860849104.tif /u/1stChoice/Share/TNG/tiffCurrent/ATL/
06/27/2014
/u/1stChoice/Share/TNG/tiff/2014/06/1860841403.tif here
cp /u/1stChoice/Share/TNG/tiff/2014/06/1860841403.tif /u/1stChoice/Share/TNG/tiffCurrent/ATL/
06/27/2014
/u/1stChoice/Share/TNG/tiff/2014/06/1860229210.tif here
cp /u/1stChoice/Share/TNG/tiff/2014/06/1860229210.tif /u/1stChoice/Share/TNG/tiffCurrent/ATL/
06/27/2014
/u/1stChoice/Share/TNG/tiff/2014/06/1311157702.tif here
cp /u/1stChoice/Share/TNG/tiff/2014/06/1311157702.tif /u/1stChoice/Share/TNG/tiffCurrent/SAC/
06/27/2014
/u/1stChoice/Share/TNG/tiff/2014/06/1860872514.tif here
cp /u/1stChoice/Share/TNG/tiff/2014/06/1860872514.tif /u/1stChoice/Share/TNG/tiffCurrent/ATL/
06/27/2014
/u/1stChoice/Share/TNG/tiff/2014/06/1311163502.tif here
cp /u/1stChoice/Share/TNG/tiff/2014/06/1311163502.tif /u/1stChoice/Share/TNG/tiffCurrent/SAC/
06/27/2014
/u/1stChoice/Share/TNG/tiff/2014/06/1860860810.tif here
cp /u/1stChoice/Share/TNG/tiff/2014/06/1860860810.tif /u/1stChoice/Share/TNG/tiffCurrent/ATL/
06/27/2014
/u/1stChoice/Share/TNG/tiff/2014/06/1310930103.tif here
cp /u/1stChoice/Share/TNG/tiff/2014/06/1310930103.tif /u/1stChoice/Share/TNG/tiffCurrent/SAC/
06/27/2014
/u/1stChoice/Share/TNG/tiff/2014/06/1310930102.tif here
cp /u/1stChoice/Share/TNG/tiff/2014/06/1310930102.tif /u/1stChoice/Share/TNG/tiffCurrent/SAC/
06/27/2014
/u/1stChoice/Share/TNG/tiff/2014/06/1860872614.tif here
cp /u/1stChoice/Share/TNG/tiff/2014/06/1860872614.tif /u/1stChoice/Share/TNG/tiffCurrent/ATL/
06/27/2014
/u/1stChoice/Share/TNG/tiff/2014/06/1311145002.tif here
cp /u/1stChoice/Share/TNG/tiff/2014/06/1311145002.tif /u/1stChoice/Share/TNG/tiffCurrent/SAC/
06/27/2014
/u/1stChoice/Share/TNG/tiff/2014/06/1310930503.tif here
cp /u/1stChoice/Share/TNG/tiff/2014/06/1310930503.tif /u/1stChoice/Share/TNG/tiffCurrent/SAC/
06/27/2014
/u/1stChoice/Share/TNG/tiff/2014/06/1311158502.tif here
cp /u/1stChoice/Share/TNG/tiff/2014/06/1311158502.tif /u/1stChoice/Share/TNG/tiffCurrent/SAC/
06/27/2014
/u/1stChoice/Share/TNG/tiff/2014/06/1311158002.tif here
cp /u/1stChoice/Share/TNG/tiff/2014/06/1311158002.tif /u/1stChoice/Share/TNG/tiffCurrent/SAC/
06/27/2014
/u/1stChoice/Share/TNG/tiff/2014/06/1311154302.tif here
cp /u/1stChoice/Share/TNG/tiff/2014/06/1311154302.tif /u/1stChoice/Share/TNG/tiffCurrent/SAC/
06/27/2014
/u/1stChoice/Share/TNG/tiff/2014/06/1860232710.tif here
cp /u/1stChoice/Share/TNG/tiff/2014/06/1860232710.tif /u/1stChoice/Share/TNG/tiffCurrent/ATL/
06/27/2014
/u/1stChoice/Share/TNG/tiff/2014/06/1860229310.tif here
cp /u/1stChoice/Share/TNG/tiff/2014/06/1860229310.tif /u/1stChoice/Share/TNG/tiffCurrent/ATL/
06/27/2014
/u/1stChoice/Share/TNG/tiff/2014/06/1860176312.tif here
cp /u/1stChoice/Share/TNG/tiff/2014/06/1860176312.tif /u/1stChoice/Share/TNG/tiffCurrent/ATL/
06/27/2014
/u/1stChoice/Share/TNG/tiff/2014/06/1860196904.tif here
cp /u/1stChoice/Share/TNG/tiff/2014/06/1860196904.tif /u/1stChoice/Share/TNG/tiffCurrent/ATL/
06/27/2014
/u/1stChoice/Share/TNG/tiff/2014/06/1860102603.tif here
cp /u/1stChoice/Share/TNG/tiff/2014/06/1860102603.tif /u/1stChoice/Share/TNG/tiffCurrent/ATL/
06/27/2014
/u/1stChoice/Share/TNG/tiff/2014/06/1860235110.tif here
cp /u/1stChoice/Share/TNG/tiff/2014/06/1860235110.tif /u/1stChoice/Share/TNG/tiffCurrent/ATL/
06/27/2014
/u/1stChoice/Share/TNG/tiff/2014/06/1311160002.tif here
cp /u/1stChoice/Share/TNG/tiff/2014/06/1311160002.tif /u/1stChoice/Share/TNG/tiffCurrent/SAC/
06/27/2014
/u/1stChoice/Share/TNG/tiff/2014/06/1311153802.tif here
cp /u/1stChoice/Share/TNG/tiff/2014/06/1311153802.tif /u/1stChoice/Share/TNG/tiffCurrent/SAC/
06/27/2014
/u/1stChoice/Share/TNG/tiff/2014/06/1311155402.tif here
cp /u/1stChoice/Share/TNG/tiff/2014/06/1311155402.tif /u/1stChoice/Share/TNG/tiffCurrent/SAC/
06/27/2014
/u/1stChoice/Share/TNG/tiff/2014/06/1860176212.tif here
cp /u/1stChoice/Share/TNG/tiff/2014/06/1860176212.tif /u/1stChoice/Share/TNG/tiffCurrent/ATL/
06/27/2014
/u/1stChoice/Share/TNG/tiff/2014/06/1860176512.tif here
cp /u/1stChoice/Share/TNG/tiff/2014/06/1860176512.tif /u/1stChoice/Share/TNG/tiffCurrent/ATL/
06/27/2014
/u/1stChoice/Share/TNG/tiff/2014/06/1860234410.tif here
cp /u/1stChoice/Share/TNG/tiff/2014/06/1860234410.tif /u/1stChoice/Share/TNG/tiffCurrent/ATL/
06/27/2014
/u/1stChoice/Share/TNG/tiff/2014/06/1860861110.tif here
cp /u/1stChoice/Share/TNG/tiff/2014/06/1860861110.tif /u/1stChoice/Share/TNG/tiffCurrent/ATL/
06/27/2014
/u/1stChoice/Share/TNG/tiff/2014/06/1860232410.tif here
cp /u/1stChoice/Share/TNG/tiff/2014/06/1860232410.tif /u/1stChoice/Share/TNG/tiffCurrent/ATL/
06/27/2014
/u/1stChoice/Share/TNG/tiff/2014/06/1860232210.tif here
cp /u/1stChoice/Share/TNG/tiff/2014/06/1860232210.tif /u/1stChoice/Share/TNG/tiffCurrent/ATL/
06/27/2014
/u/1stChoice/Share/TNG/tiff/2014/06/1860196304.tif here
cp /u/1stChoice/Share/TNG/tiff/2014/06/1860196304.tif /u/1stChoice/Share/TNG/tiffCurrent/ATL/
06/27/2014
/u/1stChoice/Share/TNG/tiff/2014/06/1310930502.tif here
cp /u/1stChoice/Share/TNG/tiff/2014/06/1310930502.tif /u/1stChoice/Share/TNG/tiffCurrent/SAC/
06/27/2014
/u/1stChoice/Share/TNG/tiff/2014/06/1311144702.tif here
cp /u/1stChoice/Share/TNG/tiff/2014/06/1311144702.tif /u/1stChoice/Share/TNG/tiffCurrent/SAC/
06/27/2014
/u/1stChoice/Share/TNG/tiff/2014/06/1311156602.tif here
cp /u/1stChoice/Share/TNG/tiff/2014/06/1311156602.tif /u/1stChoice/Share/TNG/tiffCurrent/SAC/
06/27/2014
/u/1stChoice/Share/TNG/tiff/2014/06/1310930202.tif here
cp /u/1stChoice/Share/TNG/tiff/2014/06/1310930202.tif /u/1stChoice/Share/TNG/tiffCurrent/SAC/
06/27/2014
/u/1stChoice/Share/TNG/tiff/2014/06/1311163002.tif here
cp /u/1stChoice/Share/TNG/tiff/2014/06/1311163002.tif /u/1stChoice/Share/TNG/tiffCurrent/SAC/
06/27/2014
/u/1stChoice/Share/TNG/tiff/2014/06/1860861610.tif here
cp /u/1stChoice/Share/TNG/tiff/2014/06/1860861610.tif /u/1stChoice/Share/TNG/tiffCurrent/ATL/
06/27/2014
/u/1stChoice/Share/TNG/tiff/2014/06/1860233710.tif here
cp /u/1stChoice/Share/TNG/tiff/2014/06/1860233710.tif /u/1stChoice/Share/TNG/tiffCurrent/ATL/
06/27/2014
/u/1stChoice/Share/TNG/tiff/2014/06/1311154102.tif here
cp /u/1stChoice/Share/TNG/tiff/2014/06/1311154102.tif /u/1stChoice/Share/TNG/tiffCurrent/SAC/
06/27/2014
/u/1stChoice/Share/TNG/tiff/2014/06/1860874614.tif here
cp /u/1stChoice/Share/TNG/tiff/2014/06/1860874614.tif /u/1stChoice/Share/TNG/tiffCurrent/ATL/
06/27/2014
/u/1stChoice/Share/TNG/tiff/2014/06/1311156902.tif here
cp /u/1stChoice/Share/TNG/tiff/2014/06/1311156902.tif /u/1stChoice/Share/TNG/tiffCurrent/SAC/
06/27/2014
/u/1stChoice/Share/TNG/tiff/2014/06/1860102703.tif here
cp /u/1stChoice/Share/TNG/tiff/2014/06/1860102703.tif /u/1stChoice/Share/TNG/tiffCurrent/ATL/
06/27/2014
/u/1stChoice/Share/TNG/tiff/2014/06/1860232810.tif here
cp /u/1stChoice/Share/TNG/tiff/2014/06/1860232810.tif /u/1stChoice/Share/TNG/tiffCurrent/ATL/
06/27/2014
/u/1stChoice/Share/TNG/tiff/2014/06/1860196204.tif here
cp /u/1stChoice/Share/TNG/tiff/2014/06/1860196204.tif /u/1stChoice/Share/TNG/tiffCurrent/ATL/
06/27/2014
/u/1stChoice/Share/TNG/tiff/2014/06/1860175812.tif here
cp /u/1stChoice/Share/TNG/tiff/2014/06/1860175812.tif /u/1stChoice/Share/TNG/tiffCurrent/ATL/
06/27/2014
/u/1stChoice/Share/TNG/tiff/2014/06/1860233610.tif here
cp /u/1stChoice/Share/TNG/tiff/2014/06/1860233610.tif /u/1stChoice/Share/TNG/tiffCurrent/ATL/
06/27/2014
/u/1stChoice/Share/TNG/tiff/2014/06/1311162902.tif here
cp /u/1stChoice/Share/TNG/tiff/2014/06/1311162902.tif /u/1stChoice/Share/TNG/tiffCurrent/SAC/
06/27/2014
/u/1stChoice/Share/TNG/tiff/2014/06/1311154702.tif here
cp /u/1stChoice/Share/TNG/tiff/2014/06/1311154702.tif /u/1stChoice/Share/TNG/tiffCurrent/SAC/
06/27/2014
/u/1stChoice/Share/TNG/tiff/2014/06/1860102303.tif here
cp /u/1stChoice/Share/TNG/tiff/2014/06/1860102303.tif /u/1stChoice/Share/TNG/tiffCurrent/ATL/
06/27/2014
/u/1stChoice/Share/TNG/tiff/2014/06/1860879510.tif here
cp /u/1stChoice/Share/TNG/tiff/2014/06/1860879510.tif /u/1stChoice/Share/TNG/tiffCurrent/ATL/
06/27/2014
/u/1stChoice/Share/TNG/tiff/2014/06/1860178312.tif here
cp /u/1stChoice/Share/TNG/tiff/2014/06/1860178312.tif /u/1stChoice/Share/TNG/tiffCurrent/ATL/
06/27/2014
/u/1stChoice/Share/TNG/tiff/2014/06/1860235310.tif here
cp /u/1stChoice/Share/TNG/tiff/2014/06/1860235310.tif /u/1stChoice/Share/TNG/tiffCurrent/ATL/
06/27/2014
/u/1stChoice/Share/TNG/tiff/2014/06/1860175612.tif here
cp /u/1stChoice/Share/TNG/tiff/2014/06/1860175612.tif /u/1stChoice/Share/TNG/tiffCurrent/ATL/
06/27/2014
/u/1stChoice/Share/TNG/tiff/2014/06/1311156702.tif here
cp /u/1stChoice/Share/TNG/tiff/2014/06/1311156702.tif /u/1stChoice/Share/TNG/tiffCurrent/SAC/
06/27/2014
/u/1stChoice/Share/TNG/tiff/2014/06/1311154502.tif here
cp /u/1stChoice/Share/TNG/tiff/2014/06/1311154502.tif /u/1stChoice/Share/TNG/tiffCurrent/SAC/
06/27/2014
/u/1stChoice/Share/TNG/tiff/2014/06/1311155102.tif here
cp /u/1stChoice/Share/TNG/tiff/2014/06/1311155102.tif /u/1stChoice/Share/TNG/tiffCurrent/SAC/
06/27/2014
/u/1stChoice/Share/TNG/tiff/2014/06/1311156202.tif here
cp /u/1stChoice/Share/TNG/tiff/2014/06/1311156202.tif /u/1stChoice/Share/TNG/tiffCurrent/SAC/
06/27/2014
/u/1stChoice/Share/TNG/tiff/2014/06/1860851204.tif here
cp /u/1stChoice/Share/TNG/tiff/2014/06/1860851204.tif /u/1stChoice/Share/TNG/tiffCurrent/ATL/
06/27/2014
/u/1stChoice/Share/TNG/tiff/2014/06/1860233510.tif here
cp /u/1stChoice/Share/TNG/tiff/2014/06/1860233510.tif /u/1stChoice/Share/TNG/tiffCurrent/ATL/
06/27/2014
/u/1stChoice/Share/TNG/tiff/2014/06/1860175312.tif here
cp /u/1stChoice/Share/TNG/tiff/2014/06/1860175312.tif /u/1stChoice/Share/TNG/tiffCurrent/ATL/
06/27/2014
/u/1stChoice/Share/TNG/tiff/2014/06/1311157302.tif here
cp /u/1stChoice/Share/TNG/tiff/2014/06/1311157302.tif /u/1stChoice/Share/TNG/tiffCurrent/SAC/
06/27/2014
/u/1stChoice/Share/TNG/tiff/2014/06/1311162702.tif here
cp /u/1stChoice/Share/TNG/tiff/2014/06/1311162702.tif /u/1stChoice/Share/TNG/tiffCurrent/SAC/
06/27/2014
/u/1stChoice/Share/TNG/tiff/2014/06/1860233010.tif here
cp /u/1stChoice/Share/TNG/tiff/2014/06/1860233010.tif /u/1stChoice/Share/TNG/tiffCurrent/ATL/
06/27/2014
/u/1stChoice/Share/TNG/tiff/2014/06/1860865810.tif here
cp /u/1stChoice/Share/TNG/tiff/2014/06/1860865810.tif /u/1stChoice/Share/TNG/tiffCurrent/ATL/
06/27/2014
/u/1stChoice/Share/TNG/tiff/2014/06/1860103003.tif here
cp /u/1stChoice/Share/TNG/tiff/2014/06/1860103003.tif /u/1stChoice/Share/TNG/tiffCurrent/ATL/
06/27/2014
/u/1stChoice/Share/TNG/tiff/2014/06/1311157202.tif here
cp /u/1stChoice/Share/TNG/tiff/2014/06/1311157202.tif /u/1stChoice/Share/TNG/tiffCurrent/SAC/
06/27/2014
/u/1stChoice/Share/TNG/tiff/2014/06/1311156402.tif here
cp /u/1stChoice/Share/TNG/tiff/2014/06/1311156402.tif /u/1stChoice/Share/TNG/tiffCurrent/SAC/
06/27/2014
/u/1stChoice/Share/TNG/tiff/2014/06/1311155302.tif here
cp /u/1stChoice/Share/TNG/tiff/2014/06/1311155302.tif /u/1stChoice/Share/TNG/tiffCurrent/SAC/
06/27/2014
/u/1stChoice/Share/TNG/tiff/2014/06/1860851104.tif here
cp /u/1stChoice/Share/TNG/tiff/2014/06/1860851104.tif /u/1stChoice/Share/TNG/tiffCurrent/ATL/
06/27/2014
/u/1stChoice/Share/TNG/tiff/2014/06/1860102503.tif here
cp /u/1stChoice/Share/TNG/tiff/2014/06/1860102503.tif /u/1stChoice/Share/TNG/tiffCurrent/ATL/
06/27/2014
/u/1stChoice/Share/TNG/tiff/2014/06/1860865410.tif here
cp /u/1stChoice/Share/TNG/tiff/2014/06/1860865410.tif /u/1stChoice/Share/TNG/tiffCurrent/ATL/
06/27/2014
/u/1stChoice/Share/TNG/tiff/2014/06/1311162802.tif here
cp /u/1stChoice/Share/TNG/tiff/2014/06/1311162802.tif /u/1stChoice/Share/TNG/tiffCurrent/SAC/
06/27/2014
/u/1stChoice/Share/TNG/tiff/2014/06/1860102403.tif here
cp /u/1stChoice/Share/TNG/tiff/2014/06/1860102403.tif /u/1stChoice/Share/TNG/tiffCurrent/ATL/
06/27/2014
/u/1stChoice/Share/TNG/tiff/2014/06/1860178612.tif here
cp /u/1stChoice/Share/TNG/tiff/2014/06/1860178612.tif /u/1stChoice/Share/TNG/tiffCurrent/ATL/
06/27/2014
/u/1stChoice/Share/TNG/tiff/2014/06/1860865610.tif here
cp /u/1stChoice/Share/TNG/tiff/2014/06/1860865610.tif /u/1stChoice/Share/TNG/tiffCurrent/ATL/
06/27/2014
/u/1stChoice/Share/TNG/tiff/2014/06/1860232910.tif here
cp /u/1stChoice/Share/TNG/tiff/2014/06/1860232910.tif /u/1stChoice/Share/TNG/tiffCurrent/ATL/
06/27/2014
/u/1stChoice/Share/TNG/tiff/2014/06/1860851004.tif here
cp /u/1stChoice/Share/TNG/tiff/2014/06/1860851004.tif /u/1stChoice/Share/TNG/tiffCurrent/ATL/
06/27/2014
/u/1stChoice/Share/TNG/tiff/2014/06/1311156302.tif here
cp /u/1stChoice/Share/TNG/tiff/2014/06/1311156302.tif /u/1stChoice/Share/TNG/tiffCurrent/SAC/
06/27/2014
/u/1stChoice/Share/TNG/tiff/2014/06/1311155802.tif here
cp /u/1stChoice/Share/TNG/tiff/2014/06/1311155802.tif /u/1stChoice/Share/TNG/tiffCurrent/SAC/
06/27/2014
/u/1stChoice/Share/TNG/tiff/2014/06/1311162602.tif here
cp /u/1stChoice/Share/TNG/tiff/2014/06/1311162602.tif /u/1stChoice/Share/TNG/tiffCurrent/SAC/
06/27/2014
/u/1stChoice/Share/TNG/tiff/2014/06/1311157102.tif here
cp /u/1stChoice/Share/TNG/tiff/2014/06/1311157102.tif /u/1stChoice/Share/TNG/tiffCurrent/SAC/
06/27/2014
/u/1stChoice/Share/TNG/tiff/2014/06/1311154802.tif here
cp /u/1stChoice/Share/TNG/tiff/2014/06/1311154802.tif /u/1stChoice/Share/TNG/tiffCurrent/SAC/
06/27/2014
/u/1stChoice/Share/TNG/tiff/2014/06/1311153902.tif here
cp /u/1stChoice/Share/TNG/tiff/2014/06/1311153902.tif /u/1stChoice/Share/TNG/tiffCurrent/SAC/
06/27/2014
/u/1stChoice/Share/TNG/tiff/2014/06/1311162502.tif here
cp /u/1stChoice/Share/TNG/tiff/2014/06/1311162502.tif /u/1stChoice/Share/TNG/tiffCurrent/SAC/
06/27/2014
/u/1stChoice/Share/TNG/tiff/2014/06/1860178812.tif here
cp /u/1stChoice/Share/TNG/tiff/2014/06/1860178812.tif /u/1stChoice/Share/TNG/tiffCurrent/ATL/
06/27/2014
/u/1stChoice/Share/TNG/tiff/2014/06/1860865710.tif here
cp /u/1stChoice/Share/TNG/tiff/2014/06/1860865710.tif /u/1stChoice/Share/TNG/tiffCurrent/ATL/
06/27/2014
/u/1stChoice/Share/TNG/tiff/2014/06/1860233410.tif here
cp /u/1stChoice/Share/TNG/tiff/2014/06/1860233410.tif /u/1stChoice/Share/TNG/tiffCurrent/ATL/
06/27/2014
/u/1stChoice/Share/TNG/tiff/2014/06/1860233310.tif here
cp /u/1stChoice/Share/TNG/tiff/2014/06/1860233310.tif /u/1stChoice/Share/TNG/tiffCurrent/ATL/
06/27/2014
/u/1stChoice/Share/TNG/tiff/2014/06/1860233210.tif here
cp /u/1stChoice/Share/TNG/tiff/2014/06/1860233210.tif /u/1stChoice/Share/TNG/tiffCurrent/ATL/
06/27/2014
/u/1stChoice/Share/TNG/tiff/2014/06/1860850804.tif here
cp /u/1stChoice/Share/TNG/tiff/2014/06/1860850804.tif /u/1stChoice/Share/TNG/tiffCurrent/ATL/
06/27/2014
/u/1stChoice/Share/TNG/tiff/2014/06/1860179012.tif here
cp /u/1stChoice/Share/TNG/tiff/2014/06/1860179012.tif /u/1stChoice/Share/TNG/tiffCurrent/ATL/
06/27/2014
/u/1stChoice/Share/TNG/tiff/2014/06/1311162302.tif here
cp /u/1stChoice/Share/TNG/tiff/2014/06/1311162302.tif /u/1stChoice/Share/TNG/tiffCurrent/SAC/
06/27/2014
/u/1stChoice/Share/TNG/tiff/2014/06/1311155002.tif here
cp /u/1stChoice/Share/TNG/tiff/2014/06/1311155002.tif /u/1stChoice/Share/TNG/tiffCurrent/SAC/
06/27/2014
/u/1stChoice/Share/TNG/tiff/2014/06/1311157402.tif here
cp /u/1stChoice/Share/TNG/tiff/2014/06/1311157402.tif /u/1stChoice/Share/TNG/tiffCurrent/SAC/
06/27/2014
/u/1stChoice/Share/TNG/tiff/2014/06/1311154202.tif here
cp /u/1stChoice/Share/TNG/tiff/2014/06/1311154202.tif /u/1stChoice/Share/TNG/tiffCurrent/SAC/
06/27/2014
/u/1stChoice/Share/TNG/tiff/2014/06/1860234010.tif here
cp /u/1stChoice/Share/TNG/tiff/2014/06/1860234010.tif /u/1stChoice/Share/TNG/tiffCurrent/ATL/
06/27/2014
/u/1stChoice/Share/TNG/tiff/2014/06/1311155902.tif here
cp /u/1stChoice/Share/TNG/tiff/2014/06/1311155902.tif /u/1stChoice/Share/TNG/tiffCurrent/SAC/
06/27/2014
/u/1stChoice/Share/TNG/tiff/2014/06/1311157002.tif here
cp /u/1stChoice/Share/TNG/tiff/2014/06/1311157002.tif /u/1stChoice/Share/TNG/tiffCurrent/SAC/
06/27/2014
/u/1stChoice/Share/TNG/tiff/2014/06/1860179212.tif here
cp /u/1stChoice/Share/TNG/tiff/2014/06/1860179212.tif /u/1stChoice/Share/TNG/tiffCurrent/ATL/
06/27/2014
/u/1stChoice/Share/TNG/tiff/2014/06/1311159502.tif here
cp /u/1stChoice/Share/TNG/tiff/2014/06/1311159502.tif /u/1stChoice/Share/TNG/tiffCurrent/SAC/
06/27/2014
/u/1stChoice/Share/TNG/tiff/2014/06/1311159602.tif here
cp /u/1stChoice/Share/TNG/tiff/2014/06/1311159602.tif /u/1stChoice/Share/TNG/tiffCurrent/SAC/
06/27/2014
/u/1stChoice/Share/TNG/tiff/2014/06/1311153202.tif here
cp /u/1stChoice/Share/TNG/tiff/2014/06/1311153202.tif /u/1stChoice/Share/TNG/tiffCurrent/SAC/
06/27/2014
/u/1stChoice/Share/TNG/tiff/2014/06/1311152802.tif here
cp /u/1stChoice/Share/TNG/tiff/2014/06/1311152802.tif /u/1stChoice/Share/TNG/tiffCurrent/SAC/
06/27/2014
/u/1stChoice/Share/TNG/tiff/2014/06/1311153002.tif here
cp /u/1stChoice/Share/TNG/tiff/2014/06/1311153002.tif /u/1stChoice/Share/TNG/tiffCurrent/SAC/
06/27/2014
/u/1stChoice/Share/TNG/tiff/2014/06/1311153502.tif here
cp /u/1stChoice/Share/TNG/tiff/2014/06/1311153502.tif /u/1stChoice/Share/TNG/tiffCurrent/SAC/
06/27/2014
/u/1stChoice/Share/TNG/tiff/2014/06/1311153102.tif here
cp /u/1stChoice/Share/TNG/tiff/2014/06/1311153102.tif /u/1stChoice/Share/TNG/tiffCurrent/SAC/
06/27/2014
/u/1stChoice/Share/TNG/tiff/2014/06/1311152702.tif here
cp /u/1stChoice/Share/TNG/tiff/2014/06/1311152702.tif /u/1stChoice/Share/TNG/tiffCurrent/SAC/
06/27/2014
/u/1stChoice/Share/TNG/tiff/2014/06/1311152902.tif here
cp /u/1stChoice/Share/TNG/tiff/2014/06/1311152902.tif /u/1stChoice/Share/TNG/tiffCurrent/SAC/
06/27/2014
/u/1stChoice/Share/TNG/tiff/2014/06/1311153402.tif here
cp /u/1stChoice/Share/TNG/tiff/2014/06/1311153402.tif /u/1stChoice/Share/TNG/tiffCurrent/SAC/
06/27/2014
/u/1stChoice/Share/TNG/tiff/2014/06/1311152602.tif here
cp /u/1stChoice/Share/TNG/tiff/2014/06/1311152602.tif /u/1stChoice/Share/TNG/tiffCurrent/SAC/
06/27/2014
/u/1stChoice/Share/TNG/tiff/2014/06/1311153302.tif here
cp /u/1stChoice/Share/TNG/tiff/2014/06/1311153302.tif /u/1stChoice/Share/TNG/tiffCurrent/SAC/
06/27/2014
/u/1stChoice/Share/TNG/tiff/2014/06/1311153602.tif here
cp /u/1stChoice/Share/TNG/tiff/2014/06/1311153602.tif /u/1stChoice/Share/TNG/tiffCurrent/SAC/
06/27/2014
/u/1stChoice/Share/TNG/tiff/2014/06/1311152402.tif here
cp /u/1stChoice/Share/TNG/tiff/2014/06/1311152402.tif /u/1stChoice/Share/TNG/tiffCurrent/SAC/
06/27/2014
/u/1stChoice/Share/TNG/tiff/2014/06/1311152502.tif here
cp /u/1stChoice/Share/TNG/tiff/2014/06/1311152502.tif /u/1stChoice/Share/TNG/tiffCurrent/SAC/
06/27/2014
/u/1stChoice/Share/TNG/tiff/2014/06/1860233110.tif here
cp /u/1stChoice/Share/TNG/tiff/2014/06/1860233110.tif /u/1stChoice/Share/TNG/tiffCurrent/ATL/
06/27/2014
/u/1stChoice/Share/TNG/tiff/2014/06/1310930203.tif here
cp /u/1stChoice/Share/TNG/tiff/2014/06/1310930203.tif /u/1stChoice/Share/TNG/tiffCurrent/SAC/
06/27/2014
/u/1stChoice/Share/TNG/tiff/2014/06/1311156802.tif here
cp /u/1stChoice/Share/TNG/tiff/2014/06/1311156802.tif /u/1stChoice/Share/TNG/tiffCurrent/SAC/
06/27/2014
/u/1stChoice/Share/TNG/tiff/2014/06/1311159402.tif here
cp /u/1stChoice/Share/TNG/tiff/2014/06/1311159402.tif /u/1stChoice/Share/TNG/tiffCurrent/SAC/
06/27/2014
/u/1stChoice/Share/TNG/tiff/2014/06/1311161002.tif here
cp /u/1stChoice/Share/TNG/tiff/2014/06/1311161002.tif /u/1stChoice/Share/TNG/tiffCurrent/SAC/
06/27/2014
/u/1stChoice/Share/TNG/tiff/2014/06/1311160902.tif here
cp /u/1stChoice/Share/TNG/tiff/2014/06/1311160902.tif /u/1stChoice/Share/TNG/tiffCurrent/SAC/
06/27/2014
/u/1stChoice/Share/TNG/tiff/2014/06/1311160802.tif here
cp /u/1stChoice/Share/TNG/tiff/2014/06/1311160802.tif /u/1stChoice/Share/TNG/tiffCurrent/SAC/
06/27/2014
/u/1stChoice/Share/TNG/tiff/2014/06/1311219302.tif here
cp /u/1stChoice/Share/TNG/tiff/2014/06/1311219302.tif /u/1stChoice/Share/TNG/tiffCurrent/SAC/
06/27/2014
/u/1stChoice/Share/TNG/tiff/2014/06/1311219202.tif here
cp /u/1stChoice/Share/TNG/tiff/2014/06/1311219202.tif /u/1stChoice/Share/TNG/tiffCurrent/SAC/
06/27/2014
/u/1stChoice/Share/TNG/tiff/2014/06/1311160702.tif here
cp /u/1stChoice/Share/TNG/tiff/2014/06/1311160702.tif /u/1stChoice/Share/TNG/tiffCurrent/SAC/
06/27/2014
/u/1stChoice/Share/TNG/tiff/2014/06/1311160602.tif here
cp /u/1stChoice/Share/TNG/tiff/2014/06/1311160602.tif /u/1stChoice/Share/TNG/tiffCurrent/SAC/
06/27/2014
/u/1stChoice/Share/TNG/tiff/2014/06/1311160502.tif here
cp /u/1stChoice/Share/TNG/tiff/2014/06/1311160502.tif /u/1stChoice/Share/TNG/tiffCurrent/SAC/
06/27/2014
/u/1stChoice/Share/TNG/tiff/2014/06/1311160402.tif here
cp /u/1stChoice/Share/TNG/tiff/2014/06/1311160402.tif /u/1stChoice/Share/TNG/tiffCurrent/SAC/
06/27/2014
/u/1stChoice/Share/TNG/tiff/2014/06/1311160302.tif here
cp /u/1stChoice/Share/TNG/tiff/2014/06/1311160302.tif /u/1stChoice/Share/TNG/tiffCurrent/SAC/
06/27/2014
/u/1stChoice/Share/TNG/tiff/2014/06/1311160202.tif here
cp /u/1stChoice/Share/TNG/tiff/2014/06/1311160202.tif /u/1stChoice/Share/TNG/tiffCurrent/SAC/
06/27/2014
/u/1stChoice/Share/TNG/tiff/2014/06/1311160102.tif here
cp /u/1stChoice/Share/TNG/tiff/2014/06/1311160102.tif /u/1stChoice/Share/TNG/tiffCurrent/SAC/
06/27/2014
/u/1stChoice/Share/TNG/tiff/2014/06/1311161102.tif here
cp /u/1stChoice/Share/TNG/tiff/2014/06/1311161102.tif /u/1stChoice/Share/TNG/tiffCurrent/SAC/
06/27/2014
/u/1stChoice/Share/TNG/tiff/2014/06/1311219502.tif here
cp /u/1stChoice/Share/TNG/tiff/2014/06/1311219502.tif /u/1stChoice/Share/TNG/tiffCurrent/SAC/
06/27/2014
/u/1stChoice/Share/TNG/tiff/2014/06/1311162202.tif here
cp /u/1stChoice/Share/TNG/tiff/2014/06/1311162202.tif /u/1stChoice/Share/TNG/tiffCurrent/SAC/
06/27/2014
/u/1stChoice/Share/TNG/tiff/2014/06/1311162102.tif here
cp /u/1stChoice/Share/TNG/tiff/2014/06/1311162102.tif /u/1stChoice/Share/TNG/tiffCurrent/SAC/
06/27/2014
/u/1stChoice/Share/TNG/tiff/2014/06/1311162002.tif here
cp /u/1stChoice/Share/TNG/tiff/2014/06/1311162002.tif /u/1stChoice/Share/TNG/tiffCurrent/SAC/
06/27/2014
/u/1stChoice/Share/TNG/tiff/2014/06/1311161902.tif here
cp /u/1stChoice/Share/TNG/tiff/2014/06/1311161902.tif /u/1stChoice/Share/TNG/tiffCurrent/SAC/
06/27/2014
/u/1stChoice/Share/TNG/tiff/2014/06/1311218802.tif here
cp /u/1stChoice/Share/TNG/tiff/2014/06/1311218802.tif /u/1stChoice/Share/TNG/tiffCurrent/SAC/
06/27/2014
/u/1stChoice/Share/TNG/tiff/2014/06/1311161302.tif here
cp /u/1stChoice/Share/TNG/tiff/2014/06/1311161302.tif /u/1stChoice/Share/TNG/tiffCurrent/SAC/
06/27/2014
/u/1stChoice/Share/TNG/tiff/2014/06/1311161602.tif here
cp /u/1stChoice/Share/TNG/tiff/2014/06/1311161602.tif /u/1stChoice/Share/TNG/tiffCurrent/SAC/
06/27/2014
/u/1stChoice/Share/TNG/tiff/2014/06/1311159902.tif here
cp /u/1stChoice/Share/TNG/tiff/2014/06/1311159902.tif /u/1stChoice/Share/TNG/tiffCurrent/SAC/
06/27/2014
/u/1stChoice/Share/TNG/tiff/2014/06/1311161502.tif here
cp /u/1stChoice/Share/TNG/tiff/2014/06/1311161502.tif /u/1stChoice/Share/TNG/tiffCurrent/SAC/
06/27/2014
/u/1stChoice/Share/TNG/tiff/2014/06/1311159802.tif here
cp /u/1stChoice/Share/TNG/tiff/2014/06/1311159802.tif /u/1stChoice/Share/TNG/tiffCurrent/SAC/
06/27/2014
/u/1stChoice/Share/TNG/tiff/2014/06/1311159702.tif here
cp /u/1stChoice/Share/TNG/tiff/2014/06/1311159702.tif /u/1stChoice/Share/TNG/tiffCurrent/SAC/
06/27/2014
/u/1stChoice/Share/TNG/tiff/2014/06/1311161202.tif here
cp /u/1stChoice/Share/TNG/tiff/2014/06/1311161202.tif /u/1stChoice/Share/TNG/tiffCurrent/SAC/
06/27/2014
/u/1stChoice/Share/TNG/tiff/2014/06/1311161402.tif here
cp /u/1stChoice/Share/TNG/tiff/2014/06/1311161402.tif /u/1stChoice/Share/TNG/tiffCurrent/SAC/
06/27/2014
9
06/18/2014
10
06/17/2014
11
06/16/2014
             87
---0% -----/u/1stChoice/Share/TNG/tiff/2014/06/             87.tif here
             87
/u/1stChoice/Share/TNG/tiff/2014/06/
/u/1stChoice/Share/TNG/tiff/2014/06//             87.tif
12
06/15/2014
13
06/14/2014
