12
10/10/2014
1329860002
1329328502
1329859902
1329859802
1329328302
1329859702
1329328202
1329859602
1329859502
1329859402
1329859302
1329859202
1329859102
1329859002
1329327502
1329858902
1329858802
1329327302
1312700307
1312020407
1312699307
1312019407
1312700007
1312020107
1312700207
1312020307
1312688807
1312008907
1312689507
1312009607
1312689107
1312009207
1312689607
1312009707
1312687807
1312007907
1312688307
1312008407
1312687707
1312007807
1312688507
1312008607
1312688407
1312008507
1312688607
1312703707
1312023807
1312702807
1312022907
1312703607
1312023707
1312703407
1312023507
1312704407
1312024507
1312689907
1312010007
1312702007
1312022107
1312678707
1312039207
1312678307
1312038807
1312678107
1312038607
1312679107
1312039607
1312677907
1312038407
1312678007
1312038507
1312679007
1312039507
1312679307
1312039807
1312679907
1312040407
1312680507
1312041007
1312680607
1312041107
1312680007
1312040507
1312679707
1312040207
1312679407
1312039907
1312679807
1312040307
1312680807
1312041307
1312680307
1312040807
1312680407
1312040907
1312679607
1312040107
1312681407
1312041907
1312680207
1312040707
1312681007
1312041507
1312681307
1312041807
1312680107
1312040607
1312673707
1312037807
1312672207
1312036307
1312671107
1312035207
1312671707
1312035807
1312673607
1312037907
1312673807
1312038007
1312671807
1312035907
1329862402
1329330302
1329330303
1329862502
1329330402
1329330403
1329862602
1329330502
1329330503
1329862702
1329330602
1329330603
1329862802
1329330702
1329330703
1329862902
1329330802
1329330803
1329862102
1329863002
1329330902
1329330903
1329862002
1329863102
1329331002
1329331003
1329863202
1329331102
1329331103
1329863302
1329331202
1329331203
1329862302
1329863402
1329331302
1329331303
1329863502
1329331402
1329331403
1329924302
1329386403
1329386402
1329886102
1329351902
1329925502
1329387603
1329387602
1329387703
1329387702
1329923402
1329385603
1329385602
1329385703
1329385702
1329923602
1329385803
1329923702
1329385903
1329385902
1329923802
1329386003
1329386002
1329872002
1329339002
1329339003
1329872402
1329339402
1329339403
1329872502
1329339503
1891881156
1891880456
1891880256
1891881256
1329339903
1329873002
1329340003
1329873102
1329340103
1891880956
1891880356
1891880056
1892229412
1892229612
1312456907
1311877907
1312457207
1311878307
1312456807
1311877807
1312457007
1311878107
1312457807
1311879007
1311878507
1312457707
1311878907
1312457307
1311878407
1312460207
1311881407
1312457407
1311878607
1312457107
1311878207
1312457507
1311878707
1312459007
1311880207
1312451807
1311872807
1312454107
1311875107
1892961335
1892960935
1892920735
1892920835
1892920635
1892920935
1892920535
1892920435
1892920335
1892920235
1892920135
1892919935
1329386503
1329924502
1329386603
1329386602
1329925202
1329387303
1329387302
1329925402
1329387503
1329387502
1329871402
1329338402
1329338403
1329871302
1329338302
1329338303
1329871502
1329338503
1329871802
1329338802
1329338803
1329871602
1329338603
1329871702
1329338702
1329338703
1329871902
1329338902
1329338903
1891881656
1311919807
0406432
1892184212
1892185012
1892185212
1892185312
1892230012
1892229712
1892229534
1891871256
1329890802
1329356603
1329356602
1329891002
1329356803
1329356802
1329890702
1329356503
1329356502
1329891102
1329356903
1329356902
1329891202
1329357003
1329357002
1329890102
1329355903
1329355902
1329890202
1329356003
1329356002
1329890302
1329356103
1329356102
1889910156
1889910056
1889909856
1889909756
1889909556
1889909656
000null
1312492207
1311919707
1329889602
1329355403
1329355402
1329889702
1329355503
1329355502
1329889502
1329355303
1329355302
1329889802
1329355603
1329355602
1329889902
1329355703
1329355702
1329890002
1329355803
1329355802
1329890402
1329356203
1329356202
1329890902
1329356703
1329356702
1312491907
1311919407
1312492107
1311919607
1312492007
1311919507
1891879656
1891872356
1891870656
1891881356
1312733207
1312045007
1312045107
1329924402
1892531212
1892530912
1892530812
1892530712
1892530612
1892530512
1892530412
1892545612
1892545512
1892545412
1892545312
1891880156
1891879756
1329876202
1329342602
1329342603
1329876502
1329342902
1329342903
1329876602
1329343002
1329343003
1329876702
1329343102
1329343103
1329876102
1329876002
1329876902
1329343302
1329343303
1329876802
1329343202
1329343203
1329877002
1329343402
1329343403
1329877102
1329343502
1329343503
1329877202
1330005702
1329343602
1329343603
1329877302
1329343702
1329343703
1329880602
1329346402
1329346403
1329879102
1329344902
1329344903
1329879202
1329345002
1329345003
1329879302
1329345102
1329345103
1329879502
1329345302
1329345303
1329879702
1329345502
1329345503
1329879602
1329345402
1329345403
1329879802
1329345602
1329345603
1329879902
1329345702
1329345703
1329880002
1329345802
1329345803
1329880102
1329345902
1329345903
1329880202
1329346002
1329346003
1329880502
1329346302
1329346303
1329880402
1329346202
1329877702
1329877802
1329925602
1891880856
1891870856
1329346203
1329880702
1329346502
1329346503
1329880802
1329346602
1329346603
1329880902
1329346702
1329346703
1329881002
1329346802
1329346803
1329878502
1329344302
1329344303
1329878602
1329344402
1329344403
1329878902
1330005902
1329344702
1329344703
1329878402
1329344202
1329344203
1329878802
1329344602
1329344603
1329878702
1329344502
1329344503
1329879002
1329344802
1329344803
1329877402
1329877602
1329877902
1329877502
1891870256
1891881556
1891871156
1891870956
1329869202
1329336202
1329336203
1329869302
1329336303
1329869402
1329336402
1329336403
1329869502
1329336503
1329869602
1329336603
1329869702
1329336703
1329869802
1329336803
1329869902
1329336902
1329336903
1891872156
1891871056
1891872256
1891871956
1891871456
1891881756
1329903202
1329368903
1329903402
1329903502
1329369303
1329903802
1329902602
1329903902
1329368303
1329369203
1329902802
1329902902
1329903002
1329865402
1329332403
1329866102
1329333103
1329906302
1837033801
1836684701
1837034101
1836685001
1837033701
1836684601
1836684001
1837033401
1836684301
1837033601
1836684501
1837034001
1836684901
1837033201
1836684101
1837033301
1836684201
1837033501
1836684401
1837026801
1836677701
1837026501
1836677401
1837026101
1836677001
1837026001
1836676901
1837026601
1836677501
1837026901
1836677801
1837026401
1836677301
1837026701
1836677601
1837028301
1836679201
1837028501
1836679401
1837028601
1836679501
1837028801
1836679701
1837028401
1836679301
1837028201
1836679101
1329371803
1891871556
1329905702
1329371303
1329904702
1329370303
1329904502
1329370103
1329904002
1329369603
1329904202
1329369803
1329905502
1329371103
1329371102
1329904802
1329370403
1329370402
1329904302
1329369903
1891872556
1837025601
1836676501
1837025501
1836676401
1837025901
1836676801
1837025701
1836676601
1837024901
1836675801
1837025801
1836676701
1837025001
1836675901
1329901802
1329901602
1329901702
1329366103
1329901402
1329901302
1329901202
1329901002
1329900802
1329366303
1329900602
1329900902
1329366703
1329900402
1329900302
1329900102
1329900202
1329905002
1329370603
1329905102
1329370703
1329905202
1329370803
1329905402
1329371003
1329905802
1329371403
1329906002
1329371603
1329904602
1329370203
1329904102
1329369703
1329904402
1329370003
1329905302
1329370903
1329904902
1329370503
1329905902
1329371503
1329905602
1329371203
1891871856
1891871356
1891871756
1891872456
1311923507
1312496007
1312496107
1311923607
1311928607
1312548907
1311923807
1311923907
1311923707
1312496207
1312496407
1312496307
1312497607
1311925107
1312494607
1311922107
1329911802
1329375702
1329375703
1329911002
1329374902
1329374903
1329911102
1329375002
1329375003
1329911202
1329375102
1329375103
1329911302
1329375202
1329375203
1329911602
1329375502
1329375503
1329910802
1329910902
1329912102
1329376002
1329376003
1329912202
1329376102
1329376103
1329912302
1329376202
1329376203
1893024156
1893024339
1893024239
1329918402
1329381103
1329381102
1329918502
1329381203
1329381202
1329918702
1329381403
1329381402
1329918802
1329381503
1329381502
1329918902
1329381603
1329381602
1329919002
1329381703
1329381702
1329919102
1329381803
1329381802
1329919202
1329381903
1329381902
1329919302
1329382003
1329382002
1329919402
1329382103
1329382102
1329919502
1329382203
1329382202
1329919602
1329382303
1329382302
1329918202
1329918302
1329918102
1329919702
1329382403
1329382402
1329918002
1329883202
1329349002
1329349003
1329883302
1329349102
1329349103
1329883402
1329349202
1329349203
1329885102
1329350902
1329350903
1329883502
1329349302
1329349303
1329883602
1329349402
1329349403
1329885202
1329351002
1329351003
1329883702
1329349502
1329349503
1329883802
1329349602
1329349603
1329386103
1329386102
1329883902
1329349703
1329884102
1329349902
1329349903
1329884002
1329349802
1329349803
1329884202
1329350002
1329350003
1329884402
1329350202
1329350203
1329884302
1329350102
1329350103
1329884502
1329350302
1329350303
1329884602
1329350402
1329350403
1329884702
1329350502
1329350503
1329884802
1329350602
1329350603
1329884902
1329350702
1329350703
1329885002
1329350802
1329350803
1329374403
1329910302
1329374402
1329909302
1329921802
1329384003
1329384002
1329922002
1329384203
1329384202
1329922102
1329384303
1329384302
1329922302
1329384503
1329384502
1329922202
1329384403
1329384402
1329922402
1329384603
1329384602
1329922502
1329384703
1329384702
1329922602
1329384803
1329384802
1329922702
1329384903
1329384902
1329922802
1329385003
1329385002
1329922902
1329385103
1329385102
1329923002
1329385203
1329385202
1329923102
1329385303
1329385302
1329923202
1329385403
1329385402
1329923302
1329385503
1329385502
1329923502
1329385802
1329378602
1329915302
1329914302
1329374602
1329374603
1329910502
1329910602
1329374703
1329374702
1329909402
1329373903
1329373902
1329909802
1329909602
1329373703
1329373702
1206494505
1206341005
1329909902
1329374002
1329374003
1329909002
1892901044
1329909102
1329910402
1329374502
1329374503
1329908902
1892900744
1329374303
1329374302
1329910202
1329378703
1329378702
1329915402
1329374103
1329374102
1329910002
1329914102
1329914402
1329379202
1329915902
1329379203
1329379302
1329379303
1329916002
1329914902
1329378202
1329378203
1329378002
1329914702
1329378003
1329377902
1329377903
1329914602
1329378603
1206484005
1206330505
1329910102
1329374202
1329374203
1329909502
1892900344
1329374802
1329374803
1329910702
1206484105
1206330605
1206483505
1206330005
1892900644
1892897144
1329382702
1329920302
1329382703
1206485205
1206331705
1893072342
1206494405
1206340905
1329909202
1329909702
1329373802
1329373803
1893042242
1206483805
1206330305
1893128350
1893128248
1206453705
1206300105
1329921002
1329383402
1329383403
1893128148
1893128050
1893482950
1893129850
1893129750
1893482850
1893129648
1893129550
1893129448
1893129350
1893129250
1893129150
1329379003
1329914002
1329915702
1329379002
1893129050
1893128950
1893128850
1893128750
1206485705
1206332205
1893128648
1893128548
1893128448
1206485605
1206332105
1206485105
1206331605
1206496105
1206342605
1206486005
1206332505
1206496805
1206343305
1893040556
1206496505
1206343005
1206476205
1206322705
1311881307
1312460107
1311880407
1312459207
1311880507
1312459307
1311880607
1312459407
1311880807
1312459607
1311880907
1312459707
1311881007
1312459807
1311881107
1312459907
1206479105
1206325605
1892598610
1312032507
1206485905
1206332405
1206486905
1206333405
1312459507
1311880707
1206478905
1206325405
1312674107
1150048003
1150163603
1206496905
1206343405
1891869956
1892598810
1206485805
1206332305
1206483405
1206329905
1329920402
1329383303
1329383302
1329920902
1892893144
1892942535
1311881507
1312460307
1206479905
1206326405
1892942335
1892908544
1329383703
1329383702
1329921302
1312740207
1312048007
1206486705
1206333205
1892942935
1891869856
1206478805
1206325305
1150047903
1150163503
1892893044
1150047703
1150163303
1329821702
1329292302
1892892844
1892598910
1206464505
1206310905
1150060403
1150176003
1206497105
1206343605
1892893644
1893041242
1206484705
1206331205
1206490905
1206498005
1206344505
1329382802
1329920202
1329382803
1312674007
1312032407
1206337405
1329919802
1329292202
1329821602
1150048203
1150163803
1206484805
1206331305
1206487605
1206334105
1312739807
1312047607
1329919902
1891870056
1329382603
1329382602
1206479005
1206325505
1206486805
1206333305
1329916202
1892893744
1329292502
1329821902
1206479405
1206325905
1150169303
1150047803
1150163403
1312675907
1312030407
1891869556
1893041042
1893041642
1892897444
1312413607
1311841907
1206487505
1206334005
1150054703
1150170303
1150048103
1150163703
1150053703
1891870156
1312675707
1312030207
1892896944
1329821802
1329292402
1329347102
1329881302
1329347103
1329347002
1329881202
1329347203
1329347003
1312413707
1311842007
1206494105
1206340605
1329916102
1329881402
1329347202
1150163003
1150047403
1312741107
1312048707
1150054803
1150170403
1312580007
1311849507
1150054603
1150170203
1206488705
1206335205
1206550905
1206484905
1206331405
1893042042
1150048303
1150163903
1206488605
1206335105
1329865002
1329376302
1329376303
1329912402
1329917002
1206327205
1206479605
1206326105
1329380102
1329380103
1329332103
1329332102
1150163103
1150047503
1312740007
1312047807
1206463505
1206309905
1312455107
1311876107
1206487405
1206333905
1329913802
1329377703
1329377702
1329912702
1329376603
1329376602
1329912502
1329376403
1329376402
1329912602
1329376503
1329376502
1329912902
1329376803
1329376802
1329912802
1329376703
1329376702
1329913002
1329376902
1329913202
1329377103
1329377102
1329913102
1329377003
1329377002
1329913402
1329377303
1329377302
1329913302
1329377203
1329377202
1329913502
1329377403
1329377402
1329913602
1329377503
1329377502
1329908502
1329913702
1329377603
1329377602
1329913902
1329377803
1329377802
1329908102
1329908702
1329908202
1329908802
1329908302
1329908402
1150169403
1150053803
1329292002
1329821402
1312413807
1311842107
1150163203
1150047603
1312744407
1312051707
1206494205
1206340705
1150054403
1150170003
1150048403
1150164003
1892905244
1329916302
1329379402
1893072242
1892942635
1150169503
1150053903
1893124750
1329293102
1329822502
1206486605
1206333105
1150048503
1150164103
1312417507
1311845807
1893125250
1893124650
1893124550
1893125150
1329379403
1893124850
1893131050
1893125050
1312739507
1312047307
1206484605
1206331105
1150170103
1150054503
1206488505
1206335005
1329379802
1329820002
1206496405
1206342905
1329379803
1329291902
1312414007
1311842307
1206495805
1206342305
1150059703
1150175303
1892930235
1892908044
1206480905
1206327405
1329916702
1892942735
1329864202
1206495905
1206342405
1206484305
1206330805
1206487305
1206333805
1150048703
1150164303
1150168303
1150052703
1206484505
1206331005
1329290602
1206488405
1206334905
1329821302
1329382502
1329382503
1329920102
1312581707
1311847807
1206496705
1206343205
1892893544
1893072142
1329331503
1329821502
1329292102
1150168403
1150052803
1329383003
1329383002
1329920602
1312417707
1311846007
1206479805
1206326305
1329864402
1312580107
1312740107
1312047907
1206480005
1206326505
1206487205
1206333705
1329379602
1893072442
1329916502
1329291002
1329820402
1206463105
1206309505
1329379603
1150164203
1150048603
1206463205
1206309605
1206483905
1206330405
1312413907
1311842207
1329331502
1311875407
1312454407
1206494905
1206341405
1206476105
1206322605
1329864002
1312675507
1312030007
1311489607
1150048903
1150164503
1311849607
1892927235
1892908344
1892908144
1892893444
1893023656
1312739907
1312047707
1329291102
1329820502
1312686007
1312006107
1892576904
1892576704
1893126750
1893482650
1150059603
1150175203
1206495105
1206341605
1329916402
1329379502
1206491805
1206338305
1312739607
1312047407
1329379503
1329823002
1206479305
1206325805
1329293602
1150168503
1150052903
1312743007
1312050307
1206488305
1206334805
1150054203
1150169803
1329920002
1206484205
1206330705
1206483605
1206330105
1206480805
1206327305
1312417807
1311846107
1312417607
1311845907
1329291802
1329821202
1329885502
1892908444
1312581407
1311847507
1206476405
1206322905
1329822002
1329292602
1329383202
1329383203
1329920802
1206342105
1206495605
1329351302
1329351303
1893126550
1312686107
1312006207
1150168603
1150053003
1206480105
1206326605
1206483705
1206330205
1311875507
1312454507
1311877207
1312456207
1329332302
1329823402
1329294002
1311847907
1892897244
1329864302
1206490805
1206337305
1312674307
1312032707
1206479705
1206326205
1329293702
1329823102
1206497805
1206344305
1312581807
1312739707
1312047507
1206491005
1206337505
1206491505
1206338005
1206491105
1206337605
1150051403
1892957535
1892916044
1892897344
1893079939
1312417907
1311846207
1206464105
1206310505
1329332303
1329865202
1206495405
1206341905
1329292902
1329822302
1150054303
1150169903
1892901144
1329821102
1329291702
1206490305
1206336805
1206490405
1206336905
1893126650
1329823302
1329380503
1329380502
1206494305
1206340805
1329378302
1329378303
1329915002
1329914502
1206480205
1206326705
1150051303
1150166903
1329864602
1150060303
1150175903
1150167003
1312674207
1312032607
1892597110
1892597210
1150168803
1150053203
1206342005
1206495505
1329823502
1329294102
1312581907
1311848007
1312414207
1311842507
1312687007
1312007107
1206343905
1206497405
1329822402
1329293002
1329293802
1329823202
1312580207
1311849707
1206486205
1206332705
1312742707
1312050007
1329920702
1329383102
1329383103
6011525205
1206477505
1206324005
1893023256
1892896844
1329292802
1329917402
1329822202
1150060003
1150175603
1892573004
1892577004
1892572904
1312686607
1312006707
1312418007
1311846307
1329291402
1329820802
1330004602
1150166703
1150051103
1206497905
1206344405
1206479205
1206325705
1206491705
1206338205
1892915744
1892908244
1311876807
1312455807
1312742807
1892598210
1892599510
1329920502
1329382902
1329382903
1150169603
1150054003
1312418107
1311846407
1329917202
1329293902
1893125950
1311876607
1312455607
1150054103
1150169703
1329331702
1329331703
1892972335
1206490605
1206337105
1311877607
1312456607
1206494805
1206341305
1892600210
1892599410
1892595410
1206323005
1206476505
1150168903
1150053303
1329380302
1329380303
1329864702
1329331803
1892597310
1892599710
1150051203
1150166803
1206341805
1206495305
1312581507
1312582007
1311847607
1311848107
1206479505
1206326005
1312553907
1311883107
1329290802
1312686907
1312007007
1329820202
1150168003
1150052403
1329885302
1329351103
1893082439
1892916144
1312414307
1311842607
1150169203
1150053603
1206486105
1206332605
1206463405
1206309805
1312050107
1312581607
1311847707
1893126450
1893125750
1892957435
1893078439
1893072056
1329331802
1329378802
1329378803
1329915502
1311876207
1312455207
1312418207
1311846507
1312415107
1311843407
1311880307
1312459107
1329351102
1329865102
1206464205
1206310605
1206480305
1206326805
1206550805
1206485405
1206331905
1206343705
1206497205
1150168103
1150052503
1329332202
1329332203
1892597410
1892598510
1892598410
1892513203
1892572804
1312554507
1311883707
1892573404
1892515703
1892574704
1892602410
1312742507
1312056407
1329290702
1329820102
1329915102
1329378402
1329378403
1312418407
1311846707
1893125450
1311876507
1312455507
1329885402
1329351203
1329351202
1892905644
1893078239
1893021456
1206481005
1206327505
1150051903
1150167503
1893021356
1206495005
1206341505
1893126350
1329291602
1150169003
1150053403
1329821002
1312418307
1311846607
1893125550
1892595510
1311876707
1312455707
1311842707
1150059803
1150175403
1329380602
1329380603
1311877007
1312456007
1892958044
1893082339
1893031956
1150051703
1150167303
1329291502
1329820902
1206451205
1206297605
1329378903
1329378902
1329915602
1206485505
1206332005
1311875607
1312454607
1329378502
1206494605
1206341105
1329914202
1329915202
1329378503
1311848207
1312414907
1311843207
1312582107
1329917502
1329822902
1330004702
1329293502
1206485005
1206331505
1312414407
1312414807
1311843107
1150167403
1150051803
1892155803
1892574904
1892513603
1892966635
1892905344
1893071742
1893041542
1312580307
1311849807
1312418507
1311846807
1150168203
1150052603
1329863902
1312456707
1311877707
1892600410
1892600310
1892600510
1892573304
1892602510
1892574804
1312743207
1312050507
1893024456
1892957744
1892957944
1329917802
1329380902
1329865302
1311875807
1312454807
1329380903
1206485305
1206331805
1893131150
1330004502
1311877307
1312456307
1206480405
1206326905
1206451105
1206297505
1329291302
1329820702
1893126250
1893083439
1893077139
1893040339
1892905544
1892575004
1892578404
1892513903
1892571504
1893372710
1892528912
1329864802
1150051503
1150167103
1893368003
1892597510
1892578304
1893083039
1893083639
1893032056
1892916344
1329820302
1329290902
1312415007
1311843307
1312582207
1311848307
1206480505
1206327005
1329293402
1329822802
1312554307
1311883507
1329351402
1329885602
1329351403
1329822702
1893082839
1893078139
1893078339
1893071942
1893031856
1329293302
1312418607
1311846907
1311841007
1312412707
1892536712
1892575104
1892596310
1892573204
1893368103
1892599610
1893372810
1892597610
1150051603
1150167203
1312415207
1311843507
1312743107
1312050407
1312686707
1312006807
1206453605
1206300005
1329380002
1312554107
1311883307
1893125850
1893130750
1893130450
1311876307
1312455307
1329331903
1329331902
1206497305
1206343805
1206486505
1206333005
1892934535
1893031556
1329822102
1329292702
1329380003
1329916902
1329331602
1893125650
1329378102
1892571204
1893368203
1892573104
1892599910
1892578104
1892576804
1892575304
1329331603
1329914802
1329378103
1206486405
1206332905
1312740607
1312048207
1311877407
1312456407
1329383802
1329921402
1329383803
1312582307
1311848407
1893328703
1892513803
1892571304
1892575204
1892578004
1312733007
1312044807
1150059903
1150175503
1312414507
1311842807
1312740307
1312048107
1206480605
1206327105
1312412807
1311841107
1206496205
1206342705
1892914144
1893077039
1893041942
1892515203
1892600010
1892571404
1893372910
1892514303
1892573504
1892575404
1329863602
1206476005
1206322505
1150060203
1150175803
1329864502
1892897044
1893126050
1312412907
1311841207
1312582407
1311848507
1329917602
1329380703
1893071842
1893071642
1893032156
1311875707
1893082939
1893079839
1892924155
1312580707
1311850207
1329347302
1329881502
1329347303
1311875907
1312454907
1893130548
1329863802
1329346902
1329346903
1329881102
1206480705
1311877507
1312456507
1312418807
1312418707
1311847007
1311847107
1206496605
1206343105
1329347402
1329347403
1329881602
1329917702
1329380802
1329380803
1892573604
1892603110
1892571604
1892575504
1893369404
1892514103
1892577804
1893368303
1893130148
1893129948
1893130648
1893369604
1892598010
1892573804
1892515303
1312414607
1311842907
1206476305
1206322805
1312454707
1311876007
1312455007
1329380702
1206486305
1206332805
1311843607
1892600110
1892577104
1892577904
1892597910
1892515403
1329293202
1329822602
1893126150
1312048307
1312740707
1311876907
1312455907
1893080039
1892924035
1892897544
1312686407
1312006507
1329917902
1329921502
1329383902
1329383903
1329381003
1329332002
1329332003
1329381002
1892571704
1892515503
1892573704
1312554207
1311883407
1150025903
1150139703
1329347503
1329347502
1329881702
1206475905
1206322405
1893078539
1893076939
1329347602
1329347603
1329881802
1312413007
1329290502
1311841307
1329819902
1206484405
1206330905
1329379102
1329864902
1329379103
1329915802
1892575604
1893369504
1892577204
1892597710
1892598110
1892571904
1893040756
1311876407
1312455407
1312554407
1311883607
1206487705
1206334205
1329347702
1329881902
1329347703
1329347903
1329347902
1329882102
1312582607
1311848707
1329347803
1329347802
1329882002
1329348003
1329882202
1329348002
1329348203
1329882402
1329348202
1329348103
1312415307
1312582507
1311848607
1312415407
1311843707
1329348102
1329882302
1312554007
1311883207
1892603510
1892603410
1892603310
1892603210
1892575704
1893370304
1892514203
1892597810
1312553807
1311883007
1311847207
1312418907
1893082239
1892934135
1329348502
1329882702
1329348503
1312744607
1329383502
1329383503
1329921102
1312051907
1329348602
1206483305
1329348603
1206329805
1329882802
1329917302
1312413107
1311841407
1312419007
1893125350
1329820602
1329291202
1329380403
1329380402
1893021656
1893083139
1893031456
1892934235
1892934435
1892923935
1893369704
1892573904
1892596410
1892578504
1893369804
1893368503
1892575804
1311877107
1312456107
1311847307
1312580607
1893023956
1893083239
1893031656
1329863702
1892578604
1892571804
1312413207
1311841507
1312414707
1312744507
1312051807
1329348703
1329348702
1329882902
1329882602
1329348402
1329348403
1329917102
1329380203
1329348902
1329348903
1312008707
1893031756
1892578704
1892576004
1892572004
1892574404
1892572104
1329864102
1329921202
1329383603
1329383602
1312582707
1312419107
1311848807
1311847407
1311850107
1206491605
1206338105
1329348802
1329883002
1329348803
1312415507
1311843807
1329916602
1329379703
1329379702
1893024056
1892934335
1312415607
1311843907
1312413307
1329380202
1892574004
1892574104
1893368403
1892514003
1892575904
1892577304
1893369904
1311843007
1329348302
1329348303
1329882502
1329883102
1311841607
1893368803
1892576104
1893370004
1892513703
1892577404
1312675207
1312038307
1312675007
1312038207
1892905444
1329379902
1329379903
1329916802
1892578804
1892576204
1893369003
1893368703
1892572304
1893370204
1893370810
1892577504
1312460007
1311881207
1312415707
1311841707
1311844007
1312413407
1312415807
1311844107
1312740807
1312048407
1892576304
1892574304
1893370404
1893368603
1892579004
1892577604
1892576404
1893371310
1892577704
1892578904
1892572404
1892576504
1893371210
1312416007
1311844307
1312415907
1311844207
1892572604
1892578204
1311878007
1892572204
1893370104
1893328803
1892574204
1892572504
1892572704
1889926056
1892591010
---0% --------20% --------40% --------60% --------80% --------100% -----/Volumes/SeagateBackupPlusDrive/1stChoice/TNG/tiff/2014/10/1329860002.tif here
cp /Volumes/SeagateBackupPlusDrive/1stChoice/TNG/tiff/2014/10/1329860002.tif /Volumes/SeagateBackupPlusDrive/1stChoice/TNG/tiffCurrent/SAC/
10/22/2014
/Volumes/SeagateBackupPlusDrive/1stChoice/TNG/tiff/2014/10/1329328502.tif here
cp /Volumes/SeagateBackupPlusDrive/1stChoice/TNG/tiff/2014/10/1329328502.tif /Volumes/SeagateBackupPlusDrive/1stChoice/TNG/tiffCurrent/SAC/
10/22/2014
/Volumes/SeagateBackupPlusDrive/1stChoice/TNG/tiff/2014/10/1329859902.tif here
cp /Volumes/SeagateBackupPlusDrive/1stChoice/TNG/tiff/2014/10/1329859902.tif /Volumes/SeagateBackupPlusDrive/1stChoice/TNG/tiffCurrent/SAC/
10/22/2014
/Volumes/SeagateBackupPlusDrive/1stChoice/TNG/tiff/2014/10/1329859802.tif here
cp /Volumes/SeagateBackupPlusDrive/1stChoice/TNG/tiff/2014/10/1329859802.tif /Volumes/SeagateBackupPlusDrive/1stChoice/TNG/tiffCurrent/SAC/
10/22/2014
/Volumes/SeagateBackupPlusDrive/1stChoice/TNG/tiff/2014/10/1329328302.tif here
cp /Volumes/SeagateBackupPlusDrive/1stChoice/TNG/tiff/2014/10/1329328302.tif /Volumes/SeagateBackupPlusDrive/1stChoice/TNG/tiffCurrent/SAC/
10/22/2014
/Volumes/SeagateBackupPlusDrive/1stChoice/TNG/tiff/2014/10/1329859702.tif here
cp /Volumes/SeagateBackupPlusDrive/1stChoice/TNG/tiff/2014/10/1329859702.tif /Volumes/SeagateBackupPlusDrive/1stChoice/TNG/tiffCurrent/SAC/
10/22/2014
/Volumes/SeagateBackupPlusDrive/1stChoice/TNG/tiff/2014/10/1329328202.tif here
cp /Volumes/SeagateBackupPlusDrive/1stChoice/TNG/tiff/2014/10/1329328202.tif /Volumes/SeagateBackupPlusDrive/1stChoice/TNG/tiffCurrent/SAC/
10/22/2014
/Volumes/SeagateBackupPlusDrive/1stChoice/TNG/tiff/2014/10/1329859602.tif here
cp /Volumes/SeagateBackupPlusDrive/1stChoice/TNG/tiff/2014/10/1329859602.tif /Volumes/SeagateBackupPlusDrive/1stChoice/TNG/tiffCurrent/SAC/
10/22/2014
/Volumes/SeagateBackupPlusDrive/1stChoice/TNG/tiff/2014/10/1329859502.tif here
cp /Volumes/SeagateBackupPlusDrive/1stChoice/TNG/tiff/2014/10/1329859502.tif /Volumes/SeagateBackupPlusDrive/1stChoice/TNG/tiffCurrent/SAC/
10/22/2014
/Volumes/SeagateBackupPlusDrive/1stChoice/TNG/tiff/2014/10/1329859402.tif here
cp /Volumes/SeagateBackupPlusDrive/1stChoice/TNG/tiff/2014/10/1329859402.tif /Volumes/SeagateBackupPlusDrive/1stChoice/TNG/tiffCurrent/SAC/
10/22/2014
/Volumes/SeagateBackupPlusDrive/1stChoice/TNG/tiff/2014/10/1329859302.tif here
cp /Volumes/SeagateBackupPlusDrive/1stChoice/TNG/tiff/2014/10/1329859302.tif /Volumes/SeagateBackupPlusDrive/1stChoice/TNG/tiffCurrent/SAC/
10/22/2014
/Volumes/SeagateBackupPlusDrive/1stChoice/TNG/tiff/2014/10/1329859202.tif here
cp /Volumes/SeagateBackupPlusDrive/1stChoice/TNG/tiff/2014/10/1329859202.tif /Volumes/SeagateBackupPlusDrive/1stChoice/TNG/tiffCurrent/SAC/
10/22/2014
/Volumes/SeagateBackupPlusDrive/1stChoice/TNG/tiff/2014/10/1329859102.tif here
cp /Volumes/SeagateBackupPlusDrive/1stChoice/TNG/tiff/2014/10/1329859102.tif /Volumes/SeagateBackupPlusDrive/1stChoice/TNG/tiffCurrent/SAC/
10/22/2014
/Volumes/SeagateBackupPlusDrive/1stChoice/TNG/tiff/2014/10/1329859002.tif here
cp /Volumes/SeagateBackupPlusDrive/1stChoice/TNG/tiff/2014/10/1329859002.tif /Volumes/SeagateBackupPlusDrive/1stChoice/TNG/tiffCurrent/SAC/
10/22/2014
/Volumes/SeagateBackupPlusDrive/1stChoice/TNG/tiff/2014/10/1329327502.tif here
cp /Volumes/SeagateBackupPlusDrive/1stChoice/TNG/tiff/2014/10/1329327502.tif /Volumes/SeagateBackupPlusDrive/1stChoice/TNG/tiffCurrent/SAC/
10/22/2014
/Volumes/SeagateBackupPlusDrive/1stChoice/TNG/tiff/2014/10/1329858902.tif here
cp /Volumes/SeagateBackupPlusDrive/1stChoice/TNG/tiff/2014/10/1329858902.tif /Volumes/SeagateBackupPlusDrive/1stChoice/TNG/tiffCurrent/SAC/
10/22/2014
/Volumes/SeagateBackupPlusDrive/1stChoice/TNG/tiff/2014/10/1329858802.tif here
cp /Volumes/SeagateBackupPlusDrive/1stChoice/TNG/tiff/2014/10/1329858802.tif /Volumes/SeagateBackupPlusDrive/1stChoice/TNG/tiffCurrent/SAC/
10/22/2014
/Volumes/SeagateBackupPlusDrive/1stChoice/TNG/tiff/2014/10/1329327302.tif here
cp /Volumes/SeagateBackupPlusDrive/1stChoice/TNG/tiff/2014/10/1329327302.tif /Volumes/SeagateBackupPlusDrive/1stChoice/TNG/tiffCurrent/SAC/
10/22/2014
/Volumes/SeagateBackupPlusDrive/1stChoice/TNG/tiff/2014/10/1312700307.tif here
cp /Volumes/SeagateBackupPlusDrive/1stChoice/TNG/tiff/2014/10/1312700307.tif /Volumes/SeagateBackupPlusDrive/1stChoice/TNG/tiffCurrent/JAK/
10/22/2014
/Volumes/SeagateBackupPlusDrive/1stChoice/TNG/tiff/2014/10/1312020407.tif here
cp /Volumes/SeagateBackupPlusDrive/1stChoice/TNG/tiff/2014/10/1312020407.tif /Volumes/SeagateBackupPlusDrive/1stChoice/TNG/tiffCurrent/JAK/
10/22/2014
/Volumes/SeagateBackupPlusDrive/1stChoice/TNG/tiff/2014/10/1312699307.tif here
cp /Volumes/SeagateBackupPlusDrive/1stChoice/TNG/tiff/2014/10/1312699307.tif /Volumes/SeagateBackupPlusDrive/1stChoice/TNG/tiffCurrent/JAK/
10/22/2014
/Volumes/SeagateBackupPlusDrive/1stChoice/TNG/tiff/2014/10/1312019407.tif here
cp /Volumes/SeagateBackupPlusDrive/1stChoice/TNG/tiff/2014/10/1312019407.tif /Volumes/SeagateBackupPlusDrive/1stChoice/TNG/tiffCurrent/JAK/
10/22/2014
/Volumes/SeagateBackupPlusDrive/1stChoice/TNG/tiff/2014/10/1312700007.tif here
cp /Volumes/SeagateBackupPlusDrive/1stChoice/TNG/tiff/2014/10/1312700007.tif /Volumes/SeagateBackupPlusDrive/1stChoice/TNG/tiffCurrent/JAK/
10/22/2014
/Volumes/SeagateBackupPlusDrive/1stChoice/TNG/tiff/2014/10/1312020107.tif here
cp /Volumes/SeagateBackupPlusDrive/1stChoice/TNG/tiff/2014/10/1312020107.tif /Volumes/SeagateBackupPlusDrive/1stChoice/TNG/tiffCurrent/JAK/
10/22/2014
/Volumes/SeagateBackupPlusDrive/1stChoice/TNG/tiff/2014/10/1312700207.tif here
cp /Volumes/SeagateBackupPlusDrive/1stChoice/TNG/tiff/2014/10/1312700207.tif /Volumes/SeagateBackupPlusDrive/1stChoice/TNG/tiffCurrent/JAK/
10/22/2014
/Volumes/SeagateBackupPlusDrive/1stChoice/TNG/tiff/2014/10/1312020307.tif here
cp /Volumes/SeagateBackupPlusDrive/1stChoice/TNG/tiff/2014/10/1312020307.tif /Volumes/SeagateBackupPlusDrive/1stChoice/TNG/tiffCurrent/JAK/
10/22/2014
/Volumes/SeagateBackupPlusDrive/1stChoice/TNG/tiff/2014/10/1312688807.tif here
cp /Volumes/SeagateBackupPlusDrive/1stChoice/TNG/tiff/2014/10/1312688807.tif /Volumes/SeagateBackupPlusDrive/1stChoice/TNG/tiffCurrent/JAK/
10/22/2014
/Volumes/SeagateBackupPlusDrive/1stChoice/TNG/tiff/2014/10/1312008907.tif here
cp /Volumes/SeagateBackupPlusDrive/1stChoice/TNG/tiff/2014/10/1312008907.tif /Volumes/SeagateBackupPlusDrive/1stChoice/TNG/tiffCurrent/JAK/
10/22/2014
/Volumes/SeagateBackupPlusDrive/1stChoice/TNG/tiff/2014/10/1312689507.tif here
cp /Volumes/SeagateBackupPlusDrive/1stChoice/TNG/tiff/2014/10/1312689507.tif /Volumes/SeagateBackupPlusDrive/1stChoice/TNG/tiffCurrent/JAK/
10/22/2014
/Volumes/SeagateBackupPlusDrive/1stChoice/TNG/tiff/2014/10/1312009607.tif here
cp /Volumes/SeagateBackupPlusDrive/1stChoice/TNG/tiff/2014/10/1312009607.tif /Volumes/SeagateBackupPlusDrive/1stChoice/TNG/tiffCurrent/JAK/
10/22/2014
/Volumes/SeagateBackupPlusDrive/1stChoice/TNG/tiff/2014/10/1312689107.tif here
cp /Volumes/SeagateBackupPlusDrive/1stChoice/TNG/tiff/2014/10/1312689107.tif /Volumes/SeagateBackupPlusDrive/1stChoice/TNG/tiffCurrent/JAK/
10/22/2014
/Volumes/SeagateBackupPlusDrive/1stChoice/TNG/tiff/2014/10/1312009207.tif here
cp /Volumes/SeagateBackupPlusDrive/1stChoice/TNG/tiff/2014/10/1312009207.tif /Volumes/SeagateBackupPlusDrive/1stChoice/TNG/tiffCurrent/JAK/
10/22/2014
/Volumes/SeagateBackupPlusDrive/1stChoice/TNG/tiff/2014/10/1312689607.tif here
cp /Volumes/SeagateBackupPlusDrive/1stChoice/TNG/tiff/2014/10/1312689607.tif /Volumes/SeagateBackupPlusDrive/1stChoice/TNG/tiffCurrent/JAK/
10/22/2014
/Volumes/SeagateBackupPlusDrive/1stChoice/TNG/tiff/2014/10/1312009707.tif here
cp /Volumes/SeagateBackupPlusDrive/1stChoice/TNG/tiff/2014/10/1312009707.tif /Volumes/SeagateBackupPlusDrive/1stChoice/TNG/tiffCurrent/JAK/
10/22/2014
/Volumes/SeagateBackupPlusDrive/1stChoice/TNG/tiff/2014/10/1312687807.tif here
cp /Volumes/SeagateBackupPlusDrive/1stChoice/TNG/tiff/2014/10/1312687807.tif /Volumes/SeagateBackupPlusDrive/1stChoice/TNG/tiffCurrent/JAK/
10/22/2014
/Volumes/SeagateBackupPlusDrive/1stChoice/TNG/tiff/2014/10/1312007907.tif here
cp /Volumes/SeagateBackupPlusDrive/1stChoice/TNG/tiff/2014/10/1312007907.tif /Volumes/SeagateBackupPlusDrive/1stChoice/TNG/tiffCurrent/JAK/
10/22/2014
/Volumes/SeagateBackupPlusDrive/1stChoice/TNG/tiff/2014/10/1312688307.tif here
cp /Volumes/SeagateBackupPlusDrive/1stChoice/TNG/tiff/2014/10/1312688307.tif /Volumes/SeagateBackupPlusDrive/1stChoice/TNG/tiffCurrent/JAK/
10/22/2014
/Volumes/SeagateBackupPlusDrive/1stChoice/TNG/tiff/2014/10/1312008407.tif here
cp /Volumes/SeagateBackupPlusDrive/1stChoice/TNG/tiff/2014/10/1312008407.tif /Volumes/SeagateBackupPlusDrive/1stChoice/TNG/tiffCurrent/JAK/
10/22/2014
/Volumes/SeagateBackupPlusDrive/1stChoice/TNG/tiff/2014/10/1312687707.tif here
cp /Volumes/SeagateBackupPlusDrive/1stChoice/TNG/tiff/2014/10/1312687707.tif /Volumes/SeagateBackupPlusDrive/1stChoice/TNG/tiffCurrent/JAK/
10/22/2014
/Volumes/SeagateBackupPlusDrive/1stChoice/TNG/tiff/2014/10/1312007807.tif here
cp /Volumes/SeagateBackupPlusDrive/1stChoice/TNG/tiff/2014/10/1312007807.tif /Volumes/SeagateBackupPlusDrive/1stChoice/TNG/tiffCurrent/JAK/
10/22/2014
/Volumes/SeagateBackupPlusDrive/1stChoice/TNG/tiff/2014/10/1312688507.tif here
cp /Volumes/SeagateBackupPlusDrive/1stChoice/TNG/tiff/2014/10/1312688507.tif /Volumes/SeagateBackupPlusDrive/1stChoice/TNG/tiffCurrent/JAK/
10/22/2014
/Volumes/SeagateBackupPlusDrive/1stChoice/TNG/tiff/2014/10/1312008607.tif here
cp /Volumes/SeagateBackupPlusDrive/1stChoice/TNG/tiff/2014/10/1312008607.tif /Volumes/SeagateBackupPlusDrive/1stChoice/TNG/tiffCurrent/JAK/
10/22/2014
/Volumes/SeagateBackupPlusDrive/1stChoice/TNG/tiff/2014/10/1312688407.tif here
cp /Volumes/SeagateBackupPlusDrive/1stChoice/TNG/tiff/2014/10/1312688407.tif /Volumes/SeagateBackupPlusDrive/1stChoice/TNG/tiffCurrent/JAK/
10/22/2014
/Volumes/SeagateBackupPlusDrive/1stChoice/TNG/tiff/2014/10/1312008507.tif here
cp /Volumes/SeagateBackupPlusDrive/1stChoice/TNG/tiff/2014/10/1312008507.tif /Volumes/SeagateBackupPlusDrive/1stChoice/TNG/tiffCurrent/JAK/
10/22/2014
/Volumes/SeagateBackupPlusDrive/1stChoice/TNG/tiff/2014/10/1312688607.tif here
cp /Volumes/SeagateBackupPlusDrive/1stChoice/TNG/tiff/2014/10/1312688607.tif /Volumes/SeagateBackupPlusDrive/1stChoice/TNG/tiffCurrent/JAK/
10/22/2014
/Volumes/SeagateBackupPlusDrive/1stChoice/TNG/tiff/2014/10/1312703707.tif here
cp /Volumes/SeagateBackupPlusDrive/1stChoice/TNG/tiff/2014/10/1312703707.tif /Volumes/SeagateBackupPlusDrive/1stChoice/TNG/tiffCurrent/JAK/
10/22/2014
/Volumes/SeagateBackupPlusDrive/1stChoice/TNG/tiff/2014/10/1312023807.tif here
cp /Volumes/SeagateBackupPlusDrive/1stChoice/TNG/tiff/2014/10/1312023807.tif /Volumes/SeagateBackupPlusDrive/1stChoice/TNG/tiffCurrent/JAK/
10/22/2014
/Volumes/SeagateBackupPlusDrive/1stChoice/TNG/tiff/2014/10/1312702807.tif here
cp /Volumes/SeagateBackupPlusDrive/1stChoice/TNG/tiff/2014/10/1312702807.tif /Volumes/SeagateBackupPlusDrive/1stChoice/TNG/tiffCurrent/JAK/
10/22/2014
/Volumes/SeagateBackupPlusDrive/1stChoice/TNG/tiff/2014/10/1312022907.tif here
cp /Volumes/SeagateBackupPlusDrive/1stChoice/TNG/tiff/2014/10/1312022907.tif /Volumes/SeagateBackupPlusDrive/1stChoice/TNG/tiffCurrent/JAK/
10/22/2014
/Volumes/SeagateBackupPlusDrive/1stChoice/TNG/tiff/2014/10/1312703607.tif here
cp /Volumes/SeagateBackupPlusDrive/1stChoice/TNG/tiff/2014/10/1312703607.tif /Volumes/SeagateBackupPlusDrive/1stChoice/TNG/tiffCurrent/JAK/
10/22/2014
/Volumes/SeagateBackupPlusDrive/1stChoice/TNG/tiff/2014/10/1312023707.tif here
cp /Volumes/SeagateBackupPlusDrive/1stChoice/TNG/tiff/2014/10/1312023707.tif /Volumes/SeagateBackupPlusDrive/1stChoice/TNG/tiffCurrent/JAK/
10/22/2014
/Volumes/SeagateBackupPlusDrive/1stChoice/TNG/tiff/2014/10/1312703407.tif here
cp /Volumes/SeagateBackupPlusDrive/1stChoice/TNG/tiff/2014/10/1312703407.tif /Volumes/SeagateBackupPlusDrive/1stChoice/TNG/tiffCurrent/JAK/
10/22/2014
/Volumes/SeagateBackupPlusDrive/1stChoice/TNG/tiff/2014/10/1312023507.tif here
cp /Volumes/SeagateBackupPlusDrive/1stChoice/TNG/tiff/2014/10/1312023507.tif /Volumes/SeagateBackupPlusDrive/1stChoice/TNG/tiffCurrent/JAK/
10/22/2014
/Volumes/SeagateBackupPlusDrive/1stChoice/TNG/tiff/2014/10/1312704407.tif here
cp /Volumes/SeagateBackupPlusDrive/1stChoice/TNG/tiff/2014/10/1312704407.tif /Volumes/SeagateBackupPlusDrive/1stChoice/TNG/tiffCurrent/JAK/
10/22/2014
/Volumes/SeagateBackupPlusDrive/1stChoice/TNG/tiff/2014/10/1312024507.tif here
cp /Volumes/SeagateBackupPlusDrive/1stChoice/TNG/tiff/2014/10/1312024507.tif /Volumes/SeagateBackupPlusDrive/1stChoice/TNG/tiffCurrent/JAK/
10/22/2014
/Volumes/SeagateBackupPlusDrive/1stChoice/TNG/tiff/2014/10/1312689907.tif here
cp /Volumes/SeagateBackupPlusDrive/1stChoice/TNG/tiff/2014/10/1312689907.tif /Volumes/SeagateBackupPlusDrive/1stChoice/TNG/tiffCurrent/JAK/
10/22/2014
/Volumes/SeagateBackupPlusDrive/1stChoice/TNG/tiff/2014/10/1312010007.tif here
cp /Volumes/SeagateBackupPlusDrive/1stChoice/TNG/tiff/2014/10/1312010007.tif /Volumes/SeagateBackupPlusDrive/1stChoice/TNG/tiffCurrent/JAK/
10/22/2014
/Volumes/SeagateBackupPlusDrive/1stChoice/TNG/tiff/2014/10/1312702007.tif here
cp /Volumes/SeagateBackupPlusDrive/1stChoice/TNG/tiff/2014/10/1312702007.tif /Volumes/SeagateBackupPlusDrive/1stChoice/TNG/tiffCurrent/JAK/
10/22/2014
/Volumes/SeagateBackupPlusDrive/1stChoice/TNG/tiff/2014/10/1312022107.tif here
cp /Volumes/SeagateBackupPlusDrive/1stChoice/TNG/tiff/2014/10/1312022107.tif /Volumes/SeagateBackupPlusDrive/1stChoice/TNG/tiffCurrent/JAK/
10/22/2014
/Volumes/SeagateBackupPlusDrive/1stChoice/TNG/tiff/2014/10/1312678707.tif here
cp /Volumes/SeagateBackupPlusDrive/1stChoice/TNG/tiff/2014/10/1312678707.tif /Volumes/SeagateBackupPlusDrive/1stChoice/TNG/tiffCurrent/JAK/
10/22/2014
/Volumes/SeagateBackupPlusDrive/1stChoice/TNG/tiff/2014/10/1312039207.tif here
cp /Volumes/SeagateBackupPlusDrive/1stChoice/TNG/tiff/2014/10/1312039207.tif /Volumes/SeagateBackupPlusDrive/1stChoice/TNG/tiffCurrent/JAK/
10/22/2014
/Volumes/SeagateBackupPlusDrive/1stChoice/TNG/tiff/2014/10/1312678307.tif here
cp /Volumes/SeagateBackupPlusDrive/1stChoice/TNG/tiff/2014/10/1312678307.tif /Volumes/SeagateBackupPlusDrive/1stChoice/TNG/tiffCurrent/JAK/
10/22/2014
/Volumes/SeagateBackupPlusDrive/1stChoice/TNG/tiff/2014/10/1312038807.tif here
cp /Volumes/SeagateBackupPlusDrive/1stChoice/TNG/tiff/2014/10/1312038807.tif /Volumes/SeagateBackupPlusDrive/1stChoice/TNG/tiffCurrent/JAK/
10/22/2014
/Volumes/SeagateBackupPlusDrive/1stChoice/TNG/tiff/2014/10/1312678107.tif here
cp /Volumes/SeagateBackupPlusDrive/1stChoice/TNG/tiff/2014/10/1312678107.tif /Volumes/SeagateBackupPlusDrive/1stChoice/TNG/tiffCurrent/JAK/
10/22/2014
/Volumes/SeagateBackupPlusDrive/1stChoice/TNG/tiff/2014/10/1312038607.tif here
cp /Volumes/SeagateBackupPlusDrive/1stChoice/TNG/tiff/2014/10/1312038607.tif /Volumes/SeagateBackupPlusDrive/1stChoice/TNG/tiffCurrent/JAK/
10/22/2014
/Volumes/SeagateBackupPlusDrive/1stChoice/TNG/tiff/2014/10/1312679107.tif here
cp /Volumes/SeagateBackupPlusDrive/1stChoice/TNG/tiff/2014/10/1312679107.tif /Volumes/SeagateBackupPlusDrive/1stChoice/TNG/tiffCurrent/JAK/
10/22/2014
/Volumes/SeagateBackupPlusDrive/1stChoice/TNG/tiff/2014/10/1312039607.tif here
cp /Volumes/SeagateBackupPlusDrive/1stChoice/TNG/tiff/2014/10/1312039607.tif /Volumes/SeagateBackupPlusDrive/1stChoice/TNG/tiffCurrent/JAK/
10/22/2014
/Volumes/SeagateBackupPlusDrive/1stChoice/TNG/tiff/2014/10/1312677907.tif here
cp /Volumes/SeagateBackupPlusDrive/1stChoice/TNG/tiff/2014/10/1312677907.tif /Volumes/SeagateBackupPlusDrive/1stChoice/TNG/tiffCurrent/JAK/
10/22/2014
/Volumes/SeagateBackupPlusDrive/1stChoice/TNG/tiff/2014/10/1312038407.tif here
cp /Volumes/SeagateBackupPlusDrive/1stChoice/TNG/tiff/2014/10/1312038407.tif /Volumes/SeagateBackupPlusDrive/1stChoice/TNG/tiffCurrent/JAK/
10/22/2014
/Volumes/SeagateBackupPlusDrive/1stChoice/TNG/tiff/2014/10/1312678007.tif here
cp /Volumes/SeagateBackupPlusDrive/1stChoice/TNG/tiff/2014/10/1312678007.tif /Volumes/SeagateBackupPlusDrive/1stChoice/TNG/tiffCurrent/JAK/
10/22/2014
/Volumes/SeagateBackupPlusDrive/1stChoice/TNG/tiff/2014/10/1312038507.tif here
cp /Volumes/SeagateBackupPlusDrive/1stChoice/TNG/tiff/2014/10/1312038507.tif /Volumes/SeagateBackupPlusDrive/1stChoice/TNG/tiffCurrent/JAK/
10/22/2014
/Volumes/SeagateBackupPlusDrive/1stChoice/TNG/tiff/2014/10/1312679007.tif here
cp /Volumes/SeagateBackupPlusDrive/1stChoice/TNG/tiff/2014/10/1312679007.tif /Volumes/SeagateBackupPlusDrive/1stChoice/TNG/tiffCurrent/JAK/
10/22/2014
/Volumes/SeagateBackupPlusDrive/1stChoice/TNG/tiff/2014/10/1312039507.tif here
cp /Volumes/SeagateBackupPlusDrive/1stChoice/TNG/tiff/2014/10/1312039507.tif /Volumes/SeagateBackupPlusDrive/1stChoice/TNG/tiffCurrent/JAK/
10/22/2014
/Volumes/SeagateBackupPlusDrive/1stChoice/TNG/tiff/2014/10/1312679307.tif here
cp /Volumes/SeagateBackupPlusDrive/1stChoice/TNG/tiff/2014/10/1312679307.tif /Volumes/SeagateBackupPlusDrive/1stChoice/TNG/tiffCurrent/JAK/
10/22/2014
/Volumes/SeagateBackupPlusDrive/1stChoice/TNG/tiff/2014/10/1312039807.tif here
cp /Volumes/SeagateBackupPlusDrive/1stChoice/TNG/tiff/2014/10/1312039807.tif /Volumes/SeagateBackupPlusDrive/1stChoice/TNG/tiffCurrent/JAK/
10/22/2014
/Volumes/SeagateBackupPlusDrive/1stChoice/TNG/tiff/2014/10/1312679907.tif here
cp /Volumes/SeagateBackupPlusDrive/1stChoice/TNG/tiff/2014/10/1312679907.tif /Volumes/SeagateBackupPlusDrive/1stChoice/TNG/tiffCurrent/JAK/
10/22/2014
/Volumes/SeagateBackupPlusDrive/1stChoice/TNG/tiff/2014/10/1312040407.tif here
cp /Volumes/SeagateBackupPlusDrive/1stChoice/TNG/tiff/2014/10/1312040407.tif /Volumes/SeagateBackupPlusDrive/1stChoice/TNG/tiffCurrent/JAK/
10/22/2014
/Volumes/SeagateBackupPlusDrive/1stChoice/TNG/tiff/2014/10/1312680507.tif here
cp /Volumes/SeagateBackupPlusDrive/1stChoice/TNG/tiff/2014/10/1312680507.tif /Volumes/SeagateBackupPlusDrive/1stChoice/TNG/tiffCurrent/JAK/
10/22/2014
/Volumes/SeagateBackupPlusDrive/1stChoice/TNG/tiff/2014/10/1312041007.tif here
cp /Volumes/SeagateBackupPlusDrive/1stChoice/TNG/tiff/2014/10/1312041007.tif /Volumes/SeagateBackupPlusDrive/1stChoice/TNG/tiffCurrent/JAK/
10/22/2014
/Volumes/SeagateBackupPlusDrive/1stChoice/TNG/tiff/2014/10/1312680607.tif here
cp /Volumes/SeagateBackupPlusDrive/1stChoice/TNG/tiff/2014/10/1312680607.tif /Volumes/SeagateBackupPlusDrive/1stChoice/TNG/tiffCurrent/JAK/
10/22/2014
/Volumes/SeagateBackupPlusDrive/1stChoice/TNG/tiff/2014/10/1312041107.tif here
cp /Volumes/SeagateBackupPlusDrive/1stChoice/TNG/tiff/2014/10/1312041107.tif /Volumes/SeagateBackupPlusDrive/1stChoice/TNG/tiffCurrent/JAK/
10/22/2014
/Volumes/SeagateBackupPlusDrive/1stChoice/TNG/tiff/2014/10/1312680007.tif here
cp /Volumes/SeagateBackupPlusDrive/1stChoice/TNG/tiff/2014/10/1312680007.tif /Volumes/SeagateBackupPlusDrive/1stChoice/TNG/tiffCurrent/JAK/
10/22/2014
/Volumes/SeagateBackupPlusDrive/1stChoice/TNG/tiff/2014/10/1312040507.tif here
cp /Volumes/SeagateBackupPlusDrive/1stChoice/TNG/tiff/2014/10/1312040507.tif /Volumes/SeagateBackupPlusDrive/1stChoice/TNG/tiffCurrent/JAK/
10/22/2014
/Volumes/SeagateBackupPlusDrive/1stChoice/TNG/tiff/2014/10/1312679707.tif here
cp /Volumes/SeagateBackupPlusDrive/1stChoice/TNG/tiff/2014/10/1312679707.tif /Volumes/SeagateBackupPlusDrive/1stChoice/TNG/tiffCurrent/JAK/
10/22/2014
/Volumes/SeagateBackupPlusDrive/1stChoice/TNG/tiff/2014/10/1312040207.tif here
cp /Volumes/SeagateBackupPlusDrive/1stChoice/TNG/tiff/2014/10/1312040207.tif /Volumes/SeagateBackupPlusDrive/1stChoice/TNG/tiffCurrent/JAK/
10/22/2014
/Volumes/SeagateBackupPlusDrive/1stChoice/TNG/tiff/2014/10/1312679407.tif here
cp /Volumes/SeagateBackupPlusDrive/1stChoice/TNG/tiff/2014/10/1312679407.tif /Volumes/SeagateBackupPlusDrive/1stChoice/TNG/tiffCurrent/JAK/
10/22/2014
/Volumes/SeagateBackupPlusDrive/1stChoice/TNG/tiff/2014/10/1312039907.tif here
cp /Volumes/SeagateBackupPlusDrive/1stChoice/TNG/tiff/2014/10/1312039907.tif /Volumes/SeagateBackupPlusDrive/1stChoice/TNG/tiffCurrent/JAK/
10/22/2014
/Volumes/SeagateBackupPlusDrive/1stChoice/TNG/tiff/2014/10/1312679807.tif here
cp /Volumes/SeagateBackupPlusDrive/1stChoice/TNG/tiff/2014/10/1312679807.tif /Volumes/SeagateBackupPlusDrive/1stChoice/TNG/tiffCurrent/JAK/
10/22/2014
/Volumes/SeagateBackupPlusDrive/1stChoice/TNG/tiff/2014/10/1312040307.tif here
cp /Volumes/SeagateBackupPlusDrive/1stChoice/TNG/tiff/2014/10/1312040307.tif /Volumes/SeagateBackupPlusDrive/1stChoice/TNG/tiffCurrent/JAK/
10/22/2014
/Volumes/SeagateBackupPlusDrive/1stChoice/TNG/tiff/2014/10/1312680807.tif here
cp /Volumes/SeagateBackupPlusDrive/1stChoice/TNG/tiff/2014/10/1312680807.tif /Volumes/SeagateBackupPlusDrive/1stChoice/TNG/tiffCurrent/JAK/
10/22/2014
/Volumes/SeagateBackupPlusDrive/1stChoice/TNG/tiff/2014/10/1312041307.tif here
cp /Volumes/SeagateBackupPlusDrive/1stChoice/TNG/tiff/2014/10/1312041307.tif /Volumes/SeagateBackupPlusDrive/1stChoice/TNG/tiffCurrent/JAK/
10/22/2014
/Volumes/SeagateBackupPlusDrive/1stChoice/TNG/tiff/2014/10/1312680307.tif here
cp /Volumes/SeagateBackupPlusDrive/1stChoice/TNG/tiff/2014/10/1312680307.tif /Volumes/SeagateBackupPlusDrive/1stChoice/TNG/tiffCurrent/JAK/
10/22/2014
/Volumes/SeagateBackupPlusDrive/1stChoice/TNG/tiff/2014/10/1312040807.tif here
cp /Volumes/SeagateBackupPlusDrive/1stChoice/TNG/tiff/2014/10/1312040807.tif /Volumes/SeagateBackupPlusDrive/1stChoice/TNG/tiffCurrent/JAK/
10/22/2014
/Volumes/SeagateBackupPlusDrive/1stChoice/TNG/tiff/2014/10/1312680407.tif here
cp /Volumes/SeagateBackupPlusDrive/1stChoice/TNG/tiff/2014/10/1312680407.tif /Volumes/SeagateBackupPlusDrive/1stChoice/TNG/tiffCurrent/JAK/
10/22/2014
/Volumes/SeagateBackupPlusDrive/1stChoice/TNG/tiff/2014/10/1312040907.tif here
cp /Volumes/SeagateBackupPlusDrive/1stChoice/TNG/tiff/2014/10/1312040907.tif /Volumes/SeagateBackupPlusDrive/1stChoice/TNG/tiffCurrent/JAK/
10/22/2014
/Volumes/SeagateBackupPlusDrive/1stChoice/TNG/tiff/2014/10/1312679607.tif here
cp /Volumes/SeagateBackupPlusDrive/1stChoice/TNG/tiff/2014/10/1312679607.tif /Volumes/SeagateBackupPlusDrive/1stChoice/TNG/tiffCurrent/JAK/
10/22/2014
/Volumes/SeagateBackupPlusDrive/1stChoice/TNG/tiff/2014/10/1312040107.tif here
cp /Volumes/SeagateBackupPlusDrive/1stChoice/TNG/tiff/2014/10/1312040107.tif /Volumes/SeagateBackupPlusDrive/1stChoice/TNG/tiffCurrent/JAK/
10/22/2014
/Volumes/SeagateBackupPlusDrive/1stChoice/TNG/tiff/2014/10/1312681407.tif here
cp /Volumes/SeagateBackupPlusDrive/1stChoice/TNG/tiff/2014/10/1312681407.tif /Volumes/SeagateBackupPlusDrive/1stChoice/TNG/tiffCurrent/JAK/
10/22/2014
/Volumes/SeagateBackupPlusDrive/1stChoice/TNG/tiff/2014/10/1312041907.tif here
cp /Volumes/SeagateBackupPlusDrive/1stChoice/TNG/tiff/2014/10/1312041907.tif /Volumes/SeagateBackupPlusDrive/1stChoice/TNG/tiffCurrent/JAK/
10/22/2014
/Volumes/SeagateBackupPlusDrive/1stChoice/TNG/tiff/2014/10/1312680207.tif here
cp /Volumes/SeagateBackupPlusDrive/1stChoice/TNG/tiff/2014/10/1312680207.tif /Volumes/SeagateBackupPlusDrive/1stChoice/TNG/tiffCurrent/JAK/
10/22/2014
/Volumes/SeagateBackupPlusDrive/1stChoice/TNG/tiff/2014/10/1312040707.tif here
cp /Volumes/SeagateBackupPlusDrive/1stChoice/TNG/tiff/2014/10/1312040707.tif /Volumes/SeagateBackupPlusDrive/1stChoice/TNG/tiffCurrent/JAK/
10/22/2014
/Volumes/SeagateBackupPlusDrive/1stChoice/TNG/tiff/2014/10/1312681007.tif here
cp /Volumes/SeagateBackupPlusDrive/1stChoice/TNG/tiff/2014/10/1312681007.tif /Volumes/SeagateBackupPlusDrive/1stChoice/TNG/tiffCurrent/JAK/
10/22/2014
/Volumes/SeagateBackupPlusDrive/1stChoice/TNG/tiff/2014/10/1312041507.tif here
cp /Volumes/SeagateBackupPlusDrive/1stChoice/TNG/tiff/2014/10/1312041507.tif /Volumes/SeagateBackupPlusDrive/1stChoice/TNG/tiffCurrent/JAK/
10/22/2014
/Volumes/SeagateBackupPlusDrive/1stChoice/TNG/tiff/2014/10/1312681307.tif here
cp /Volumes/SeagateBackupPlusDrive/1stChoice/TNG/tiff/2014/10/1312681307.tif /Volumes/SeagateBackupPlusDrive/1stChoice/TNG/tiffCurrent/JAK/
10/22/2014
/Volumes/SeagateBackupPlusDrive/1stChoice/TNG/tiff/2014/10/1312041807.tif here
cp /Volumes/SeagateBackupPlusDrive/1stChoice/TNG/tiff/2014/10/1312041807.tif /Volumes/SeagateBackupPlusDrive/1stChoice/TNG/tiffCurrent/JAK/
10/22/2014
/Volumes/SeagateBackupPlusDrive/1stChoice/TNG/tiff/2014/10/1312680107.tif here
cp /Volumes/SeagateBackupPlusDrive/1stChoice/TNG/tiff/2014/10/1312680107.tif /Volumes/SeagateBackupPlusDrive/1stChoice/TNG/tiffCurrent/JAK/
10/22/2014
/Volumes/SeagateBackupPlusDrive/1stChoice/TNG/tiff/2014/10/1312040607.tif here
cp /Volumes/SeagateBackupPlusDrive/1stChoice/TNG/tiff/2014/10/1312040607.tif /Volumes/SeagateBackupPlusDrive/1stChoice/TNG/tiffCurrent/JAK/
10/22/2014
/Volumes/SeagateBackupPlusDrive/1stChoice/TNG/tiff/2014/10/1312673707.tif here
cp /Volumes/SeagateBackupPlusDrive/1stChoice/TNG/tiff/2014/10/1312673707.tif /Volumes/SeagateBackupPlusDrive/1stChoice/TNG/tiffCurrent/JAK/
10/22/2014
/Volumes/SeagateBackupPlusDrive/1stChoice/TNG/tiff/2014/10/1312037807.tif here
cp /Volumes/SeagateBackupPlusDrive/1stChoice/TNG/tiff/2014/10/1312037807.tif /Volumes/SeagateBackupPlusDrive/1stChoice/TNG/tiffCurrent/JAK/
10/22/2014
/Volumes/SeagateBackupPlusDrive/1stChoice/TNG/tiff/2014/10/1312672207.tif here
cp /Volumes/SeagateBackupPlusDrive/1stChoice/TNG/tiff/2014/10/1312672207.tif /Volumes/SeagateBackupPlusDrive/1stChoice/TNG/tiffCurrent/JAK/
10/22/2014
/Volumes/SeagateBackupPlusDrive/1stChoice/TNG/tiff/2014/10/1312036307.tif here
cp /Volumes/SeagateBackupPlusDrive/1stChoice/TNG/tiff/2014/10/1312036307.tif /Volumes/SeagateBackupPlusDrive/1stChoice/TNG/tiffCurrent/JAK/
10/22/2014
/Volumes/SeagateBackupPlusDrive/1stChoice/TNG/tiff/2014/10/1312671107.tif here
cp /Volumes/SeagateBackupPlusDrive/1stChoice/TNG/tiff/2014/10/1312671107.tif /Volumes/SeagateBackupPlusDrive/1stChoice/TNG/tiffCurrent/JAK/
10/22/2014
/Volumes/SeagateBackupPlusDrive/1stChoice/TNG/tiff/2014/10/1312035207.tif here
cp /Volumes/SeagateBackupPlusDrive/1stChoice/TNG/tiff/2014/10/1312035207.tif /Volumes/SeagateBackupPlusDrive/1stChoice/TNG/tiffCurrent/JAK/
10/22/2014
/Volumes/SeagateBackupPlusDrive/1stChoice/TNG/tiff/2014/10/1312671707.tif here
cp /Volumes/SeagateBackupPlusDrive/1stChoice/TNG/tiff/2014/10/1312671707.tif /Volumes/SeagateBackupPlusDrive/1stChoice/TNG/tiffCurrent/JAK/
10/22/2014
/Volumes/SeagateBackupPlusDrive/1stChoice/TNG/tiff/2014/10/1312035807.tif here
cp /Volumes/SeagateBackupPlusDrive/1stChoice/TNG/tiff/2014/10/1312035807.tif /Volumes/SeagateBackupPlusDrive/1stChoice/TNG/tiffCurrent/JAK/
10/22/2014
/Volumes/SeagateBackupPlusDrive/1stChoice/TNG/tiff/2014/10/1312673607.tif here
cp /Volumes/SeagateBackupPlusDrive/1stChoice/TNG/tiff/2014/10/1312673607.tif /Volumes/SeagateBackupPlusDrive/1stChoice/TNG/tiffCurrent/JAK/
10/22/2014
/Volumes/SeagateBackupPlusDrive/1stChoice/TNG/tiff/2014/10/1312037907.tif here
cp /Volumes/SeagateBackupPlusDrive/1stChoice/TNG/tiff/2014/10/1312037907.tif /Volumes/SeagateBackupPlusDrive/1stChoice/TNG/tiffCurrent/JAK/
10/22/2014
/Volumes/SeagateBackupPlusDrive/1stChoice/TNG/tiff/2014/10/1312673807.tif here
cp /Volumes/SeagateBackupPlusDrive/1stChoice/TNG/tiff/2014/10/1312673807.tif /Volumes/SeagateBackupPlusDrive/1stChoice/TNG/tiffCurrent/JAK/
10/22/2014
/Volumes/SeagateBackupPlusDrive/1stChoice/TNG/tiff/2014/10/1312038007.tif here
cp /Volumes/SeagateBackupPlusDrive/1stChoice/TNG/tiff/2014/10/1312038007.tif /Volumes/SeagateBackupPlusDrive/1stChoice/TNG/tiffCurrent/JAK/
10/22/2014
/Volumes/SeagateBackupPlusDrive/1stChoice/TNG/tiff/2014/10/1312671807.tif here
cp /Volumes/SeagateBackupPlusDrive/1stChoice/TNG/tiff/2014/10/1312671807.tif /Volumes/SeagateBackupPlusDrive/1stChoice/TNG/tiffCurrent/JAK/
10/22/2014
/Volumes/SeagateBackupPlusDrive/1stChoice/TNG/tiff/2014/10/1312035907.tif here
cp /Volumes/SeagateBackupPlusDrive/1stChoice/TNG/tiff/2014/10/1312035907.tif /Volumes/SeagateBackupPlusDrive/1stChoice/TNG/tiffCurrent/JAK/
10/22/2014
/Volumes/SeagateBackupPlusDrive/1stChoice/TNG/tiff/2014/10/1329862402.tif here
cp /Volumes/SeagateBackupPlusDrive/1stChoice/TNG/tiff/2014/10/1329862402.tif /Volumes/SeagateBackupPlusDrive/1stChoice/TNG/tiffCurrent/SAC/
10/22/2014
/Volumes/SeagateBackupPlusDrive/1stChoice/TNG/tiff/2014/10/1329330302.tif here
cp /Volumes/SeagateBackupPlusDrive/1stChoice/TNG/tiff/2014/10/1329330302.tif /Volumes/SeagateBackupPlusDrive/1stChoice/TNG/tiffCurrent/SAC/
10/22/2014
/Volumes/SeagateBackupPlusDrive/1stChoice/TNG/tiff/2014/10/1329330303.tif here
cp /Volumes/SeagateBackupPlusDrive/1stChoice/TNG/tiff/2014/10/1329330303.tif /Volumes/SeagateBackupPlusDrive/1stChoice/TNG/tiffCurrent/null/
10/22/2014
Caught: java.io.FileNotFoundException: /Volumes/SeagateBackupPlusDrive/1stChoice/TNG/tiffCurrent/404/Indexes.txt (No such file or directory)
java.io.FileNotFoundException: /Volumes/SeagateBackupPlusDrive/1stChoice/TNG/tiffCurrent/404/Indexes.txt (No such file or directory)
	at tif_generation$_run_closure5.doCall(tif_generation.groovy:346)
	at tif_generation.run(tif_generation.groovy:311)
13
10/09/2014
1329666302
1329666202
1329666102
1329182102
1329666002
1329665902
1329665802
1329665702
1329181702
1329665602
1329668802
1329668702
1329668602
1329668502
1329184502
1329187503
1329672702
1329187603
1329672802
1329187703
1329187702
1329673102
1329188003
1329673202
1329673302
1329188203
1329673402
1329188303
1329188302
1329673602
1329188503
1329672202
1329673702
1329188603
1329188602
1329188703
1329188702
1329673902
1329188803
1329188802
1329674002
1329188902
1329674102
1329189003
1329189002
1329671102
1329671202
1329186603
1329186602
1329671302
1329186703
1329186702
1329672102
1329670702
1329670402
1329670902
1329670802
1329671602
1329187003
1329187002
1329671702
1329187103
1329187102
1329671802
1329187203
1329187202
1329671902
1329666802
1329666702
1329666602
1329666502
1329666402
1329688702
1329200502
1329200503
1329688802
1329200602
1329200603
1329689802
1329201602
1329201603
1329720102
1329228702
1329228703
1329689702
1329201502
1329201503
1329689602
1329201402
1329201403
1329688402
1329200202
1329200203
1329688502
1329200302
1329200303
1329690602
1329202402
1329202403
1329688902
1329200702
1329200703
1329689502
1329201302
1329201303
1329689902
1329201702
1329201703
1329690002
1329201802
1329201803
1329689302
1329201102
1329201103
1329689202
1329201002
1329201003
1329689102
1329200902
1329200903
1329688302
1329200102
1329200103
1329689002
1329200802
1329200803
1329720002
1329228602
1329228603
1329688202
1329200002
1329200003
1329203803
1329203903
1329204102
1329204203
1329204503
1329204403
1329204303
1329204003
1329204603
1329205103
1329205003
1329204703
1329204803
1329204903
1329187303
1329672502
1330003202
1329187403
1329187402
1329672602
1329188903
1311275007
1310722807
1311367607
1310730107
1311367507
1310730007
1892151003
1892151203
1892151703
1892151403
1892151803
1892151503
1892151603
1892151303
1892184312
1892184412
1892184612
1892184012
1892184134
0406438
1892184812
0406437
1892184912
1892185512
1892230412
1892230312
1892230212
1892230534
1892229912
1892229812
1892188612
1892189212
1312452207
1311873207
1312452107
1311873107
1312451907
1311872907
1312451707
1311872707
1312452007
1311873007
1312451507
1311872507
1312453107
1311874107
1312452807
1311873807
1312452507
1311873507
1312453207
1311874207
1312452907
1311873907
1312452307
1311873307
1312452707
1311873707
1312453307
1311874307
1312454007
1311875007
1312453607
1311874607
1312453707
1311874707
1312453507
1311874507
1312454207
1311875207
1312453407
1311874407
1312453807
1311874807
1312141707
1312758307
1329688102
1329199902
1329199903
1329690702
1329202502
1329202503
1329690802
1329202602
1329202603
1329690102
1329201902
1329201903
1329689402
1329201202
1329201203
1329690302
1329202102
1329202103
1889826133
1889825833
1329186503
1329671502
1329186903
1889899956
1889899856
1889899756
1889899656
1889899256
1889898856
1889898656
1889898356
1889928856
1889928256
1889927556
1889810711
1889811011
1889811211
1889811511
1889811811
1889812211
1891122350
1889824811
1329701902
1329212803
1329213102
1329213003
1329214203
1329701302
1329679602
1329194503
1329194502
1329194602
1329194802
1329194902
1329679802
1329194703
1329194702
1889825311
1312500307
1312500407
1311927807
1312500507
1311927407
1311928007
1312500007
1311927907
1311927507
1312499907
1150126203
1150012403
1150050003
1150165603
1150049503
1150165103
1312497607
1311925107
1312497107
1311924607
1312498607
1311926107
1312498007
1311925507
1312498107
1311925607
1312500107
1311927607
1312500207
1311927707
1150049303
1150164903
1150049703
1150165303
1150051003
1150166603
1150049403
1150165003
1150050703
1150166303
1150050603
1150166203
1150050803
1150166403
1150049903
1150165503
1150050903
1150166503
1150049603
1150165203
1150050503
1150166103
1150050403
1150166003
1150050303
1150165903
1150050203
1150165803
1893358614
1150050103
1150165703
1893358414
1150049103
1150164703
1150049203
1150164803
1150049003
1150164603
1311922307
1312494807
1312493007
1311920507
1311920807
1150049803
1150165403
1893358514
1312493407
1312493107
1312493307
1311921007
1311920707
1311921107
1312493607
1311920607
1312493207
1311920907
1312493507
1312495307
1311922607
1312494907
1311922407
1311922907
1312495707
1311922807
1311923207
1312495407
1312495107
1311924707
1311924207
1311924307
1312496707
1312497507
1312497207
1312496807
1311924007
1312497007
1311924407
1312496507
1311924107
1312496907
1311924907
1312497407
1312496607
1311925007
1311924507
1311926907
1311927007
1311926307
1311926407
1311926807
1311926507
1311927107
1311927307
1311927207
1312495207
1311922707
1311928307
1312500807
1312500607
1311928107
1889891957
1889891857
1889866057
1889891457
1889891357
1889891257
1889866257
1889891557
1889891657
1889867057
1889891757
1889892057
1889892257
1889892857
1889892157
1889866857
1889892357
1889892657
1889866457
1329223403
1329714802
1329223402
1329223503
1329714902
1329223502
1206451305
1206297705
1329224103
1329224102
1329224003
1329224002
1329715402
1329713502
1329222503
1329222502
1329713902
1329222902
1329222903
1206448605
1206295005
1206450505
1206296905
1329716902
1329225502
1329225503
1329715602
1329224202
1329224203
1329715702
1329224302
1329224303
1329715802
1329224402
1329224403
1329715902
1329224502
1329224503
1329716002
1329224602
1329224603
1329716102
1329224702
1329224703
1329716202
1329224802
1329224803
1329716302
1329224903
1329716402
1329225002
1329225003
1329716502
1329225102
1329225103
1329716602
1329225202
1329225203
1329716702
1329225302
1329225303
1329716802
1329225402
1329225403
1329717002
1329225602
1329225603
1329717102
1329225702
1329225703
1329717302
1329225902
1329225903
1329717202
1329225802
1329225803
1329717402
1329226002
1329226003
1206433805
1206280205
1206459405
1206305805
1329713602
1329222603
1329222602
1329717902
1329226502
1329226503
1329712602
1329221803
1329221802
1329712802
1329714202
1329223202
1329223203
1329222702
1329222703
1329713702
1329714002
1329223003
1330003702
1329223002
1150126503
1150012703
1329223103
1329714102
1329223102
1329222302
1329713302
1329222303
1329222802
1329222803
1206287805
1206284905
1329713802
1329226403
1329226402
1329717802
1329710802
1329220102
1329220103
1329710902
1329220202
1329220203
1329711002
1329220302
1329220303
1329711102
1329220402
1329220403
1329711302
1329220602
1329220603
1329711402
1329220702
1329220703
1329711502
1329220802
1329220803
1329711602
1329220902
1329220903
1329711702
1329221002
1329221003
1329711802
1329221102
1329221103
1329711902
1329221202
1329221203
1329712002
1329221302
1329221303
1329712102
1329221402
1329221403
1329712202
1329221502
1329221503
1329712302
1329221602
1329221603
1329710502
1329710702
1329710402
1329710302
1329710602
1206447105
1206293505
1206450405
1206296805
1329705602
1329215703
1329215702
1329705702
1329215803
1329215802
1329697102
1329208903
1329705402
1329705502
1329215603
1329215602
1329705202
1329705302
1329705802
1329215903
1329215902
1329705902
1329216003
1329216002
1329705002
1329706002
1329216103
1329216102
1329706102
1329216203
1329216202
1329706202
1329216303
1329216302
1329706302
1329216403
1329216402
1329705102
1206459005
1206305405
1206444705
1206291105
1329712902
1329221903
1329221902
1329226102
1329717502
1329226103
1889896257
1889896057
1889895857
1889895657
1889895357
1889888157
1889895257
1889895057
1889894757
1889894657
1889894357
1889894257
1889894157
1889894057
1889893957
1150019503
1150133303
1889883657
1889883357
1889882657
1889882557
1889882457
1889882357
1889882257
1889882157
1889883257
1889932357
1889883157
1889882857
1206444605
1206291005
1329220503
1329711202
1329220502
1150010903
1150126303
1150012503
1889876757
1889876657
1889876557
1889875557
1889876457
1889875457
1889875357
1889875257
1889875157
1889875057
1889904657
1889905457
1889905257
1889905057
1889904857
1889904457
1889904257
1889900657
1889868833
1206445205
1206548905
1206291605
1329718002
1329226602
1329226603
1206286205
1206439805
1206548105
1206444805
1206291205
1329222403
1329713402
1329222402
1329703502
1893388057
1893387957
1893388157
1150019403
1150133203
1329228102
1329719502
1329228103
1150013203
1150127003
1150019703
1150133503
1329714502
1889876057
1889875957
1889875857
1889875757
1889875657
1889876257
1889876157
1889873657
1889873557
1889873157
1889874057
1889874657
1889874557
1889874457
1889874357
1889874257
1889874157
1889873957
1889873857
1889873757
1889873457
1889873357
1889873257
1889903557
1889903457
1889903357
1889903257
1889903157
1889904057
1889903957
1889903857
1889903757
1889903657
1329706402
1329216503
1206444905
1206291305
1206433705
1206280105
1329198202
1329686402
1329198203
1206461005
1206307405
1889876357
1150130203
1150016403
1329702902
1150019603
1150133403
1329712502
1206445305
1206549005
1206291705
1329216502
1206446505
1206292905
1206446405
1206292805
1206447005
1206293405
1206446305
1206292705
1150017403
1150131203
1206444505
1206290905
1329686102
1329197902
1329197903
1206436205
1206282605
1206440705
1206287105
1329227703
1329227702
1329719102
1150127103
1150013303
1329198303
1329686502
1329198302
1329198502
1329198503
1329686702
1150019303
1150133103
1150126003
1150012203
1329703102
1206445405
1206291805
1206462605
1206309005
1329707102
1329217202
1329217203
1329219302
1329219303
1329709502
1329198403
1329686602
1329198402
1329198902
1329198903
1329687102
1329686802
1329198603
1329198602
1206436105
1206282505
1329707902
1329218003
1329218002
1329226703
1329718102
1329226702
1150017603
1150131403
1150127503
1150013703
1206445105
1206291505
1329715502
1329686902
1329198703
1329198702
1150017503
1150131303
1892355910
1206446605
1206293005
1206451005
1206297405
1329708502
1329218902
1329709102
1329218903
1329703302
1206291405
1206445005
1150131503
1150017703
1329216903
1311871907
1312450907
1206445605
1206292005
1892152103
1150013503
1150127303
1889826311
1150015003
1150128803
1892355810
1206550605
1206462705
1206309105
1329215103
1329704502
1329215102
1206311005
1206464605
1206293205
1206446805
1329706802
1329216902
1150017903
1150131703
1329703202
1329706902
1329219703
1329709902
1329219702
1329217002
1206445505
1206291905
1311871807
1312450807
1150017803
1150131603
1206294205
1206447805
1329217003
1206464705
1206311105
1329683902
1329228503
1329719902
1329228502
1206440805
1206287205
1206436005
1206282405
1329683302
1150013403
1150127203
1150126403
1150012603
1206435305
1206281705
1150015103
1150128903
1329706502
1329216602
1329714602
1206298105
1206549305
1329216603
1311871407
1312450407
1889826211
1206292605
1206446205
1329708602
1329226202
1329717602
1329226203
1329683202
1206462805
1206309205
1206451505
1206297905
1329719702
1329228303
1329228302
1206440905
1206287305
1150124203
1150010403
1150130703
1150016903
1206451605
1206298005
1329218303
1329708202
1329218302
1329683802
1329196302
1329196303
1206436305
1206282705
1329215203
1329704602
1206463005
1206309405
1329215202
1206437505
1206283905
1889825733
1889825633
1889825933
1150014903
1150128703
1329709402
1329219202
1329219203
1150013603
1150127403
1329223602
1150130803
1150017003
1329707402
1329217502
1329217503
1893342104
1150012803
1150126603
1206434705
1206547505
1206281105
1311871507
1312450507
1329687202
1329199002
1329199003
1206443405
1206289805
1893342004
1206464805
1206311205
1329708702
1329199303
1329199302
1329687502
1329687302
1329199102
1329199103
1206441005
1206287405
1150019203
1206435005
1206281405
1329227902
1329227903
1329719302
1893333204
1893333404
1893371810
1893342204
1892156103
1329198802
1329687002
1329198803
1206550205
1206459605
1206306005
1206459505
1206305905
1206458905
1206305305
1329683002
1329199502
1329199503
1329687702
1892356810
1206436505
1206282905
1150133003
1206434805
1206281205
1150018303
1150132103
1150025703
1150139503
1206293105
1206446705
1206441105
1206287505
1150139003
1150025203
1889825133
1150014003
1150127803
1329703602
1329219402
1329219403
1329709602
1329217603
1329707502
1329217602
1329214703
1329214702
1329198103
1329686302
1329198102
1329199202
1329687402
1329199203
1206547405
1206434005
1206280405
1150127603
1150013803
1311871207
1312450207
1893342304
1893351410
1150132503
1150018703
1206434305
1206280705
1312409407
1206460605
1206307005
1206443505
1206289905
1206548605
1206465005
1206311405
1206434105
1206280505
1329683402
1329226802
1329226803
1329718202
1329227302
1329227303
1329718702
1329707702
1329217802
1206454605
1206301005
1329217803
1329218802
1206305505
1311870607
1312449607
1206436705
1206283105
1150019103
1150132903
1329708402
1329218502
1329703402
1329214903
1206454305
1206300705
1329704302
1329218803
1329709002
1150126703
1150012903
1150013903
1150127703
1892356010
1892356210
1206463705
1206310105
1206293605
1206447205
1329214602
1329704102
1329214603
1206459105
1329218503
1150026103
1150139903
1206284005
1206437605
1329214902
1329704002
1206308405
1329709202
1329219003
1329219002
1150132603
1150018803
1150019003
1150132803
1206433905
1206280305
1206434205
1206280605
1206302305
1206455905
1206440505
1206286905
1312409507
1892360710
1892153903
1893342404
1893342504
1329196403
1329684002
1329196402
1889825011
1329687602
1329199402
1329199403
1206441205
1206287605
1892355010
1206443805
1206290205
1206463905
1206310305
1311872307
1312451307
1206461905
1206308305
1329704902
1329215503
1329215502
1311870807
1312449807
1206284505
1150026003
1150139803
1329714702
1150014103
1150127903
1206296305
1206449905
1206454505
1206300905
1206549805
1206462005
1329702802
1329220003
1329710202
1329220002
1206293905
1206447505
1889824533
1889824433
1892601210
1892601110
1893373203
1893358212
1893373003
1892360810
1892603610
1893352103
1893329003
1311870307
1312449307
1206436805
1206283205
1892154003
1329198002
1329198003
1329686202
1329199603
1329687802
1329199602
1150124703
1150126803
1150013003
1329196603
1206440605
1206287005
1329684502
1329680902
1329682502
1329682602
1329682202
1206438105
1206463805
1206310205
1206284105
1206437705
1206435805
1206282205
1206454405
1206300805
1329682702
1329195902
1329681902
1329195903
1312409607
1893352203
1893352303
1892355210
1892153803
1893329303
1892356310
1892156203
1892156003
1150128103
1150014303
1329708302
1329684402
1329684102
1329684202
1329218402
1329218403
1329685102
1329196902
1329196903
1206462105
1206308505
1206443905
1206290305
1206434405
1206280805
1206441305
1206287705
1329714402
1329683502
1893342704
1329684602
1329684302
1893357912
1892355510
1892355710
1892293604
1892270512
1892155903
1892356410
1329683602
1329684702
1329196503
1329196502
1329197002
1329197003
1329685202
1329682102
1329707002
1312449707
1329681802
1329217103
1329217102
1150126103
1150012303
1150014403
1150128203
1329196803
1329685002
1329196802
1206438505
1206547805
1206294005
1206447605
1329196003
1329682002
1329196002
1150018603
1150132403
1206464305
1206310705
1329681702
1329195802
1329195803
1311871007
1312450007
1150025303
1150139103
1206436905
1206283305
1311871307
1312450307
1311870707
1329713002
1329707202
1329222002
1329222003
1329195602
1329195603
1329681402
1329217303
1329217302
1893340504
1892359610
1893342804
1892154103
1330003302
1329195703
1329195702
1329681502
1206433305
1206279705
1206433605
1206280005
1150014503
1150128303
1329713202
1329222202
1329222203
1329713102
1329222102
1329222103
1312409707
1893342904
1893328903
1892356510
1893329103
1206441405
1206548205
1150132303
1150018503
1329683702
1150011003
1150124803
1206459305
1206305705
1329715202
1329709302
1329219103
1329681202
1329219102
1206434905
1206281305
1892280412
1892355110
1329219503
1329709702
1329219502
1329703002
1329682902
1893339404
1893343004
1892297004
1893333504
1893333304
1206550105
1206433405
1206279805
1150014603
1150128403
1206437805
1206284205
1150126903
1150013103
1329719202
1311870907
1312449907
1329227803
1329223302
1150025603
1150139403
1150018203
1150132003
1329223303
1329714302
1206435705
1206282105
1206444005
1206290405
1893339604
1893329203
1892355310
1893358312
1893343104
1893333604
1893339504
1892355610
1893338904
1892361510
1150014703
1150128503
1329715102
1329715302
1206435905
1206282305
1329707302
1893329503
1889821211
1312409807
1206294105
1206447705
1150132203
1150018403
1206441505
1206287905
1206437005
1206547705
1206283405
1329218703
1329218702
1329708902
1893329703
1893333704
1892356610
1893333804
1150018103
1150131903
1206441705
1206288105
1150014803
1150128603
1329703902
1329214503
1329214502
1329704202
1329214803
1329214802
1329704402
1329215003
1329215002
1329704702
1329215303
1329215302
1329704802
1329215403
1329215402
1329703702
1311870407
1312449407
1329214403
1329214402
1329703802
1329682802
1329217402
1329217403
1206281905
1206435505
1893338804
1892351810
1893339304
1893327203
1206435405
1206281805
1329683102
1150124603
1150010803
1892355410
1892295604
1892277812
1892351910
1893327503
1892296904
1892277612
1150025503
1150139303
1150018003
1150131803
1312409907
1206283805
1329719002
1206441605
1206288005
1206548305
1329216802
1889826011
1889825533
1206284305
1206437905
1329216803
1311870507
1312449507
1206436605
1206547605
1206283005
1893351510
1892356710
1893338704
1893335104
1892294904
1893327803
1892352010
1893339704
1893329603
1329706702
1206435605
1206282005
1206465105
1206311505
1150010703
1150124503
1150010603
1150124403
1311871107
1312450107
1206434505
1206280905
1206437405
1329227602
1329227603
1892297104
1892297604
1893335304
1329708002
1329218102
1206459905
1206306305
1329708802
1329218603
1329218602
1311871707
1312450707
1206288305
1892261635
1311872407
1312451407
1312450607
1311871607
1329218103
1206442105
1206288505
1206288705
1206442305
1206441905
1206436405
1206282805
1892362810
1892362910
1893352003
1893338604
1893373303
1892351610
1893329403
1892363110
1893373103
1893348510
1892263912
1893339804
1893335404
1312410007
1892119514
1329708102
1329218202
1892357010
1893338504
1893343404
1892290904
1893343504
1892297204
1893351710
1893328603
1892358110
1892359510
1893331804
1892278012
1329218203
1893335704
1893331704
1893331904
1892301004
1893328203
1893351610
1893338404
1893328503
1893340004
1893341004
1329216702
1311872107
1312451107
1311870207
1312449207
1206434605
1206281005
1329681602
1329680802
1329681002
1206292505
1206446105
1206283705
1206437305
1206550705
1206465205
1206311605
1889825433
1889825211
1329228202
1329719602
1329228203
1329227502
1329718902
1329227503
1329712402
1893335504
1893339904
1892352410
1150139603
1150025803
1329219603
1329219602
1329709802
1889824911
1329216703
1329712702
1329221703
1329221702
1893348710
1329706602
1206464405
1206310805
1206437105
1206283505
1892297904
1893348110
1892352610
1893358012
1893357812
1329719402
1329228003
1329228002
1892119714
1892277212
1893330803
1893340204
1206437205
1206283605
1329217902
1329707802
1329195503
1329681302
1329195502
1329217903
1893335904
1892278212
1893345110
1893336004
1329219902
1329219903
1329710102
1893352910
1329680602
1329682302
1329196102
1329196103
1329685402
1329197202
1329197203
1311872007
1312451007
1311872207
1312451207
1329197402
1329685602
1329197403
1206463605
1206310005
1312410207
1893348810
1893335804
1893343604
1892359710
1893332004
1893343704
1893351810
1892280212
1893338104
1893330603
1893332104
1329684902
1329196702
1329196703
1150124303
1150010503
1889824711
1889824633
1206442405
1206288805
1329219802
1329710002
1329219803
1329196602
1329684802
1329227103
1329718502
1329227102
1329685502
1329197303
1329197302
1312410107
1892119414
1329197502
1329197503
1329685702
1329197603
1329685802
1329197602
1889824333
1892297304
1893353210
1893341404
1893336104
1893327103
1329682402
1329196203
1329196202
1330003602
1892363610
1893338304
1892360610
1893332504
1893343804
1892353610
1892299504
1892363710
1893358112
1893335604
1329681102
1892291104
1893340304
1893328403
1893341204
1892360510
1893332204
1892351710
1893332404
1893332304
1206463305
1206309705
1329707602
1329217703
1329217702
1893327003
1893330103
1892276812
1893334304
1893332704
1892296104
1893336204
1893336304
1893345210
1893350110
1892297404
1892300304
1892353510
1893332604
1893338204
1893341104
1893353710
1893340104
1329197102
1329685302
1329197103
1893353510
1329197702
1329685902
1329197703
1329197803
1329197802
1329686002
1206442205
1206288605
1893349910
1893334804
1893336404
1893334604
1893332804
1893345310
1892292504
1893334904
1892296804
1893336504
1893335004
1893341604
1312412207
1312410307
1893345510
1892300004
1893340704
1893332904
1893345610
1893341504
1893340604
1892291704
1893344910
1893339004
1893333004
1892361610
1893349710
1893350410
1893333104
1893340804
1893339104
1893341904
1893339204
1893336704
1893349610
1893349510
1893340904
1893345710
1892353710
1893345910
1893341804
1893346010
1893349410
1893350610
1893349310
1893346110
1893349210
1893350810
1893351010
---0% --------20% --------40% --------60% --------80% -----/Volumes/SeagateBackupPlusDrive/1stChoice/TNG/tiff/2014/10/1329666302.tif here
cp /Volumes/SeagateBackupPlusDrive/1stChoice/TNG/tiff/2014/10/1329666302.tif /Volumes/SeagateBackupPlusDrive/1stChoice/TNG/tiffCurrent/SAC/
10/22/2014
/Volumes/SeagateBackupPlusDrive/1stChoice/TNG/tiff/2014/10/1329666202.tif here
cp /Volumes/SeagateBackupPlusDrive/1stChoice/TNG/tiff/2014/10/1329666202.tif /Volumes/SeagateBackupPlusDrive/1stChoice/TNG/tiffCurrent/SAC/
10/22/2014
/Volumes/SeagateBackupPlusDrive/1stChoice/TNG/tiff/2014/10/1329666102.tif here
cp /Volumes/SeagateBackupPlusDrive/1stChoice/TNG/tiff/2014/10/1329666102.tif /Volumes/SeagateBackupPlusDrive/1stChoice/TNG/tiffCurrent/SAC/
10/22/2014
/Volumes/SeagateBackupPlusDrive/1stChoice/TNG/tiff/2014/10/1329182102.tif here
cp /Volumes/SeagateBackupPlusDrive/1stChoice/TNG/tiff/2014/10/1329182102.tif /Volumes/SeagateBackupPlusDrive/1stChoice/TNG/tiffCurrent/SAC/
10/22/2014
/Volumes/SeagateBackupPlusDrive/1stChoice/TNG/tiff/2014/10/1329666002.tif here
cp /Volumes/SeagateBackupPlusDrive/1stChoice/TNG/tiff/2014/10/1329666002.tif /Volumes/SeagateBackupPlusDrive/1stChoice/TNG/tiffCurrent/SAC/
10/22/2014
/Volumes/SeagateBackupPlusDrive/1stChoice/TNG/tiff/2014/10/1329665902.tif here
cp /Volumes/SeagateBackupPlusDrive/1stChoice/TNG/tiff/2014/10/1329665902.tif /Volumes/SeagateBackupPlusDrive/1stChoice/TNG/tiffCurrent/SAC/
10/22/2014
/Volumes/SeagateBackupPlusDrive/1stChoice/TNG/tiff/2014/10/1329665802.tif here
cp /Volumes/SeagateBackupPlusDrive/1stChoice/TNG/tiff/2014/10/1329665802.tif /Volumes/SeagateBackupPlusDrive/1stChoice/TNG/tiffCurrent/SAC/
10/22/2014
/Volumes/SeagateBackupPlusDrive/1stChoice/TNG/tiff/2014/10/1329665702.tif here
cp /Volumes/SeagateBackupPlusDrive/1stChoice/TNG/tiff/2014/10/1329665702.tif /Volumes/SeagateBackupPlusDrive/1stChoice/TNG/tiffCurrent/SAC/
10/22/2014
/Volumes/SeagateBackupPlusDrive/1stChoice/TNG/tiff/2014/10/1329181702.tif here
cp /Volumes/SeagateBackupPlusDrive/1stChoice/TNG/tiff/2014/10/1329181702.tif /Volumes/SeagateBackupPlusDrive/1stChoice/TNG/tiffCurrent/SAC/
10/22/2014
/Volumes/SeagateBackupPlusDrive/1stChoice/TNG/tiff/2014/10/1329665602.tif here
cp /Volumes/SeagateBackupPlusDrive/1stChoice/TNG/tiff/2014/10/1329665602.tif /Volumes/SeagateBackupPlusDrive/1stChoice/TNG/tiffCurrent/SAC/
10/22/2014
/Volumes/SeagateBackupPlusDrive/1stChoice/TNG/tiff/2014/10/1329668802.tif here
cp /Volumes/SeagateBackupPlusDrive/1stChoice/TNG/tiff/2014/10/1329668802.tif /Volumes/SeagateBackupPlusDrive/1stChoice/TNG/tiffCurrent/SAC/
10/22/2014
/Volumes/SeagateBackupPlusDrive/1stChoice/TNG/tiff/2014/10/1329668702.tif here
cp /Volumes/SeagateBackupPlusDrive/1stChoice/TNG/tiff/2014/10/1329668702.tif /Volumes/SeagateBackupPlusDrive/1stChoice/TNG/tiffCurrent/SAC/
10/22/2014
/Volumes/SeagateBackupPlusDrive/1stChoice/TNG/tiff/2014/10/1329668602.tif here
cp /Volumes/SeagateBackupPlusDrive/1stChoice/TNG/tiff/2014/10/1329668602.tif /Volumes/SeagateBackupPlusDrive/1stChoice/TNG/tiffCurrent/SAC/
10/22/2014
/Volumes/SeagateBackupPlusDrive/1stChoice/TNG/tiff/2014/10/1329668502.tif here
cp /Volumes/SeagateBackupPlusDrive/1stChoice/TNG/tiff/2014/10/1329668502.tif /Volumes/SeagateBackupPlusDrive/1stChoice/TNG/tiffCurrent/SAC/
10/22/2014
/Volumes/SeagateBackupPlusDrive/1stChoice/TNG/tiff/2014/10/1329184502.tif here
cp /Volumes/SeagateBackupPlusDrive/1stChoice/TNG/tiff/2014/10/1329184502.tif /Volumes/SeagateBackupPlusDrive/1stChoice/TNG/tiffCurrent/SAC/
10/22/2014
/Volumes/SeagateBackupPlusDrive/1stChoice/TNG/tiff/2014/10/1329187503.tif here
cp /Volumes/SeagateBackupPlusDrive/1stChoice/TNG/tiff/2014/10/1329187503.tif /Volumes/SeagateBackupPlusDrive/1stChoice/TNG/tiffCurrent/SAC/
10/22/2014
/Volumes/SeagateBackupPlusDrive/1stChoice/TNG/tiff/2014/10/1329672702.tif here
cp /Volumes/SeagateBackupPlusDrive/1stChoice/TNG/tiff/2014/10/1329672702.tif /Volumes/SeagateBackupPlusDrive/1stChoice/TNG/tiffCurrent/SAC/
10/22/2014
/Volumes/SeagateBackupPlusDrive/1stChoice/TNG/tiff/2014/10/1329187603.tif here
cp /Volumes/SeagateBackupPlusDrive/1stChoice/TNG/tiff/2014/10/1329187603.tif /Volumes/SeagateBackupPlusDrive/1stChoice/TNG/tiffCurrent/SAC/
10/22/2014
/Volumes/SeagateBackupPlusDrive/1stChoice/TNG/tiff/2014/10/1329672802.tif here
cp /Volumes/SeagateBackupPlusDrive/1stChoice/TNG/tiff/2014/10/1329672802.tif /Volumes/SeagateBackupPlusDrive/1stChoice/TNG/tiffCurrent/SAC/
10/22/2014
/Volumes/SeagateBackupPlusDrive/1stChoice/TNG/tiff/2014/10/1329187703.tif here
cp /Volumes/SeagateBackupPlusDrive/1stChoice/TNG/tiff/2014/10/1329187703.tif /Volumes/SeagateBackupPlusDrive/1stChoice/TNG/tiffCurrent/SAC/
10/22/2014
/Volumes/SeagateBackupPlusDrive/1stChoice/TNG/tiff/2014/10/1329187702.tif here
cp /Volumes/SeagateBackupPlusDrive/1stChoice/TNG/tiff/2014/10/1329187702.tif /Volumes/SeagateBackupPlusDrive/1stChoice/TNG/tiffCurrent/null/
10/22/2014
Caught: java.io.FileNotFoundException: /Volumes/SeagateBackupPlusDrive/1stChoice/TNG/tiffCurrent/404/Indexes.txt (No such file or directory)
java.io.FileNotFoundException: /Volumes/SeagateBackupPlusDrive/1stChoice/TNG/tiffCurrent/404/Indexes.txt (No such file or directory)
	at tif_generation$_run_closure5.doCall(tif_generation.groovy:346)
	at tif_generation.run(tif_generation.groovy:311)
14
10/08/2014
1889820411
Caught: java.lang.NullPointerException
java.lang.NullPointerException
	at org.xhtmlrenderer.layout.SharedContext.<init>(SharedContext.java:110)
	at org.xhtmlrenderer.pdf.ITextRenderer.<init>(ITextRenderer.java:111)
	at org.xhtmlrenderer.pdf.ITextRenderer.<init>(ITextRenderer.java:102)
	at tif_generation$_run_closure2.doCall(tif_generation.groovy:204)
	at tif_generation.run(tif_generation.groovy:179)
15
10/07/2014
1889807411
Caught: java.lang.NullPointerException
java.lang.NullPointerException
	at org.xhtmlrenderer.layout.SharedContext.<init>(SharedContext.java:110)
	at org.xhtmlrenderer.pdf.ITextRenderer.<init>(ITextRenderer.java:111)
	at org.xhtmlrenderer.pdf.ITextRenderer.<init>(ITextRenderer.java:102)
	at tif_generation$_run_closure2.doCall(tif_generation.groovy:204)
	at tif_generation.run(tif_generation.groovy:179)
16
10/06/2014
1311317807
Caught: java.lang.NullPointerException
java.lang.NullPointerException
	at org.xhtmlrenderer.layout.SharedContext.<init>(SharedContext.java:110)
	at org.xhtmlrenderer.pdf.ITextRenderer.<init>(ITextRenderer.java:111)
	at org.xhtmlrenderer.pdf.ITextRenderer.<init>(ITextRenderer.java:102)
	at tif_generation$_run_closure2.doCall(tif_generation.groovy:204)
	at tif_generation.run(tif_generation.groovy:179)
17
10/05/2014
1149726003
Caught: java.lang.NullPointerException
java.lang.NullPointerException
	at org.xhtmlrenderer.layout.SharedContext.<init>(SharedContext.java:110)
	at org.xhtmlrenderer.pdf.ITextRenderer.<init>(ITextRenderer.java:111)
	at org.xhtmlrenderer.pdf.ITextRenderer.<init>(ITextRenderer.java:102)
	at tif_generation$_run_closure2.doCall(tif_generation.groovy:204)
	at tif_generation.run(tif_generation.groovy:179)
18
10/04/2014
1311504107
Caught: java.lang.NullPointerException
java.lang.NullPointerException
	at org.xhtmlrenderer.layout.SharedContext.<init>(SharedContext.java:110)
	at org.xhtmlrenderer.pdf.ITextRenderer.<init>(ITextRenderer.java:111)
	at org.xhtmlrenderer.pdf.ITextRenderer.<init>(ITextRenderer.java:102)
	at tif_generation$_run_closure2.doCall(tif_generation.groovy:204)
	at tif_generation.run(tif_generation.groovy:179)
19
10/03/2014
error error error errorconvert: improper image header `/Volumes/SeagateBackupPlusDrive/1stChoice/eek.datatrac.com/palm/1014/DELVR201410031200380018202.bmp' @ error/bmp.c/ReadBMPImage/608.
convert: no images defined `bmp/DELVR201410031200380018202.jpg' @ error/convert.c/ConvertImageCommand/3161.

error
error error error errorconvert: improper image header `/Volumes/SeagateBackupPlusDrive/1stChoice/eek.datatrac.com/palm/1014/DELVR201410031200380018202.bmp' @ error/bmp.c/ReadBMPImage/608.
convert: no images defined `bmp/DELVR201410031200380018202.jpg' @ error/convert.c/ConvertImageCommand/3161.

error
1889908856
Caught: java.lang.NullPointerException
java.lang.NullPointerException
	at org.xhtmlrenderer.layout.SharedContext.<init>(SharedContext.java:110)
	at org.xhtmlrenderer.pdf.ITextRenderer.<init>(ITextRenderer.java:111)
	at org.xhtmlrenderer.pdf.ITextRenderer.<init>(ITextRenderer.java:102)
	at tif_generation$_run_closure2.doCall(tif_generation.groovy:204)
	at tif_generation.run(tif_generation.groovy:179)
