7
07/07/2014
Caught: org.postgresql.util.PSQLException: FATAL: password authentication failed for user "postgres"
org.postgresql.util.PSQLException: FATAL: password authentication failed for user "postgres"
	at org.postgresql.core.v3.ConnectionFactoryImpl.doAuthentication(ConnectionFactoryImpl.java:275)
	at org.postgresql.core.v3.ConnectionFactoryImpl.openConnectionImpl(ConnectionFactoryImpl.java:94)
	at org.postgresql.core.ConnectionFactory.openConnection(ConnectionFactory.java:66)
	at org.postgresql.jdbc2.AbstractJdbc2Connection.<init>(AbstractJdbc2Connection.java:125)
	at org.postgresql.jdbc3.AbstractJdbc3Connection.<init>(AbstractJdbc3Connection.java:30)
	at org.postgresql.jdbc3.Jdbc3Connection.<init>(Jdbc3Connection.java:24)
	at org.postgresql.Driver.makeConnection(Driver.java:382)
	at org.postgresql.Driver.connect(Driver.java:260)
	at tif_generation_MarkIII.run(tif_generation_MarkIII.groovy:107)
8
07/06/2014
Caught: org.postgresql.util.PSQLException: FATAL: password authentication failed for user "postgres"
org.postgresql.util.PSQLException: FATAL: password authentication failed for user "postgres"
	at org.postgresql.core.v3.ConnectionFactoryImpl.doAuthentication(ConnectionFactoryImpl.java:275)
	at org.postgresql.core.v3.ConnectionFactoryImpl.openConnectionImpl(ConnectionFactoryImpl.java:94)
	at org.postgresql.core.ConnectionFactory.openConnection(ConnectionFactory.java:66)
	at org.postgresql.jdbc2.AbstractJdbc2Connection.<init>(AbstractJdbc2Connection.java:125)
	at org.postgresql.jdbc3.AbstractJdbc3Connection.<init>(AbstractJdbc3Connection.java:30)
	at org.postgresql.jdbc3.Jdbc3Connection.<init>(Jdbc3Connection.java:24)
	at org.postgresql.Driver.makeConnection(Driver.java:382)
	at org.postgresql.Driver.connect(Driver.java:260)
	at tif_generation_MarkIII.run(tif_generation_MarkIII.groovy:107)
9
07/05/2014
Caught: org.postgresql.util.PSQLException: FATAL: password authentication failed for user "postgres"
org.postgresql.util.PSQLException: FATAL: password authentication failed for user "postgres"
	at org.postgresql.core.v3.ConnectionFactoryImpl.doAuthentication(ConnectionFactoryImpl.java:275)
	at org.postgresql.core.v3.ConnectionFactoryImpl.openConnectionImpl(ConnectionFactoryImpl.java:94)
	at org.postgresql.core.ConnectionFactory.openConnection(ConnectionFactory.java:66)
	at org.postgresql.jdbc2.AbstractJdbc2Connection.<init>(AbstractJdbc2Connection.java:125)
	at org.postgresql.jdbc3.AbstractJdbc3Connection.<init>(AbstractJdbc3Connection.java:30)
	at org.postgresql.jdbc3.Jdbc3Connection.<init>(Jdbc3Connection.java:24)
	at org.postgresql.Driver.makeConnection(Driver.java:382)
	at org.postgresql.Driver.connect(Driver.java:260)
	at tif_generation_MarkIII.run(tif_generation_MarkIII.groovy:107)
10
07/04/2014
Caught: org.postgresql.util.PSQLException: FATAL: password authentication failed for user "postgres"
org.postgresql.util.PSQLException: FATAL: password authentication failed for user "postgres"
	at org.postgresql.core.v3.ConnectionFactoryImpl.doAuthentication(ConnectionFactoryImpl.java:275)
	at org.postgresql.core.v3.ConnectionFactoryImpl.openConnectionImpl(ConnectionFactoryImpl.java:94)
	at org.postgresql.core.ConnectionFactory.openConnection(ConnectionFactory.java:66)
	at org.postgresql.jdbc2.AbstractJdbc2Connection.<init>(AbstractJdbc2Connection.java:125)
	at org.postgresql.jdbc3.AbstractJdbc3Connection.<init>(AbstractJdbc3Connection.java:30)
	at org.postgresql.jdbc3.Jdbc3Connection.<init>(Jdbc3Connection.java:24)
	at org.postgresql.Driver.makeConnection(Driver.java:382)
	at org.postgresql.Driver.connect(Driver.java:260)
	at tif_generation_MarkIII.run(tif_generation_MarkIII.groovy:107)
11
07/03/2014
Caught: org.postgresql.util.PSQLException: FATAL: password authentication failed for user "postgres"
org.postgresql.util.PSQLException: FATAL: password authentication failed for user "postgres"
	at org.postgresql.core.v3.ConnectionFactoryImpl.doAuthentication(ConnectionFactoryImpl.java:275)
	at org.postgresql.core.v3.ConnectionFactoryImpl.openConnectionImpl(ConnectionFactoryImpl.java:94)
	at org.postgresql.core.ConnectionFactory.openConnection(ConnectionFactory.java:66)
	at org.postgresql.jdbc2.AbstractJdbc2Connection.<init>(AbstractJdbc2Connection.java:125)
	at org.postgresql.jdbc3.AbstractJdbc3Connection.<init>(AbstractJdbc3Connection.java:30)
	at org.postgresql.jdbc3.Jdbc3Connection.<init>(Jdbc3Connection.java:24)
	at org.postgresql.Driver.makeConnection(Driver.java:382)
	at org.postgresql.Driver.connect(Driver.java:260)
	at tif_generation_MarkIII.run(tif_generation_MarkIII.groovy:107)
12
07/02/2014
Caught: org.postgresql.util.PSQLException: FATAL: password authentication failed for user "postgres"
org.postgresql.util.PSQLException: FATAL: password authentication failed for user "postgres"
	at org.postgresql.core.v3.ConnectionFactoryImpl.doAuthentication(ConnectionFactoryImpl.java:275)
	at org.postgresql.core.v3.ConnectionFactoryImpl.openConnectionImpl(ConnectionFactoryImpl.java:94)
	at org.postgresql.core.ConnectionFactory.openConnection(ConnectionFactory.java:66)
	at org.postgresql.jdbc2.AbstractJdbc2Connection.<init>(AbstractJdbc2Connection.java:125)
	at org.postgresql.jdbc3.AbstractJdbc3Connection.<init>(AbstractJdbc3Connection.java:30)
	at org.postgresql.jdbc3.Jdbc3Connection.<init>(Jdbc3Connection.java:24)
	at org.postgresql.Driver.makeConnection(Driver.java:382)
	at org.postgresql.Driver.connect(Driver.java:260)
	at tif_generation_MarkIII.run(tif_generation_MarkIII.groovy:107)
13
07/01/2014
Caught: org.postgresql.util.PSQLException: FATAL: password authentication failed for user "postgres"
org.postgresql.util.PSQLException: FATAL: password authentication failed for user "postgres"
	at org.postgresql.core.v3.ConnectionFactoryImpl.doAuthentication(ConnectionFactoryImpl.java:275)
	at org.postgresql.core.v3.ConnectionFactoryImpl.openConnectionImpl(ConnectionFactoryImpl.java:94)
	at org.postgresql.core.ConnectionFactory.openConnection(ConnectionFactory.java:66)
	at org.postgresql.jdbc2.AbstractJdbc2Connection.<init>(AbstractJdbc2Connection.java:125)
	at org.postgresql.jdbc3.AbstractJdbc3Connection.<init>(AbstractJdbc3Connection.java:30)
	at org.postgresql.jdbc3.Jdbc3Connection.<init>(Jdbc3Connection.java:24)
	at org.postgresql.Driver.makeConnection(Driver.java:382)
	at org.postgresql.Driver.connect(Driver.java:260)
	at tif_generation_MarkIII.run(tif_generation_MarkIII.groovy:107)
