3304121503
3304121603
3304121703
3304122203
3304122403
3304123103
3304123203
3304123403
3304142012
1308835402
1308835602
1308835702
1308835802
1308835902
1308836002
1308836102
1308836302
1308836602
1308891902
1853741403
1853825112
1854004803
1854485403
1854485603
1854485803
1854485903
1854486003
1854486103
1854486303
1854486703
1854487003
1854488603
1854520903
1854521103
3304120303
3304120403
3304120503
3304120603
3304120703
3304120803
3304120903
3304121003
3304121103
3304121203
3304121403
---0% --------20% --------40% --------60% --------80% -----cp tiffMan/2014/05/3304121503.tif tiffCurrentMan/ATL/
06/02/2014
cp tiffMan/2014/05/3304121603.tif tiffCurrentMan/ATL/
06/02/2014
cp tiffMan/2014/05/3304121703.tif tiffCurrentMan/ATL/
06/02/2014
cp tiffMan/2014/05/3304122203.tif tiffCurrentMan/ATL/
06/02/2014
cp tiffMan/2014/05/3304122403.tif tiffCurrentMan/ATL/
06/02/2014
cp tiffMan/2014/05/3304123103.tif tiffCurrentMan/ATL/
06/02/2014
cp tiffMan/2014/05/3304123203.tif tiffCurrentMan/ATL/
06/02/2014
cp tiffMan/2014/05/3304123403.tif tiffCurrentMan/ATL/
06/02/2014
cp tiffMan/2014/05/3304142012.tif tiffCurrentMan/ATL/
06/02/2014
cp tiffMan/2014/05/1308835402.tif tiffCurrentMan/SAC/
06/02/2014
cp tiffMan/2014/05/1308835602.tif tiffCurrentMan/SAC/
06/02/2014
cp tiffMan/2014/05/1308835702.tif tiffCurrentMan/SAC/
06/02/2014
cp tiffMan/2014/05/1308835802.tif tiffCurrentMan/SAC/
06/02/2014
cp tiffMan/2014/05/1308835902.tif tiffCurrentMan/SAC/
06/02/2014
cp tiffMan/2014/05/1308836002.tif tiffCurrentMan/SAC/
06/02/2014
cp tiffMan/2014/05/1308836102.tif tiffCurrentMan/SAC/
06/02/2014
cp tiffMan/2014/05/1308836302.tif tiffCurrentMan/SAC/
06/02/2014
cp tiffMan/2014/05/1308836602.tif tiffCurrentMan/SAC/
06/02/2014
cp tiffMan/2014/05/1308891902.tif tiffCurrentMan/SAC/
06/02/2014
cp tiffMan/2014/05/1853741403.tif tiffCurrentMan/ATL/
06/02/2014
cp tiffMan/2014/05/1853825112.tif tiffCurrentMan/ATL/
06/02/2014
cp tiffMan/2014/05/1854004803.tif tiffCurrentMan/ATL/
06/02/2014
cp tiffMan/2014/05/1854485403.tif tiffCurrentMan/ATL/
06/02/2014
cp tiffMan/2014/05/1854485603.tif tiffCurrentMan/ATL/
06/02/2014
cp tiffMan/2014/05/1854485803.tif tiffCurrentMan/ATL/
06/02/2014
cp tiffMan/2014/05/1854485903.tif tiffCurrentMan/ATL/
06/02/2014
cp tiffMan/2014/05/1854486003.tif tiffCurrentMan/ATL/
06/02/2014
cp tiffMan/2014/05/1854486103.tif tiffCurrentMan/ATL/
06/02/2014
cp tiffMan/2014/05/1854486303.tif tiffCurrentMan/ATL/
06/02/2014
cp tiffMan/2014/05/1854486703.tif tiffCurrentMan/ATL/
06/02/2014
cp tiffMan/2014/05/1854487003.tif tiffCurrentMan/ATL/
06/02/2014
cp tiffMan/2014/05/1854488603.tif tiffCurrentMan/ATL/
06/02/2014
cp tiffMan/2014/05/1854520903.tif tiffCurrentMan/ATL/
06/02/2014
cp tiffMan/2014/05/1854521103.tif tiffCurrentMan/ATL/
06/02/2014
cp tiffMan/2014/05/3304120303.tif tiffCurrentMan/ATL/
06/02/2014
cp tiffMan/2014/05/3304120403.tif tiffCurrentMan/ATL/
06/02/2014
cp tiffMan/2014/05/3304120503.tif tiffCurrentMan/ATL/
06/02/2014
cp tiffMan/2014/05/3304120603.tif tiffCurrentMan/ATL/
06/02/2014
cp tiffMan/2014/05/3304120703.tif tiffCurrentMan/ATL/
06/02/2014
cp tiffMan/2014/05/3304120803.tif tiffCurrentMan/ATL/
06/02/2014
cp tiffMan/2014/05/3304120903.tif tiffCurrentMan/ATL/
06/02/2014
