105
07/30/2014
106
07/29/2014
107
07/28/2014
---0%------20%------40%------60%------80%------100%---108
07/27/2014
109
07/26/2014
110
07/25/2014
111
07/24/2014
112
07/23/2014
113
07/22/2014
114
07/21/2014
115
07/20/2014
116
07/19/2014
117
07/18/2014
118
07/17/2014
119
07/16/2014
120
07/15/2014
121
07/14/2014




Caught: java.io.FileNotFoundException: pdf/bad/1295612107.pdf (No such file or directory)
java.io.FileNotFoundException: pdf/bad/1295612107.pdf (No such file or directory)
	at tif_generation_MarkIII$_run_closure2.doCall(tif_generation_MarkIII.groovy:217)
	at tif_generation_MarkIII.run(tif_generation_MarkIII.groovy:194)
122
07/13/2014
123
07/12/2014
124
07/11/2014
125
07/10/2014
126
07/09/2014
127
07/08/2014
128
07/07/2014
129
07/06/2014
130
07/05/2014
131
07/04/2014
132
07/03/2014
133
07/02/2014
134
07/01/2014
135
06/30/2014
136
06/29/2014
137
06/28/2014
138
06/27/2014
139
06/26/2014
140
06/25/2014
141
06/24/2014
142
06/23/2014
143
06/22/2014
144
06/21/2014
145
06/20/2014
146
06/19/2014
147
06/18/2014
148
06/17/2014
149
06/16/2014
150
06/15/2014
151
06/14/2014
152
06/13/2014
153
06/12/2014
154
06/11/2014
155
06/10/2014
156
06/09/2014
157
06/08/2014
158
06/07/2014
159
06/06/2014
160
06/05/2014
161
06/04/2014
162
06/03/2014
163
06/02/2014
164
06/01/2014
165
05/31/2014
60
09/13/2014
61
09/12/2014
---0%------20%------40%------60%------80%------100%---62
09/11/2014
63
09/10/2014
64
09/09/2014
65
09/08/2014
66
09/07/2014
67
09/06/2014
68
09/05/2014


















































































































































































































































































































































Caught: java.io.FileNotFoundException: pdf/bad/1148865703.pdf (No such file or directory)
java.io.FileNotFoundException: pdf/bad/1148865703.pdf (No such file or directory)
	at tif_generation_MarkIII$_run_closure2.doCall(tif_generation_MarkIII.groovy:217)
	at tif_generation_MarkIII.run(tif_generation_MarkIII.groovy:194)
69
09/04/2014






















































































































































Caught: java.io.FileNotFoundException: pdf/bad/1148714403.pdf (No such file or directory)
java.io.FileNotFoundException: pdf/bad/1148714403.pdf (No such file or directory)
	at tif_generation_MarkIII$_run_closure2.doCall(tif_generation_MarkIII.groovy:217)
	at tif_generation_MarkIII.run(tif_generation_MarkIII.groovy:194)
70
09/03/2014
71
09/02/2014
72
09/01/2014


























































































































































































































































































































































































































Caught: java.io.FileNotFoundException: pdf/bad/1148523003.pdf (No such file or directory)
java.io.FileNotFoundException: pdf/bad/1148523003.pdf (No such file or directory)
	at tif_generation_MarkIII$_run_closure2.doCall(tif_generation_MarkIII.groovy:217)
	at tif_generation_MarkIII.run(tif_generation_MarkIII.groovy:194)
73
08/31/2014
74
08/30/2014
75
08/29/2014



















































































































































































































































































































































































































































Caught: java.io.FileNotFoundException: pdf/bad/1204360605.pdf (No such file or directory)
java.io.FileNotFoundException: pdf/bad/1204360605.pdf (No such file or directory)
	at tif_generation_MarkIII$_run_closure2.doCall(tif_generation_MarkIII.groovy:217)
	at tif_generation_MarkIII.run(tif_generation_MarkIII.groovy:194)
76
08/28/2014




























































































































































































































































































































































































































































































































Caught: java.io.FileNotFoundException: pdf/bad/1204493205.pdf (No such file or directory)
java.io.FileNotFoundException: pdf/bad/1204493205.pdf (No such file or directory)
	at tif_generation_MarkIII$_run_closure2.doCall(tif_generation_MarkIII.groovy:217)
	at tif_generation_MarkIII.run(tif_generation_MarkIII.groovy:194)
77
08/27/2014
78
08/26/2014













































































































































Caught: java.io.FileNotFoundException: pdf/bad/1203966705.pdf (No such file or directory)
java.io.FileNotFoundException: pdf/bad/1203966705.pdf (No such file or directory)
	at tif_generation_MarkIII$_run_closure2.doCall(tif_generation_MarkIII.groovy:217)
	at tif_generation_MarkIII.run(tif_generation_MarkIII.groovy:194)
79
08/25/2014
















































































































































































































Caught: java.io.FileNotFoundException: pdf/bad/1148073503.pdf (No such file or directory)
java.io.FileNotFoundException: pdf/bad/1148073503.pdf (No such file or directory)
	at tif_generation_MarkIII$_run_closure2.doCall(tif_generation_MarkIII.groovy:217)
	at tif_generation_MarkIII.run(tif_generation_MarkIII.groovy:194)
80
08/24/2014
81
08/23/2014
82
08/22/2014




















































































































































































































































































































Caught: java.io.FileNotFoundException: pdf/bad/1148273803.pdf (No such file or directory)
java.io.FileNotFoundException: pdf/bad/1148273803.pdf (No such file or directory)
	at tif_generation_MarkIII$_run_closure2.doCall(tif_generation_MarkIII.groovy:217)
	at tif_generation_MarkIII.run(tif_generation_MarkIII.groovy:194)
83
08/21/2014































































































































































































































































































































































































































Caught: java.io.FileNotFoundException: pdf/bad/1148238903.pdf (No such file or directory)
java.io.FileNotFoundException: pdf/bad/1148238903.pdf (No such file or directory)
	at tif_generation_MarkIII$_run_closure2.doCall(tif_generation_MarkIII.groovy:217)
	at tif_generation_MarkIII.run(tif_generation_MarkIII.groovy:194)
84
08/20/2014
85
08/19/2014

















































Caught: java.io.FileNotFoundException: pdf/bad/1203570805.pdf (No such file or directory)
java.io.FileNotFoundException: pdf/bad/1203570805.pdf (No such file or directory)
	at tif_generation_MarkIII$_run_closure2.doCall(tif_generation_MarkIII.groovy:217)
	at tif_generation_MarkIII.run(tif_generation_MarkIII.groovy:194)
86
08/18/2014






















































Caught: java.io.FileNotFoundException: pdf/bad/1203546705.pdf (No such file or directory)
java.io.FileNotFoundException: pdf/bad/1203546705.pdf (No such file or directory)
	at tif_generation_MarkIII$_run_closure2.doCall(tif_generation_MarkIII.groovy:217)
	at tif_generation_MarkIII.run(tif_generation_MarkIII.groovy:194)
87
08/17/2014
88
08/16/2014
89
08/15/2014




























































































































































Caught: java.io.FileNotFoundException: pdf/bad/1147882903.pdf (No such file or directory)
java.io.FileNotFoundException: pdf/bad/1147882903.pdf (No such file or directory)
	at tif_generation_MarkIII$_run_closure2.doCall(tif_generation_MarkIII.groovy:217)
	at tif_generation_MarkIII.run(tif_generation_MarkIII.groovy:194)
90
08/14/2014




































































































































































































































































































































































































































































Caught: java.io.FileNotFoundException: pdf/bad/1203442905.pdf (No such file or directory)
java.io.FileNotFoundException: pdf/bad/1203442905.pdf (No such file or directory)
	at tif_generation_MarkIII$_run_closure2.doCall(tif_generation_MarkIII.groovy:217)
	at tif_generation_MarkIII.run(tif_generation_MarkIII.groovy:194)
91
08/13/2014
92
08/12/2014
93
08/11/2014




Caught: java.io.FileNotFoundException: pdf/bad/1301089907.pdf (No such file or directory)
java.io.FileNotFoundException: pdf/bad/1301089907.pdf (No such file or directory)
	at tif_generation_MarkIII$_run_closure2.doCall(tif_generation_MarkIII.groovy:217)
	at tif_generation_MarkIII.run(tif_generation_MarkIII.groovy:194)
94
08/10/2014
95
08/09/2014
96
08/08/2014


Caught: java.io.FileNotFoundException: pdf/bad/1301060307.pdf (No such file or directory)
java.io.FileNotFoundException: pdf/bad/1301060307.pdf (No such file or directory)
	at tif_generation_MarkIII$_run_closure2.doCall(tif_generation_MarkIII.groovy:217)
	at tif_generation_MarkIII.run(tif_generation_MarkIII.groovy:194)
97
08/07/2014
98
08/06/2014
99
08/05/2014
100
08/04/2014
101
08/03/2014
102
08/02/2014
103
08/01/2014



Caught: java.io.FileNotFoundException: pdf/bad/1300836607.pdf (No such file or directory)
java.io.FileNotFoundException: pdf/bad/1300836607.pdf (No such file or directory)
	at tif_generation_MarkIII$_run_closure2.doCall(tif_generation_MarkIII.groovy:217)
	at tif_generation_MarkIII.run(tif_generation_MarkIII.groovy:194)
104
07/31/2014
105
07/30/2014
