9
10/24/2014
1896551533
1896551733
1896552033
1896549433
1896551833
1896552133
1896552233
1896549533
1332270702
1331722203
1332269602
1331721103
1332269702
1331721203
1332269802
1331721303
1332269902
1331721403
1332270302
1331721803
1332270402
1331721903
1332270502
1331722003
1332270602
1331722103
1332270002
1331721503
1332270102
1331721603
1332270202
1331721703
1332269102
1331720603
1332269202
1332269302
1331720803
1332269002
1331720503
1332268902
1331720403
1331720303
1332269402
1331720903
1332269502
1331721003
1896549633
1896549733
1896549833
1314831607
1314361807
1314831507
1314361707
1314832407
1314362607
1332252602
1331704303
1332252702
1331704403
1332253102
1331704803
1332253202
1331704903
1332253302
1331705003
1332253602
1331705303
1332253502
1331705203
1332253702
1331705403
1332253402
1331705103
1332253802
1331705503
1332253902
1331705603
1332252802
1331704503
1332252902
1331704603
1331704703
1331702103
1332250502
1331702403
1331702503
1331702603
1331702903
1331702803
1331702703
1331705803
1331705703
1331706803
1331706603
1331706503
1331706403
1331706303
1331707803
1331707703
1331707603
1331707403
1331705903
1331706203
1331706703
1331706003
1331706103
1331707503
1331708003
1331708103
1331707903
1332255502
1331707203
1332255402
1331707103
1331707303
1331707003
1332255202
1332259102
1331710603
1332260502
1331712003
1332260402
1331711903
1332260302
1331711803
1332260202
1331711703
1332260102
1331711603
1332260002
1331711503
1332259802
1331711303
1332259702
1331711203
1332259602
1331711103
1332259502
1331711003
1332259402
1331710903
1332259302
1331710803
1332259202
1331710703
1332259002
1331710503
1332258902
1331710403
1332258802
1331710303
1332258702
1331710203
1332258602
1331710103
1207105705
1206944705
1207105805
1206944805
1207114405
1206953405
1207106105
1206945105
1207106505
1206945505
1332052402
1331550203
1332042502
1331543403
1332060602
1331558403
1332042402
1331543303
1332060702
1331558503
1332042302
1331543203
1332042702
1331543603
1332060902
1331558703
1332042802
1331543703
1332061002
1331558803
1331544103
1332043402
1331544303
1332043302
1331544203
1332061102
1331558903
1332061502
1331559303
1332043102
1332061402
1331559203
1332043602
1331544503
1332252202
1331703903
1332252502
1331704203
1332273702
1332272902
1331723503
1332273002
1331723603
1332273102
1331723703
1332273202
1331723803
1896393056
1332245002
1331696703
1332243502
1331695203
1332243602
1331695303
1332243702
1331695403
1332243902
1331695603
1332244202
1331695903
1332244502
1331696203
1332244602
1331696303
1332244702
1331696403
1332244802
1331696503
1332244902
1331696603
1332245102
1331696803
1332245202
1331696903
1332245302
1331697003
1332245402
1331697103
1332245502
1331697203
1896398156
1896398856
1896397956
1332273302
1331723903
1332273402
1331724003
1332273502
1331724103
1332273602
1331724203
1332273802
1331724403
1332273902
1331724503
1332272702
1332272802
1332274002
1331724603
1332274102
1331724703
1332274202
1331724803
1332227002
1331680003
1332227102
1331680103
1332227902
1332227202
1331680203
1332226702
1332227302
1331680303
1332227402
1331680403
1332227502
1331680503
1332226902
1332226802
1332227602
1331680603
1332227802
1331680803
1332226402
1332226302
1332226502
1332226602
1332225002
1331678803
1332225202
1331679003
1331679103
1332225402
1331679203
1332225502
1331679303
1332224702
1332225602
1331679403
1332224602
1332225702
1331679503
1332225802
1331679603
1332224502
1332224902
1332226002
1331679803
1332226102
1331679903
1896395656
1896394556
1332287802
1331736003
1332286802
1331735003
1332286902
1331735103
1332287002
1331735203
1332248502
1331700203
1332287402
1331735603
1332248602
1331700303
1332287502
1331735703
1332287702
1331735903
1332287902
1331736103
1332248802
1331700503
1332286502
1332288002
1331736203
1332288102
1331736303
1896398056
1896398656
1896397756
1896395856
1896394156
1896399356
1896462833
1896395556
1896395156
1896394256
1896399056
1896398956
1896395756
1896399456
1896399256
000null
1314773707
1314773807
1314773607
1314223507
1314223607
1314223407
1314773907
1314223707
1314774007
1314223807
1332238702
1331691003
1332238602
1332238802
1331691103
1332238902
1331691203
1332239002
1331691303
1332239102
1331691403
1332238502
1332238402
1331691603
1332239202
1331691503
1332239402
1331691703
1332239602
1331691903
1332239702
1331692003
1332267702
1331719203
1332267802
1331719303
1332267902
1331719403
1332268102
1331719603
1332268502
1331720003
1332268702
1331720203
1332267302
1331718803
1332266802
1331718303
1332267102
1331718603
1332268002
1331719503
1332267602
1331719103
1332268602
1331720103
1332268302
1331719803
1332268402
1331719903
1332267402
1331718903
1332267202
1331718703
1332266902
1331718403
1332268202
1331719703
1332267502
1331719003
1332267002
1331718503
1331716103
1331716003
1331715803
1331715903
1331714703
1332264102
1331715503
1331715403
1331715203
1331715003
1331714903
1332264202
1332263302
1331715103
1331715303
1331714603
1331714303
1331714403
1331714203
1332264702
1332264802
1332265002
1332264902
1332265102
1332265202
1331717403
1332265802
1331717503
1331717603
1332266202
1331717903
1331718003
1332265302
1331718103
1331716903
1331717803
1332265502
1331717103
1331717203
1896394356
1332222102
1332221902
1332221802
1332221702
1314777807
1314227607
1896395456
1896394456
1896394656
1893661433
1893661633
1893661733
1893661833
1893661133
1893661233
1893661333
1838490301
1838143501
1838490501
1838143701
1838490201
1896394756
1896395056
1838143401
1838490001
1838143201
1838490101
1838143301
1150547003
1150664703
1314934607
1314173607
1314934707
1314173707
1314934807
1314173807
1314934907
1314173907
1314935007
1314174007
1314935107
1314174107
1314935207
1314174207
1314935307
1314174307
1314935407
1314174407
1314935507
1314174507
1314935607
1314174607
1314935707
1314174707
1314935807
1314174807
1314935907
1314174907
1314936007
1314175007
1314934407
1314173407
1314173507
1314175107
1314934107
1314173107
1314173207
1314934307
1314173307
1896396056
1896395356
1838498901
1838152101
1838499201
1838152401
1838498801
1838152001
1838498201
1838151401
1838500001
1838153201
1838499301
1838152501
1838498501
1838151701
1838499401
1838152601
1838499601
1838152801
1838499701
1838152901
1838498701
1838151901
1838499101
1838152301
1838498301
1838151501
1838499501
1838152701
1838498401
1838151601
1838499801
1838153001
1838499901
1838153101
1838498601
1838151801
1838499001
1838152201
1314224507
1314226107
1314774707
1314776307
1314777707
1314227507
1314184407
1314733707
1314228007
1314777907
1314778107
1314778007
1314780507
1314230707
1314780907
1314230807
1314230307
1314781007
1314778207
1314227807
1314227907
1314227707
1332222602
1331677002
1332222502
1331676902
1332222202
1331676602
1331676202
1331676102
1332222702
1331677102
1332222402
1331676802
1332222302
1331676702
1331676502
1331676302
1332221602
1332222802
1331677202
1150663803
1150546103
1896759355
1207143005
1206982105
1207151805
1206990905
1207151305
1206990405
1207151205
1206990305
1207150305
1206989405
1207151405
1206990505
1207151505
1206990605
1207150205
1206989305
1207150405
1206989505
1207150605
1206989705
1207150705
1206989805
1207150805
1206989905
1207150905
1206990005
1207151005
1206990105
1207153405
1206992505
1207152805
1206991905
1207153005
1206992105
1207153105
1206992205
1207152605
1206991705
1207153205
1206992305
1207153305
1206992405
1207152105
1206991205
1207152205
1206991305
1207152305
1206991405
1207152405
1206991505
1207152505
1206991605
1207152705
1206991805
1207152005
1206991105
1896771739
1896759539
1896759439
1896759055
1332235202
1331688103
1332235102
1331688003
1332235602
1331688503
1332235702
1331688603
1332242102
1331693803
1331688703
1332235802
1207157605
1206996705
1206983605
1207144505
1332245602
1331697303
1332245702
1331697403
1332245802
1331697503
1332247502
1331699203
1332245902
1331697603
1332246002
1331697703
1332247602
1331699303
1332246102
1331697803
1332246202
1331697903
1332286402
1331734703
1332246302
1331698003
1332246502
1331698203
1332246402
1331698103
1332246802
1331698503
1332246702
1331698403
1332246902
1331698603
1332247002
1332241702
1331693403
1150667203
1207152905
1207151905
1207150505
1207151105
1331687603
1332234702
1332234602
1331687503
1332233902
1331686803
1332233702
1331686603
1332233602
1331686503
1331686403
1332233502
1332233202
1331686103
1332233302
1331686203
1332233102
1331686003
1332235002
1331687903
1331688903
1332236002
1332236302
1331689203
1207151605
1207151705
1206991005
1206990805
1206992005
1206989605
1206990705
1206990205
1332232602
1331698703
1332247102
1331698803
1332247202
1331698903
1332247302
1331699003
1332247402
1331699103
1332281102
1331729703
1332281202
1331729803
1332281302
1331729903
1332281602
1331730203
1332281702
1331730303
1332281802
1331730403
1332281902
1331730503
1332282002
1331730603
1332282102
1331730703
1332282202
1331730803
1332282302
1331730903
1332280902
1332281002
1332280802
1332282402
1331731003
1332280702
1331690203
1332237302
1332285602
1331733903
1207161305
1207000405
1207161405
1207000505
1331685303
1315028907
1332232402
1331689403
1332236502
1207163405
1332232502
1331690103
1332237202
1315026407
1207162505
1207001605
1331694603
1332242902
1314329007
1896801442
1207002505
1207162105
1207001205
0479232
1331694703
1332243002
1332237602
1331690503
1207162605
1207001705
1331732703
1332284402
1895806103
1206992805
1207153705
1207163805
1207002905
1150549003
1150666703
1314337407
1332232302
0479283
1896392856
1207131805
1206970805
1332284702
1331733003
1150548903
1150666603
1331689703
1332236802
1332234802
1314831407
1314361607
1207154105
1206993205
1314990507
1314370107
1896390856
1207144305
1206983405
1315026707
1314329307
1207144005
1206983105
1207146005
1206985105
1332237502
1331690403
1331687803
1315026507
1314329107
1332234902
1896219103
1150548503
1150666203
1332232202
1331695103
1332243402
1150546903
1150664603
1150664403
1150546703
1150548303
1150666003
1207143705
1206982805
1207143605
1206982705
1207143905
1206983005
1332277402
1331726603
1332277302
1331726503
1332277002
0479287
1331687703
1207163705
1207002805
1896336310
1896219303
1150548703
1150666403
1314832207
1314362407
1896801542
1331685003
1332243102
1331694803
0479285
1896219203
1315023907
1314336607
1332243302
1331695003
1207145805
1206984905
1896392556
1896393256
1207154205
1206993305
1332286302
1331734603
1207155205
1206994305
1332233002
1207164905
1207004005
1331685903
1314339507
1896551633
1150547203
1150664903
1150550003
1150667703
1332232102
1314329207
1207146805
1206985905
1314695607
1314153607
1207155605
1206994705
1315024007
1331728703
1150547103
1150664803
1332279702
1332241502
1150559203
1150677103
1314987107
1314304707
1314987307
1314304907
1207144105
1206983205
1207153605
1206992705
0479284
1896219403
0478491
0478494
1207153505
1206992605
1207145705
1206984805
1896864650
1315026607
1332232902
1331685803
1207162205
1207001305
1332286202
1331734503
1314336707
1314695707
1314153707
1150546803
1150664503
1314987207
1314304807
1331690003
1332237102
1150548403
1150666103
1150663903
1150546203
1207143805
1206982905
1207154405
1206993505
1896245112
0479582
1207164705
1207003805
1896812039
1331734403
1314991307
1314370907
1314990907
1314370507
1332272402
1331723203
1331693203
1332286102
1314698207
1314156207
1314156307
1314698307
1332276802
1332232002
1896864548
1207146305
1206985405
1331685703
1315023607
1314326807
1207155405
1206994505
1150670103
1150552403
1314698407
1314156407
1314698507
1332278802
1314190507
1314739607
1332233402
1332242702
1896864750
1331686303
1314156507
1331724903
1332275102
1207164105
1207003205
1896801642
1896811839
1897176010
1331728403
1332279402
1314698707
1314156707
1207161005
1207000105
1332236702
1331689603
1896864450
1207145905
1206985005
1207143505
1206982605
1207158305
1206997405
1315032507
1314338907
1314187607
1314736907
1150665003
1150547303
1332274702
1315030907
1150549703
1150667403
1314333007
1332279002
1331728003
0479286
1896219503
1332236602
1896772242
1150664003
1150546303
1332232802
1314695807
1314153807
1150547403
1150665103
1207163305
1207002405
1207164805
1207003905
1207161905
1207001005
1896336610
0478456
1896219603
1314959007
1314317407
1331685603
1315024307
1314337007
1150664103
1150546403
1332232702
1331727903
1150549803
1150667503
1207155305
1206994405
1150549603
1150667303
1314338707
1332275402
1331725203
1332237002
1331689903
0479297
1207143405
1206982505
1314699507
1314157507
1314696007
1314156607
1332277602
1315032307
1332242602
1331694303
1207130205
1206969205
1207144405
1206983505
1150670403
1150552703
1896801742
1207163605
1207002705
1896837850
1314154007
1150549903
1150667603
1314832307
1314362507
1207158205
1206997305
1332231902
1207144205
1206983305
1207144905
1206984005
1150547703
1150665403
1332279202
1331728203
1207161105
1207000205
1896839250
1896839150
1896842050
1331726803
1331734303
1332286002
1150547503
1150665203
1314698607
1207146505
1206985605
1332278902
1314958307
1314316707
1150670503
1150552803
1332271202
1207155505
1206994605
1896838548
1896838448
1331689803
1332236902
1207147805
1206986905
1314329607
1332278602
1331727803
1332275602
1896773342
1314153907
1896841248
1896841148
1332285902
1331734203
1207164505
1207003605
1207154605
1206993705
1150665303
1150547603
1150664203
1150546503
1331723003
1332272202
1314739507
1314190407
1897190457
1897275857
1897275757
1897275657
1897275457
1897275333
1893724457
1893720557
1893690457
1893691457
0479288
1896219703
1207143305
1206982405
1314695907
1331694503
1332242802
1896839050
1896838950
1896864348
1896841950
1896841850
1896841750
1896841648
1896838748
1896838848
1896838350
1896838648
1896841548
1896841448
1896841348
1896341210
1897172003
1332237402
1331690303
1150559103
1150677003
1314864107
1314160607
1314699707
1314157707
1896864250
1207130905
1206969905
1207157205
1206996305
1207157305
1206996405
1150549503
1207158405
1206997505
1897276057
1897190357
1897275957
1897190257
1897275557
1150548603
1150666303
1331725403
1896811939
1207162705
1207001805
1150664303
1150546603
1207161605
1207000705
1314973207
1314290807
1897172103
1896336710
0478460
1896335210
0478476
0479293
1332272502
1893690657
1893689857
1893689957
1893690157
1896773142
1315027107
1315027207
1314329507
1150670603
1150552903
1315020507
1314333707
1896392056
1314966107
1314320807
1207145205
1206984305
1150558503
1150676403
1896864150
1332275702
1150669403
1150551703
1331725503
1331723303
1150558603
1150676503
1207146705
1206985805
1150547903
1150665603
1896462733
1897276133
1893750657
1893750557
1893751457
1893751357
1893751257
1893751157
1893751057
1893750957
1893750857
1893691357
1893691057
1893690757
1314336307
1207158605
1206997705
1331694203
1332242502
1331728103
1332279102
1207157705
1206996805
1315023107
1896219903
1896312104
0479054
1896335310
0478472
1332276702
1332278002
1331727203
1332277102
1896336810
0478458
1896308204
0479033
1896337010
0478483
1314188007
1314737307
1207146205
1206985305
1332247902
1331699603
1207131405
1206970405
1207142805
1206981905
1150669203
1150551503
1314990607
1314370207
1332285002
1331733303
1150669503
1150551803
1150549403
1150667103
1150547803
1150665503
1896864050
1207145005
1206984105
1315022507
1314335707
1207145305
1206984405
1897172203
1896220003
0479291
1896337110
0478481
1896335410
0478475
1896462933
1897133757
1893752033
1315020107
1314333307
1207147705
1206986805
1314973307
1314290907
1314973607
1314291207
1314966407
1314321107
1314699607
1314157607
1207162805
1207001905
1893751933
1893751833
1893751733
1893751633
1893751533
1893692357
1893692257
1893692157
1314190607
1314739707
1207161805
1207000905
1207157805
1206996905
1150549303
1150667003
1314699807
1314157807
1896865050
1207146605
1206985705
1207158705
1206997805
1315020407
1314333607
1150558403
1150676303
1896393556
1332271302
1150550403
1150668103
1331693303
1896308304
0479022
0478454
1332241602
1207162005
1207001105
1332285402
1331733703
1315022907
1314336107
1314188907
1314738207
1314696207
1314863107
1314159607
1314154207
1207145505
1206984605
1207127505
1206966505
1315021507
1332271702
1331722503
1896837950
1207144805
1206983905
1206984205
1207145105
1150669603
1150551903
1331725803
1332276002
1314966807
1314321507
1315031407
1314337807
1207147005
1206986105
1897176210
1896221203
1896337310
1896313704
0479289
1331725103
1332275302
1314186907
1314736207
1207164405
1207003505
1331699403
1332247702
1314976707
1314294307
1314966307
1314321007
1896863750
1315022807
1207148405
1206987505
1331694103
1332242402
1314862707
1314159207
1150549203
1150666903
1896864948
1314966207
1314320907
1207161705
1207000805
1896335510
0478474
1896312204
0479058
1896244612
0479579
1896333810
1896220203
1896221403
1314336007
1896463133
1331728903
1150552003
1314699907
1314157907
1315019707
1314326107
1314192607
1314741707
1314975507
1314293107
1207144705
1206983805
1150550303
1150668003
1315021207
1314334407
1331725003
1332275202
1207162305
1207001405
1314334707
1315029207
1314331307
1207143105
1206982205
1207147905
1206987005
1150550103
1150667803
1332242002
1314190707
1314739807
1896313804
0479078
1896308104
0479024
1896336410
1896220503
1315020607
1314333807
1207162405
1207001505
1331733603
1332285302
1207146105
1206985205
1207149605
1206988705
1207145605
1206984705
1332279902
1207149005
1206988105
1332275002
1150669703
1150549103
1150666803
1150558803
1150676703
1314863207
1314159707
1314740707
1314191607
1207131105
1331726003
1315029507
1314331607
1332276202
1896772442
1332280102
1331729103
1206984505
1207145405
1332242202
1332271502
1331722303
1331693903
1207142905
1206982005
1314700007
1314158007
1314696307
1314154307
1314960307
1314318707
1896863950
1896312304
1897172303
1896245012
1331693703
1315021407
1314334607
1150669803
1150552103
1332277702
1331726903
0479583
1896308804
0479031
1896313404
1315025507
1314328107
1150667903
1150550203
1207164305
1207003405
1896864848
1896463233
1896458833
1896457433
1314191707
1314740807
1315025907
1314328507
1896806939
1206970105
1332276302
1331726103
1314982307
1314299907
1332271102
1314327907
1315025307
1206988805
1207149705
1150666503
1150548803
1207147105
1206986205
1332274302
1207148805
1206987905
1206989205
1207150105
1314700107
1314158107
1315026207
1314328807
1896336510
0478457
1896313504
0478453
1896221303
1897177710
1897177510
1897178010
1207157905
1206997005
1896838150
1896861750
1332271602
1331722403
1314187007
1314736307
1207143205
1206982305
1314981007
1314298607
1314975207
1314292807
1332276902
1331733503
1332285202
1896805639
1332247802
1314156807
1331699503
1315019907
1314326307
1314965707
1314320407
1331727103
1332277902
1315020207
1314333407
1332241902
1331693603
1315028107
1207132105
1206971105
1332274402
1896244712
0479581
1896333910
1896335610
1896337810
0479292
1896308704
0479034
1896312404
0479055
1896221503
1897176110
1314863307
1314159807
1314698807
1314698907
1314156907
1207146405
1206985505
1150550903
1150668603
1150548003
1150665703
1207149405
1206988505
1896865650
1896840550
1314328307
1896840448
1896840248
1896840650
1207164005
1207003105
1314330507
1896840350
1896863850
1896840148
1896860950
1332280202
1331729203
1896338010
0478487
0478492
1896338910
1896313304
0479080
0479602
1896262012
1896244412
0479584
1896310104
1896308604
1206989105
1207150005
1896390656
1314696407
1314154407
1332271802
1331722603
1314737407
1314188107
1314190807
1314739907
1314974207
1314291807
1207118205
1206957205
1896808439
1315025707
1150669903
1150552203
1314700207
1314158207
1314694707
1314152707
1331725303
1332275502
1332284802
1331733103
1896463533
1314974107
1314291707
1314188607
1314737907
1314188207
1314737507
1207158505
1206997605
1206993005
1207153905
1150670003
1150552303
1896861650
1207118105
1206957105
1207148705
1206987805
1315029707
1314331807
1314335607
1207147605
1206986705
1207158005
1206997105
1150550703
1150668403
1207148005
1206987105
1896806739
1332274902
1896459233
1207144605
1206983705
1207114905
1206953905
1150548103
1150665803
1207161205
1207000305
1315022407
1314322707
1315029007
1314337507
1315021707
1332241802
1331693503
1314862807
1314159307
1314700407
1314158407
1314187107
1314736407
1896865750
1896862950
1896865248
1315025607
1314328207
1314700307
1314158307
1896865350
1314973107
1314290707
1314960107
1314318507
1896335710
1896312504
0479061
0478493
1896339010
1896220403
1896244512
1896313204
0479075
1150548203
1150665903
1314990707
1314370307
1314989807
1314369407
1207148505
1206987605
1150550803
1150668503
1332271002
1315024707
1314327307
1896332210
0478452
1896306804
0479021
1896337210
1897176710
1897176810
1896310304
0479049
1897172503
1896261912
1896308504
0479030
0479599
1896312604
0479056
1896463433
1896459033
1314863007
1314159507
1207148605
1206987705
1896772742
1314740907
1314191807
1314190907
1896862850
1896862750
1314980907
1314298507
1314968207
1314322907
1314334907
1315025807
1314328407
1207154005
1207158105
1206997205
1314862907
1314159407
1331727303
1896310204
0479053
1896220603
1896238712
0479562
1896244312
0479578
1332275802
1331725603
1332277202
1896865550
1332278102
1896812739
1896811739
1332270902
1150553003
1150670703
1207148205
1206987305
1314740007
1314187707
1314737007
1896861250
1896860850
1314990407
1314370007
1150670203
1314973807
1314291407
1314968107
1314322807
1331699703
1332248002
1315030307
1314332407
0478489
1896336010
1315024607
1314327207
1331727503
1332278302
1150669303
1150551603
1150669103
1150551403
1331729503
1332280502
1314835507
1314363307
1331694403
1207149105
1206988205
1206993105
1896332610
1896310404
1896221003
1896306904
0479011
1896336110
1314832107
1314362307
1207164205
1207003305
1315029607
1314189007
1314738307
1207148305
1206987405
1332272102
1331722903
1314188407
1314737707
1314694807
1314152807
1331732903
1332284602
1207148105
1206987205
1332285702
1331734003
1315021307
1314334507
1207130505
1206969505
1314835307
1314363107
1207146905
1206986005
1314190007
1314739107
1332274502
1207102705
1206941705
1314861707
1896863648
1150552503
1331727403
1332278202
1332277802
1331727003
1896861150
1207147205
1206986305
1314991707
1314371307
1314976307
1314293907
1314968507
1314323207
1315025407
1896339110
1897172403
1896310504
0479044
1896308404
0479032
1896337510
0478478
1896238612
0479567
1896334910
0478467
1315026807
1314329407
1314700507
1314158507
1314696807
1332242302
1331694003
1314974607
1314292207
1314975007
1314292607
1332279602
1331728603
1150550503
1150668203
1314154807
1314694907
1314152907
1332276502
1331726303
1315020807
1314334007
1314328007
1896837748
1896865148
1896811639
1896458033
1896593257
1896592357
1314832007
1314362207
1896812339
1896812639
1896808239
1896806639
1896806839
1314331707
1314188807
1314738107
1314188307
1314737607
1314183407
1314732707
1314975307
1314292907
1314189907
1314739007
1314189807
1315022607
1314335807
1207113105
1206952105
1314696907
1896221103
1896307004
0479020
1896312704
0479057
1896220803
0479294
1896308904
0479023
1150670303
1150552603
1314861807
1314161707
1314863407
1314159907
1207102505
1206941505
1150558703
1150676603
1314187307
1314736607
1314187907
1314737207
1314191907
1314741007
1315023207
1314336407
1314835407
1314363207
1207149505
1206988605
1150550603
1150668303
1331733203
1332284902
1331729303
1332280302
1314696507
1314154507
1315029407
1314331507
1896841048
1896861050
1207163105
1207002205
0479598
1896262112
1896310704
0479037
1896337610
0478482
1896309004
0479025
1315022107
1314335307
1895846912
1314192007
1314741107
1207147305
1206986405
1896805539
1896458533
1896458333
1896458133
1896592257
1896592057
1896591957
1896591857
1896592557
1207114805
1206953805
1331725703
1332275902
1896812139
1896808339
1896773042
1314187207
1314736507
1314700607
1314158607
1896863548
1207102605
1206941605
1332276102
1207161505
1207000605
1331725903
1314968407
1314323107
1897172803
1331723103
1332272302
1314154907
1314697007
1314155007
1315024507
1314327107
1315020307
1314333507
1314982507
1314300107
1314965607
1314320307
1315020907
1314334107
1896805439
1314187507
1314736807
1314191007
1314740107
1331729403
1332280402
1895846512
0479360
1315027607
1314330007
1314695007
1314153007
1896335910
0478473
1896332310
1896310804
1896314004
0479081
1897176910
1896264412
0479610
1315021907
1314335107
1207158905
1206998005
1314861307
1314161207
1896862450
1314974307
1314291907
1896310604
0479042
1896335810
1896336210
0478479
1896313904
0479077
1896264312
0479605
1896307204
0479017
0479295
1314863507
1314160007
1314863607
1314160107
1332270802
1314973907
1314291507
1314973007
1314290607
1315024807
1314158707
1896307104
0479013
1896220903
1896310904
0479046
1896309204
1896312804
0479060
1314831907
1314362107
1331694903
1332243202
1315029307
1314331407
1331726203
1314861907
1314161807
1896863448
1314187407
1314736707
1207153805
1206992905
1332276402
1315032207
1314338607
1314157107
1207163505
1207002605
1314699107
1314157007
1314699007
1314697207
1314155207
1314696607
1314154607
1207147405
1206986505
1331722803
1332272002
1315028007
1314330407
1314327407
1332285502
1331733803
1331729603
1332280602
1314989307
1314368907
1314974407
1314292007
1314700807
1314158807
1896307304
0479010
1896309104
0479038
1896264212
1314700707
1896391356
1331726703
1332277502
1896862650
1896862550
0479611
0479296
1896314104
0479076
1896220703
1896261812
0479601
1896862350
1896863350
1896457933
1896861350
1150559003
1150676903
1314835607
1314363407
1315020707
1314333907
1314697307
1314155307
1896837648
1896861450
1314862007
1314161907
1896311004
0479039
1896332510
0478451
0479290
1896307404
0479012
1896837548
1315030407
1314332507
1207154505
1206993605
1331729003
1332280002
1896865450
1332274602
1332278402
1331727603
1314831807
1314362007
1314695107
1314153107
1207158805
1206997905
1896840950
1314989607
1314369207
1896309304
0479027
1896328910
1896242812
1896312904
1896311104
0479047
1897175810
1896307504
0479014
1896335010
0478468
1897177410
1314699307
1314157307
1314695207
1314153207
1314334307
1314187807
1314737107
1332271402
1207159005
1206998105
1314965507
1314320207
1314991507
1314371107
1314697407
1314155407
1896862250
1206988905
1207149805
1314192107
1314741207
1896812439
1896264112
0479607
1896220303
1896313004
0479062
1896309504
0479026
1896332410
0478450
1896311204
1896314204
0479072
1314863707
1314160207
1896838250
1896863248
1896837448
1314188507
1314737807
1315031107
1314333207
1207148905
1206988005
1314696707
1314154707
1314974507
1314292107
1314975707
1314293307
1896807039
1315021107
1896840848
1332284502
1331732803
1331726403
1332276602
1331728803
1332279802
1896811539
1314157407
1896307604
0479019
1896307704
0479015
1896264012
0479609
1896309804
0479035
1314191207
1314740307
1207114505
1206953505
1314162007
1314159007
1314863807
1314701007
1896862150
1896457733
1896549933
1207147505
1206986605
1332274802
1314700907
1314158907
1331723403
1332272602
1314835207
1314363007
1314331207
1315029107
1314695307
1314862107
1314153307
1896812539
1207149905
1206989005
1315021007
1314334207
1315031007
1314192207
1314741307
1314835007
1314362807
1331727703
1332278502
1896311304
0479043
1897177610
1896313104
0479059
1896314404
0479073
1896263912
0479608
1314861407
1314161307
1314333107
1896457233
1897177810
1897172703
1896220103
1896314304
0479074
1896862050
1207149205
1206988305
1314831307
1314361507
1314160307
1314699207
1314157207
1314699407
1314697507
1314155507
1314160407
1314863907
1896860750
1896311404
0479041
1896307804
0479016
1897177910
1897172603
1896309604
0479029
1897175510
1896311504
0479048
1314975807
1314293407
1331722703
1332271902
1332279302
1331733403
1332285102
1314192307
1314741407
1314695407
1314153407
1896314504
1896242912
0479577
1896308004
1897176510
1896309704
0479028
1897174810
1896311604
0479050
1897179412
1896863148
1314188707
1314738007
1331728503
1332279502
1314697607
1314155607
1314160507
1896311704
0479045
1897176410
1332285802
1331734103
1314697707
1314155707
1314191407
1314740507
1896837248
1896313604
0479079
1897175310
1897176610
1314192407
1314741507
1331728303
1314191307
1314740407
1207154305
1206993405
1314701107
1314159107
1896861850
1896863050
1897176310
1896309404
1897175210
1897175610
1896311804
0479052
1314189407
1314738607
1314697807
1314155807
1314861607
1897175110
1314161507
1314697907
1314155907
1314741607
1314192507
1896311904
0479040
1314189507
1314738707
1896330310
1314864007
1896840748
1331732603
1332284302
1314991607
1314371207
1314990007
1314369607
1314861507
1314161407
1896861950
1896263812
0479606
1896307904
0479018
1897175710
0478444
1896309904
1896312004
0479051
1896310004
0479036
1897174910
1314698007
1314156007
1314741807
1314192707
1314189307
1314192807
1314741907
1896330410
0478445
1896338110
1896338210
---0% --------20% --------40% --------60% --------80% -----/Volumes/SeagateBackupPlusDrive/1stChoice/TNG/tiff/2014/10/1896551533.tif here
cp /Volumes/SeagateBackupPlusDrive/1stChoice/TNG/tiff/2014/10/1896551533.tif /Volumes/SeagateBackupPlusDrive/1stChoice/TNG/tiffCurrent/ATL/
11/02/2014
/Volumes/SeagateBackupPlusDrive/1stChoice/TNG/tiff/2014/10/1896551733.tif here
cp /Volumes/SeagateBackupPlusDrive/1stChoice/TNG/tiff/2014/10/1896551733.tif /Volumes/SeagateBackupPlusDrive/1stChoice/TNG/tiffCurrent/ATL/
11/02/2014
/Volumes/SeagateBackupPlusDrive/1stChoice/TNG/tiff/2014/10/1896552033.tif here
cp /Volumes/SeagateBackupPlusDrive/1stChoice/TNG/tiff/2014/10/1896552033.tif /Volumes/SeagateBackupPlusDrive/1stChoice/TNG/tiffCurrent/ATL/
11/02/2014
/Volumes/SeagateBackupPlusDrive/1stChoice/TNG/tiff/2014/10/1896549433.tif here
cp /Volumes/SeagateBackupPlusDrive/1stChoice/TNG/tiff/2014/10/1896549433.tif /Volumes/SeagateBackupPlusDrive/1stChoice/TNG/tiffCurrent/ATL/
11/02/2014
/Volumes/SeagateBackupPlusDrive/1stChoice/TNG/tiff/2014/10/1896551833.tif here
cp /Volumes/SeagateBackupPlusDrive/1stChoice/TNG/tiff/2014/10/1896551833.tif /Volumes/SeagateBackupPlusDrive/1stChoice/TNG/tiffCurrent/ATL/
11/02/2014
/Volumes/SeagateBackupPlusDrive/1stChoice/TNG/tiff/2014/10/1896552133.tif here
cp /Volumes/SeagateBackupPlusDrive/1stChoice/TNG/tiff/2014/10/1896552133.tif /Volumes/SeagateBackupPlusDrive/1stChoice/TNG/tiffCurrent/ATL/
11/02/2014
/Volumes/SeagateBackupPlusDrive/1stChoice/TNG/tiff/2014/10/1896552233.tif here
cp /Volumes/SeagateBackupPlusDrive/1stChoice/TNG/tiff/2014/10/1896552233.tif /Volumes/SeagateBackupPlusDrive/1stChoice/TNG/tiffCurrent/ATL/
11/02/2014
/Volumes/SeagateBackupPlusDrive/1stChoice/TNG/tiff/2014/10/1896549533.tif here
cp /Volumes/SeagateBackupPlusDrive/1stChoice/TNG/tiff/2014/10/1896549533.tif /Volumes/SeagateBackupPlusDrive/1stChoice/TNG/tiffCurrent/ATL/
11/02/2014
/Volumes/SeagateBackupPlusDrive/1stChoice/TNG/tiff/2014/10/1332270702.tif here
cp /Volumes/SeagateBackupPlusDrive/1stChoice/TNG/tiff/2014/10/1332270702.tif /Volumes/SeagateBackupPlusDrive/1stChoice/TNG/tiffCurrent/null/
11/02/2014
Caught: java.io.FileNotFoundException: /Volumes/SeagateBackupPlusDrive/1stChoice/TNG/tiffCurrent/404/Indexes.txt (No such file or directory)
java.io.FileNotFoundException: /Volumes/SeagateBackupPlusDrive/1stChoice/TNG/tiffCurrent/404/Indexes.txt (No such file or directory)
	at tif_generation$_run_closure5.doCall(tif_generation.groovy:346)
	at tif_generation.run(tif_generation.groovy:311)
10
10/23/2014
1331540603
Caught: java.lang.NullPointerException
java.lang.NullPointerException
	at org.xhtmlrenderer.layout.SharedContext.<init>(SharedContext.java:110)
	at org.xhtmlrenderer.pdf.ITextRenderer.<init>(ITextRenderer.java:111)
	at org.xhtmlrenderer.pdf.ITextRenderer.<init>(ITextRenderer.java:102)
	at tif_generation$_run_closure2.doCall(tif_generation.groovy:204)
	at tif_generation.run(tif_generation.groovy:179)
11
10/22/2014
1313829507
Caught: java.lang.NullPointerException
java.lang.NullPointerException
	at org.xhtmlrenderer.layout.SharedContext.<init>(SharedContext.java:110)
	at org.xhtmlrenderer.pdf.ITextRenderer.<init>(ITextRenderer.java:111)
	at org.xhtmlrenderer.pdf.ITextRenderer.<init>(ITextRenderer.java:102)
	at tif_generation$_run_closure2.doCall(tif_generation.groovy:204)
	at tif_generation.run(tif_generation.groovy:179)
12
10/21/2014
1313890907
Caught: java.lang.NullPointerException
java.lang.NullPointerException
	at org.xhtmlrenderer.layout.SharedContext.<init>(SharedContext.java:110)
	at org.xhtmlrenderer.pdf.ITextRenderer.<init>(ITextRenderer.java:111)
	at org.xhtmlrenderer.pdf.ITextRenderer.<init>(ITextRenderer.java:102)
	at tif_generation$_run_closure2.doCall(tif_generation.groovy:204)
	at tif_generation.run(tif_generation.groovy:179)
13
10/20/2014
1894933939
Caught: java.lang.NullPointerException
java.lang.NullPointerException
	at org.xhtmlrenderer.layout.SharedContext.<init>(SharedContext.java:110)
	at org.xhtmlrenderer.pdf.ITextRenderer.<init>(ITextRenderer.java:111)
	at org.xhtmlrenderer.pdf.ITextRenderer.<init>(ITextRenderer.java:102)
	at tif_generation$_run_closure2.doCall(tif_generation.groovy:204)
	at tif_generation.run(tif_generation.groovy:179)
14
10/19/2014
1313838207
Caught: java.lang.NullPointerException
java.lang.NullPointerException
	at org.xhtmlrenderer.layout.SharedContext.<init>(SharedContext.java:110)
	at org.xhtmlrenderer.pdf.ITextRenderer.<init>(ITextRenderer.java:111)
	at org.xhtmlrenderer.pdf.ITextRenderer.<init>(ITextRenderer.java:102)
	at tif_generation$_run_closure2.doCall(tif_generation.groovy:204)
	at tif_generation.run(tif_generation.groovy:179)
15
10/18/2014
1893658633
Caught: java.lang.NullPointerException
java.lang.NullPointerException
	at org.xhtmlrenderer.layout.SharedContext.<init>(SharedContext.java:110)
	at org.xhtmlrenderer.pdf.ITextRenderer.<init>(ITextRenderer.java:111)
	at org.xhtmlrenderer.pdf.ITextRenderer.<init>(ITextRenderer.java:102)
	at tif_generation$_run_closure2.doCall(tif_generation.groovy:204)
	at tif_generation.run(tif_generation.groovy:179)
