7
06/27/2014

             87
8796185
1862477010
8796184
1862476910
8796768
1862924310
1862450804
1862924610
1862924410
1862469410
8796757
8796147
1862450704
8796164
8796769
1862450604
1862445804
1862922610
8796160
1862923010
8796762
1862450504
1862923410
8796719
1862920403
1862924510
1862475010
8796767
1862920503
1862450404
1862922710
8797144
1862920603
1862922910
8796717
8796188
1862408203
1862920703
1861967414
8797159
1861668210
1862469310
1862445504
1862474910
1862474710
8796186
8797150
1862431312
1862109610
1861967314
8796720
1862431412
1861668410
1862474610
8797149
1862923310
1862445604
8796716
8796715
1862109010
1862445204
8796187
8796760
1862474510
1311988602
1861966314
1862478110
1861966414
1862920803
1862431512
8796713
1862887003
1862430512
8796158
8796192
1311988502
1861966514
1862473910
8796764
8796711
8796165
8797148
1862431612
8796714
8797146
8796755
1862148703
8796166
1861966614
1862109910
1862478310
1862408703
8796146
1311988402
8797452
8796763
1861667904
1862449704
1862920303
1862407503
8797147
1861966774
1311988302
8797431
1862418112
8797446
1862422012
8797442
1862421412
8797151
1862942010
1862478910
1862924910
1862474210
1861967114
8796167
8796183
1862476810
1862476710
8797143
1862407403
8796157
1862421612
1862473810
1862431712
1862477810
1861667212
1862418212
8797426
1311986302
1861668810
1862476410
8796179
1862927412
1862430812
8796191
8796759
8796761
1862444904
1862407203
1861747957
1861966914
1862924810
1862445404
1861668710
1862476310
8796176
8797145
8796190
1862477710
1311986402
1861668610
1862476210
8796175
1862473210
1862478510
1862476610
8796155
1862920203
1862924710
1862449104
1862886903
1861966814
1862407303
8796766
1862407103
8797448
1862421512
8796721
1861967014
1862431812
1862478010
8796712
1862444604
8796182
1862476010
1862430912
1311859602
1311986202
1861967214
1862445304
1861666903
1862407003
8796722
1862431912
1861666803
1862406903
1862409903
1862478410
1311988102
1311817302
8797445
1862421812
1862473110
8797447
1862421912
8796156
8796172
1862475710
8797443
1862421712
8796174
1862475610
1311988202
1862430612
1311986102
8796170
1862475510
1862430712
8796181
1311986502
8796177
1862476110
1311986002
8796171
1862475410
1311985902
8796178
1862475910
8796169
1862475310
8796180
1862475810
1311985802
8796173
1862475210
1311986702
1311986602
1311985702
1311986802
1311986902
1861799857
1861800557
1861800857
1861716657
1861746457
1861750057
1861758457
1861715157
1861719157
1861750357
1861750657
1861750957
1861751257
1861751557
1861751857
1861757257
1861816356
1861736633
1861737033
1861738033
1861737633
1861737833
1311817502
1311817402
1311752502
1311752402
1311994802
1311994702
1311994602
1311994402
1311994202
1292827003
1292829103
1292832403
1292830003
1292834301
1292831403
000null
1311826402
1311827202
1311827002
1311825502
1311826902
1311825402
1311825302
1311825202
1311825102
1311826702
1311826602
1311826502
1292954911
1292955911
1292955511
1292956611bad
---0% -----7
06/27/2014

             87
8796185
1862477010
8796184
1862476910
8796768
1862924310
1862450804
1862924610
1862924410
1862469410
8796757
8796147
1862450704
8796164
8796769
1862450604
1862445804
1862922610
8796160
1862923010
8796762
1862450504
1862923410
8796719
1862920403
1862924510
1862475010
8796767
1862920503
1862450404
1862922710
8797144
1862920603
1862922910
8796717
8796188
1862408203
1862920703
1861967414
8797159
1861668210
1862469310
1862445504
1862474910
1862474710
8796186
8797150
1862431312
1862109610
1861967314
8796720
1862431412
1861668410
1862474610
8797149
1862923310
1862445604
8796716
8796715
1862109010
1862445204
8796187
8796760
1862474510
1311988602
1861966314
1862478110
1861966414
1862920803
1862431512
8796713
1862887003
1862430512
8796158
8796192
1311988502
1861966514
1862473910
8796764
8796711
8796165
8797148
1862431612
8796714
8797146
8796755
1862148703
8796166
1861966614
1862109910
1862478310
1862408703
8796146
1311988402
8797452
8796763
1861667904
1862449704
1862920303
1862407503
8797147
1861966774
1311988302
8797431
1862418112
8797446
1862422012
8797442
1862421412
8797151
1862942010
1862478910
1862924910
1862474210
1861967114
8796167
8796183
1862476810
1862476710
8797143
1862407403
8796157
1862421612
1862473810
1862431712
1862477810
1861667212
1862418212
8797426
1311986302
1861668810
1862476410
8796179
1862927412
1862430812
8796191
8796759
8796761
1862444904
1862407203
1861747957
1861966914
1862924810
1862445404
1861668710
1862476310
8796176
8797145
8796190
1862477710
1311986402
1861668610
1862476210
8796175
1862473210
1862478510
1862476610
8796155
1862920203
1862924710
1862449104
1862886903
1861966814
1862407303
8796766
1862407103
8797448
1862421512
8796721
1861967014
1862431812
1862478010
8796712
1862444604
8796182
1862476010
1862430912
1311859602
1311986202
1861967214
1862445304
1861666903
1862407003
8796722
1862431912
1861666803
1862406903
1862409903
1862478410
1311988102
1311817302
8797445
1862421812
1862473110
8797447
1862421912
8796156
8796172
1862475710
8797443
1862421712
8796174
1862475610
1311988202
1862430612
1311986102
8796170
1862475510
1862430712
8796181
1311986502
8796177
1862476110
1311986002
8796171
1862475410
1311985902
8796178
1862475910
8796169
1862475310
8796180
1862475810
1311985802
8796173
1862475210
1311986702
1311986602
1311985702
1311986802
1311986902
1861799857
1861800557
1861800857
1861716657
1861746457
1861750057
1861758457
1861715157
1861719157
1861750357
1861750657
1861750957
1861751257
1861751557
1861751857
1861757257
1861816356
1861736633
1861737033
1861738033
1861737633
1861737833
1311817502
1311817402
1311752502
1311752402
1311994802
1311994702
1311994602
1311994402
1311994202
1292827003
1292829103
1292832403
1292830003
1292834301
1292831403
000null
1311826402
1311827202
1311827002
1311825502
1311826902
1311825402
1311825302
1311825202
1311825102
1311826702
1311826602
1311826502
1292954911
1292955911
1292955511
1292956611bad
---0% --------20% --------40% --------60% --------80% --------100% -----/u/1stChoice/Share/TNG/tiff/2014/06/             87.tif here
             87
/u/1stChoice/Share/TNG/tiff/2014/06/
/u/1stChoice/Share/TNG/tiff/2014/06//             87.tif
/u/1stChoice/Share/TNG/tiff/2014/06/8796185.tif here
cp /u/1stChoice/Share/TNG/tiff/2014/06/8796185.tif /u/1stChoice/Share/TNG/tiffCurrent/null/
07/04/2014
/u/1stChoice/Share/TNG/tiff/2014/06/1862477010.tif here
cp /u/1stChoice/Share/TNG/tiff/2014/06/1862477010.tif /u/1stChoice/Share/TNG/tiffCurrent/ATL/
07/04/2014
/u/1stChoice/Share/TNG/tiff/2014/06/8796184.tif here
cp /u/1stChoice/Share/TNG/tiff/2014/06/8796184.tif /u/1stChoice/Share/TNG/tiffCurrent/null/
07/04/2014
/u/1stChoice/Share/TNG/tiff/2014/06/1862476910.tif here
cp /u/1stChoice/Share/TNG/tiff/2014/06/1862476910.tif /u/1stChoice/Share/TNG/tiffCurrent/ATL/
07/04/2014
/u/1stChoice/Share/TNG/tiff/2014/06/8796768.tif here
cp /u/1stChoice/Share/TNG/tiff/2014/06/8796768.tif /u/1stChoice/Share/TNG/tiffCurrent/null/
07/04/2014
/u/1stChoice/Share/TNG/tiff/2014/06/1862924310.tif here
cp /u/1stChoice/Share/TNG/tiff/2014/06/1862924310.tif /u/1stChoice/Share/TNG/tiffCurrent/ATL/
07/04/2014
/u/1stChoice/Share/TNG/tiff/2014/06/1862450804.tif here
cp /u/1stChoice/Share/TNG/tiff/2014/06/1862450804.tif /u/1stChoice/Share/TNG/tiffCurrent/ATL/
07/04/2014
/u/1stChoice/Share/TNG/tiff/2014/06/1862924610.tif here
cp /u/1stChoice/Share/TNG/tiff/2014/06/1862924610.tif /u/1stChoice/Share/TNG/tiffCurrent/ATL/
07/04/2014
/u/1stChoice/Share/TNG/tiff/2014/06/1862924410.tif here
cp /u/1stChoice/Share/TNG/tiff/2014/06/1862924410.tif /u/1stChoice/Share/TNG/tiffCurrent/ATL/
07/04/2014
/u/1stChoice/Share/TNG/tiff/2014/06/1862469410.tif here
cp /u/1stChoice/Share/TNG/tiff/2014/06/1862469410.tif /u/1stChoice/Share/TNG/tiffCurrent/ATL/
07/04/2014
/u/1stChoice/Share/TNG/tiff/2014/06/8796757.tif here
cp /u/1stChoice/Share/TNG/tiff/2014/06/8796757.tif /u/1stChoice/Share/TNG/tiffCurrent/null/
07/04/2014
/u/1stChoice/Share/TNG/tiff/2014/06/8796147.tif here
cp /u/1stChoice/Share/TNG/tiff/2014/06/8796147.tif /u/1stChoice/Share/TNG/tiffCurrent/null/
07/04/2014
/u/1stChoice/Share/TNG/tiff/2014/06/1862450704.tif here
cp /u/1stChoice/Share/TNG/tiff/2014/06/1862450704.tif /u/1stChoice/Share/TNG/tiffCurrent/ATL/
07/04/2014
/u/1stChoice/Share/TNG/tiff/2014/06/8796164.tif here
cp /u/1stChoice/Share/TNG/tiff/2014/06/8796164.tif /u/1stChoice/Share/TNG/tiffCurrent/null/
07/04/2014
/u/1stChoice/Share/TNG/tiff/2014/06/8796769.tif here
cp /u/1stChoice/Share/TNG/tiff/2014/06/8796769.tif /u/1stChoice/Share/TNG/tiffCurrent/null/
07/04/2014
/u/1stChoice/Share/TNG/tiff/2014/06/1862450604.tif here
cp /u/1stChoice/Share/TNG/tiff/2014/06/1862450604.tif /u/1stChoice/Share/TNG/tiffCurrent/ATL/
07/04/2014
/u/1stChoice/Share/TNG/tiff/2014/06/1862445804.tif here
cp /u/1stChoice/Share/TNG/tiff/2014/06/1862445804.tif /u/1stChoice/Share/TNG/tiffCurrent/ATL/
07/04/2014
/u/1stChoice/Share/TNG/tiff/2014/06/1862922610.tif here
cp /u/1stChoice/Share/TNG/tiff/2014/06/1862922610.tif /u/1stChoice/Share/TNG/tiffCurrent/ATL/
07/04/2014
/u/1stChoice/Share/TNG/tiff/2014/06/8796160.tif here
cp /u/1stChoice/Share/TNG/tiff/2014/06/8796160.tif /u/1stChoice/Share/TNG/tiffCurrent/null/
07/04/2014
/u/1stChoice/Share/TNG/tiff/2014/06/1862923010.tif here
cp /u/1stChoice/Share/TNG/tiff/2014/06/1862923010.tif /u/1stChoice/Share/TNG/tiffCurrent/ATL/
07/04/2014
/u/1stChoice/Share/TNG/tiff/2014/06/8796762.tif here
cp /u/1stChoice/Share/TNG/tiff/2014/06/8796762.tif /u/1stChoice/Share/TNG/tiffCurrent/null/
07/04/2014
/u/1stChoice/Share/TNG/tiff/2014/06/1862450504.tif here
cp /u/1stChoice/Share/TNG/tiff/2014/06/1862450504.tif /u/1stChoice/Share/TNG/tiffCurrent/ATL/
07/04/2014
/u/1stChoice/Share/TNG/tiff/2014/06/1862923410.tif here
cp /u/1stChoice/Share/TNG/tiff/2014/06/1862923410.tif /u/1stChoice/Share/TNG/tiffCurrent/ATL/
07/04/2014
/u/1stChoice/Share/TNG/tiff/2014/06/8796719.tif here
cp /u/1stChoice/Share/TNG/tiff/2014/06/8796719.tif /u/1stChoice/Share/TNG/tiffCurrent/null/
07/04/2014
/u/1stChoice/Share/TNG/tiff/2014/06/1862920403.tif here
cp /u/1stChoice/Share/TNG/tiff/2014/06/1862920403.tif /u/1stChoice/Share/TNG/tiffCurrent/ATL/
07/04/2014
/u/1stChoice/Share/TNG/tiff/2014/06/1862924510.tif here
cp /u/1stChoice/Share/TNG/tiff/2014/06/1862924510.tif /u/1stChoice/Share/TNG/tiffCurrent/ATL/
07/04/2014
/u/1stChoice/Share/TNG/tiff/2014/06/1862475010.tif here
cp /u/1stChoice/Share/TNG/tiff/2014/06/1862475010.tif /u/1stChoice/Share/TNG/tiffCurrent/ATL/
07/04/2014
/u/1stChoice/Share/TNG/tiff/2014/06/8796767.tif here
cp /u/1stChoice/Share/TNG/tiff/2014/06/8796767.tif /u/1stChoice/Share/TNG/tiffCurrent/null/
07/04/2014
/u/1stChoice/Share/TNG/tiff/2014/06/1862920503.tif here
cp /u/1stChoice/Share/TNG/tiff/2014/06/1862920503.tif /u/1stChoice/Share/TNG/tiffCurrent/ATL/
07/04/2014
/u/1stChoice/Share/TNG/tiff/2014/06/1862450404.tif here
cp /u/1stChoice/Share/TNG/tiff/2014/06/1862450404.tif /u/1stChoice/Share/TNG/tiffCurrent/ATL/
07/04/2014
/u/1stChoice/Share/TNG/tiff/2014/06/1862922710.tif here
cp /u/1stChoice/Share/TNG/tiff/2014/06/1862922710.tif /u/1stChoice/Share/TNG/tiffCurrent/ATL/
07/04/2014
/u/1stChoice/Share/TNG/tiff/2014/06/8797144.tif here
cp /u/1stChoice/Share/TNG/tiff/2014/06/8797144.tif /u/1stChoice/Share/TNG/tiffCurrent/null/
07/04/2014
/u/1stChoice/Share/TNG/tiff/2014/06/1862920603.tif here
cp /u/1stChoice/Share/TNG/tiff/2014/06/1862920603.tif /u/1stChoice/Share/TNG/tiffCurrent/ATL/
07/04/2014
/u/1stChoice/Share/TNG/tiff/2014/06/1862922910.tif here
cp /u/1stChoice/Share/TNG/tiff/2014/06/1862922910.tif /u/1stChoice/Share/TNG/tiffCurrent/ATL/
07/04/2014
/u/1stChoice/Share/TNG/tiff/2014/06/8796717.tif here
cp /u/1stChoice/Share/TNG/tiff/2014/06/8796717.tif /u/1stChoice/Share/TNG/tiffCurrent/null/
07/04/2014
/u/1stChoice/Share/TNG/tiff/2014/06/8796188.tif here
cp /u/1stChoice/Share/TNG/tiff/2014/06/8796188.tif /u/1stChoice/Share/TNG/tiffCurrent/null/
07/04/2014
/u/1stChoice/Share/TNG/tiff/2014/06/1862408203.tif here
cp /u/1stChoice/Share/TNG/tiff/2014/06/1862408203.tif /u/1stChoice/Share/TNG/tiffCurrent/ATL/
07/04/2014
/u/1stChoice/Share/TNG/tiff/2014/06/1862920703.tif here
cp /u/1stChoice/Share/TNG/tiff/2014/06/1862920703.tif /u/1stChoice/Share/TNG/tiffCurrent/ATL/
07/04/2014
/u/1stChoice/Share/TNG/tiff/2014/06/1861967414.tif here
cp /u/1stChoice/Share/TNG/tiff/2014/06/1861967414.tif /u/1stChoice/Share/TNG/tiffCurrent/ATL/
07/04/2014
/u/1stChoice/Share/TNG/tiff/2014/06/8797159.tif here
cp /u/1stChoice/Share/TNG/tiff/2014/06/8797159.tif /u/1stChoice/Share/TNG/tiffCurrent/null/
07/04/2014
/u/1stChoice/Share/TNG/tiff/2014/06/1861668210.tif here
cp /u/1stChoice/Share/TNG/tiff/2014/06/1861668210.tif /u/1stChoice/Share/TNG/tiffCurrent/ATL/
07/04/2014
/u/1stChoice/Share/TNG/tiff/2014/06/1862469310.tif here
cp /u/1stChoice/Share/TNG/tiff/2014/06/1862469310.tif /u/1stChoice/Share/TNG/tiffCurrent/ATL/
07/04/2014
/u/1stChoice/Share/TNG/tiff/2014/06/1862445504.tif here
cp /u/1stChoice/Share/TNG/tiff/2014/06/1862445504.tif /u/1stChoice/Share/TNG/tiffCurrent/ATL/
07/04/2014
/u/1stChoice/Share/TNG/tiff/2014/06/1862474910.tif here
cp /u/1stChoice/Share/TNG/tiff/2014/06/1862474910.tif /u/1stChoice/Share/TNG/tiffCurrent/ATL/
07/04/2014
/u/1stChoice/Share/TNG/tiff/2014/06/1862474710.tif here
cp /u/1stChoice/Share/TNG/tiff/2014/06/1862474710.tif /u/1stChoice/Share/TNG/tiffCurrent/ATL/
07/04/2014
/u/1stChoice/Share/TNG/tiff/2014/06/8796186.tif here
cp /u/1stChoice/Share/TNG/tiff/2014/06/8796186.tif /u/1stChoice/Share/TNG/tiffCurrent/null/
07/04/2014
/u/1stChoice/Share/TNG/tiff/2014/06/8797150.tif here
cp /u/1stChoice/Share/TNG/tiff/2014/06/8797150.tif /u/1stChoice/Share/TNG/tiffCurrent/null/
07/04/2014
/u/1stChoice/Share/TNG/tiff/2014/06/1862431312.tif here
cp /u/1stChoice/Share/TNG/tiff/2014/06/1862431312.tif /u/1stChoice/Share/TNG/tiffCurrent/ATL/
07/04/2014
/u/1stChoice/Share/TNG/tiff/2014/06/1862109610.tif here
cp /u/1stChoice/Share/TNG/tiff/2014/06/1862109610.tif /u/1stChoice/Share/TNG/tiffCurrent/ATL/
07/04/2014
/u/1stChoice/Share/TNG/tiff/2014/06/1861967314.tif here
cp /u/1stChoice/Share/TNG/tiff/2014/06/1861967314.tif /u/1stChoice/Share/TNG/tiffCurrent/ATL/
07/04/2014
/u/1stChoice/Share/TNG/tiff/2014/06/8796720.tif here
cp /u/1stChoice/Share/TNG/tiff/2014/06/8796720.tif /u/1stChoice/Share/TNG/tiffCurrent/null/
07/04/2014
/u/1stChoice/Share/TNG/tiff/2014/06/1862431412.tif here
cp /u/1stChoice/Share/TNG/tiff/2014/06/1862431412.tif /u/1stChoice/Share/TNG/tiffCurrent/ATL/
07/04/2014
/u/1stChoice/Share/TNG/tiff/2014/06/1861668410.tif here
cp /u/1stChoice/Share/TNG/tiff/2014/06/1861668410.tif /u/1stChoice/Share/TNG/tiffCurrent/ATL/
07/04/2014
/u/1stChoice/Share/TNG/tiff/2014/06/1862474610.tif here
cp /u/1stChoice/Share/TNG/tiff/2014/06/1862474610.tif /u/1stChoice/Share/TNG/tiffCurrent/ATL/
07/04/2014
/u/1stChoice/Share/TNG/tiff/2014/06/8797149.tif here
cp /u/1stChoice/Share/TNG/tiff/2014/06/8797149.tif /u/1stChoice/Share/TNG/tiffCurrent/null/
07/04/2014
/u/1stChoice/Share/TNG/tiff/2014/06/1862923310.tif here
cp /u/1stChoice/Share/TNG/tiff/2014/06/1862923310.tif /u/1stChoice/Share/TNG/tiffCurrent/ATL/
07/04/2014
/u/1stChoice/Share/TNG/tiff/2014/06/1862445604.tif here
cp /u/1stChoice/Share/TNG/tiff/2014/06/1862445604.tif /u/1stChoice/Share/TNG/tiffCurrent/ATL/
07/04/2014
/u/1stChoice/Share/TNG/tiff/2014/06/8796716.tif here
cp /u/1stChoice/Share/TNG/tiff/2014/06/8796716.tif /u/1stChoice/Share/TNG/tiffCurrent/null/
07/04/2014
/u/1stChoice/Share/TNG/tiff/2014/06/8796715.tif here
cp /u/1stChoice/Share/TNG/tiff/2014/06/8796715.tif /u/1stChoice/Share/TNG/tiffCurrent/null/
07/04/2014
/u/1stChoice/Share/TNG/tiff/2014/06/1862109010.tif here
cp /u/1stChoice/Share/TNG/tiff/2014/06/1862109010.tif /u/1stChoice/Share/TNG/tiffCurrent/ATL/
07/04/2014
/u/1stChoice/Share/TNG/tiff/2014/06/1862445204.tif here
cp /u/1stChoice/Share/TNG/tiff/2014/06/1862445204.tif /u/1stChoice/Share/TNG/tiffCurrent/ATL/
07/04/2014
/u/1stChoice/Share/TNG/tiff/2014/06/8796187.tif here
cp /u/1stChoice/Share/TNG/tiff/2014/06/8796187.tif /u/1stChoice/Share/TNG/tiffCurrent/null/
07/04/2014
/u/1stChoice/Share/TNG/tiff/2014/06/8796760.tif here
cp /u/1stChoice/Share/TNG/tiff/2014/06/8796760.tif /u/1stChoice/Share/TNG/tiffCurrent/null/
07/04/2014
/u/1stChoice/Share/TNG/tiff/2014/06/1862474510.tif here
cp /u/1stChoice/Share/TNG/tiff/2014/06/1862474510.tif /u/1stChoice/Share/TNG/tiffCurrent/ATL/
07/04/2014
/u/1stChoice/Share/TNG/tiff/2014/06/1311988602.tif here
cp /u/1stChoice/Share/TNG/tiff/2014/06/1311988602.tif /u/1stChoice/Share/TNG/tiffCurrent/SAC/
07/04/2014
/u/1stChoice/Share/TNG/tiff/2014/06/1861966314.tif here
cp /u/1stChoice/Share/TNG/tiff/2014/06/1861966314.tif /u/1stChoice/Share/TNG/tiffCurrent/ATL/
07/04/2014
/u/1stChoice/Share/TNG/tiff/2014/06/1862478110.tif here
cp /u/1stChoice/Share/TNG/tiff/2014/06/1862478110.tif /u/1stChoice/Share/TNG/tiffCurrent/ATL/
07/04/2014
/u/1stChoice/Share/TNG/tiff/2014/06/1861966414.tif here
cp /u/1stChoice/Share/TNG/tiff/2014/06/1861966414.tif /u/1stChoice/Share/TNG/tiffCurrent/ATL/
07/04/2014
/u/1stChoice/Share/TNG/tiff/2014/06/1862920803.tif here
cp /u/1stChoice/Share/TNG/tiff/2014/06/1862920803.tif /u/1stChoice/Share/TNG/tiffCurrent/ATL/
07/04/2014
/u/1stChoice/Share/TNG/tiff/2014/06/1862431512.tif here
cp /u/1stChoice/Share/TNG/tiff/2014/06/1862431512.tif /u/1stChoice/Share/TNG/tiffCurrent/ATL/
07/04/2014
/u/1stChoice/Share/TNG/tiff/2014/06/8796713.tif here
cp /u/1stChoice/Share/TNG/tiff/2014/06/8796713.tif /u/1stChoice/Share/TNG/tiffCurrent/null/
07/04/2014
/u/1stChoice/Share/TNG/tiff/2014/06/1862887003.tif here
cp /u/1stChoice/Share/TNG/tiff/2014/06/1862887003.tif /u/1stChoice/Share/TNG/tiffCurrent/ATL/
07/04/2014
/u/1stChoice/Share/TNG/tiff/2014/06/1862430512.tif here
cp /u/1stChoice/Share/TNG/tiff/2014/06/1862430512.tif /u/1stChoice/Share/TNG/tiffCurrent/ATL/
07/04/2014
/u/1stChoice/Share/TNG/tiff/2014/06/8796158.tif here
cp /u/1stChoice/Share/TNG/tiff/2014/06/8796158.tif /u/1stChoice/Share/TNG/tiffCurrent/null/
07/04/2014
/u/1stChoice/Share/TNG/tiff/2014/06/8796192.tif here
cp /u/1stChoice/Share/TNG/tiff/2014/06/8796192.tif /u/1stChoice/Share/TNG/tiffCurrent/null/
07/04/2014
/u/1stChoice/Share/TNG/tiff/2014/06/1311988502.tif here
cp /u/1stChoice/Share/TNG/tiff/2014/06/1311988502.tif /u/1stChoice/Share/TNG/tiffCurrent/SAC/
07/04/2014
/u/1stChoice/Share/TNG/tiff/2014/06/1861966514.tif here
cp /u/1stChoice/Share/TNG/tiff/2014/06/1861966514.tif /u/1stChoice/Share/TNG/tiffCurrent/ATL/
07/04/2014
/u/1stChoice/Share/TNG/tiff/2014/06/1862473910.tif here
cp /u/1stChoice/Share/TNG/tiff/2014/06/1862473910.tif /u/1stChoice/Share/TNG/tiffCurrent/ATL/
07/04/2014
/u/1stChoice/Share/TNG/tiff/2014/06/8796764.tif here
cp /u/1stChoice/Share/TNG/tiff/2014/06/8796764.tif /u/1stChoice/Share/TNG/tiffCurrent/null/
07/04/2014
/u/1stChoice/Share/TNG/tiff/2014/06/8796711.tif here
cp /u/1stChoice/Share/TNG/tiff/2014/06/8796711.tif /u/1stChoice/Share/TNG/tiffCurrent/null/
07/04/2014
/u/1stChoice/Share/TNG/tiff/2014/06/8796165.tif here
cp /u/1stChoice/Share/TNG/tiff/2014/06/8796165.tif /u/1stChoice/Share/TNG/tiffCurrent/null/
07/04/2014
/u/1stChoice/Share/TNG/tiff/2014/06/8797148.tif here
cp /u/1stChoice/Share/TNG/tiff/2014/06/8797148.tif /u/1stChoice/Share/TNG/tiffCurrent/null/
07/04/2014
/u/1stChoice/Share/TNG/tiff/2014/06/1862431612.tif here
cp /u/1stChoice/Share/TNG/tiff/2014/06/1862431612.tif /u/1stChoice/Share/TNG/tiffCurrent/ATL/
07/04/2014
/u/1stChoice/Share/TNG/tiff/2014/06/8796714.tif here
cp /u/1stChoice/Share/TNG/tiff/2014/06/8796714.tif /u/1stChoice/Share/TNG/tiffCurrent/null/
07/04/2014
/u/1stChoice/Share/TNG/tiff/2014/06/8797146.tif here
cp /u/1stChoice/Share/TNG/tiff/2014/06/8797146.tif /u/1stChoice/Share/TNG/tiffCurrent/null/
07/04/2014
/u/1stChoice/Share/TNG/tiff/2014/06/8796755.tif here
cp /u/1stChoice/Share/TNG/tiff/2014/06/8796755.tif /u/1stChoice/Share/TNG/tiffCurrent/null/
07/04/2014
/u/1stChoice/Share/TNG/tiff/2014/06/1862148703.tif here
cp /u/1stChoice/Share/TNG/tiff/2014/06/1862148703.tif /u/1stChoice/Share/TNG/tiffCurrent/ATL/
07/04/2014
/u/1stChoice/Share/TNG/tiff/2014/06/8796166.tif here
cp /u/1stChoice/Share/TNG/tiff/2014/06/8796166.tif /u/1stChoice/Share/TNG/tiffCurrent/null/
07/04/2014
/u/1stChoice/Share/TNG/tiff/2014/06/1861966614.tif here
cp /u/1stChoice/Share/TNG/tiff/2014/06/1861966614.tif /u/1stChoice/Share/TNG/tiffCurrent/ATL/
07/04/2014
/u/1stChoice/Share/TNG/tiff/2014/06/1862109910.tif here
cp /u/1stChoice/Share/TNG/tiff/2014/06/1862109910.tif /u/1stChoice/Share/TNG/tiffCurrent/ATL/
07/04/2014
/u/1stChoice/Share/TNG/tiff/2014/06/1862478310.tif here
cp /u/1stChoice/Share/TNG/tiff/2014/06/1862478310.tif /u/1stChoice/Share/TNG/tiffCurrent/ATL/
07/04/2014
/u/1stChoice/Share/TNG/tiff/2014/06/1862408703.tif here
cp /u/1stChoice/Share/TNG/tiff/2014/06/1862408703.tif /u/1stChoice/Share/TNG/tiffCurrent/ATL/
07/04/2014
/u/1stChoice/Share/TNG/tiff/2014/06/8796146.tif here
cp /u/1stChoice/Share/TNG/tiff/2014/06/8796146.tif /u/1stChoice/Share/TNG/tiffCurrent/null/
07/04/2014
/u/1stChoice/Share/TNG/tiff/2014/06/1311988402.tif here
cp /u/1stChoice/Share/TNG/tiff/2014/06/1311988402.tif /u/1stChoice/Share/TNG/tiffCurrent/SAC/
07/04/2014
/u/1stChoice/Share/TNG/tiff/2014/06/8797452.tif here
cp /u/1stChoice/Share/TNG/tiff/2014/06/8797452.tif /u/1stChoice/Share/TNG/tiffCurrent/null/
07/04/2014
/u/1stChoice/Share/TNG/tiff/2014/06/8796763.tif here
cp /u/1stChoice/Share/TNG/tiff/2014/06/8796763.tif /u/1stChoice/Share/TNG/tiffCurrent/null/
07/04/2014
/u/1stChoice/Share/TNG/tiff/2014/06/1861667904.tif here
cp /u/1stChoice/Share/TNG/tiff/2014/06/1861667904.tif /u/1stChoice/Share/TNG/tiffCurrent/ATL/
07/04/2014
/u/1stChoice/Share/TNG/tiff/2014/06/1862449704.tif here
cp /u/1stChoice/Share/TNG/tiff/2014/06/1862449704.tif /u/1stChoice/Share/TNG/tiffCurrent/ATL/
07/04/2014
/u/1stChoice/Share/TNG/tiff/2014/06/1862920303.tif here
cp /u/1stChoice/Share/TNG/tiff/2014/06/1862920303.tif /u/1stChoice/Share/TNG/tiffCurrent/ATL/
07/04/2014
/u/1stChoice/Share/TNG/tiff/2014/06/1862407503.tif here
cp /u/1stChoice/Share/TNG/tiff/2014/06/1862407503.tif /u/1stChoice/Share/TNG/tiffCurrent/ATL/
07/04/2014
/u/1stChoice/Share/TNG/tiff/2014/06/8797147.tif here
cp /u/1stChoice/Share/TNG/tiff/2014/06/8797147.tif /u/1stChoice/Share/TNG/tiffCurrent/null/
07/04/2014
/u/1stChoice/Share/TNG/tiff/2014/06/1861966774.tif here
cp /u/1stChoice/Share/TNG/tiff/2014/06/1861966774.tif /u/1stChoice/Share/TNG/tiffCurrent/ATL/
07/04/2014
/u/1stChoice/Share/TNG/tiff/2014/06/1311988302.tif here
cp /u/1stChoice/Share/TNG/tiff/2014/06/1311988302.tif /u/1stChoice/Share/TNG/tiffCurrent/SAC/
07/04/2014
/u/1stChoice/Share/TNG/tiff/2014/06/8797431.tif here
cp /u/1stChoice/Share/TNG/tiff/2014/06/8797431.tif /u/1stChoice/Share/TNG/tiffCurrent/null/
07/04/2014
/u/1stChoice/Share/TNG/tiff/2014/06/1862418112.tif here
cp /u/1stChoice/Share/TNG/tiff/2014/06/1862418112.tif /u/1stChoice/Share/TNG/tiffCurrent/ATL/
07/04/2014
/u/1stChoice/Share/TNG/tiff/2014/06/8797446.tif here
cp /u/1stChoice/Share/TNG/tiff/2014/06/8797446.tif /u/1stChoice/Share/TNG/tiffCurrent/null/
07/04/2014
/u/1stChoice/Share/TNG/tiff/2014/06/1862422012.tif here
cp /u/1stChoice/Share/TNG/tiff/2014/06/1862422012.tif /u/1stChoice/Share/TNG/tiffCurrent/ATL/
07/04/2014
/u/1stChoice/Share/TNG/tiff/2014/06/8797442.tif here
cp /u/1stChoice/Share/TNG/tiff/2014/06/8797442.tif /u/1stChoice/Share/TNG/tiffCurrent/null/
07/04/2014
/u/1stChoice/Share/TNG/tiff/2014/06/1862421412.tif here
cp /u/1stChoice/Share/TNG/tiff/2014/06/1862421412.tif /u/1stChoice/Share/TNG/tiffCurrent/ATL/
07/04/2014
/u/1stChoice/Share/TNG/tiff/2014/06/8797151.tif here
cp /u/1stChoice/Share/TNG/tiff/2014/06/8797151.tif /u/1stChoice/Share/TNG/tiffCurrent/null/
07/04/2014
/u/1stChoice/Share/TNG/tiff/2014/06/1862942010.tif here
cp /u/1stChoice/Share/TNG/tiff/2014/06/1862942010.tif /u/1stChoice/Share/TNG/tiffCurrent/ATL/
07/04/2014
/u/1stChoice/Share/TNG/tiff/2014/06/1862478910.tif here
cp /u/1stChoice/Share/TNG/tiff/2014/06/1862478910.tif /u/1stChoice/Share/TNG/tiffCurrent/ATL/
07/04/2014
/u/1stChoice/Share/TNG/tiff/2014/06/1862924910.tif here
cp /u/1stChoice/Share/TNG/tiff/2014/06/1862924910.tif /u/1stChoice/Share/TNG/tiffCurrent/ATL/
07/04/2014
/u/1stChoice/Share/TNG/tiff/2014/06/1862474210.tif here
cp /u/1stChoice/Share/TNG/tiff/2014/06/1862474210.tif /u/1stChoice/Share/TNG/tiffCurrent/ATL/
07/04/2014
/u/1stChoice/Share/TNG/tiff/2014/06/1861967114.tif here
cp /u/1stChoice/Share/TNG/tiff/2014/06/1861967114.tif /u/1stChoice/Share/TNG/tiffCurrent/ATL/
07/04/2014
/u/1stChoice/Share/TNG/tiff/2014/06/8796167.tif here
cp /u/1stChoice/Share/TNG/tiff/2014/06/8796167.tif /u/1stChoice/Share/TNG/tiffCurrent/null/
07/04/2014
/u/1stChoice/Share/TNG/tiff/2014/06/8796183.tif here
cp /u/1stChoice/Share/TNG/tiff/2014/06/8796183.tif /u/1stChoice/Share/TNG/tiffCurrent/null/
07/04/2014
/u/1stChoice/Share/TNG/tiff/2014/06/1862476810.tif here
cp /u/1stChoice/Share/TNG/tiff/2014/06/1862476810.tif /u/1stChoice/Share/TNG/tiffCurrent/ATL/
07/04/2014
/u/1stChoice/Share/TNG/tiff/2014/06/1862476710.tif here
cp /u/1stChoice/Share/TNG/tiff/2014/06/1862476710.tif /u/1stChoice/Share/TNG/tiffCurrent/ATL/
07/04/2014
/u/1stChoice/Share/TNG/tiff/2014/06/8797143.tif here
cp /u/1stChoice/Share/TNG/tiff/2014/06/8797143.tif /u/1stChoice/Share/TNG/tiffCurrent/null/
07/04/2014
/u/1stChoice/Share/TNG/tiff/2014/06/1862407403.tif here
cp /u/1stChoice/Share/TNG/tiff/2014/06/1862407403.tif /u/1stChoice/Share/TNG/tiffCurrent/ATL/
07/04/2014
/u/1stChoice/Share/TNG/tiff/2014/06/8796157.tif here
cp /u/1stChoice/Share/TNG/tiff/2014/06/8796157.tif /u/1stChoice/Share/TNG/tiffCurrent/null/
07/04/2014
/u/1stChoice/Share/TNG/tiff/2014/06/1862421612.tif here
cp /u/1stChoice/Share/TNG/tiff/2014/06/1862421612.tif /u/1stChoice/Share/TNG/tiffCurrent/ATL/
07/04/2014
/u/1stChoice/Share/TNG/tiff/2014/06/1862473810.tif here
cp /u/1stChoice/Share/TNG/tiff/2014/06/1862473810.tif /u/1stChoice/Share/TNG/tiffCurrent/ATL/
07/04/2014
/u/1stChoice/Share/TNG/tiff/2014/06/1862431712.tif here
cp /u/1stChoice/Share/TNG/tiff/2014/06/1862431712.tif /u/1stChoice/Share/TNG/tiffCurrent/ATL/
07/04/2014
/u/1stChoice/Share/TNG/tiff/2014/06/1862477810.tif here
cp /u/1stChoice/Share/TNG/tiff/2014/06/1862477810.tif /u/1stChoice/Share/TNG/tiffCurrent/ATL/
07/04/2014
/u/1stChoice/Share/TNG/tiff/2014/06/1861667212.tif here
cp /u/1stChoice/Share/TNG/tiff/2014/06/1861667212.tif /u/1stChoice/Share/TNG/tiffCurrent/ATL/
07/04/2014
/u/1stChoice/Share/TNG/tiff/2014/06/1862418212.tif here
cp /u/1stChoice/Share/TNG/tiff/2014/06/1862418212.tif /u/1stChoice/Share/TNG/tiffCurrent/ATL/
07/04/2014
/u/1stChoice/Share/TNG/tiff/2014/06/8797426.tif here
cp /u/1stChoice/Share/TNG/tiff/2014/06/8797426.tif /u/1stChoice/Share/TNG/tiffCurrent/null/
07/04/2014
/u/1stChoice/Share/TNG/tiff/2014/06/1311986302.tif here
cp /u/1stChoice/Share/TNG/tiff/2014/06/1311986302.tif /u/1stChoice/Share/TNG/tiffCurrent/SAC/
07/04/2014
/u/1stChoice/Share/TNG/tiff/2014/06/1861668810.tif here
cp /u/1stChoice/Share/TNG/tiff/2014/06/1861668810.tif /u/1stChoice/Share/TNG/tiffCurrent/ATL/
07/04/2014
/u/1stChoice/Share/TNG/tiff/2014/06/1862476410.tif here
cp /u/1stChoice/Share/TNG/tiff/2014/06/1862476410.tif /u/1stChoice/Share/TNG/tiffCurrent/ATL/
07/04/2014
/u/1stChoice/Share/TNG/tiff/2014/06/8796179.tif here
cp /u/1stChoice/Share/TNG/tiff/2014/06/8796179.tif /u/1stChoice/Share/TNG/tiffCurrent/null/
07/04/2014
/u/1stChoice/Share/TNG/tiff/2014/06/1862927412.tif here
cp /u/1stChoice/Share/TNG/tiff/2014/06/1862927412.tif /u/1stChoice/Share/TNG/tiffCurrent/ATL/
07/04/2014
/u/1stChoice/Share/TNG/tiff/2014/06/1862430812.tif here
cp /u/1stChoice/Share/TNG/tiff/2014/06/1862430812.tif /u/1stChoice/Share/TNG/tiffCurrent/ATL/
07/04/2014
/u/1stChoice/Share/TNG/tiff/2014/06/8796191.tif here
cp /u/1stChoice/Share/TNG/tiff/2014/06/8796191.tif /u/1stChoice/Share/TNG/tiffCurrent/null/
07/04/2014
/u/1stChoice/Share/TNG/tiff/2014/06/8796759.tif here
cp /u/1stChoice/Share/TNG/tiff/2014/06/8796759.tif /u/1stChoice/Share/TNG/tiffCurrent/null/
07/04/2014
/u/1stChoice/Share/TNG/tiff/2014/06/8796761.tif here
cp /u/1stChoice/Share/TNG/tiff/2014/06/8796761.tif /u/1stChoice/Share/TNG/tiffCurrent/null/
07/04/2014
/u/1stChoice/Share/TNG/tiff/2014/06/1862444904.tif here
cp /u/1stChoice/Share/TNG/tiff/2014/06/1862444904.tif /u/1stChoice/Share/TNG/tiffCurrent/ATL/
07/04/2014
/u/1stChoice/Share/TNG/tiff/2014/06/1862407203.tif here
cp /u/1stChoice/Share/TNG/tiff/2014/06/1862407203.tif /u/1stChoice/Share/TNG/tiffCurrent/ATL/
07/04/2014
/u/1stChoice/Share/TNG/tiff/2014/06/1861747957.tif here
cp /u/1stChoice/Share/TNG/tiff/2014/06/1861747957.tif /u/1stChoice/Share/TNG/tiffCurrent/ATL/
07/04/2014
/u/1stChoice/Share/TNG/tiff/2014/06/1861966914.tif here
cp /u/1stChoice/Share/TNG/tiff/2014/06/1861966914.tif /u/1stChoice/Share/TNG/tiffCurrent/ATL/
07/04/2014
/u/1stChoice/Share/TNG/tiff/2014/06/1862924810.tif here
cp /u/1stChoice/Share/TNG/tiff/2014/06/1862924810.tif /u/1stChoice/Share/TNG/tiffCurrent/ATL/
07/04/2014
/u/1stChoice/Share/TNG/tiff/2014/06/1862445404.tif here
cp /u/1stChoice/Share/TNG/tiff/2014/06/1862445404.tif /u/1stChoice/Share/TNG/tiffCurrent/ATL/
07/04/2014
/u/1stChoice/Share/TNG/tiff/2014/06/1861668710.tif here
cp /u/1stChoice/Share/TNG/tiff/2014/06/1861668710.tif /u/1stChoice/Share/TNG/tiffCurrent/ATL/
07/04/2014
/u/1stChoice/Share/TNG/tiff/2014/06/1862476310.tif here
cp /u/1stChoice/Share/TNG/tiff/2014/06/1862476310.tif /u/1stChoice/Share/TNG/tiffCurrent/ATL/
07/04/2014
/u/1stChoice/Share/TNG/tiff/2014/06/8796176.tif here
cp /u/1stChoice/Share/TNG/tiff/2014/06/8796176.tif /u/1stChoice/Share/TNG/tiffCurrent/null/
07/04/2014
/u/1stChoice/Share/TNG/tiff/2014/06/8797145.tif here
cp /u/1stChoice/Share/TNG/tiff/2014/06/8797145.tif /u/1stChoice/Share/TNG/tiffCurrent/null/
07/04/2014
/u/1stChoice/Share/TNG/tiff/2014/06/8796190.tif here
cp /u/1stChoice/Share/TNG/tiff/2014/06/8796190.tif /u/1stChoice/Share/TNG/tiffCurrent/null/
07/04/2014
/u/1stChoice/Share/TNG/tiff/2014/06/1862477710.tif here
cp /u/1stChoice/Share/TNG/tiff/2014/06/1862477710.tif /u/1stChoice/Share/TNG/tiffCurrent/ATL/
07/04/2014
/u/1stChoice/Share/TNG/tiff/2014/06/1311986402.tif here
cp /u/1stChoice/Share/TNG/tiff/2014/06/1311986402.tif /u/1stChoice/Share/TNG/tiffCurrent/SAC/
07/04/2014
/u/1stChoice/Share/TNG/tiff/2014/06/1861668610.tif here
cp /u/1stChoice/Share/TNG/tiff/2014/06/1861668610.tif /u/1stChoice/Share/TNG/tiffCurrent/ATL/
07/04/2014
/u/1stChoice/Share/TNG/tiff/2014/06/1862476210.tif here
cp /u/1stChoice/Share/TNG/tiff/2014/06/1862476210.tif /u/1stChoice/Share/TNG/tiffCurrent/ATL/
07/04/2014
/u/1stChoice/Share/TNG/tiff/2014/06/8796175.tif here
cp /u/1stChoice/Share/TNG/tiff/2014/06/8796175.tif /u/1stChoice/Share/TNG/tiffCurrent/null/
07/04/2014
/u/1stChoice/Share/TNG/tiff/2014/06/1862473210.tif here
cp /u/1stChoice/Share/TNG/tiff/2014/06/1862473210.tif /u/1stChoice/Share/TNG/tiffCurrent/ATL/
07/04/2014
/u/1stChoice/Share/TNG/tiff/2014/06/1862478510.tif here
cp /u/1stChoice/Share/TNG/tiff/2014/06/1862478510.tif /u/1stChoice/Share/TNG/tiffCurrent/ATL/
07/04/2014
/u/1stChoice/Share/TNG/tiff/2014/06/1862476610.tif here
cp /u/1stChoice/Share/TNG/tiff/2014/06/1862476610.tif /u/1stChoice/Share/TNG/tiffCurrent/ATL/
07/04/2014
/u/1stChoice/Share/TNG/tiff/2014/06/8796155.tif here
cp /u/1stChoice/Share/TNG/tiff/2014/06/8796155.tif /u/1stChoice/Share/TNG/tiffCurrent/null/
07/04/2014
/u/1stChoice/Share/TNG/tiff/2014/06/1862920203.tif here
cp /u/1stChoice/Share/TNG/tiff/2014/06/1862920203.tif /u/1stChoice/Share/TNG/tiffCurrent/ATL/
07/04/2014
/u/1stChoice/Share/TNG/tiff/2014/06/1862924710.tif here
cp /u/1stChoice/Share/TNG/tiff/2014/06/1862924710.tif /u/1stChoice/Share/TNG/tiffCurrent/ATL/
07/04/2014
/u/1stChoice/Share/TNG/tiff/2014/06/1862449104.tif here
cp /u/1stChoice/Share/TNG/tiff/2014/06/1862449104.tif /u/1stChoice/Share/TNG/tiffCurrent/ATL/
07/04/2014
/u/1stChoice/Share/TNG/tiff/2014/06/1862886903.tif here
cp /u/1stChoice/Share/TNG/tiff/2014/06/1862886903.tif /u/1stChoice/Share/TNG/tiffCurrent/ATL/
07/04/2014
/u/1stChoice/Share/TNG/tiff/2014/06/1861966814.tif here
cp /u/1stChoice/Share/TNG/tiff/2014/06/1861966814.tif /u/1stChoice/Share/TNG/tiffCurrent/ATL/
07/04/2014
/u/1stChoice/Share/TNG/tiff/2014/06/1862407303.tif here
cp /u/1stChoice/Share/TNG/tiff/2014/06/1862407303.tif /u/1stChoice/Share/TNG/tiffCurrent/ATL/
07/04/2014
/u/1stChoice/Share/TNG/tiff/2014/06/8796766.tif here
cp /u/1stChoice/Share/TNG/tiff/2014/06/8796766.tif /u/1stChoice/Share/TNG/tiffCurrent/null/
07/04/2014
/u/1stChoice/Share/TNG/tiff/2014/06/1862407103.tif here
cp /u/1stChoice/Share/TNG/tiff/2014/06/1862407103.tif /u/1stChoice/Share/TNG/tiffCurrent/ATL/
07/04/2014
/u/1stChoice/Share/TNG/tiff/2014/06/8797448.tif here
cp /u/1stChoice/Share/TNG/tiff/2014/06/8797448.tif /u/1stChoice/Share/TNG/tiffCurrent/null/
07/04/2014
/u/1stChoice/Share/TNG/tiff/2014/06/1862421512.tif here
cp /u/1stChoice/Share/TNG/tiff/2014/06/1862421512.tif /u/1stChoice/Share/TNG/tiffCurrent/ATL/
07/04/2014
/u/1stChoice/Share/TNG/tiff/2014/06/8796721.tif here
cp /u/1stChoice/Share/TNG/tiff/2014/06/8796721.tif /u/1stChoice/Share/TNG/tiffCurrent/null/
07/04/2014
/u/1stChoice/Share/TNG/tiff/2014/06/1861967014.tif here
cp /u/1stChoice/Share/TNG/tiff/2014/06/1861967014.tif /u/1stChoice/Share/TNG/tiffCurrent/ATL/
07/04/2014
/u/1stChoice/Share/TNG/tiff/2014/06/1862431812.tif here
cp /u/1stChoice/Share/TNG/tiff/2014/06/1862431812.tif /u/1stChoice/Share/TNG/tiffCurrent/ATL/
07/04/2014
/u/1stChoice/Share/TNG/tiff/2014/06/1862478010.tif here
cp /u/1stChoice/Share/TNG/tiff/2014/06/1862478010.tif /u/1stChoice/Share/TNG/tiffCurrent/ATL/
07/04/2014
/u/1stChoice/Share/TNG/tiff/2014/06/8796712.tif here
cp /u/1stChoice/Share/TNG/tiff/2014/06/8796712.tif /u/1stChoice/Share/TNG/tiffCurrent/null/
07/04/2014
/u/1stChoice/Share/TNG/tiff/2014/06/1862444604.tif here
cp /u/1stChoice/Share/TNG/tiff/2014/06/1862444604.tif /u/1stChoice/Share/TNG/tiffCurrent/ATL/
07/04/2014
/u/1stChoice/Share/TNG/tiff/2014/06/8796182.tif here
cp /u/1stChoice/Share/TNG/tiff/2014/06/8796182.tif /u/1stChoice/Share/TNG/tiffCurrent/null/
07/04/2014
/u/1stChoice/Share/TNG/tiff/2014/06/1862476010.tif here
cp /u/1stChoice/Share/TNG/tiff/2014/06/1862476010.tif /u/1stChoice/Share/TNG/tiffCurrent/ATL/
07/04/2014
/u/1stChoice/Share/TNG/tiff/2014/06/1862430912.tif here
cp /u/1stChoice/Share/TNG/tiff/2014/06/1862430912.tif /u/1stChoice/Share/TNG/tiffCurrent/ATL/
07/04/2014
/u/1stChoice/Share/TNG/tiff/2014/06/1311859602.tif here
cp /u/1stChoice/Share/TNG/tiff/2014/06/1311859602.tif /u/1stChoice/Share/TNG/tiffCurrent/SAC/
07/04/2014
/u/1stChoice/Share/TNG/tiff/2014/06/1311986202.tif here
cp /u/1stChoice/Share/TNG/tiff/2014/06/1311986202.tif /u/1stChoice/Share/TNG/tiffCurrent/SAC/
07/04/2014
/u/1stChoice/Share/TNG/tiff/2014/06/1861967214.tif here
cp /u/1stChoice/Share/TNG/tiff/2014/06/1861967214.tif /u/1stChoice/Share/TNG/tiffCurrent/ATL/
07/04/2014
/u/1stChoice/Share/TNG/tiff/2014/06/1862445304.tif here
cp /u/1stChoice/Share/TNG/tiff/2014/06/1862445304.tif /u/1stChoice/Share/TNG/tiffCurrent/ATL/
07/04/2014
/u/1stChoice/Share/TNG/tiff/2014/06/1861666903.tif here
cp /u/1stChoice/Share/TNG/tiff/2014/06/1861666903.tif /u/1stChoice/Share/TNG/tiffCurrent/ATL/
07/04/2014
/u/1stChoice/Share/TNG/tiff/2014/06/1862407003.tif here
cp /u/1stChoice/Share/TNG/tiff/2014/06/1862407003.tif /u/1stChoice/Share/TNG/tiffCurrent/ATL/
07/04/2014
/u/1stChoice/Share/TNG/tiff/2014/06/8796722.tif here
cp /u/1stChoice/Share/TNG/tiff/2014/06/8796722.tif /u/1stChoice/Share/TNG/tiffCurrent/null/
07/04/2014
/u/1stChoice/Share/TNG/tiff/2014/06/1862431912.tif here
cp /u/1stChoice/Share/TNG/tiff/2014/06/1862431912.tif /u/1stChoice/Share/TNG/tiffCurrent/ATL/
07/04/2014
/u/1stChoice/Share/TNG/tiff/2014/06/1861666803.tif here
cp /u/1stChoice/Share/TNG/tiff/2014/06/1861666803.tif /u/1stChoice/Share/TNG/tiffCurrent/ATL/
07/04/2014
/u/1stChoice/Share/TNG/tiff/2014/06/1862406903.tif here
cp /u/1stChoice/Share/TNG/tiff/2014/06/1862406903.tif /u/1stChoice/Share/TNG/tiffCurrent/ATL/
07/04/2014
/u/1stChoice/Share/TNG/tiff/2014/06/1862409903.tif here
cp /u/1stChoice/Share/TNG/tiff/2014/06/1862409903.tif /u/1stChoice/Share/TNG/tiffCurrent/ATL/
07/04/2014
/u/1stChoice/Share/TNG/tiff/2014/06/1862478410.tif here
cp /u/1stChoice/Share/TNG/tiff/2014/06/1862478410.tif /u/1stChoice/Share/TNG/tiffCurrent/ATL/
07/04/2014
/u/1stChoice/Share/TNG/tiff/2014/06/1311988102.tif here
cp /u/1stChoice/Share/TNG/tiff/2014/06/1311988102.tif /u/1stChoice/Share/TNG/tiffCurrent/SAC/
07/04/2014
/u/1stChoice/Share/TNG/tiff/2014/06/1311817302.tif here
cp /u/1stChoice/Share/TNG/tiff/2014/06/1311817302.tif /u/1stChoice/Share/TNG/tiffCurrent/SAC/
07/04/2014
/u/1stChoice/Share/TNG/tiff/2014/06/8797445.tif here
cp /u/1stChoice/Share/TNG/tiff/2014/06/8797445.tif /u/1stChoice/Share/TNG/tiffCurrent/null/
07/04/2014
/u/1stChoice/Share/TNG/tiff/2014/06/1862421812.tif here
cp /u/1stChoice/Share/TNG/tiff/2014/06/1862421812.tif /u/1stChoice/Share/TNG/tiffCurrent/ATL/
07/04/2014
/u/1stChoice/Share/TNG/tiff/2014/06/1862473110.tif here
cp /u/1stChoice/Share/TNG/tiff/2014/06/1862473110.tif /u/1stChoice/Share/TNG/tiffCurrent/ATL/
07/04/2014
/u/1stChoice/Share/TNG/tiff/2014/06/8797447.tif here
cp /u/1stChoice/Share/TNG/tiff/2014/06/8797447.tif /u/1stChoice/Share/TNG/tiffCurrent/null/
07/04/2014
/u/1stChoice/Share/TNG/tiff/2014/06/1862421912.tif here
cp /u/1stChoice/Share/TNG/tiff/2014/06/1862421912.tif /u/1stChoice/Share/TNG/tiffCurrent/ATL/
07/04/2014
/u/1stChoice/Share/TNG/tiff/2014/06/8796156.tif here
cp /u/1stChoice/Share/TNG/tiff/2014/06/8796156.tif /u/1stChoice/Share/TNG/tiffCurrent/null/
07/04/2014
/u/1stChoice/Share/TNG/tiff/2014/06/8796172.tif here
cp /u/1stChoice/Share/TNG/tiff/2014/06/8796172.tif /u/1stChoice/Share/TNG/tiffCurrent/null/
07/04/2014
/u/1stChoice/Share/TNG/tiff/2014/06/1862475710.tif here
cp /u/1stChoice/Share/TNG/tiff/2014/06/1862475710.tif /u/1stChoice/Share/TNG/tiffCurrent/ATL/
07/04/2014
/u/1stChoice/Share/TNG/tiff/2014/06/8797443.tif here
cp /u/1stChoice/Share/TNG/tiff/2014/06/8797443.tif /u/1stChoice/Share/TNG/tiffCurrent/null/
07/04/2014
/u/1stChoice/Share/TNG/tiff/2014/06/1862421712.tif here
cp /u/1stChoice/Share/TNG/tiff/2014/06/1862421712.tif /u/1stChoice/Share/TNG/tiffCurrent/ATL/
07/04/2014
/u/1stChoice/Share/TNG/tiff/2014/06/8796174.tif here
cp /u/1stChoice/Share/TNG/tiff/2014/06/8796174.tif /u/1stChoice/Share/TNG/tiffCurrent/null/
07/04/2014
/u/1stChoice/Share/TNG/tiff/2014/06/1862475610.tif here
cp /u/1stChoice/Share/TNG/tiff/2014/06/1862475610.tif /u/1stChoice/Share/TNG/tiffCurrent/ATL/
07/04/2014
/u/1stChoice/Share/TNG/tiff/2014/06/1311988202.tif here
cp /u/1stChoice/Share/TNG/tiff/2014/06/1311988202.tif /u/1stChoice/Share/TNG/tiffCurrent/SAC/
07/04/2014
/u/1stChoice/Share/TNG/tiff/2014/06/1862430612.tif here
cp /u/1stChoice/Share/TNG/tiff/2014/06/1862430612.tif /u/1stChoice/Share/TNG/tiffCurrent/ATL/
07/04/2014
/u/1stChoice/Share/TNG/tiff/2014/06/1311986102.tif here
cp /u/1stChoice/Share/TNG/tiff/2014/06/1311986102.tif /u/1stChoice/Share/TNG/tiffCurrent/SAC/
07/04/2014
/u/1stChoice/Share/TNG/tiff/2014/06/8796170.tif here
cp /u/1stChoice/Share/TNG/tiff/2014/06/8796170.tif /u/1stChoice/Share/TNG/tiffCurrent/null/
07/04/2014
/u/1stChoice/Share/TNG/tiff/2014/06/1862475510.tif here
cp /u/1stChoice/Share/TNG/tiff/2014/06/1862475510.tif /u/1stChoice/Share/TNG/tiffCurrent/ATL/
07/04/2014
/u/1stChoice/Share/TNG/tiff/2014/06/1862430712.tif here
cp /u/1stChoice/Share/TNG/tiff/2014/06/1862430712.tif /u/1stChoice/Share/TNG/tiffCurrent/ATL/
07/04/2014
/u/1stChoice/Share/TNG/tiff/2014/06/8796181.tif here
cp /u/1stChoice/Share/TNG/tiff/2014/06/8796181.tif /u/1stChoice/Share/TNG/tiffCurrent/null/
07/04/2014
/u/1stChoice/Share/TNG/tiff/2014/06/1311986502.tif here
cp /u/1stChoice/Share/TNG/tiff/2014/06/1311986502.tif /u/1stChoice/Share/TNG/tiffCurrent/SAC/
07/04/2014
/u/1stChoice/Share/TNG/tiff/2014/06/8796177.tif here
cp /u/1stChoice/Share/TNG/tiff/2014/06/8796177.tif /u/1stChoice/Share/TNG/tiffCurrent/null/
07/04/2014
/u/1stChoice/Share/TNG/tiff/2014/06/1862476110.tif here
cp /u/1stChoice/Share/TNG/tiff/2014/06/1862476110.tif /u/1stChoice/Share/TNG/tiffCurrent/ATL/
07/04/2014
/u/1stChoice/Share/TNG/tiff/2014/06/1311986002.tif here
cp /u/1stChoice/Share/TNG/tiff/2014/06/1311986002.tif /u/1stChoice/Share/TNG/tiffCurrent/SAC/
07/04/2014
/u/1stChoice/Share/TNG/tiff/2014/06/8796171.tif here
cp /u/1stChoice/Share/TNG/tiff/2014/06/8796171.tif /u/1stChoice/Share/TNG/tiffCurrent/null/
07/04/2014
/u/1stChoice/Share/TNG/tiff/2014/06/1862475410.tif here
cp /u/1stChoice/Share/TNG/tiff/2014/06/1862475410.tif /u/1stChoice/Share/TNG/tiffCurrent/ATL/
07/04/2014
/u/1stChoice/Share/TNG/tiff/2014/06/1311985902.tif here
cp /u/1stChoice/Share/TNG/tiff/2014/06/1311985902.tif /u/1stChoice/Share/TNG/tiffCurrent/SAC/
07/04/2014
/u/1stChoice/Share/TNG/tiff/2014/06/8796178.tif here
cp /u/1stChoice/Share/TNG/tiff/2014/06/8796178.tif /u/1stChoice/Share/TNG/tiffCurrent/null/
07/04/2014
/u/1stChoice/Share/TNG/tiff/2014/06/1862475910.tif here
cp /u/1stChoice/Share/TNG/tiff/2014/06/1862475910.tif /u/1stChoice/Share/TNG/tiffCurrent/ATL/
07/04/2014
/u/1stChoice/Share/TNG/tiff/2014/06/8796169.tif here
cp /u/1stChoice/Share/TNG/tiff/2014/06/8796169.tif /u/1stChoice/Share/TNG/tiffCurrent/null/
07/04/2014
/u/1stChoice/Share/TNG/tiff/2014/06/1862475310.tif here
cp /u/1stChoice/Share/TNG/tiff/2014/06/1862475310.tif /u/1stChoice/Share/TNG/tiffCurrent/ATL/
07/04/2014
/u/1stChoice/Share/TNG/tiff/2014/06/8796180.tif here
cp /u/1stChoice/Share/TNG/tiff/2014/06/8796180.tif /u/1stChoice/Share/TNG/tiffCurrent/null/
07/04/2014
/u/1stChoice/Share/TNG/tiff/2014/06/1862475810.tif here
cp /u/1stChoice/Share/TNG/tiff/2014/06/1862475810.tif /u/1stChoice/Share/TNG/tiffCurrent/ATL/
07/04/2014
/u/1stChoice/Share/TNG/tiff/2014/06/1311985802.tif here
cp /u/1stChoice/Share/TNG/tiff/2014/06/1311985802.tif /u/1stChoice/Share/TNG/tiffCurrent/SAC/
07/04/2014
/u/1stChoice/Share/TNG/tiff/2014/06/8796173.tif here
cp /u/1stChoice/Share/TNG/tiff/2014/06/8796173.tif /u/1stChoice/Share/TNG/tiffCurrent/null/
07/04/2014
/u/1stChoice/Share/TNG/tiff/2014/06/1862475210.tif here
cp /u/1stChoice/Share/TNG/tiff/2014/06/1862475210.tif /u/1stChoice/Share/TNG/tiffCurrent/ATL/
07/04/2014
/u/1stChoice/Share/TNG/tiff/2014/06/1311986702.tif here
cp /u/1stChoice/Share/TNG/tiff/2014/06/1311986702.tif /u/1stChoice/Share/TNG/tiffCurrent/SAC/
07/04/2014
/u/1stChoice/Share/TNG/tiff/2014/06/1311986602.tif here
cp /u/1stChoice/Share/TNG/tiff/2014/06/1311986602.tif /u/1stChoice/Share/TNG/tiffCurrent/SAC/
07/04/2014
/u/1stChoice/Share/TNG/tiff/2014/06/1311985702.tif here
cp /u/1stChoice/Share/TNG/tiff/2014/06/1311985702.tif /u/1stChoice/Share/TNG/tiffCurrent/SAC/
07/04/2014
/u/1stChoice/Share/TNG/tiff/2014/06/1311986802.tif here
cp /u/1stChoice/Share/TNG/tiff/2014/06/1311986802.tif /u/1stChoice/Share/TNG/tiffCurrent/SAC/
07/04/2014
/u/1stChoice/Share/TNG/tiff/2014/06/1311986902.tif here
cp /u/1stChoice/Share/TNG/tiff/2014/06/1311986902.tif /u/1stChoice/Share/TNG/tiffCurrent/SAC/
07/04/2014
/u/1stChoice/Share/TNG/tiff/2014/06/1861799857.tif here
cp /u/1stChoice/Share/TNG/tiff/2014/06/1861799857.tif /u/1stChoice/Share/TNG/tiffCurrent/ATL/
07/04/2014
/u/1stChoice/Share/TNG/tiff/2014/06/1861800557.tif here
cp /u/1stChoice/Share/TNG/tiff/2014/06/1861800557.tif /u/1stChoice/Share/TNG/tiffCurrent/ATL/
07/04/2014
/u/1stChoice/Share/TNG/tiff/2014/06/1861800857.tif here
cp /u/1stChoice/Share/TNG/tiff/2014/06/1861800857.tif /u/1stChoice/Share/TNG/tiffCurrent/ATL/
07/04/2014
/u/1stChoice/Share/TNG/tiff/2014/06/1861716657.tif here
cp /u/1stChoice/Share/TNG/tiff/2014/06/1861716657.tif /u/1stChoice/Share/TNG/tiffCurrent/null/
07/04/2014
/u/1stChoice/Share/TNG/tiff/2014/06/1861746457.tif here
cp /u/1stChoice/Share/TNG/tiff/2014/06/1861746457.tif /u/1stChoice/Share/TNG/tiffCurrent/null/
07/04/2014
/u/1stChoice/Share/TNG/tiff/2014/06/1861750057.tif here
cp /u/1stChoice/Share/TNG/tiff/2014/06/1861750057.tif /u/1stChoice/Share/TNG/tiffCurrent/ATL/
07/04/2014
/u/1stChoice/Share/TNG/tiff/2014/06/1861758457.tif here
cp /u/1stChoice/Share/TNG/tiff/2014/06/1861758457.tif /u/1stChoice/Share/TNG/tiffCurrent/ATL/
07/04/2014
/u/1stChoice/Share/TNG/tiff/2014/06/1861715157.tif here
cp /u/1stChoice/Share/TNG/tiff/2014/06/1861715157.tif /u/1stChoice/Share/TNG/tiffCurrent/null/
07/04/2014
/u/1stChoice/Share/TNG/tiff/2014/06/1861719157.tif here
cp /u/1stChoice/Share/TNG/tiff/2014/06/1861719157.tif /u/1stChoice/Share/TNG/tiffCurrent/null/
07/04/2014
/u/1stChoice/Share/TNG/tiff/2014/06/1861750357.tif here
cp /u/1stChoice/Share/TNG/tiff/2014/06/1861750357.tif /u/1stChoice/Share/TNG/tiffCurrent/null/
07/04/2014
/u/1stChoice/Share/TNG/tiff/2014/06/1861750657.tif here
cp /u/1stChoice/Share/TNG/tiff/2014/06/1861750657.tif /u/1stChoice/Share/TNG/tiffCurrent/null/
07/04/2014
/u/1stChoice/Share/TNG/tiff/2014/06/1861750957.tif here
cp /u/1stChoice/Share/TNG/tiff/2014/06/1861750957.tif /u/1stChoice/Share/TNG/tiffCurrent/null/
07/04/2014
/u/1stChoice/Share/TNG/tiff/2014/06/1861751257.tif here
cp /u/1stChoice/Share/TNG/tiff/2014/06/1861751257.tif /u/1stChoice/Share/TNG/tiffCurrent/null/
07/04/2014
/u/1stChoice/Share/TNG/tiff/2014/06/1861751557.tif here
cp /u/1stChoice/Share/TNG/tiff/2014/06/1861751557.tif /u/1stChoice/Share/TNG/tiffCurrent/null/
07/04/2014
/u/1stChoice/Share/TNG/tiff/2014/06/1861751857.tif here
cp /u/1stChoice/Share/TNG/tiff/2014/06/1861751857.tif /u/1stChoice/Share/TNG/tiffCurrent/null/
07/04/2014
/u/1stChoice/Share/TNG/tiff/2014/06/1861757257.tif here
cp /u/1stChoice/Share/TNG/tiff/2014/06/1861757257.tif /u/1stChoice/Share/TNG/tiffCurrent/null/
07/04/2014
/u/1stChoice/Share/TNG/tiff/2014/06/1861816356.tif here
cp /u/1stChoice/Share/TNG/tiff/2014/06/1861816356.tif /u/1stChoice/Share/TNG/tiffCurrent/null/
07/04/2014
/u/1stChoice/Share/TNG/tiff/2014/06/1861736633.tif here
cp /u/1stChoice/Share/TNG/tiff/2014/06/1861736633.tif /u/1stChoice/Share/TNG/tiffCurrent/null/
07/04/2014
/u/1stChoice/Share/TNG/tiff/2014/06/1861737033.tif here
cp /u/1stChoice/Share/TNG/tiff/2014/06/1861737033.tif /u/1stChoice/Share/TNG/tiffCurrent/null/
07/04/2014
/u/1stChoice/Share/TNG/tiff/2014/06/1861738033.tif here
cp /u/1stChoice/Share/TNG/tiff/2014/06/1861738033.tif /u/1stChoice/Share/TNG/tiffCurrent/null/
07/04/2014
/u/1stChoice/Share/TNG/tiff/2014/06/1861737633.tif here
cp /u/1stChoice/Share/TNG/tiff/2014/06/1861737633.tif /u/1stChoice/Share/TNG/tiffCurrent/null/
07/04/2014
/u/1stChoice/Share/TNG/tiff/2014/06/1861737833.tif here
cp /u/1stChoice/Share/TNG/tiff/2014/06/1861737833.tif /u/1stChoice/Share/TNG/tiffCurrent/null/
07/04/2014
/u/1stChoice/Share/TNG/tiff/2014/06/1311817502.tif here
cp /u/1stChoice/Share/TNG/tiff/2014/06/1311817502.tif /u/1stChoice/Share/TNG/tiffCurrent/SAC/
07/04/2014
/u/1stChoice/Share/TNG/tiff/2014/06/1311817402.tif here
cp /u/1stChoice/Share/TNG/tiff/2014/06/1311817402.tif /u/1stChoice/Share/TNG/tiffCurrent/SAC/
07/04/2014
/u/1stChoice/Share/TNG/tiff/2014/06/1311752502.tif here
cp /u/1stChoice/Share/TNG/tiff/2014/06/1311752502.tif /u/1stChoice/Share/TNG/tiffCurrent/SAC/
07/04/2014
/u/1stChoice/Share/TNG/tiff/2014/06/1311752402.tif here
cp /u/1stChoice/Share/TNG/tiff/2014/06/1311752402.tif /u/1stChoice/Share/TNG/tiffCurrent/SAC/
07/04/2014
/u/1stChoice/Share/TNG/tiff/2014/06/1311994802.tif here
cp /u/1stChoice/Share/TNG/tiff/2014/06/1311994802.tif /u/1stChoice/Share/TNG/tiffCurrent/SAC/
07/04/2014
/u/1stChoice/Share/TNG/tiff/2014/06/1311994702.tif here
cp /u/1stChoice/Share/TNG/tiff/2014/06/1311994702.tif /u/1stChoice/Share/TNG/tiffCurrent/SAC/
07/04/2014
/u/1stChoice/Share/TNG/tiff/2014/06/1311994602.tif here
cp /u/1stChoice/Share/TNG/tiff/2014/06/1311994602.tif /u/1stChoice/Share/TNG/tiffCurrent/SAC/
07/04/2014
/u/1stChoice/Share/TNG/tiff/2014/06/1311994402.tif here
cp /u/1stChoice/Share/TNG/tiff/2014/06/1311994402.tif /u/1stChoice/Share/TNG/tiffCurrent/SAC/
07/04/2014
/u/1stChoice/Share/TNG/tiff/2014/06/1311994202.tif here
cp /u/1stChoice/Share/TNG/tiff/2014/06/1311994202.tif /u/1stChoice/Share/TNG/tiffCurrent/SAC/
07/04/2014
/u/1stChoice/Share/TNG/tiff/2014/06/1292827003.tif here
cp /u/1stChoice/Share/TNG/tiff/2014/06/1292827003.tif /u/1stChoice/Share/TNG/tiffCurrent/null/
07/04/2014
/u/1stChoice/Share/TNG/tiff/2014/06/1292829103.tif here
cp /u/1stChoice/Share/TNG/tiff/2014/06/1292829103.tif /u/1stChoice/Share/TNG/tiffCurrent/null/
07/04/2014
/u/1stChoice/Share/TNG/tiff/2014/06/1292832403.tif here
cp /u/1stChoice/Share/TNG/tiff/2014/06/1292832403.tif /u/1stChoice/Share/TNG/tiffCurrent/null/
07/04/2014
/u/1stChoice/Share/TNG/tiff/2014/06/1292830003.tif here
cp /u/1stChoice/Share/TNG/tiff/2014/06/1292830003.tif /u/1stChoice/Share/TNG/tiffCurrent/null/
07/04/2014
/u/1stChoice/Share/TNG/tiff/2014/06/1292834301.tif here
cp /u/1stChoice/Share/TNG/tiff/2014/06/1292834301.tif /u/1stChoice/Share/TNG/tiffCurrent/null/
07/04/2014
/u/1stChoice/Share/TNG/tiff/2014/06/1292831403.tif here
cp /u/1stChoice/Share/TNG/tiff/2014/06/1292831403.tif /u/1stChoice/Share/TNG/tiffCurrent/null/
07/04/2014
/u/1stChoice/Share/TNG/tiff/2014/06/STL.tif here
STL
/u/1stChoice/Share/TNG/tiff/2014/06/
/u/1stChoice/Share/TNG/tiff/2014/06//STL.tif
/u/1stChoice/Share/TNG/tiff/2014/06/1311826402.tif here
cp /u/1stChoice/Share/TNG/tiff/2014/06/1311826402.tif /u/1stChoice/Share/TNG/tiffCurrent/SAC/
07/04/2014
/u/1stChoice/Share/TNG/tiff/2014/06/1311827202.tif here
cp /u/1stChoice/Share/TNG/tiff/2014/06/1311827202.tif /u/1stChoice/Share/TNG/tiffCurrent/SAC/
07/04/2014
/u/1stChoice/Share/TNG/tiff/2014/06/1311827002.tif here
cp /u/1stChoice/Share/TNG/tiff/2014/06/1311827002.tif /u/1stChoice/Share/TNG/tiffCurrent/SAC/
07/04/2014
/u/1stChoice/Share/TNG/tiff/2014/06/1311825502.tif here
cp /u/1stChoice/Share/TNG/tiff/2014/06/1311825502.tif /u/1stChoice/Share/TNG/tiffCurrent/SAC/
07/04/2014
/u/1stChoice/Share/TNG/tiff/2014/06/1311826902.tif here
cp /u/1stChoice/Share/TNG/tiff/2014/06/1311826902.tif /u/1stChoice/Share/TNG/tiffCurrent/SAC/
07/04/2014
/u/1stChoice/Share/TNG/tiff/2014/06/1311825402.tif here
cp /u/1stChoice/Share/TNG/tiff/2014/06/1311825402.tif /u/1stChoice/Share/TNG/tiffCurrent/SAC/
07/04/2014
/u/1stChoice/Share/TNG/tiff/2014/06/1311825302.tif here
cp /u/1stChoice/Share/TNG/tiff/2014/06/1311825302.tif /u/1stChoice/Share/TNG/tiffCurrent/SAC/
07/04/2014
/u/1stChoice/Share/TNG/tiff/2014/06/1311825202.tif here
cp /u/1stChoice/Share/TNG/tiff/2014/06/1311825202.tif /u/1stChoice/Share/TNG/tiffCurrent/SAC/
07/04/2014
/u/1stChoice/Share/TNG/tiff/2014/06/1311825102.tif here
cp /u/1stChoice/Share/TNG/tiff/2014/06/1311825102.tif /u/1stChoice/Share/TNG/tiffCurrent/SAC/
07/04/2014
/u/1stChoice/Share/TNG/tiff/2014/06/1311826702.tif here
cp /u/1stChoice/Share/TNG/tiff/2014/06/1311826702.tif /u/1stChoice/Share/TNG/tiffCurrent/SAC/
07/04/2014
/u/1stChoice/Share/TNG/tiff/2014/06/1311826602.tif here
cp /u/1stChoice/Share/TNG/tiff/2014/06/1311826602.tif /u/1stChoice/Share/TNG/tiffCurrent/SAC/
07/04/2014
/u/1stChoice/Share/TNG/tiff/2014/06/1311826502.tif here
cp /u/1stChoice/Share/TNG/tiff/2014/06/1311826502.tif /u/1stChoice/Share/TNG/tiffCurrent/SAC/
07/04/2014
/u/1stChoice/Share/TNG/tiff/2014/06/1292954911.tif here
cp /u/1stChoice/Share/TNG/tiff/2014/06/1292954911.tif /u/1stChoice/Share/TNG/tiffCurrent/null/
07/04/2014
/u/1stChoice/Share/TNG/tiff/2014/06/1292955911.tif here
cp /u/1stChoice/Share/TNG/tiff/2014/06/1292955911.tif /u/1stChoice/Share/TNG/tiffCurrent/null/
07/04/2014
/u/1stChoice/Share/TNG/tiff/2014/06/1292955511.tif here
cp /u/1stChoice/Share/TNG/tiff/2014/06/1292955511.tif /u/1stChoice/Share/TNG/tiffCurrent/null/
07/04/2014
/u/1stChoice/Share/TNG/tiff/2014/06/1292956611.tif here
1292956611
/u/1stChoice/Share/TNG/tiff/2014/06/
/u/1stChoice/Share/TNG/tiff/2014/06//1292956611.tif
8
06/26/2014
             87
1862281510
8796552
8796555
1862918414
1862223412
8797335
1862228812
8797345
1862918314
1862888303
8795422
1862885203
8796553
1862886203
1862149203
1862918214
1862223612
1862885103
8794687
1862118314
1862918914
1861959614
1862886603
1862885303
1862888103
1861959514
1311766202
1862886403
1862906410
1311762902
8794688
8797339
1862229112
8797348
1862886503
1862230112
8797346
1862217412
1862118214
1861959314
1311765702
1311751702
1311585603
1311585602
1311761702
1862275710
1861616612
1862223812
8795445
1311762302
1861959114
1862885903
1862229912
8797342
1862906310
8796551
1311765602
1311762002
1862224012
1862905810
1862886003
1311764702
1311766102
8797333
8797338
1311751602
1311585503
1311585502
1861959414
1862918814
1311761202
1311762402
8796550
1862905710
1862885603
1862275610
1862885503
1862905510
1862280610
1311765902
1311765002
1861957614
1311766002
1862888203
1862229512
8797341
8796554
1862885703
1311762802
1862905610
1861957414
1311763302
1311817102
1311640903
1311765202
1311640902
1862888403
1862229712
8797343
1862905410
1311761402
1862888603
1862279710
1862280510
1862905310
1861617910
8795245
1311764402
1311817202
1311765502
1311765102
1311641003
1311641002
8795845
8795406
8797051
1862906010
1862224412
8795723
1311764302
1862918514
1862275310
1862148603
1862280410
1862905210
8795407
1862280110
1311760802
1311765402
1860560914
1862281410
1862280310
1862887103
1862906110
8795724
1862147403
1311751902
1311585803
1862274910
1862905110
8797052
1311762502
1311765802
1861611303
1862149003
1862280210
8795846
1862275410
1311764502
1311765302
1311585802
1311764802
1311752102
1862278010
1861616712
1862224212
1861610803
1862147103
8795404
1862923810
8795403
1862275510
1311586003
1311764902
1862887503
8795242
1862148403
1862278110
1311763402
1311760602
1862905910
8795714
1862280010
8797032
1861610903
1862147503
1311764602
1311763702
8795405
1861617510
1862275110
1862148303
1861611203
1862148803
1862224612
1311760902
1311761902
1311763502
1311586002
1862149103
1311751802
1311585703
1311585702
1311764102
1311761502
1862281310
8796560
8796557
1862147303
8795416
1311764002
1861611003
1862147603
1862148903
1862281210
1311763002
1311762602
1862224712
1311586202
1311752302
1311586203
1311763902
8796562
1861617204
8796559
8796561
8796558
8795411
1862278810
1311763202
1311761602
1311761102
1311763102
1311764202
1311762202
1862278910
8795412
1862147203
1861610703
1862146603
1861616812
1862224912
1311761302
1311752202
1311586103
8797029
1862147003
1311760702
1311763802
1861617810
1311762102
1311763602
1311766302
1311586102
1311752002
1311766402
1311585903
1311585902
1311761802
1311761002
1311762702
1860561014
1861691314
---0% --------20% --------40% --------60% --------80% --------100% -----/u/1stChoice/Share/TNG/tiff/2014/06/             87.tif here
             87
/u/1stChoice/Share/TNG/tiff/2014/06/
/u/1stChoice/Share/TNG/tiff/2014/06//             87.tif
/u/1stChoice/Share/TNG/tiff/2014/06/1862281510.tif here
cp /u/1stChoice/Share/TNG/tiff/2014/06/1862281510.tif /u/1stChoice/Share/TNG/tiffCurrent/ATL/
07/04/2014
/u/1stChoice/Share/TNG/tiff/2014/06/8796552.tif here
cp /u/1stChoice/Share/TNG/tiff/2014/06/8796552.tif /u/1stChoice/Share/TNG/tiffCurrent/null/
07/04/2014
/u/1stChoice/Share/TNG/tiff/2014/06/8796555.tif here
cp /u/1stChoice/Share/TNG/tiff/2014/06/8796555.tif /u/1stChoice/Share/TNG/tiffCurrent/null/
07/04/2014
/u/1stChoice/Share/TNG/tiff/2014/06/1862918414.tif here
cp /u/1stChoice/Share/TNG/tiff/2014/06/1862918414.tif /u/1stChoice/Share/TNG/tiffCurrent/ATL/
07/04/2014
/u/1stChoice/Share/TNG/tiff/2014/06/1862223412.tif here
cp /u/1stChoice/Share/TNG/tiff/2014/06/1862223412.tif /u/1stChoice/Share/TNG/tiffCurrent/ATL/
07/04/2014
/u/1stChoice/Share/TNG/tiff/2014/06/8797335.tif here
cp /u/1stChoice/Share/TNG/tiff/2014/06/8797335.tif /u/1stChoice/Share/TNG/tiffCurrent/null/
07/04/2014
/u/1stChoice/Share/TNG/tiff/2014/06/1862228812.tif here
cp /u/1stChoice/Share/TNG/tiff/2014/06/1862228812.tif /u/1stChoice/Share/TNG/tiffCurrent/ATL/
07/04/2014
/u/1stChoice/Share/TNG/tiff/2014/06/8797345.tif here
cp /u/1stChoice/Share/TNG/tiff/2014/06/8797345.tif /u/1stChoice/Share/TNG/tiffCurrent/null/
07/04/2014
/u/1stChoice/Share/TNG/tiff/2014/06/1862918314.tif here
cp /u/1stChoice/Share/TNG/tiff/2014/06/1862918314.tif /u/1stChoice/Share/TNG/tiffCurrent/ATL/
07/04/2014
/u/1stChoice/Share/TNG/tiff/2014/06/1862888303.tif here
cp /u/1stChoice/Share/TNG/tiff/2014/06/1862888303.tif /u/1stChoice/Share/TNG/tiffCurrent/ATL/
07/04/2014
/u/1stChoice/Share/TNG/tiff/2014/06/8795422.tif here
cp /u/1stChoice/Share/TNG/tiff/2014/06/8795422.tif /u/1stChoice/Share/TNG/tiffCurrent/null/
07/04/2014
/u/1stChoice/Share/TNG/tiff/2014/06/1862885203.tif here
cp /u/1stChoice/Share/TNG/tiff/2014/06/1862885203.tif /u/1stChoice/Share/TNG/tiffCurrent/ATL/
07/04/2014
/u/1stChoice/Share/TNG/tiff/2014/06/8796553.tif here
cp /u/1stChoice/Share/TNG/tiff/2014/06/8796553.tif /u/1stChoice/Share/TNG/tiffCurrent/null/
07/04/2014
/u/1stChoice/Share/TNG/tiff/2014/06/1862886203.tif here
cp /u/1stChoice/Share/TNG/tiff/2014/06/1862886203.tif /u/1stChoice/Share/TNG/tiffCurrent/ATL/
07/04/2014
/u/1stChoice/Share/TNG/tiff/2014/06/1862149203.tif here
cp /u/1stChoice/Share/TNG/tiff/2014/06/1862149203.tif /u/1stChoice/Share/TNG/tiffCurrent/ATL/
07/04/2014
/u/1stChoice/Share/TNG/tiff/2014/06/1862918214.tif here
cp /u/1stChoice/Share/TNG/tiff/2014/06/1862918214.tif /u/1stChoice/Share/TNG/tiffCurrent/ATL/
07/04/2014
/u/1stChoice/Share/TNG/tiff/2014/06/1862223612.tif here
cp /u/1stChoice/Share/TNG/tiff/2014/06/1862223612.tif /u/1stChoice/Share/TNG/tiffCurrent/ATL/
07/04/2014
/u/1stChoice/Share/TNG/tiff/2014/06/1862885103.tif here
cp /u/1stChoice/Share/TNG/tiff/2014/06/1862885103.tif /u/1stChoice/Share/TNG/tiffCurrent/ATL/
07/04/2014
/u/1stChoice/Share/TNG/tiff/2014/06/8794687.tif here
cp /u/1stChoice/Share/TNG/tiff/2014/06/8794687.tif /u/1stChoice/Share/TNG/tiffCurrent/null/
07/04/2014
/u/1stChoice/Share/TNG/tiff/2014/06/1862118314.tif here
cp /u/1stChoice/Share/TNG/tiff/2014/06/1862118314.tif /u/1stChoice/Share/TNG/tiffCurrent/ATL/
07/04/2014
/u/1stChoice/Share/TNG/tiff/2014/06/1862918914.tif here
cp /u/1stChoice/Share/TNG/tiff/2014/06/1862918914.tif /u/1stChoice/Share/TNG/tiffCurrent/ATL/
07/04/2014
/u/1stChoice/Share/TNG/tiff/2014/06/1861959614.tif here
cp /u/1stChoice/Share/TNG/tiff/2014/06/1861959614.tif /u/1stChoice/Share/TNG/tiffCurrent/ATL/
07/04/2014
/u/1stChoice/Share/TNG/tiff/2014/06/1862886603.tif here
cp /u/1stChoice/Share/TNG/tiff/2014/06/1862886603.tif /u/1stChoice/Share/TNG/tiffCurrent/ATL/
07/04/2014
/u/1stChoice/Share/TNG/tiff/2014/06/1862885303.tif here
cp /u/1stChoice/Share/TNG/tiff/2014/06/1862885303.tif /u/1stChoice/Share/TNG/tiffCurrent/ATL/
07/04/2014
/u/1stChoice/Share/TNG/tiff/2014/06/1862888103.tif here
cp /u/1stChoice/Share/TNG/tiff/2014/06/1862888103.tif /u/1stChoice/Share/TNG/tiffCurrent/ATL/
07/04/2014
/u/1stChoice/Share/TNG/tiff/2014/06/1861959514.tif here
cp /u/1stChoice/Share/TNG/tiff/2014/06/1861959514.tif /u/1stChoice/Share/TNG/tiffCurrent/ATL/
07/04/2014
/u/1stChoice/Share/TNG/tiff/2014/06/1311766202.tif here
cp /u/1stChoice/Share/TNG/tiff/2014/06/1311766202.tif /u/1stChoice/Share/TNG/tiffCurrent/SAC/
07/04/2014
/u/1stChoice/Share/TNG/tiff/2014/06/1862886403.tif here
cp /u/1stChoice/Share/TNG/tiff/2014/06/1862886403.tif /u/1stChoice/Share/TNG/tiffCurrent/ATL/
07/04/2014
/u/1stChoice/Share/TNG/tiff/2014/06/1862906410.tif here
cp /u/1stChoice/Share/TNG/tiff/2014/06/1862906410.tif /u/1stChoice/Share/TNG/tiffCurrent/ATL/
07/04/2014
/u/1stChoice/Share/TNG/tiff/2014/06/1311762902.tif here
cp /u/1stChoice/Share/TNG/tiff/2014/06/1311762902.tif /u/1stChoice/Share/TNG/tiffCurrent/SAC/
07/04/2014
/u/1stChoice/Share/TNG/tiff/2014/06/8794688.tif here
cp /u/1stChoice/Share/TNG/tiff/2014/06/8794688.tif /u/1stChoice/Share/TNG/tiffCurrent/null/
07/04/2014
/u/1stChoice/Share/TNG/tiff/2014/06/8797339.tif here
cp /u/1stChoice/Share/TNG/tiff/2014/06/8797339.tif /u/1stChoice/Share/TNG/tiffCurrent/null/
07/04/2014
/u/1stChoice/Share/TNG/tiff/2014/06/1862229112.tif here
cp /u/1stChoice/Share/TNG/tiff/2014/06/1862229112.tif /u/1stChoice/Share/TNG/tiffCurrent/ATL/
07/04/2014
/u/1stChoice/Share/TNG/tiff/2014/06/8797348.tif here
cp /u/1stChoice/Share/TNG/tiff/2014/06/8797348.tif /u/1stChoice/Share/TNG/tiffCurrent/null/
07/04/2014
/u/1stChoice/Share/TNG/tiff/2014/06/1862886503.tif here
cp /u/1stChoice/Share/TNG/tiff/2014/06/1862886503.tif /u/1stChoice/Share/TNG/tiffCurrent/ATL/
07/04/2014
/u/1stChoice/Share/TNG/tiff/2014/06/1862230112.tif here
cp /u/1stChoice/Share/TNG/tiff/2014/06/1862230112.tif /u/1stChoice/Share/TNG/tiffCurrent/ATL/
07/04/2014
/u/1stChoice/Share/TNG/tiff/2014/06/8797346.tif here
cp /u/1stChoice/Share/TNG/tiff/2014/06/8797346.tif /u/1stChoice/Share/TNG/tiffCurrent/null/
07/04/2014
/u/1stChoice/Share/TNG/tiff/2014/06/1862217412.tif here
cp /u/1stChoice/Share/TNG/tiff/2014/06/1862217412.tif /u/1stChoice/Share/TNG/tiffCurrent/ATL/
07/04/2014
/u/1stChoice/Share/TNG/tiff/2014/06/1862118214.tif here
cp /u/1stChoice/Share/TNG/tiff/2014/06/1862118214.tif /u/1stChoice/Share/TNG/tiffCurrent/ATL/
07/04/2014
/u/1stChoice/Share/TNG/tiff/2014/06/1861959314.tif here
cp /u/1stChoice/Share/TNG/tiff/2014/06/1861959314.tif /u/1stChoice/Share/TNG/tiffCurrent/ATL/
07/04/2014
/u/1stChoice/Share/TNG/tiff/2014/06/1311765702.tif here
cp /u/1stChoice/Share/TNG/tiff/2014/06/1311765702.tif /u/1stChoice/Share/TNG/tiffCurrent/SAC/
07/04/2014
/u/1stChoice/Share/TNG/tiff/2014/06/1311751702.tif here
cp /u/1stChoice/Share/TNG/tiff/2014/06/1311751702.tif /u/1stChoice/Share/TNG/tiffCurrent/SAC/
07/04/2014
/u/1stChoice/Share/TNG/tiff/2014/06/1311585603.tif here
cp /u/1stChoice/Share/TNG/tiff/2014/06/1311585603.tif /u/1stChoice/Share/TNG/tiffCurrent/SAC/
07/04/2014
/u/1stChoice/Share/TNG/tiff/2014/06/1311585602.tif here
cp /u/1stChoice/Share/TNG/tiff/2014/06/1311585602.tif /u/1stChoice/Share/TNG/tiffCurrent/SAC/
07/04/2014
/u/1stChoice/Share/TNG/tiff/2014/06/1311761702.tif here
cp /u/1stChoice/Share/TNG/tiff/2014/06/1311761702.tif /u/1stChoice/Share/TNG/tiffCurrent/SAC/
07/04/2014
/u/1stChoice/Share/TNG/tiff/2014/06/1862275710.tif here
cp /u/1stChoice/Share/TNG/tiff/2014/06/1862275710.tif /u/1stChoice/Share/TNG/tiffCurrent/ATL/
07/04/2014
/u/1stChoice/Share/TNG/tiff/2014/06/1861616612.tif here
cp /u/1stChoice/Share/TNG/tiff/2014/06/1861616612.tif /u/1stChoice/Share/TNG/tiffCurrent/ATL/
07/04/2014
/u/1stChoice/Share/TNG/tiff/2014/06/1862223812.tif here
cp /u/1stChoice/Share/TNG/tiff/2014/06/1862223812.tif /u/1stChoice/Share/TNG/tiffCurrent/ATL/
07/04/2014
/u/1stChoice/Share/TNG/tiff/2014/06/8795445.tif here
cp /u/1stChoice/Share/TNG/tiff/2014/06/8795445.tif /u/1stChoice/Share/TNG/tiffCurrent/null/
07/04/2014
/u/1stChoice/Share/TNG/tiff/2014/06/1311762302.tif here
cp /u/1stChoice/Share/TNG/tiff/2014/06/1311762302.tif /u/1stChoice/Share/TNG/tiffCurrent/SAC/
07/04/2014
/u/1stChoice/Share/TNG/tiff/2014/06/1861959114.tif here
cp /u/1stChoice/Share/TNG/tiff/2014/06/1861959114.tif /u/1stChoice/Share/TNG/tiffCurrent/ATL/
07/04/2014
/u/1stChoice/Share/TNG/tiff/2014/06/1862885903.tif here
cp /u/1stChoice/Share/TNG/tiff/2014/06/1862885903.tif /u/1stChoice/Share/TNG/tiffCurrent/ATL/
07/04/2014
/u/1stChoice/Share/TNG/tiff/2014/06/1862229912.tif here
cp /u/1stChoice/Share/TNG/tiff/2014/06/1862229912.tif /u/1stChoice/Share/TNG/tiffCurrent/ATL/
07/04/2014
/u/1stChoice/Share/TNG/tiff/2014/06/8797342.tif here
cp /u/1stChoice/Share/TNG/tiff/2014/06/8797342.tif /u/1stChoice/Share/TNG/tiffCurrent/null/
07/04/2014
/u/1stChoice/Share/TNG/tiff/2014/06/1862906310.tif here
cp /u/1stChoice/Share/TNG/tiff/2014/06/1862906310.tif /u/1stChoice/Share/TNG/tiffCurrent/ATL/
07/04/2014
/u/1stChoice/Share/TNG/tiff/2014/06/8796551.tif here
cp /u/1stChoice/Share/TNG/tiff/2014/06/8796551.tif /u/1stChoice/Share/TNG/tiffCurrent/null/
07/04/2014
/u/1stChoice/Share/TNG/tiff/2014/06/1311765602.tif here
cp /u/1stChoice/Share/TNG/tiff/2014/06/1311765602.tif /u/1stChoice/Share/TNG/tiffCurrent/SAC/
07/04/2014
/u/1stChoice/Share/TNG/tiff/2014/06/1311762002.tif here
cp /u/1stChoice/Share/TNG/tiff/2014/06/1311762002.tif /u/1stChoice/Share/TNG/tiffCurrent/SAC/
07/04/2014
/u/1stChoice/Share/TNG/tiff/2014/06/1862224012.tif here
cp /u/1stChoice/Share/TNG/tiff/2014/06/1862224012.tif /u/1stChoice/Share/TNG/tiffCurrent/ATL/
07/04/2014
/u/1stChoice/Share/TNG/tiff/2014/06/1862905810.tif here
cp /u/1stChoice/Share/TNG/tiff/2014/06/1862905810.tif /u/1stChoice/Share/TNG/tiffCurrent/ATL/
07/04/2014
/u/1stChoice/Share/TNG/tiff/2014/06/1862886003.tif here
cp /u/1stChoice/Share/TNG/tiff/2014/06/1862886003.tif /u/1stChoice/Share/TNG/tiffCurrent/ATL/
07/04/2014
/u/1stChoice/Share/TNG/tiff/2014/06/1311764702.tif here
cp /u/1stChoice/Share/TNG/tiff/2014/06/1311764702.tif /u/1stChoice/Share/TNG/tiffCurrent/SAC/
07/04/2014
/u/1stChoice/Share/TNG/tiff/2014/06/1311766102.tif here
cp /u/1stChoice/Share/TNG/tiff/2014/06/1311766102.tif /u/1stChoice/Share/TNG/tiffCurrent/SAC/
07/04/2014
/u/1stChoice/Share/TNG/tiff/2014/06/8797333.tif here
cp /u/1stChoice/Share/TNG/tiff/2014/06/8797333.tif /u/1stChoice/Share/TNG/tiffCurrent/null/
07/04/2014
/u/1stChoice/Share/TNG/tiff/2014/06/8797338.tif here
cp /u/1stChoice/Share/TNG/tiff/2014/06/8797338.tif /u/1stChoice/Share/TNG/tiffCurrent/null/
07/04/2014
/u/1stChoice/Share/TNG/tiff/2014/06/1311751602.tif here
cp /u/1stChoice/Share/TNG/tiff/2014/06/1311751602.tif /u/1stChoice/Share/TNG/tiffCurrent/SAC/
07/04/2014
/u/1stChoice/Share/TNG/tiff/2014/06/1311585503.tif here
cp /u/1stChoice/Share/TNG/tiff/2014/06/1311585503.tif /u/1stChoice/Share/TNG/tiffCurrent/SAC/
07/04/2014
/u/1stChoice/Share/TNG/tiff/2014/06/1311585502.tif here
cp /u/1stChoice/Share/TNG/tiff/2014/06/1311585502.tif /u/1stChoice/Share/TNG/tiffCurrent/SAC/
07/04/2014
/u/1stChoice/Share/TNG/tiff/2014/06/1861959414.tif here
cp /u/1stChoice/Share/TNG/tiff/2014/06/1861959414.tif /u/1stChoice/Share/TNG/tiffCurrent/ATL/
07/04/2014
/u/1stChoice/Share/TNG/tiff/2014/06/1862918814.tif here
cp /u/1stChoice/Share/TNG/tiff/2014/06/1862918814.tif /u/1stChoice/Share/TNG/tiffCurrent/ATL/
07/04/2014
/u/1stChoice/Share/TNG/tiff/2014/06/1311761202.tif here
cp /u/1stChoice/Share/TNG/tiff/2014/06/1311761202.tif /u/1stChoice/Share/TNG/tiffCurrent/SAC/
07/04/2014
/u/1stChoice/Share/TNG/tiff/2014/06/1311762402.tif here
cp /u/1stChoice/Share/TNG/tiff/2014/06/1311762402.tif /u/1stChoice/Share/TNG/tiffCurrent/SAC/
07/04/2014
/u/1stChoice/Share/TNG/tiff/2014/06/8796550.tif here
cp /u/1stChoice/Share/TNG/tiff/2014/06/8796550.tif /u/1stChoice/Share/TNG/tiffCurrent/null/
07/04/2014
/u/1stChoice/Share/TNG/tiff/2014/06/1862905710.tif here
cp /u/1stChoice/Share/TNG/tiff/2014/06/1862905710.tif /u/1stChoice/Share/TNG/tiffCurrent/ATL/
07/04/2014
/u/1stChoice/Share/TNG/tiff/2014/06/1862885603.tif here
cp /u/1stChoice/Share/TNG/tiff/2014/06/1862885603.tif /u/1stChoice/Share/TNG/tiffCurrent/ATL/
07/04/2014
/u/1stChoice/Share/TNG/tiff/2014/06/1862275610.tif here
cp /u/1stChoice/Share/TNG/tiff/2014/06/1862275610.tif /u/1stChoice/Share/TNG/tiffCurrent/ATL/
07/04/2014
/u/1stChoice/Share/TNG/tiff/2014/06/1862885503.tif here
cp /u/1stChoice/Share/TNG/tiff/2014/06/1862885503.tif /u/1stChoice/Share/TNG/tiffCurrent/ATL/
07/04/2014
/u/1stChoice/Share/TNG/tiff/2014/06/1862905510.tif here
cp /u/1stChoice/Share/TNG/tiff/2014/06/1862905510.tif /u/1stChoice/Share/TNG/tiffCurrent/ATL/
07/04/2014
/u/1stChoice/Share/TNG/tiff/2014/06/1862280610.tif here
cp /u/1stChoice/Share/TNG/tiff/2014/06/1862280610.tif /u/1stChoice/Share/TNG/tiffCurrent/ATL/
07/04/2014
/u/1stChoice/Share/TNG/tiff/2014/06/1311765902.tif here
cp /u/1stChoice/Share/TNG/tiff/2014/06/1311765902.tif /u/1stChoice/Share/TNG/tiffCurrent/SAC/
07/04/2014
/u/1stChoice/Share/TNG/tiff/2014/06/1311765002.tif here
cp /u/1stChoice/Share/TNG/tiff/2014/06/1311765002.tif /u/1stChoice/Share/TNG/tiffCurrent/SAC/
07/04/2014
/u/1stChoice/Share/TNG/tiff/2014/06/1861957614.tif here
cp /u/1stChoice/Share/TNG/tiff/2014/06/1861957614.tif /u/1stChoice/Share/TNG/tiffCurrent/ATL/
07/04/2014
/u/1stChoice/Share/TNG/tiff/2014/06/1311766002.tif here
cp /u/1stChoice/Share/TNG/tiff/2014/06/1311766002.tif /u/1stChoice/Share/TNG/tiffCurrent/SAC/
07/04/2014
/u/1stChoice/Share/TNG/tiff/2014/06/1862888203.tif here
cp /u/1stChoice/Share/TNG/tiff/2014/06/1862888203.tif /u/1stChoice/Share/TNG/tiffCurrent/ATL/
07/04/2014
/u/1stChoice/Share/TNG/tiff/2014/06/1862229512.tif here
cp /u/1stChoice/Share/TNG/tiff/2014/06/1862229512.tif /u/1stChoice/Share/TNG/tiffCurrent/ATL/
07/04/2014
/u/1stChoice/Share/TNG/tiff/2014/06/8797341.tif here
cp /u/1stChoice/Share/TNG/tiff/2014/06/8797341.tif /u/1stChoice/Share/TNG/tiffCurrent/null/
07/04/2014
/u/1stChoice/Share/TNG/tiff/2014/06/8796554.tif here
cp /u/1stChoice/Share/TNG/tiff/2014/06/8796554.tif /u/1stChoice/Share/TNG/tiffCurrent/null/
07/04/2014
/u/1stChoice/Share/TNG/tiff/2014/06/1862885703.tif here
cp /u/1stChoice/Share/TNG/tiff/2014/06/1862885703.tif /u/1stChoice/Share/TNG/tiffCurrent/ATL/
07/04/2014
/u/1stChoice/Share/TNG/tiff/2014/06/1311762802.tif here
cp /u/1stChoice/Share/TNG/tiff/2014/06/1311762802.tif /u/1stChoice/Share/TNG/tiffCurrent/SAC/
07/04/2014
/u/1stChoice/Share/TNG/tiff/2014/06/1862905610.tif here
cp /u/1stChoice/Share/TNG/tiff/2014/06/1862905610.tif /u/1stChoice/Share/TNG/tiffCurrent/ATL/
07/04/2014
/u/1stChoice/Share/TNG/tiff/2014/06/1861957414.tif here
cp /u/1stChoice/Share/TNG/tiff/2014/06/1861957414.tif /u/1stChoice/Share/TNG/tiffCurrent/ATL/
07/04/2014
/u/1stChoice/Share/TNG/tiff/2014/06/1311763302.tif here
cp /u/1stChoice/Share/TNG/tiff/2014/06/1311763302.tif /u/1stChoice/Share/TNG/tiffCurrent/SAC/
07/04/2014
/u/1stChoice/Share/TNG/tiff/2014/06/1311817102.tif here
cp /u/1stChoice/Share/TNG/tiff/2014/06/1311817102.tif /u/1stChoice/Share/TNG/tiffCurrent/SAC/
07/04/2014
/u/1stChoice/Share/TNG/tiff/2014/06/1311640903.tif here
cp /u/1stChoice/Share/TNG/tiff/2014/06/1311640903.tif /u/1stChoice/Share/TNG/tiffCurrent/SAC/
07/04/2014
/u/1stChoice/Share/TNG/tiff/2014/06/1311765202.tif here
cp /u/1stChoice/Share/TNG/tiff/2014/06/1311765202.tif /u/1stChoice/Share/TNG/tiffCurrent/SAC/
07/04/2014
/u/1stChoice/Share/TNG/tiff/2014/06/1311640902.tif here
cp /u/1stChoice/Share/TNG/tiff/2014/06/1311640902.tif /u/1stChoice/Share/TNG/tiffCurrent/SAC/
07/04/2014
/u/1stChoice/Share/TNG/tiff/2014/06/1862888403.tif here
cp /u/1stChoice/Share/TNG/tiff/2014/06/1862888403.tif /u/1stChoice/Share/TNG/tiffCurrent/ATL/
07/04/2014
/u/1stChoice/Share/TNG/tiff/2014/06/1862229712.tif here
cp /u/1stChoice/Share/TNG/tiff/2014/06/1862229712.tif /u/1stChoice/Share/TNG/tiffCurrent/ATL/
07/04/2014
/u/1stChoice/Share/TNG/tiff/2014/06/8797343.tif here
cp /u/1stChoice/Share/TNG/tiff/2014/06/8797343.tif /u/1stChoice/Share/TNG/tiffCurrent/null/
07/04/2014
/u/1stChoice/Share/TNG/tiff/2014/06/1862905410.tif here
cp /u/1stChoice/Share/TNG/tiff/2014/06/1862905410.tif /u/1stChoice/Share/TNG/tiffCurrent/ATL/
07/04/2014
/u/1stChoice/Share/TNG/tiff/2014/06/1311761402.tif here
cp /u/1stChoice/Share/TNG/tiff/2014/06/1311761402.tif /u/1stChoice/Share/TNG/tiffCurrent/SAC/
07/04/2014
/u/1stChoice/Share/TNG/tiff/2014/06/1862888603.tif here
cp /u/1stChoice/Share/TNG/tiff/2014/06/1862888603.tif /u/1stChoice/Share/TNG/tiffCurrent/ATL/
07/04/2014
/u/1stChoice/Share/TNG/tiff/2014/06/1862279710.tif here
cp /u/1stChoice/Share/TNG/tiff/2014/06/1862279710.tif /u/1stChoice/Share/TNG/tiffCurrent/ATL/
07/04/2014
/u/1stChoice/Share/TNG/tiff/2014/06/1862280510.tif here
cp /u/1stChoice/Share/TNG/tiff/2014/06/1862280510.tif /u/1stChoice/Share/TNG/tiffCurrent/ATL/
07/04/2014
/u/1stChoice/Share/TNG/tiff/2014/06/1862905310.tif here
cp /u/1stChoice/Share/TNG/tiff/2014/06/1862905310.tif /u/1stChoice/Share/TNG/tiffCurrent/ATL/
07/04/2014
/u/1stChoice/Share/TNG/tiff/2014/06/1861617910.tif here
cp /u/1stChoice/Share/TNG/tiff/2014/06/1861617910.tif /u/1stChoice/Share/TNG/tiffCurrent/ATL/
07/04/2014
/u/1stChoice/Share/TNG/tiff/2014/06/8795245.tif here
cp /u/1stChoice/Share/TNG/tiff/2014/06/8795245.tif /u/1stChoice/Share/TNG/tiffCurrent/null/
07/04/2014
/u/1stChoice/Share/TNG/tiff/2014/06/1311764402.tif here
cp /u/1stChoice/Share/TNG/tiff/2014/06/1311764402.tif /u/1stChoice/Share/TNG/tiffCurrent/SAC/
07/04/2014
/u/1stChoice/Share/TNG/tiff/2014/06/1311817202.tif here
cp /u/1stChoice/Share/TNG/tiff/2014/06/1311817202.tif /u/1stChoice/Share/TNG/tiffCurrent/SAC/
07/04/2014
/u/1stChoice/Share/TNG/tiff/2014/06/1311765502.tif here
cp /u/1stChoice/Share/TNG/tiff/2014/06/1311765502.tif /u/1stChoice/Share/TNG/tiffCurrent/SAC/
07/04/2014
/u/1stChoice/Share/TNG/tiff/2014/06/1311765102.tif here
cp /u/1stChoice/Share/TNG/tiff/2014/06/1311765102.tif /u/1stChoice/Share/TNG/tiffCurrent/SAC/
07/04/2014
/u/1stChoice/Share/TNG/tiff/2014/06/1311641003.tif here
cp /u/1stChoice/Share/TNG/tiff/2014/06/1311641003.tif /u/1stChoice/Share/TNG/tiffCurrent/SAC/
07/04/2014
/u/1stChoice/Share/TNG/tiff/2014/06/1311641002.tif here
cp /u/1stChoice/Share/TNG/tiff/2014/06/1311641002.tif /u/1stChoice/Share/TNG/tiffCurrent/SAC/
07/04/2014
/u/1stChoice/Share/TNG/tiff/2014/06/8795845.tif here
cp /u/1stChoice/Share/TNG/tiff/2014/06/8795845.tif /u/1stChoice/Share/TNG/tiffCurrent/null/
07/04/2014
/u/1stChoice/Share/TNG/tiff/2014/06/8795406.tif here
cp /u/1stChoice/Share/TNG/tiff/2014/06/8795406.tif /u/1stChoice/Share/TNG/tiffCurrent/null/
07/04/2014
/u/1stChoice/Share/TNG/tiff/2014/06/8797051.tif here
cp /u/1stChoice/Share/TNG/tiff/2014/06/8797051.tif /u/1stChoice/Share/TNG/tiffCurrent/null/
07/04/2014
/u/1stChoice/Share/TNG/tiff/2014/06/1862906010.tif here
cp /u/1stChoice/Share/TNG/tiff/2014/06/1862906010.tif /u/1stChoice/Share/TNG/tiffCurrent/ATL/
07/04/2014
/u/1stChoice/Share/TNG/tiff/2014/06/1862224412.tif here
cp /u/1stChoice/Share/TNG/tiff/2014/06/1862224412.tif /u/1stChoice/Share/TNG/tiffCurrent/ATL/
07/04/2014
/u/1stChoice/Share/TNG/tiff/2014/06/8795723.tif here
cp /u/1stChoice/Share/TNG/tiff/2014/06/8795723.tif /u/1stChoice/Share/TNG/tiffCurrent/null/
07/04/2014
/u/1stChoice/Share/TNG/tiff/2014/06/1311764302.tif here
cp /u/1stChoice/Share/TNG/tiff/2014/06/1311764302.tif /u/1stChoice/Share/TNG/tiffCurrent/SAC/
07/04/2014
/u/1stChoice/Share/TNG/tiff/2014/06/1862918514.tif here
cp /u/1stChoice/Share/TNG/tiff/2014/06/1862918514.tif /u/1stChoice/Share/TNG/tiffCurrent/ATL/
07/04/2014
/u/1stChoice/Share/TNG/tiff/2014/06/1862275310.tif here
cp /u/1stChoice/Share/TNG/tiff/2014/06/1862275310.tif /u/1stChoice/Share/TNG/tiffCurrent/ATL/
07/04/2014
/u/1stChoice/Share/TNG/tiff/2014/06/1862148603.tif here
cp /u/1stChoice/Share/TNG/tiff/2014/06/1862148603.tif /u/1stChoice/Share/TNG/tiffCurrent/ATL/
07/04/2014
/u/1stChoice/Share/TNG/tiff/2014/06/1862280410.tif here
cp /u/1stChoice/Share/TNG/tiff/2014/06/1862280410.tif /u/1stChoice/Share/TNG/tiffCurrent/ATL/
07/04/2014
/u/1stChoice/Share/TNG/tiff/2014/06/1862905210.tif here
cp /u/1stChoice/Share/TNG/tiff/2014/06/1862905210.tif /u/1stChoice/Share/TNG/tiffCurrent/ATL/
07/04/2014
/u/1stChoice/Share/TNG/tiff/2014/06/8795407.tif here
cp /u/1stChoice/Share/TNG/tiff/2014/06/8795407.tif /u/1stChoice/Share/TNG/tiffCurrent/null/
07/04/2014
/u/1stChoice/Share/TNG/tiff/2014/06/1862280110.tif here
cp /u/1stChoice/Share/TNG/tiff/2014/06/1862280110.tif /u/1stChoice/Share/TNG/tiffCurrent/ATL/
07/04/2014
/u/1stChoice/Share/TNG/tiff/2014/06/1311760802.tif here
cp /u/1stChoice/Share/TNG/tiff/2014/06/1311760802.tif /u/1stChoice/Share/TNG/tiffCurrent/SAC/
07/04/2014
/u/1stChoice/Share/TNG/tiff/2014/06/1311765402.tif here
cp /u/1stChoice/Share/TNG/tiff/2014/06/1311765402.tif /u/1stChoice/Share/TNG/tiffCurrent/SAC/
07/04/2014
/u/1stChoice/Share/TNG/tiff/2014/06/1860560914.tif here
cp /u/1stChoice/Share/TNG/tiff/2014/06/1860560914.tif /u/1stChoice/Share/TNG/tiffCurrent/ATL/
07/04/2014
/u/1stChoice/Share/TNG/tiff/2014/06/1862281410.tif here
cp /u/1stChoice/Share/TNG/tiff/2014/06/1862281410.tif /u/1stChoice/Share/TNG/tiffCurrent/ATL/
07/04/2014
/u/1stChoice/Share/TNG/tiff/2014/06/1862280310.tif here
cp /u/1stChoice/Share/TNG/tiff/2014/06/1862280310.tif /u/1stChoice/Share/TNG/tiffCurrent/ATL/
07/04/2014
/u/1stChoice/Share/TNG/tiff/2014/06/1862887103.tif here
cp /u/1stChoice/Share/TNG/tiff/2014/06/1862887103.tif /u/1stChoice/Share/TNG/tiffCurrent/ATL/
07/04/2014
/u/1stChoice/Share/TNG/tiff/2014/06/1862906110.tif here
cp /u/1stChoice/Share/TNG/tiff/2014/06/1862906110.tif /u/1stChoice/Share/TNG/tiffCurrent/ATL/
07/04/2014
/u/1stChoice/Share/TNG/tiff/2014/06/8795724.tif here
cp /u/1stChoice/Share/TNG/tiff/2014/06/8795724.tif /u/1stChoice/Share/TNG/tiffCurrent/null/
07/04/2014
/u/1stChoice/Share/TNG/tiff/2014/06/1862147403.tif here
cp /u/1stChoice/Share/TNG/tiff/2014/06/1862147403.tif /u/1stChoice/Share/TNG/tiffCurrent/ATL/
07/04/2014
/u/1stChoice/Share/TNG/tiff/2014/06/1311751902.tif here
cp /u/1stChoice/Share/TNG/tiff/2014/06/1311751902.tif /u/1stChoice/Share/TNG/tiffCurrent/SAC/
07/04/2014
/u/1stChoice/Share/TNG/tiff/2014/06/1311585803.tif here
cp /u/1stChoice/Share/TNG/tiff/2014/06/1311585803.tif /u/1stChoice/Share/TNG/tiffCurrent/SAC/
07/04/2014
/u/1stChoice/Share/TNG/tiff/2014/06/1862274910.tif here
cp /u/1stChoice/Share/TNG/tiff/2014/06/1862274910.tif /u/1stChoice/Share/TNG/tiffCurrent/ATL/
07/04/2014
/u/1stChoice/Share/TNG/tiff/2014/06/1862905110.tif here
cp /u/1stChoice/Share/TNG/tiff/2014/06/1862905110.tif /u/1stChoice/Share/TNG/tiffCurrent/ATL/
07/04/2014
/u/1stChoice/Share/TNG/tiff/2014/06/8797052.tif here
cp /u/1stChoice/Share/TNG/tiff/2014/06/8797052.tif /u/1stChoice/Share/TNG/tiffCurrent/null/
07/04/2014
/u/1stChoice/Share/TNG/tiff/2014/06/1311762502.tif here
cp /u/1stChoice/Share/TNG/tiff/2014/06/1311762502.tif /u/1stChoice/Share/TNG/tiffCurrent/SAC/
07/04/2014
/u/1stChoice/Share/TNG/tiff/2014/06/1311765802.tif here
cp /u/1stChoice/Share/TNG/tiff/2014/06/1311765802.tif /u/1stChoice/Share/TNG/tiffCurrent/SAC/
07/04/2014
/u/1stChoice/Share/TNG/tiff/2014/06/1861611303.tif here
cp /u/1stChoice/Share/TNG/tiff/2014/06/1861611303.tif /u/1stChoice/Share/TNG/tiffCurrent/ATL/
07/04/2014
/u/1stChoice/Share/TNG/tiff/2014/06/1862149003.tif here
cp /u/1stChoice/Share/TNG/tiff/2014/06/1862149003.tif /u/1stChoice/Share/TNG/tiffCurrent/ATL/
07/04/2014
/u/1stChoice/Share/TNG/tiff/2014/06/1862280210.tif here
cp /u/1stChoice/Share/TNG/tiff/2014/06/1862280210.tif /u/1stChoice/Share/TNG/tiffCurrent/ATL/
07/04/2014
/u/1stChoice/Share/TNG/tiff/2014/06/8795846.tif here
cp /u/1stChoice/Share/TNG/tiff/2014/06/8795846.tif /u/1stChoice/Share/TNG/tiffCurrent/null/
07/04/2014
/u/1stChoice/Share/TNG/tiff/2014/06/1862275410.tif here
cp /u/1stChoice/Share/TNG/tiff/2014/06/1862275410.tif /u/1stChoice/Share/TNG/tiffCurrent/ATL/
07/04/2014
/u/1stChoice/Share/TNG/tiff/2014/06/1311764502.tif here
cp /u/1stChoice/Share/TNG/tiff/2014/06/1311764502.tif /u/1stChoice/Share/TNG/tiffCurrent/SAC/
07/04/2014
/u/1stChoice/Share/TNG/tiff/2014/06/1311765302.tif here
cp /u/1stChoice/Share/TNG/tiff/2014/06/1311765302.tif /u/1stChoice/Share/TNG/tiffCurrent/SAC/
07/04/2014
/u/1stChoice/Share/TNG/tiff/2014/06/1311585802.tif here
cp /u/1stChoice/Share/TNG/tiff/2014/06/1311585802.tif /u/1stChoice/Share/TNG/tiffCurrent/SAC/
07/04/2014
/u/1stChoice/Share/TNG/tiff/2014/06/1311764802.tif here
cp /u/1stChoice/Share/TNG/tiff/2014/06/1311764802.tif /u/1stChoice/Share/TNG/tiffCurrent/SAC/
07/04/2014
/u/1stChoice/Share/TNG/tiff/2014/06/1311752102.tif here
cp /u/1stChoice/Share/TNG/tiff/2014/06/1311752102.tif /u/1stChoice/Share/TNG/tiffCurrent/SAC/
07/04/2014
/u/1stChoice/Share/TNG/tiff/2014/06/1862278010.tif here
cp /u/1stChoice/Share/TNG/tiff/2014/06/1862278010.tif /u/1stChoice/Share/TNG/tiffCurrent/ATL/
07/04/2014
/u/1stChoice/Share/TNG/tiff/2014/06/1861616712.tif here
cp /u/1stChoice/Share/TNG/tiff/2014/06/1861616712.tif /u/1stChoice/Share/TNG/tiffCurrent/ATL/
07/04/2014
/u/1stChoice/Share/TNG/tiff/2014/06/1862224212.tif here
cp /u/1stChoice/Share/TNG/tiff/2014/06/1862224212.tif /u/1stChoice/Share/TNG/tiffCurrent/ATL/
07/04/2014
/u/1stChoice/Share/TNG/tiff/2014/06/1861610803.tif here
cp /u/1stChoice/Share/TNG/tiff/2014/06/1861610803.tif /u/1stChoice/Share/TNG/tiffCurrent/ATL/
07/04/2014
/u/1stChoice/Share/TNG/tiff/2014/06/1862147103.tif here
cp /u/1stChoice/Share/TNG/tiff/2014/06/1862147103.tif /u/1stChoice/Share/TNG/tiffCurrent/ATL/
07/04/2014
/u/1stChoice/Share/TNG/tiff/2014/06/8795404.tif here
cp /u/1stChoice/Share/TNG/tiff/2014/06/8795404.tif /u/1stChoice/Share/TNG/tiffCurrent/null/
07/04/2014
/u/1stChoice/Share/TNG/tiff/2014/06/1862923810.tif here
cp /u/1stChoice/Share/TNG/tiff/2014/06/1862923810.tif /u/1stChoice/Share/TNG/tiffCurrent/ATL/
07/04/2014
/u/1stChoice/Share/TNG/tiff/2014/06/8795403.tif here
cp /u/1stChoice/Share/TNG/tiff/2014/06/8795403.tif /u/1stChoice/Share/TNG/tiffCurrent/null/
07/04/2014
/u/1stChoice/Share/TNG/tiff/2014/06/1862275510.tif here
cp /u/1stChoice/Share/TNG/tiff/2014/06/1862275510.tif /u/1stChoice/Share/TNG/tiffCurrent/ATL/
07/04/2014
/u/1stChoice/Share/TNG/tiff/2014/06/1311586003.tif here
cp /u/1stChoice/Share/TNG/tiff/2014/06/1311586003.tif /u/1stChoice/Share/TNG/tiffCurrent/SAC/
07/04/2014
/u/1stChoice/Share/TNG/tiff/2014/06/1311764902.tif here
cp /u/1stChoice/Share/TNG/tiff/2014/06/1311764902.tif /u/1stChoice/Share/TNG/tiffCurrent/SAC/
07/04/2014
/u/1stChoice/Share/TNG/tiff/2014/06/1862887503.tif here
cp /u/1stChoice/Share/TNG/tiff/2014/06/1862887503.tif /u/1stChoice/Share/TNG/tiffCurrent/ATL/
07/04/2014
/u/1stChoice/Share/TNG/tiff/2014/06/8795242.tif here
cp /u/1stChoice/Share/TNG/tiff/2014/06/8795242.tif /u/1stChoice/Share/TNG/tiffCurrent/null/
07/04/2014
/u/1stChoice/Share/TNG/tiff/2014/06/1862148403.tif here
cp /u/1stChoice/Share/TNG/tiff/2014/06/1862148403.tif /u/1stChoice/Share/TNG/tiffCurrent/ATL/
07/04/2014
/u/1stChoice/Share/TNG/tiff/2014/06/1862278110.tif here
cp /u/1stChoice/Share/TNG/tiff/2014/06/1862278110.tif /u/1stChoice/Share/TNG/tiffCurrent/ATL/
07/04/2014
/u/1stChoice/Share/TNG/tiff/2014/06/1311763402.tif here
cp /u/1stChoice/Share/TNG/tiff/2014/06/1311763402.tif /u/1stChoice/Share/TNG/tiffCurrent/SAC/
07/04/2014
/u/1stChoice/Share/TNG/tiff/2014/06/1311760602.tif here
cp /u/1stChoice/Share/TNG/tiff/2014/06/1311760602.tif /u/1stChoice/Share/TNG/tiffCurrent/SAC/
07/04/2014
/u/1stChoice/Share/TNG/tiff/2014/06/1862905910.tif here
cp /u/1stChoice/Share/TNG/tiff/2014/06/1862905910.tif /u/1stChoice/Share/TNG/tiffCurrent/ATL/
07/04/2014
/u/1stChoice/Share/TNG/tiff/2014/06/8795714.tif here
cp /u/1stChoice/Share/TNG/tiff/2014/06/8795714.tif /u/1stChoice/Share/TNG/tiffCurrent/null/
07/04/2014
/u/1stChoice/Share/TNG/tiff/2014/06/1862280010.tif here
cp /u/1stChoice/Share/TNG/tiff/2014/06/1862280010.tif /u/1stChoice/Share/TNG/tiffCurrent/ATL/
07/04/2014
/u/1stChoice/Share/TNG/tiff/2014/06/8797032.tif here
cp /u/1stChoice/Share/TNG/tiff/2014/06/8797032.tif /u/1stChoice/Share/TNG/tiffCurrent/null/
07/04/2014
/u/1stChoice/Share/TNG/tiff/2014/06/1861610903.tif here
cp /u/1stChoice/Share/TNG/tiff/2014/06/1861610903.tif /u/1stChoice/Share/TNG/tiffCurrent/ATL/
07/04/2014
/u/1stChoice/Share/TNG/tiff/2014/06/1862147503.tif here
cp /u/1stChoice/Share/TNG/tiff/2014/06/1862147503.tif /u/1stChoice/Share/TNG/tiffCurrent/ATL/
07/04/2014
/u/1stChoice/Share/TNG/tiff/2014/06/1311764602.tif here
cp /u/1stChoice/Share/TNG/tiff/2014/06/1311764602.tif /u/1stChoice/Share/TNG/tiffCurrent/SAC/
07/04/2014
/u/1stChoice/Share/TNG/tiff/2014/06/1311763702.tif here
cp /u/1stChoice/Share/TNG/tiff/2014/06/1311763702.tif /u/1stChoice/Share/TNG/tiffCurrent/SAC/
07/04/2014
/u/1stChoice/Share/TNG/tiff/2014/06/8795405.tif here
cp /u/1stChoice/Share/TNG/tiff/2014/06/8795405.tif /u/1stChoice/Share/TNG/tiffCurrent/null/
07/04/2014
/u/1stChoice/Share/TNG/tiff/2014/06/1861617510.tif here
cp /u/1stChoice/Share/TNG/tiff/2014/06/1861617510.tif /u/1stChoice/Share/TNG/tiffCurrent/ATL/
07/04/2014
/u/1stChoice/Share/TNG/tiff/2014/06/1862275110.tif here
cp /u/1stChoice/Share/TNG/tiff/2014/06/1862275110.tif /u/1stChoice/Share/TNG/tiffCurrent/ATL/
07/04/2014
/u/1stChoice/Share/TNG/tiff/2014/06/1862148303.tif here
cp /u/1stChoice/Share/TNG/tiff/2014/06/1862148303.tif /u/1stChoice/Share/TNG/tiffCurrent/ATL/
07/04/2014
/u/1stChoice/Share/TNG/tiff/2014/06/1861611203.tif here
cp /u/1stChoice/Share/TNG/tiff/2014/06/1861611203.tif /u/1stChoice/Share/TNG/tiffCurrent/ATL/
07/04/2014
/u/1stChoice/Share/TNG/tiff/2014/06/1862148803.tif here
cp /u/1stChoice/Share/TNG/tiff/2014/06/1862148803.tif /u/1stChoice/Share/TNG/tiffCurrent/ATL/
07/04/2014
/u/1stChoice/Share/TNG/tiff/2014/06/1862224612.tif here
cp /u/1stChoice/Share/TNG/tiff/2014/06/1862224612.tif /u/1stChoice/Share/TNG/tiffCurrent/ATL/
07/04/2014
/u/1stChoice/Share/TNG/tiff/2014/06/1311760902.tif here
cp /u/1stChoice/Share/TNG/tiff/2014/06/1311760902.tif /u/1stChoice/Share/TNG/tiffCurrent/SAC/
07/04/2014
/u/1stChoice/Share/TNG/tiff/2014/06/1311761902.tif here
cp /u/1stChoice/Share/TNG/tiff/2014/06/1311761902.tif /u/1stChoice/Share/TNG/tiffCurrent/SAC/
07/04/2014
/u/1stChoice/Share/TNG/tiff/2014/06/1311763502.tif here
cp /u/1stChoice/Share/TNG/tiff/2014/06/1311763502.tif /u/1stChoice/Share/TNG/tiffCurrent/SAC/
07/04/2014
/u/1stChoice/Share/TNG/tiff/2014/06/1311586002.tif here
cp /u/1stChoice/Share/TNG/tiff/2014/06/1311586002.tif /u/1stChoice/Share/TNG/tiffCurrent/SAC/
07/04/2014
/u/1stChoice/Share/TNG/tiff/2014/06/1862149103.tif here
cp /u/1stChoice/Share/TNG/tiff/2014/06/1862149103.tif /u/1stChoice/Share/TNG/tiffCurrent/ATL/
07/04/2014
/u/1stChoice/Share/TNG/tiff/2014/06/1311751802.tif here
cp /u/1stChoice/Share/TNG/tiff/2014/06/1311751802.tif /u/1stChoice/Share/TNG/tiffCurrent/SAC/
07/04/2014
/u/1stChoice/Share/TNG/tiff/2014/06/1311585703.tif here
cp /u/1stChoice/Share/TNG/tiff/2014/06/1311585703.tif /u/1stChoice/Share/TNG/tiffCurrent/SAC/
07/04/2014
/u/1stChoice/Share/TNG/tiff/2014/06/1311585702.tif here
cp /u/1stChoice/Share/TNG/tiff/2014/06/1311585702.tif /u/1stChoice/Share/TNG/tiffCurrent/SAC/
07/04/2014
/u/1stChoice/Share/TNG/tiff/2014/06/1311764102.tif here
cp /u/1stChoice/Share/TNG/tiff/2014/06/1311764102.tif /u/1stChoice/Share/TNG/tiffCurrent/SAC/
07/04/2014
/u/1stChoice/Share/TNG/tiff/2014/06/1311761502.tif here
cp /u/1stChoice/Share/TNG/tiff/2014/06/1311761502.tif /u/1stChoice/Share/TNG/tiffCurrent/SAC/
07/04/2014
/u/1stChoice/Share/TNG/tiff/2014/06/1862281310.tif here
cp /u/1stChoice/Share/TNG/tiff/2014/06/1862281310.tif /u/1stChoice/Share/TNG/tiffCurrent/ATL/
07/04/2014
/u/1stChoice/Share/TNG/tiff/2014/06/8796560.tif here
cp /u/1stChoice/Share/TNG/tiff/2014/06/8796560.tif /u/1stChoice/Share/TNG/tiffCurrent/null/
07/04/2014
/u/1stChoice/Share/TNG/tiff/2014/06/8796557.tif here
cp /u/1stChoice/Share/TNG/tiff/2014/06/8796557.tif /u/1stChoice/Share/TNG/tiffCurrent/null/
07/04/2014
/u/1stChoice/Share/TNG/tiff/2014/06/1862147303.tif here
cp /u/1stChoice/Share/TNG/tiff/2014/06/1862147303.tif /u/1stChoice/Share/TNG/tiffCurrent/ATL/
07/04/2014
/u/1stChoice/Share/TNG/tiff/2014/06/8795416.tif here
cp /u/1stChoice/Share/TNG/tiff/2014/06/8795416.tif /u/1stChoice/Share/TNG/tiffCurrent/null/
07/04/2014
/u/1stChoice/Share/TNG/tiff/2014/06/1311764002.tif here
cp /u/1stChoice/Share/TNG/tiff/2014/06/1311764002.tif /u/1stChoice/Share/TNG/tiffCurrent/SAC/
07/04/2014
/u/1stChoice/Share/TNG/tiff/2014/06/1861611003.tif here
cp /u/1stChoice/Share/TNG/tiff/2014/06/1861611003.tif /u/1stChoice/Share/TNG/tiffCurrent/ATL/
07/04/2014
/u/1stChoice/Share/TNG/tiff/2014/06/1862147603.tif here
cp /u/1stChoice/Share/TNG/tiff/2014/06/1862147603.tif /u/1stChoice/Share/TNG/tiffCurrent/ATL/
07/04/2014
/u/1stChoice/Share/TNG/tiff/2014/06/1862148903.tif here
cp /u/1stChoice/Share/TNG/tiff/2014/06/1862148903.tif /u/1stChoice/Share/TNG/tiffCurrent/ATL/
07/04/2014
/u/1stChoice/Share/TNG/tiff/2014/06/1862281210.tif here
cp /u/1stChoice/Share/TNG/tiff/2014/06/1862281210.tif /u/1stChoice/Share/TNG/tiffCurrent/ATL/
07/04/2014
/u/1stChoice/Share/TNG/tiff/2014/06/1311763002.tif here
cp /u/1stChoice/Share/TNG/tiff/2014/06/1311763002.tif /u/1stChoice/Share/TNG/tiffCurrent/SAC/
07/04/2014
/u/1stChoice/Share/TNG/tiff/2014/06/1311762602.tif here
cp /u/1stChoice/Share/TNG/tiff/2014/06/1311762602.tif /u/1stChoice/Share/TNG/tiffCurrent/SAC/
07/04/2014
/u/1stChoice/Share/TNG/tiff/2014/06/1862224712.tif here
cp /u/1stChoice/Share/TNG/tiff/2014/06/1862224712.tif /u/1stChoice/Share/TNG/tiffCurrent/ATL/
07/04/2014
/u/1stChoice/Share/TNG/tiff/2014/06/1311586202.tif here
cp /u/1stChoice/Share/TNG/tiff/2014/06/1311586202.tif /u/1stChoice/Share/TNG/tiffCurrent/SAC/
07/04/2014
/u/1stChoice/Share/TNG/tiff/2014/06/1311752302.tif here
cp /u/1stChoice/Share/TNG/tiff/2014/06/1311752302.tif /u/1stChoice/Share/TNG/tiffCurrent/SAC/
07/04/2014
/u/1stChoice/Share/TNG/tiff/2014/06/1311586203.tif here
cp /u/1stChoice/Share/TNG/tiff/2014/06/1311586203.tif /u/1stChoice/Share/TNG/tiffCurrent/SAC/
07/04/2014
/u/1stChoice/Share/TNG/tiff/2014/06/1311763902.tif here
cp /u/1stChoice/Share/TNG/tiff/2014/06/1311763902.tif /u/1stChoice/Share/TNG/tiffCurrent/SAC/
07/04/2014
/u/1stChoice/Share/TNG/tiff/2014/06/8796562.tif here
cp /u/1stChoice/Share/TNG/tiff/2014/06/8796562.tif /u/1stChoice/Share/TNG/tiffCurrent/null/
07/04/2014
/u/1stChoice/Share/TNG/tiff/2014/06/1861617204.tif here
cp /u/1stChoice/Share/TNG/tiff/2014/06/1861617204.tif /u/1stChoice/Share/TNG/tiffCurrent/ATL/
07/04/2014
/u/1stChoice/Share/TNG/tiff/2014/06/8796559.tif here
cp /u/1stChoice/Share/TNG/tiff/2014/06/8796559.tif /u/1stChoice/Share/TNG/tiffCurrent/null/
07/04/2014
/u/1stChoice/Share/TNG/tiff/2014/06/8796561.tif here
cp /u/1stChoice/Share/TNG/tiff/2014/06/8796561.tif /u/1stChoice/Share/TNG/tiffCurrent/null/
07/04/2014
/u/1stChoice/Share/TNG/tiff/2014/06/8796558.tif here
cp /u/1stChoice/Share/TNG/tiff/2014/06/8796558.tif /u/1stChoice/Share/TNG/tiffCurrent/null/
07/04/2014
/u/1stChoice/Share/TNG/tiff/2014/06/8795411.tif here
cp /u/1stChoice/Share/TNG/tiff/2014/06/8795411.tif /u/1stChoice/Share/TNG/tiffCurrent/null/
07/04/2014
/u/1stChoice/Share/TNG/tiff/2014/06/1862278810.tif here
cp /u/1stChoice/Share/TNG/tiff/2014/06/1862278810.tif /u/1stChoice/Share/TNG/tiffCurrent/ATL/
07/04/2014
/u/1stChoice/Share/TNG/tiff/2014/06/1311763202.tif here
cp /u/1stChoice/Share/TNG/tiff/2014/06/1311763202.tif /u/1stChoice/Share/TNG/tiffCurrent/SAC/
07/04/2014
/u/1stChoice/Share/TNG/tiff/2014/06/1311761602.tif here
cp /u/1stChoice/Share/TNG/tiff/2014/06/1311761602.tif /u/1stChoice/Share/TNG/tiffCurrent/SAC/
07/04/2014
/u/1stChoice/Share/TNG/tiff/2014/06/1311761102.tif here
cp /u/1stChoice/Share/TNG/tiff/2014/06/1311761102.tif /u/1stChoice/Share/TNG/tiffCurrent/SAC/
07/04/2014
/u/1stChoice/Share/TNG/tiff/2014/06/1311763102.tif here
cp /u/1stChoice/Share/TNG/tiff/2014/06/1311763102.tif /u/1stChoice/Share/TNG/tiffCurrent/SAC/
07/04/2014
/u/1stChoice/Share/TNG/tiff/2014/06/1311764202.tif here
cp /u/1stChoice/Share/TNG/tiff/2014/06/1311764202.tif /u/1stChoice/Share/TNG/tiffCurrent/SAC/
07/04/2014
/u/1stChoice/Share/TNG/tiff/2014/06/1311762202.tif here
cp /u/1stChoice/Share/TNG/tiff/2014/06/1311762202.tif /u/1stChoice/Share/TNG/tiffCurrent/SAC/
07/04/2014
/u/1stChoice/Share/TNG/tiff/2014/06/1862278910.tif here
cp /u/1stChoice/Share/TNG/tiff/2014/06/1862278910.tif /u/1stChoice/Share/TNG/tiffCurrent/ATL/
07/04/2014
/u/1stChoice/Share/TNG/tiff/2014/06/8795412.tif here
cp /u/1stChoice/Share/TNG/tiff/2014/06/8795412.tif /u/1stChoice/Share/TNG/tiffCurrent/null/
07/04/2014
/u/1stChoice/Share/TNG/tiff/2014/06/1862147203.tif here
cp /u/1stChoice/Share/TNG/tiff/2014/06/1862147203.tif /u/1stChoice/Share/TNG/tiffCurrent/ATL/
07/04/2014
/u/1stChoice/Share/TNG/tiff/2014/06/1861610703.tif here
cp /u/1stChoice/Share/TNG/tiff/2014/06/1861610703.tif /u/1stChoice/Share/TNG/tiffCurrent/ATL/
07/04/2014
/u/1stChoice/Share/TNG/tiff/2014/06/1862146603.tif here
cp /u/1stChoice/Share/TNG/tiff/2014/06/1862146603.tif /u/1stChoice/Share/TNG/tiffCurrent/ATL/
07/04/2014
/u/1stChoice/Share/TNG/tiff/2014/06/1861616812.tif here
cp /u/1stChoice/Share/TNG/tiff/2014/06/1861616812.tif /u/1stChoice/Share/TNG/tiffCurrent/ATL/
07/04/2014
/u/1stChoice/Share/TNG/tiff/2014/06/1862224912.tif here
cp /u/1stChoice/Share/TNG/tiff/2014/06/1862224912.tif /u/1stChoice/Share/TNG/tiffCurrent/ATL/
07/04/2014
/u/1stChoice/Share/TNG/tiff/2014/06/1311761302.tif here
cp /u/1stChoice/Share/TNG/tiff/2014/06/1311761302.tif /u/1stChoice/Share/TNG/tiffCurrent/SAC/
07/04/2014
/u/1stChoice/Share/TNG/tiff/2014/06/1311752202.tif here
cp /u/1stChoice/Share/TNG/tiff/2014/06/1311752202.tif /u/1stChoice/Share/TNG/tiffCurrent/SAC/
07/04/2014
/u/1stChoice/Share/TNG/tiff/2014/06/1311586103.tif here
cp /u/1stChoice/Share/TNG/tiff/2014/06/1311586103.tif /u/1stChoice/Share/TNG/tiffCurrent/SAC/
07/04/2014
/u/1stChoice/Share/TNG/tiff/2014/06/8797029.tif here
cp /u/1stChoice/Share/TNG/tiff/2014/06/8797029.tif /u/1stChoice/Share/TNG/tiffCurrent/null/
07/04/2014
/u/1stChoice/Share/TNG/tiff/2014/06/1862147003.tif here
cp /u/1stChoice/Share/TNG/tiff/2014/06/1862147003.tif /u/1stChoice/Share/TNG/tiffCurrent/ATL/
07/04/2014
/u/1stChoice/Share/TNG/tiff/2014/06/1311760702.tif here
cp /u/1stChoice/Share/TNG/tiff/2014/06/1311760702.tif /u/1stChoice/Share/TNG/tiffCurrent/SAC/
07/04/2014
/u/1stChoice/Share/TNG/tiff/2014/06/1311763802.tif here
cp /u/1stChoice/Share/TNG/tiff/2014/06/1311763802.tif /u/1stChoice/Share/TNG/tiffCurrent/SAC/
07/04/2014
/u/1stChoice/Share/TNG/tiff/2014/06/1861617810.tif here
cp /u/1stChoice/Share/TNG/tiff/2014/06/1861617810.tif /u/1stChoice/Share/TNG/tiffCurrent/ATL/
07/04/2014
/u/1stChoice/Share/TNG/tiff/2014/06/1311762102.tif here
cp /u/1stChoice/Share/TNG/tiff/2014/06/1311762102.tif /u/1stChoice/Share/TNG/tiffCurrent/SAC/
07/04/2014
/u/1stChoice/Share/TNG/tiff/2014/06/1311763602.tif here
cp /u/1stChoice/Share/TNG/tiff/2014/06/1311763602.tif /u/1stChoice/Share/TNG/tiffCurrent/SAC/
07/04/2014
/u/1stChoice/Share/TNG/tiff/2014/06/1311766302.tif here
cp /u/1stChoice/Share/TNG/tiff/2014/06/1311766302.tif /u/1stChoice/Share/TNG/tiffCurrent/SAC/
07/04/2014
/u/1stChoice/Share/TNG/tiff/2014/06/1311586102.tif here
cp /u/1stChoice/Share/TNG/tiff/2014/06/1311586102.tif /u/1stChoice/Share/TNG/tiffCurrent/SAC/
07/04/2014
/u/1stChoice/Share/TNG/tiff/2014/06/1311752002.tif here
cp /u/1stChoice/Share/TNG/tiff/2014/06/1311752002.tif /u/1stChoice/Share/TNG/tiffCurrent/SAC/
07/04/2014
/u/1stChoice/Share/TNG/tiff/2014/06/1311766402.tif here
cp /u/1stChoice/Share/TNG/tiff/2014/06/1311766402.tif /u/1stChoice/Share/TNG/tiffCurrent/SAC/
07/04/2014
/u/1stChoice/Share/TNG/tiff/2014/06/1311585903.tif here
cp /u/1stChoice/Share/TNG/tiff/2014/06/1311585903.tif /u/1stChoice/Share/TNG/tiffCurrent/SAC/
07/04/2014
/u/1stChoice/Share/TNG/tiff/2014/06/1311585902.tif here
cp /u/1stChoice/Share/TNG/tiff/2014/06/1311585902.tif /u/1stChoice/Share/TNG/tiffCurrent/SAC/
07/04/2014
/u/1stChoice/Share/TNG/tiff/2014/06/1311761802.tif here
cp /u/1stChoice/Share/TNG/tiff/2014/06/1311761802.tif /u/1stChoice/Share/TNG/tiffCurrent/SAC/
07/04/2014
/u/1stChoice/Share/TNG/tiff/2014/06/1311761002.tif here
cp /u/1stChoice/Share/TNG/tiff/2014/06/1311761002.tif /u/1stChoice/Share/TNG/tiffCurrent/SAC/
07/04/2014
/u/1stChoice/Share/TNG/tiff/2014/06/1311762702.tif here
cp /u/1stChoice/Share/TNG/tiff/2014/06/1311762702.tif /u/1stChoice/Share/TNG/tiffCurrent/SAC/
07/04/2014
/u/1stChoice/Share/TNG/tiff/2014/06/1860561014.tif here
cp /u/1stChoice/Share/TNG/tiff/2014/06/1860561014.tif /u/1stChoice/Share/TNG/tiffCurrent/ATL/
07/04/2014
/u/1stChoice/Share/TNG/tiff/2014/06/1861691314.tif here
cp /u/1stChoice/Share/TNG/tiff/2014/06/1861691314.tif /u/1stChoice/Share/TNG/tiffCurrent/ATL/
07/04/2014
9
06/25/2014
10
06/24/2014
11
06/23/2014
1860430910
1860430810
1860430710
1860430510
1860430610
1860430410
---0% --------20% --------40% --------60% --------80% --------100% -----/u/1stChoice/Share/TNG/tiff/2014/06/1860430910.tif here
cp /u/1stChoice/Share/TNG/tiff/2014/06/1860430910.tif /u/1stChoice/Share/TNG/tiffCurrent/ATL/
07/04/2014
/u/1stChoice/Share/TNG/tiff/2014/06/1860430810.tif here
cp /u/1stChoice/Share/TNG/tiff/2014/06/1860430810.tif /u/1stChoice/Share/TNG/tiffCurrent/ATL/
07/04/2014
/u/1stChoice/Share/TNG/tiff/2014/06/1860430710.tif here
cp /u/1stChoice/Share/TNG/tiff/2014/06/1860430710.tif /u/1stChoice/Share/TNG/tiffCurrent/ATL/
07/04/2014
/u/1stChoice/Share/TNG/tiff/2014/06/1860430510.tif here
cp /u/1stChoice/Share/TNG/tiff/2014/06/1860430510.tif /u/1stChoice/Share/TNG/tiffCurrent/ATL/
07/04/2014
/u/1stChoice/Share/TNG/tiff/2014/06/1860430610.tif here
cp /u/1stChoice/Share/TNG/tiff/2014/06/1860430610.tif /u/1stChoice/Share/TNG/tiffCurrent/ATL/
07/04/2014
/u/1stChoice/Share/TNG/tiff/2014/06/1860430410.tif here
cp /u/1stChoice/Share/TNG/tiff/2014/06/1860430410.tif /u/1stChoice/Share/TNG/tiffCurrent/ATL/
07/04/2014
12
06/22/2014
13
06/21/2014
