7
08/22/2014


















































































































































































































































































































































Caught: java.io.FileNotFoundException: pdf/bad/1148167803.pdf (No such file or directory)
java.io.FileNotFoundException: pdf/bad/1148167803.pdf (No such file or directory)
	at tif_generation_MarkIII$_run_closure2.doCall(tif_generation_MarkIII.groovy:215)
	at tif_generation_MarkIII.run(tif_generation_MarkIII.groovy:192)
8
08/21/2014



















































































































































































































































































































































































































































































Caught: java.io.FileNotFoundException: pdf/bad/1148246803.pdf (No such file or directory)
java.io.FileNotFoundException: pdf/bad/1148246803.pdf (No such file or directory)
	at tif_generation_MarkIII$_run_closure2.doCall(tif_generation_MarkIII.groovy:215)
	at tif_generation_MarkIII.run(tif_generation_MarkIII.groovy:192)
9
08/20/2014
---0%------20%------40%------60%------80%------100%---10
08/19/2014

















































Caught: java.io.FileNotFoundException: pdf/bad/1203570805.pdf (No such file or directory)
java.io.FileNotFoundException: pdf/bad/1203570805.pdf (No such file or directory)
	at tif_generation_MarkIII$_run_closure2.doCall(tif_generation_MarkIII.groovy:215)
	at tif_generation_MarkIII.run(tif_generation_MarkIII.groovy:192)
11
08/18/2014


























































Caught: java.io.FileNotFoundException: pdf/bad/1147794303.pdf (No such file or directory)
java.io.FileNotFoundException: pdf/bad/1147794303.pdf (No such file or directory)
	at tif_generation_MarkIII$_run_closure2.doCall(tif_generation_MarkIII.groovy:215)
	at tif_generation_MarkIII.run(tif_generation_MarkIII.groovy:192)
12
08/17/2014
13
08/16/2014
