8
07/27/2014
9
07/26/2014
10
07/25/2014
11
07/24/2014
12
07/23/2014
13
07/22/2014
14
07/21/2014
---0%------20%------40%------60%------80%------100%---15
07/20/2014
16
07/19/2014
17
07/18/2014
18
07/17/2014
19
07/16/2014
20
07/15/2014
21
07/14/2014




Caught: java.io.FileNotFoundException: pdf/bad/1295612107.pdf (No such file or directory)
java.io.FileNotFoundException: pdf/bad/1295612107.pdf (No such file or directory)
	at tif_generation_MarkIII$_run_closure2.doCall(tif_generation_MarkIII.groovy:215)
	at tif_generation_MarkIII.run(tif_generation_MarkIII.groovy:192)
22
07/13/2014
23
07/12/2014
24
07/11/2014
25
07/10/2014
26
07/09/2014
27
07/08/2014
28
07/07/2014
29
07/06/2014
30
07/05/2014
31
07/04/2014
32
07/03/2014
---0%------20%------40%------60%------80%---33
07/02/2014
34
07/01/2014
35
06/30/2014
36
06/29/2014
37
06/28/2014
38
06/27/2014
