nohup: ignoring input
1859539503
1859539804
1859539904
1859540004
1859540104
1859540204
1859540304
1859540404
1859540504
1859540604
1859540704
1859540804
1859540904
1859633330
1859633430
1859642012
1859642112
1859669430
1824132501
1824132801
1824252101
1824252301
1824252701
1824252901
1824253501
1824472201
1824472401
1824472501
1824472701
1824472901
1857135930
1857136030
1857136130
1857136230
1857148630
1857148930
1857153730
1857153830
1857153930
1857154130
1857495812
1857515912
1857517712
1858071930
1858072030
1858072130
1858072230
1858072330
1858072430
1858072530
1858072630
1858072730
1858072830
1858072930
1858073030
1858073130
1858073230
1858073330
1858073430
1858092530
1858092630
1858092730
1858092830
1858092930
1858093130
1858093230
1858093330
1858093430
1858093530
1858093630
1858093730
1858093830
1858093930
1858094030
1858094130
1858094230
1858097430
1858097530
1858097630
1858097730
1858097830
1858097930
1858098030
1858098130
1858099130
1858099230
1858099330
1858099530
1858099930
1858106930
1858107030
1858107130
1858107230
1858107330
1858107430
1858107530
1858107630
1858107730
1858107830
1858107930
1858110230
1858110330
1858110430
1858110530
1858110630
1858110730
1858110830
1858110930
1858111030
1858111130
1858111230
1858111330
1858111430
1858111530
1858111630
1858459330
1858471730
1858471830
1858471930
1858472230
1858472330
1858472430
1858472530
1858472630
1858476330
1858507230
1858507330
1858507430
1858507530
1858507630
1858507730
1858508730
1858508830
1858508930
1858509830
1858509930
1858600130
1858600530
1858601130
1858601630
1858602130
1858602330
1858602430
1858602530
1858684730
1858684830
1858684930
1858685030
1858685130
1858685230
1858685330
1858685430
1858685630
1858685730
1858685830
1858685930
1858693330
1858693930
1858694330
1858694530
1858694730
1858694930
1858695130
1858696930
1858723230
1858723430
1858723530
1858723730
1858727230
1858727530
1858727830
1858728130
1858728330
1858729230
1858729730
1858729930
1858730030
1858763703
1858764603
1858766003
1858766103
1858766303
1858778512
1858778612
1858778712
1858778812
1858778912
1858779012
1858779112
1858779212
1858779312
1858779412
1858779512
1858779612
1858779712
1858779812
1858779912
1858780012
1858780112
1858780212
1858780312
1858780412
1858780512
1858817812
1858817912
1858818012
1858818112
1858818312
1858818512
1858818612
1858818812
1858819012
1858819112
1858819212
1858819312
1858834312
1858834512
1858858204
1858859104
1858859304
1858861604
1858862304
1858862504
1858862804
1858864604
1858892410
1858892610
1858895710
1858895810
1858895910
1858897810
1858898210
1858898310
1859027003
1859027403
1859027503
1859027603
1859027703
1859049112
1859060904
1859061004
1859061104
1859061404
1859068804
1859068904
1859069004
1859069104
1859069204
1859069304
1859069404
1859069504
1859069604
1859069704
1859069904
1859070004
1859070104
1859070204
1859070304
1859070504
1859070604
1859070704
1859070804
1859070904
1859071004
1859071104
1859071204
1859071404
1859091210
1859095110
1859095310
1859095410
1859095510
1859148630
1859148830
1859148930
1859149030
1859149130
1859149230
1859149430
1859179230
1859179330
1859179430
1859179530
1859179630
1859179730
1859179830
1859179930
1859180030
1859185830
1859185930
1859186030
1859186130
1859186330
1859186530
1859186730
1859186930
1859187130
1859187230
1859187430
1859199230
1859199330
1859199530
1859199730
1859199930
1859200130
1859200330
1859200530
1859203730
1859204030
1859204630
1859204730
1859204930
1859205030
1859205230
1859205430
1859205530
1859425830
1859503503
1859505203
1859505303
1859505403
1859505803
1859506503
1859506803
1859507003
1859507103
1859507203
1859507303
1859508204
1859508304
1859508404
1859508604
1859509704
1859509804
1859510304
1859510504
1859511204
1859512104
1859512404
1859513804
1859516404
1859517104
1859518904
1859519104
1859519504
1859519604
1859523510
1859523810
1859523910
1859524510
1859526910
1859527010
1859527110
1859527210
1859527410
1859527610
1859528010
1859528210
1859538403
1859538503
1859538603
1859538703
1859538803
1859538903
1859539203
1859539303
1859539403
---0% --------20% --------40% --------60% --------80% --------100% -----cp /u/1stChoice/Share/TNG/tiffMan/2014/06/1859539503.tif /u/1stChoice/Share/TNG/tiffCurrentMan/ATL/
07/03/2014
cp /u/1stChoice/Share/TNG/tiffMan/2014/06/1859539804.tif /u/1stChoice/Share/TNG/tiffCurrentMan/ATL/
07/03/2014
cp /u/1stChoice/Share/TNG/tiffMan/2014/06/1859539904.tif /u/1stChoice/Share/TNG/tiffCurrentMan/ATL/
07/03/2014
cp /u/1stChoice/Share/TNG/tiffMan/2014/06/1859540004.tif /u/1stChoice/Share/TNG/tiffCurrentMan/ATL/
07/03/2014
cp /u/1stChoice/Share/TNG/tiffMan/2014/06/1859540104.tif /u/1stChoice/Share/TNG/tiffCurrentMan/ATL/
07/03/2014
cp /u/1stChoice/Share/TNG/tiffMan/2014/06/1859540204.tif /u/1stChoice/Share/TNG/tiffCurrentMan/ATL/
07/03/2014
cp /u/1stChoice/Share/TNG/tiffMan/2014/06/1859540304.tif /u/1stChoice/Share/TNG/tiffCurrentMan/ATL/
07/03/2014
cp /u/1stChoice/Share/TNG/tiffMan/2014/06/1859540404.tif /u/1stChoice/Share/TNG/tiffCurrentMan/ATL/
07/03/2014
cp /u/1stChoice/Share/TNG/tiffMan/2014/06/1859540504.tif /u/1stChoice/Share/TNG/tiffCurrentMan/ATL/
07/03/2014
cp /u/1stChoice/Share/TNG/tiffMan/2014/06/1859540604.tif /u/1stChoice/Share/TNG/tiffCurrentMan/ATL/
07/03/2014
cp /u/1stChoice/Share/TNG/tiffMan/2014/06/1859540704.tif /u/1stChoice/Share/TNG/tiffCurrentMan/ATL/
07/03/2014
cp /u/1stChoice/Share/TNG/tiffMan/2014/06/1859540804.tif /u/1stChoice/Share/TNG/tiffCurrentMan/ATL/
07/03/2014
cp /u/1stChoice/Share/TNG/tiffMan/2014/06/1859540904.tif /u/1stChoice/Share/TNG/tiffCurrentMan/ATL/
07/03/2014
cp /u/1stChoice/Share/TNG/tiffMan/2014/06/1859633330.tif /u/1stChoice/Share/TNG/tiffCurrentMan/ATL/
07/03/2014
cp /u/1stChoice/Share/TNG/tiffMan/2014/06/1859633430.tif /u/1stChoice/Share/TNG/tiffCurrentMan/ATL/
07/03/2014
cp /u/1stChoice/Share/TNG/tiffMan/2014/06/1859642012.tif /u/1stChoice/Share/TNG/tiffCurrentMan/ATL/
07/03/2014
cp /u/1stChoice/Share/TNG/tiffMan/2014/06/1859642112.tif /u/1stChoice/Share/TNG/tiffCurrentMan/ATL/
07/03/2014
cp /u/1stChoice/Share/TNG/tiffMan/2014/06/1859669430.tif /u/1stChoice/Share/TNG/tiffCurrentMan/ATL/
07/03/2014
cp /u/1stChoice/Share/TNG/tiffMan/2014/06/1824132501.tif /u/1stChoice/Share/TNG/tiffCurrentMan/null/
07/03/2014
cp /u/1stChoice/Share/TNG/tiffMan/2014/06/1824132801.tif /u/1stChoice/Share/TNG/tiffCurrentMan/null/
07/03/2014
cp /u/1stChoice/Share/TNG/tiffMan/2014/06/1824252101.tif /u/1stChoice/Share/TNG/tiffCurrentMan/null/
07/03/2014
cp /u/1stChoice/Share/TNG/tiffMan/2014/06/1824252301.tif /u/1stChoice/Share/TNG/tiffCurrentMan/null/
07/03/2014
cp /u/1stChoice/Share/TNG/tiffMan/2014/06/1824252701.tif /u/1stChoice/Share/TNG/tiffCurrentMan/null/
07/03/2014
cp /u/1stChoice/Share/TNG/tiffMan/2014/06/1824252901.tif /u/1stChoice/Share/TNG/tiffCurrentMan/null/
07/03/2014
cp /u/1stChoice/Share/TNG/tiffMan/2014/06/1824253501.tif /u/1stChoice/Share/TNG/tiffCurrentMan/null/
07/03/2014
cp /u/1stChoice/Share/TNG/tiffMan/2014/06/1824472201.tif /u/1stChoice/Share/TNG/tiffCurrentMan/null/
07/03/2014
cp /u/1stChoice/Share/TNG/tiffMan/2014/06/1824472401.tif /u/1stChoice/Share/TNG/tiffCurrentMan/null/
07/03/2014
cp /u/1stChoice/Share/TNG/tiffMan/2014/06/1824472501.tif /u/1stChoice/Share/TNG/tiffCurrentMan/null/
07/03/2014
cp /u/1stChoice/Share/TNG/tiffMan/2014/06/1824472701.tif /u/1stChoice/Share/TNG/tiffCurrentMan/null/
07/03/2014
cp /u/1stChoice/Share/TNG/tiffMan/2014/06/1824472901.tif /u/1stChoice/Share/TNG/tiffCurrentMan/null/
07/03/2014
cp /u/1stChoice/Share/TNG/tiffMan/2014/06/1857135930.tif /u/1stChoice/Share/TNG/tiffCurrentMan/ATL/
07/03/2014
cp /u/1stChoice/Share/TNG/tiffMan/2014/06/1857136030.tif /u/1stChoice/Share/TNG/tiffCurrentMan/ATL/
07/03/2014
cp /u/1stChoice/Share/TNG/tiffMan/2014/06/1857136130.tif /u/1stChoice/Share/TNG/tiffCurrentMan/ATL/
07/03/2014
cp /u/1stChoice/Share/TNG/tiffMan/2014/06/1857136230.tif /u/1stChoice/Share/TNG/tiffCurrentMan/ATL/
07/03/2014
cp /u/1stChoice/Share/TNG/tiffMan/2014/06/1857148630.tif /u/1stChoice/Share/TNG/tiffCurrentMan/ATL/
07/03/2014
cp /u/1stChoice/Share/TNG/tiffMan/2014/06/1857148930.tif /u/1stChoice/Share/TNG/tiffCurrentMan/ATL/
07/03/2014
cp /u/1stChoice/Share/TNG/tiffMan/2014/06/1857153730.tif /u/1stChoice/Share/TNG/tiffCurrentMan/ATL/
07/03/2014
cp /u/1stChoice/Share/TNG/tiffMan/2014/06/1857153830.tif /u/1stChoice/Share/TNG/tiffCurrentMan/ATL/
07/03/2014
cp /u/1stChoice/Share/TNG/tiffMan/2014/06/1857153930.tif /u/1stChoice/Share/TNG/tiffCurrentMan/ATL/
07/03/2014
cp /u/1stChoice/Share/TNG/tiffMan/2014/06/1857154130.tif /u/1stChoice/Share/TNG/tiffCurrentMan/ATL/
07/03/2014
cp /u/1stChoice/Share/TNG/tiffMan/2014/06/1857495812.tif /u/1stChoice/Share/TNG/tiffCurrentMan/ATL/
07/03/2014
cp /u/1stChoice/Share/TNG/tiffMan/2014/06/1857515912.tif /u/1stChoice/Share/TNG/tiffCurrentMan/ATL/
07/03/2014
cp /u/1stChoice/Share/TNG/tiffMan/2014/06/1857517712.tif /u/1stChoice/Share/TNG/tiffCurrentMan/ATL/
07/03/2014
cp /u/1stChoice/Share/TNG/tiffMan/2014/06/1858071930.tif /u/1stChoice/Share/TNG/tiffCurrentMan/ATL/
07/03/2014
cp /u/1stChoice/Share/TNG/tiffMan/2014/06/1858072030.tif /u/1stChoice/Share/TNG/tiffCurrentMan/ATL/
07/03/2014
cp /u/1stChoice/Share/TNG/tiffMan/2014/06/1858072130.tif /u/1stChoice/Share/TNG/tiffCurrentMan/ATL/
07/03/2014
cp /u/1stChoice/Share/TNG/tiffMan/2014/06/1858072230.tif /u/1stChoice/Share/TNG/tiffCurrentMan/ATL/
07/03/2014
cp /u/1stChoice/Share/TNG/tiffMan/2014/06/1858072330.tif /u/1stChoice/Share/TNG/tiffCurrentMan/ATL/
07/03/2014
cp /u/1stChoice/Share/TNG/tiffMan/2014/06/1858072430.tif /u/1stChoice/Share/TNG/tiffCurrentMan/ATL/
07/03/2014
cp /u/1stChoice/Share/TNG/tiffMan/2014/06/1858072530.tif /u/1stChoice/Share/TNG/tiffCurrentMan/ATL/
07/03/2014
cp /u/1stChoice/Share/TNG/tiffMan/2014/06/1858072630.tif /u/1stChoice/Share/TNG/tiffCurrentMan/ATL/
07/03/2014
cp /u/1stChoice/Share/TNG/tiffMan/2014/06/1858072730.tif /u/1stChoice/Share/TNG/tiffCurrentMan/ATL/
07/03/2014
cp /u/1stChoice/Share/TNG/tiffMan/2014/06/1858072830.tif /u/1stChoice/Share/TNG/tiffCurrentMan/ATL/
07/03/2014
cp /u/1stChoice/Share/TNG/tiffMan/2014/06/1858072930.tif /u/1stChoice/Share/TNG/tiffCurrentMan/ATL/
07/03/2014
cp /u/1stChoice/Share/TNG/tiffMan/2014/06/1858073030.tif /u/1stChoice/Share/TNG/tiffCurrentMan/ATL/
07/03/2014
cp /u/1stChoice/Share/TNG/tiffMan/2014/06/1858073130.tif /u/1stChoice/Share/TNG/tiffCurrentMan/ATL/
07/03/2014
cp /u/1stChoice/Share/TNG/tiffMan/2014/06/1858073230.tif /u/1stChoice/Share/TNG/tiffCurrentMan/ATL/
07/03/2014
cp /u/1stChoice/Share/TNG/tiffMan/2014/06/1858073330.tif /u/1stChoice/Share/TNG/tiffCurrentMan/ATL/
07/03/2014
cp /u/1stChoice/Share/TNG/tiffMan/2014/06/1858073430.tif /u/1stChoice/Share/TNG/tiffCurrentMan/ATL/
07/03/2014
cp /u/1stChoice/Share/TNG/tiffMan/2014/06/1858092530.tif /u/1stChoice/Share/TNG/tiffCurrentMan/ATL/
07/03/2014
cp /u/1stChoice/Share/TNG/tiffMan/2014/06/1858092630.tif /u/1stChoice/Share/TNG/tiffCurrentMan/ATL/
07/03/2014
cp /u/1stChoice/Share/TNG/tiffMan/2014/06/1858092730.tif /u/1stChoice/Share/TNG/tiffCurrentMan/ATL/
07/03/2014
cp /u/1stChoice/Share/TNG/tiffMan/2014/06/1858092830.tif /u/1stChoice/Share/TNG/tiffCurrentMan/ATL/
07/03/2014
cp /u/1stChoice/Share/TNG/tiffMan/2014/06/1858092930.tif /u/1stChoice/Share/TNG/tiffCurrentMan/ATL/
07/03/2014
cp /u/1stChoice/Share/TNG/tiffMan/2014/06/1858093130.tif /u/1stChoice/Share/TNG/tiffCurrentMan/ATL/
07/03/2014
cp /u/1stChoice/Share/TNG/tiffMan/2014/06/1858093230.tif /u/1stChoice/Share/TNG/tiffCurrentMan/ATL/
07/03/2014
cp /u/1stChoice/Share/TNG/tiffMan/2014/06/1858093330.tif /u/1stChoice/Share/TNG/tiffCurrentMan/ATL/
07/03/2014
cp /u/1stChoice/Share/TNG/tiffMan/2014/06/1858093430.tif /u/1stChoice/Share/TNG/tiffCurrentMan/ATL/
07/03/2014
cp /u/1stChoice/Share/TNG/tiffMan/2014/06/1858093530.tif /u/1stChoice/Share/TNG/tiffCurrentMan/ATL/
07/03/2014
cp /u/1stChoice/Share/TNG/tiffMan/2014/06/1858093630.tif /u/1stChoice/Share/TNG/tiffCurrentMan/ATL/
07/03/2014
cp /u/1stChoice/Share/TNG/tiffMan/2014/06/1858093730.tif /u/1stChoice/Share/TNG/tiffCurrentMan/ATL/
07/03/2014
cp /u/1stChoice/Share/TNG/tiffMan/2014/06/1858093830.tif /u/1stChoice/Share/TNG/tiffCurrentMan/ATL/
07/03/2014
cp /u/1stChoice/Share/TNG/tiffMan/2014/06/1858093930.tif /u/1stChoice/Share/TNG/tiffCurrentMan/ATL/
07/03/2014
cp /u/1stChoice/Share/TNG/tiffMan/2014/06/1858094030.tif /u/1stChoice/Share/TNG/tiffCurrentMan/ATL/
07/03/2014
cp /u/1stChoice/Share/TNG/tiffMan/2014/06/1858094130.tif /u/1stChoice/Share/TNG/tiffCurrentMan/ATL/
07/03/2014
cp /u/1stChoice/Share/TNG/tiffMan/2014/06/1858094230.tif /u/1stChoice/Share/TNG/tiffCurrentMan/ATL/
07/03/2014
cp /u/1stChoice/Share/TNG/tiffMan/2014/06/1858097430.tif /u/1stChoice/Share/TNG/tiffCurrentMan/ATL/
07/03/2014
cp /u/1stChoice/Share/TNG/tiffMan/2014/06/1858097530.tif /u/1stChoice/Share/TNG/tiffCurrentMan/ATL/
07/03/2014
cp /u/1stChoice/Share/TNG/tiffMan/2014/06/1858097630.tif /u/1stChoice/Share/TNG/tiffCurrentMan/ATL/
07/03/2014
cp /u/1stChoice/Share/TNG/tiffMan/2014/06/1858097730.tif /u/1stChoice/Share/TNG/tiffCurrentMan/ATL/
07/03/2014
cp /u/1stChoice/Share/TNG/tiffMan/2014/06/1858097830.tif /u/1stChoice/Share/TNG/tiffCurrentMan/ATL/
07/03/2014
cp /u/1stChoice/Share/TNG/tiffMan/2014/06/1858097930.tif /u/1stChoice/Share/TNG/tiffCurrentMan/ATL/
07/03/2014
cp /u/1stChoice/Share/TNG/tiffMan/2014/06/1858098030.tif /u/1stChoice/Share/TNG/tiffCurrentMan/ATL/
07/03/2014
cp /u/1stChoice/Share/TNG/tiffMan/2014/06/1858098130.tif /u/1stChoice/Share/TNG/tiffCurrentMan/ATL/
07/03/2014
cp /u/1stChoice/Share/TNG/tiffMan/2014/06/1858099130.tif /u/1stChoice/Share/TNG/tiffCurrentMan/ATL/
07/03/2014
cp /u/1stChoice/Share/TNG/tiffMan/2014/06/1858099230.tif /u/1stChoice/Share/TNG/tiffCurrentMan/ATL/
07/03/2014
cp /u/1stChoice/Share/TNG/tiffMan/2014/06/1858099330.tif /u/1stChoice/Share/TNG/tiffCurrentMan/ATL/
07/03/2014
cp /u/1stChoice/Share/TNG/tiffMan/2014/06/1858099530.tif /u/1stChoice/Share/TNG/tiffCurrentMan/ATL/
07/03/2014
cp /u/1stChoice/Share/TNG/tiffMan/2014/06/1858099930.tif /u/1stChoice/Share/TNG/tiffCurrentMan/ATL/
07/03/2014
cp /u/1stChoice/Share/TNG/tiffMan/2014/06/1858106930.tif /u/1stChoice/Share/TNG/tiffCurrentMan/ATL/
07/03/2014
cp /u/1stChoice/Share/TNG/tiffMan/2014/06/1858107030.tif /u/1stChoice/Share/TNG/tiffCurrentMan/ATL/
07/03/2014
cp /u/1stChoice/Share/TNG/tiffMan/2014/06/1858107130.tif /u/1stChoice/Share/TNG/tiffCurrentMan/ATL/
07/03/2014
cp /u/1stChoice/Share/TNG/tiffMan/2014/06/1858107230.tif /u/1stChoice/Share/TNG/tiffCurrentMan/ATL/
07/03/2014
cp /u/1stChoice/Share/TNG/tiffMan/2014/06/1858107330.tif /u/1stChoice/Share/TNG/tiffCurrentMan/ATL/
07/03/2014
cp /u/1stChoice/Share/TNG/tiffMan/2014/06/1858107430.tif /u/1stChoice/Share/TNG/tiffCurrentMan/ATL/
07/03/2014
cp /u/1stChoice/Share/TNG/tiffMan/2014/06/1858107530.tif /u/1stChoice/Share/TNG/tiffCurrentMan/ATL/
07/03/2014
cp /u/1stChoice/Share/TNG/tiffMan/2014/06/1858107630.tif /u/1stChoice/Share/TNG/tiffCurrentMan/ATL/
07/03/2014
cp /u/1stChoice/Share/TNG/tiffMan/2014/06/1858107730.tif /u/1stChoice/Share/TNG/tiffCurrentMan/ATL/
07/03/2014
cp /u/1stChoice/Share/TNG/tiffMan/2014/06/1858107830.tif /u/1stChoice/Share/TNG/tiffCurrentMan/ATL/
07/03/2014
cp /u/1stChoice/Share/TNG/tiffMan/2014/06/1858107930.tif /u/1stChoice/Share/TNG/tiffCurrentMan/ATL/
07/03/2014
cp /u/1stChoice/Share/TNG/tiffMan/2014/06/1858110230.tif /u/1stChoice/Share/TNG/tiffCurrentMan/ATL/
07/03/2014
cp /u/1stChoice/Share/TNG/tiffMan/2014/06/1858110330.tif /u/1stChoice/Share/TNG/tiffCurrentMan/ATL/
07/03/2014
cp /u/1stChoice/Share/TNG/tiffMan/2014/06/1858110430.tif /u/1stChoice/Share/TNG/tiffCurrentMan/ATL/
07/03/2014
cp /u/1stChoice/Share/TNG/tiffMan/2014/06/1858110530.tif /u/1stChoice/Share/TNG/tiffCurrentMan/ATL/
07/03/2014
cp /u/1stChoice/Share/TNG/tiffMan/2014/06/1858110630.tif /u/1stChoice/Share/TNG/tiffCurrentMan/ATL/
07/03/2014
cp /u/1stChoice/Share/TNG/tiffMan/2014/06/1858110730.tif /u/1stChoice/Share/TNG/tiffCurrentMan/ATL/
07/03/2014
cp /u/1stChoice/Share/TNG/tiffMan/2014/06/1858110830.tif /u/1stChoice/Share/TNG/tiffCurrentMan/ATL/
07/03/2014
cp /u/1stChoice/Share/TNG/tiffMan/2014/06/1858110930.tif /u/1stChoice/Share/TNG/tiffCurrentMan/ATL/
07/03/2014
cp /u/1stChoice/Share/TNG/tiffMan/2014/06/1858111030.tif /u/1stChoice/Share/TNG/tiffCurrentMan/ATL/
07/03/2014
cp /u/1stChoice/Share/TNG/tiffMan/2014/06/1858111130.tif /u/1stChoice/Share/TNG/tiffCurrentMan/ATL/
07/03/2014
cp /u/1stChoice/Share/TNG/tiffMan/2014/06/1858111230.tif /u/1stChoice/Share/TNG/tiffCurrentMan/ATL/
07/03/2014
cp /u/1stChoice/Share/TNG/tiffMan/2014/06/1858111330.tif /u/1stChoice/Share/TNG/tiffCurrentMan/ATL/
07/03/2014
cp /u/1stChoice/Share/TNG/tiffMan/2014/06/1858111430.tif /u/1stChoice/Share/TNG/tiffCurrentMan/ATL/
07/03/2014
cp /u/1stChoice/Share/TNG/tiffMan/2014/06/1858111530.tif /u/1stChoice/Share/TNG/tiffCurrentMan/ATL/
07/03/2014
cp /u/1stChoice/Share/TNG/tiffMan/2014/06/1858111630.tif /u/1stChoice/Share/TNG/tiffCurrentMan/ATL/
07/03/2014
cp /u/1stChoice/Share/TNG/tiffMan/2014/06/1858459330.tif /u/1stChoice/Share/TNG/tiffCurrentMan/ATL/
07/03/2014
cp /u/1stChoice/Share/TNG/tiffMan/2014/06/1858471730.tif /u/1stChoice/Share/TNG/tiffCurrentMan/ATL/
07/03/2014
cp /u/1stChoice/Share/TNG/tiffMan/2014/06/1858471830.tif /u/1stChoice/Share/TNG/tiffCurrentMan/ATL/
07/03/2014
cp /u/1stChoice/Share/TNG/tiffMan/2014/06/1858471930.tif /u/1stChoice/Share/TNG/tiffCurrentMan/ATL/
07/03/2014
cp /u/1stChoice/Share/TNG/tiffMan/2014/06/1858472230.tif /u/1stChoice/Share/TNG/tiffCurrentMan/ATL/
07/03/2014
cp /u/1stChoice/Share/TNG/tiffMan/2014/06/1858472330.tif /u/1stChoice/Share/TNG/tiffCurrentMan/ATL/
07/03/2014
cp /u/1stChoice/Share/TNG/tiffMan/2014/06/1858472430.tif /u/1stChoice/Share/TNG/tiffCurrentMan/ATL/
07/03/2014
cp /u/1stChoice/Share/TNG/tiffMan/2014/06/1858472530.tif /u/1stChoice/Share/TNG/tiffCurrentMan/ATL/
07/03/2014
cp /u/1stChoice/Share/TNG/tiffMan/2014/06/1858472630.tif /u/1stChoice/Share/TNG/tiffCurrentMan/ATL/
07/03/2014
cp /u/1stChoice/Share/TNG/tiffMan/2014/06/1858476330.tif /u/1stChoice/Share/TNG/tiffCurrentMan/ATL/
07/03/2014
cp /u/1stChoice/Share/TNG/tiffMan/2014/06/1858507230.tif /u/1stChoice/Share/TNG/tiffCurrentMan/ATL/
07/03/2014
cp /u/1stChoice/Share/TNG/tiffMan/2014/06/1858507330.tif /u/1stChoice/Share/TNG/tiffCurrentMan/ATL/
07/03/2014
cp /u/1stChoice/Share/TNG/tiffMan/2014/06/1858507430.tif /u/1stChoice/Share/TNG/tiffCurrentMan/ATL/
07/03/2014
cp /u/1stChoice/Share/TNG/tiffMan/2014/06/1858507530.tif /u/1stChoice/Share/TNG/tiffCurrentMan/ATL/
07/03/2014
cp /u/1stChoice/Share/TNG/tiffMan/2014/06/1858507630.tif /u/1stChoice/Share/TNG/tiffCurrentMan/ATL/
07/03/2014
cp /u/1stChoice/Share/TNG/tiffMan/2014/06/1858507730.tif /u/1stChoice/Share/TNG/tiffCurrentMan/ATL/
07/03/2014
cp /u/1stChoice/Share/TNG/tiffMan/2014/06/1858508730.tif /u/1stChoice/Share/TNG/tiffCurrentMan/ATL/
07/03/2014
cp /u/1stChoice/Share/TNG/tiffMan/2014/06/1858508830.tif /u/1stChoice/Share/TNG/tiffCurrentMan/ATL/
07/03/2014
cp /u/1stChoice/Share/TNG/tiffMan/2014/06/1858508930.tif /u/1stChoice/Share/TNG/tiffCurrentMan/ATL/
07/03/2014
cp /u/1stChoice/Share/TNG/tiffMan/2014/06/1858509830.tif /u/1stChoice/Share/TNG/tiffCurrentMan/ATL/
07/03/2014
cp /u/1stChoice/Share/TNG/tiffMan/2014/06/1858509930.tif /u/1stChoice/Share/TNG/tiffCurrentMan/ATL/
07/03/2014
cp /u/1stChoice/Share/TNG/tiffMan/2014/06/1858600130.tif /u/1stChoice/Share/TNG/tiffCurrentMan/ATL/
07/03/2014
cp /u/1stChoice/Share/TNG/tiffMan/2014/06/1858600530.tif /u/1stChoice/Share/TNG/tiffCurrentMan/ATL/
07/03/2014
cp /u/1stChoice/Share/TNG/tiffMan/2014/06/1858601130.tif /u/1stChoice/Share/TNG/tiffCurrentMan/ATL/
07/03/2014
cp /u/1stChoice/Share/TNG/tiffMan/2014/06/1858601630.tif /u/1stChoice/Share/TNG/tiffCurrentMan/ATL/
07/03/2014
cp /u/1stChoice/Share/TNG/tiffMan/2014/06/1858602130.tif /u/1stChoice/Share/TNG/tiffCurrentMan/ATL/
07/03/2014
cp /u/1stChoice/Share/TNG/tiffMan/2014/06/1858602330.tif /u/1stChoice/Share/TNG/tiffCurrentMan/ATL/
07/03/2014
cp /u/1stChoice/Share/TNG/tiffMan/2014/06/1858602430.tif /u/1stChoice/Share/TNG/tiffCurrentMan/ATL/
07/03/2014
cp /u/1stChoice/Share/TNG/tiffMan/2014/06/1858602530.tif /u/1stChoice/Share/TNG/tiffCurrentMan/ATL/
07/03/2014
cp /u/1stChoice/Share/TNG/tiffMan/2014/06/1858684730.tif /u/1stChoice/Share/TNG/tiffCurrentMan/ATL/
07/03/2014
cp /u/1stChoice/Share/TNG/tiffMan/2014/06/1858684830.tif /u/1stChoice/Share/TNG/tiffCurrentMan/ATL/
07/03/2014
cp /u/1stChoice/Share/TNG/tiffMan/2014/06/1858684930.tif /u/1stChoice/Share/TNG/tiffCurrentMan/ATL/
07/03/2014
cp /u/1stChoice/Share/TNG/tiffMan/2014/06/1858685030.tif /u/1stChoice/Share/TNG/tiffCurrentMan/ATL/
07/03/2014
cp /u/1stChoice/Share/TNG/tiffMan/2014/06/1858685130.tif /u/1stChoice/Share/TNG/tiffCurrentMan/ATL/
07/03/2014
cp /u/1stChoice/Share/TNG/tiffMan/2014/06/1858685230.tif /u/1stChoice/Share/TNG/tiffCurrentMan/ATL/
07/03/2014
cp /u/1stChoice/Share/TNG/tiffMan/2014/06/1858685330.tif /u/1stChoice/Share/TNG/tiffCurrentMan/ATL/
07/03/2014
cp /u/1stChoice/Share/TNG/tiffMan/2014/06/1858685430.tif /u/1stChoice/Share/TNG/tiffCurrentMan/ATL/
07/03/2014
cp /u/1stChoice/Share/TNG/tiffMan/2014/06/1858685630.tif /u/1stChoice/Share/TNG/tiffCurrentMan/ATL/
07/03/2014
cp /u/1stChoice/Share/TNG/tiffMan/2014/06/1858685730.tif /u/1stChoice/Share/TNG/tiffCurrentMan/ATL/
07/03/2014
cp /u/1stChoice/Share/TNG/tiffMan/2014/06/1858685830.tif /u/1stChoice/Share/TNG/tiffCurrentMan/ATL/
07/03/2014
cp /u/1stChoice/Share/TNG/tiffMan/2014/06/1858685930.tif /u/1stChoice/Share/TNG/tiffCurrentMan/ATL/
07/03/2014
cp /u/1stChoice/Share/TNG/tiffMan/2014/06/1858693330.tif /u/1stChoice/Share/TNG/tiffCurrentMan/ATL/
07/03/2014
cp /u/1stChoice/Share/TNG/tiffMan/2014/06/1858693930.tif /u/1stChoice/Share/TNG/tiffCurrentMan/ATL/
07/03/2014
cp /u/1stChoice/Share/TNG/tiffMan/2014/06/1858694330.tif /u/1stChoice/Share/TNG/tiffCurrentMan/ATL/
07/03/2014
cp /u/1stChoice/Share/TNG/tiffMan/2014/06/1858694530.tif /u/1stChoice/Share/TNG/tiffCurrentMan/ATL/
07/03/2014
cp /u/1stChoice/Share/TNG/tiffMan/2014/06/1858694730.tif /u/1stChoice/Share/TNG/tiffCurrentMan/ATL/
07/03/2014
cp /u/1stChoice/Share/TNG/tiffMan/2014/06/1858694930.tif /u/1stChoice/Share/TNG/tiffCurrentMan/ATL/
07/03/2014
cp /u/1stChoice/Share/TNG/tiffMan/2014/06/1858695130.tif /u/1stChoice/Share/TNG/tiffCurrentMan/ATL/
07/03/2014
cp /u/1stChoice/Share/TNG/tiffMan/2014/06/1858696930.tif /u/1stChoice/Share/TNG/tiffCurrentMan/ATL/
07/03/2014
cp /u/1stChoice/Share/TNG/tiffMan/2014/06/1858723230.tif /u/1stChoice/Share/TNG/tiffCurrentMan/ATL/
07/03/2014
cp /u/1stChoice/Share/TNG/tiffMan/2014/06/1858723430.tif /u/1stChoice/Share/TNG/tiffCurrentMan/ATL/
07/03/2014
cp /u/1stChoice/Share/TNG/tiffMan/2014/06/1858723530.tif /u/1stChoice/Share/TNG/tiffCurrentMan/ATL/
07/03/2014
cp /u/1stChoice/Share/TNG/tiffMan/2014/06/1858723730.tif /u/1stChoice/Share/TNG/tiffCurrentMan/ATL/
07/03/2014
cp /u/1stChoice/Share/TNG/tiffMan/2014/06/1858727230.tif /u/1stChoice/Share/TNG/tiffCurrentMan/ATL/
07/03/2014
cp /u/1stChoice/Share/TNG/tiffMan/2014/06/1858727530.tif /u/1stChoice/Share/TNG/tiffCurrentMan/ATL/
07/03/2014
cp /u/1stChoice/Share/TNG/tiffMan/2014/06/1858727830.tif /u/1stChoice/Share/TNG/tiffCurrentMan/ATL/
07/03/2014
cp /u/1stChoice/Share/TNG/tiffMan/2014/06/1858728130.tif /u/1stChoice/Share/TNG/tiffCurrentMan/ATL/
07/03/2014
cp /u/1stChoice/Share/TNG/tiffMan/2014/06/1858728330.tif /u/1stChoice/Share/TNG/tiffCurrentMan/ATL/
07/03/2014
cp /u/1stChoice/Share/TNG/tiffMan/2014/06/1858729230.tif /u/1stChoice/Share/TNG/tiffCurrentMan/ATL/
07/03/2014
cp /u/1stChoice/Share/TNG/tiffMan/2014/06/1858729730.tif /u/1stChoice/Share/TNG/tiffCurrentMan/ATL/
07/03/2014
cp /u/1stChoice/Share/TNG/tiffMan/2014/06/1858729930.tif /u/1stChoice/Share/TNG/tiffCurrentMan/ATL/
07/03/2014
cp /u/1stChoice/Share/TNG/tiffMan/2014/06/1858730030.tif /u/1stChoice/Share/TNG/tiffCurrentMan/ATL/
07/03/2014
cp /u/1stChoice/Share/TNG/tiffMan/2014/06/1858763703.tif /u/1stChoice/Share/TNG/tiffCurrentMan/ATL/
07/03/2014
cp /u/1stChoice/Share/TNG/tiffMan/2014/06/1858764603.tif /u/1stChoice/Share/TNG/tiffCurrentMan/ATL/
07/03/2014
cp /u/1stChoice/Share/TNG/tiffMan/2014/06/1858766003.tif /u/1stChoice/Share/TNG/tiffCurrentMan/ATL/
07/03/2014
cp /u/1stChoice/Share/TNG/tiffMan/2014/06/1858766103.tif /u/1stChoice/Share/TNG/tiffCurrentMan/ATL/
07/03/2014
cp /u/1stChoice/Share/TNG/tiffMan/2014/06/1858766303.tif /u/1stChoice/Share/TNG/tiffCurrentMan/ATL/
07/03/2014
cp /u/1stChoice/Share/TNG/tiffMan/2014/06/1858778512.tif /u/1stChoice/Share/TNG/tiffCurrentMan/ATL/
07/03/2014
cp /u/1stChoice/Share/TNG/tiffMan/2014/06/1858778612.tif /u/1stChoice/Share/TNG/tiffCurrentMan/ATL/
07/03/2014
cp /u/1stChoice/Share/TNG/tiffMan/2014/06/1858778712.tif /u/1stChoice/Share/TNG/tiffCurrentMan/ATL/
07/03/2014
cp /u/1stChoice/Share/TNG/tiffMan/2014/06/1858778812.tif /u/1stChoice/Share/TNG/tiffCurrentMan/ATL/
07/03/2014
cp /u/1stChoice/Share/TNG/tiffMan/2014/06/1858778912.tif /u/1stChoice/Share/TNG/tiffCurrentMan/ATL/
07/03/2014
cp /u/1stChoice/Share/TNG/tiffMan/2014/06/1858779012.tif /u/1stChoice/Share/TNG/tiffCurrentMan/ATL/
07/03/2014
cp /u/1stChoice/Share/TNG/tiffMan/2014/06/1858779112.tif /u/1stChoice/Share/TNG/tiffCurrentMan/ATL/
07/03/2014
cp /u/1stChoice/Share/TNG/tiffMan/2014/06/1858779212.tif /u/1stChoice/Share/TNG/tiffCurrentMan/ATL/
07/03/2014
cp /u/1stChoice/Share/TNG/tiffMan/2014/06/1858779312.tif /u/1stChoice/Share/TNG/tiffCurrentMan/ATL/
07/03/2014
cp /u/1stChoice/Share/TNG/tiffMan/2014/06/1858779412.tif /u/1stChoice/Share/TNG/tiffCurrentMan/ATL/
07/03/2014
cp /u/1stChoice/Share/TNG/tiffMan/2014/06/1858779512.tif /u/1stChoice/Share/TNG/tiffCurrentMan/ATL/
07/03/2014
cp /u/1stChoice/Share/TNG/tiffMan/2014/06/1858779612.tif /u/1stChoice/Share/TNG/tiffCurrentMan/ATL/
07/03/2014
cp /u/1stChoice/Share/TNG/tiffMan/2014/06/1858779712.tif /u/1stChoice/Share/TNG/tiffCurrentMan/ATL/
07/03/2014
cp /u/1stChoice/Share/TNG/tiffMan/2014/06/1858779812.tif /u/1stChoice/Share/TNG/tiffCurrentMan/ATL/
07/03/2014
cp /u/1stChoice/Share/TNG/tiffMan/2014/06/1858779912.tif /u/1stChoice/Share/TNG/tiffCurrentMan/ATL/
07/03/2014
cp /u/1stChoice/Share/TNG/tiffMan/2014/06/1858780012.tif /u/1stChoice/Share/TNG/tiffCurrentMan/ATL/
07/03/2014
cp /u/1stChoice/Share/TNG/tiffMan/2014/06/1858780112.tif /u/1stChoice/Share/TNG/tiffCurrentMan/ATL/
07/03/2014
cp /u/1stChoice/Share/TNG/tiffMan/2014/06/1858780212.tif /u/1stChoice/Share/TNG/tiffCurrentMan/ATL/
07/03/2014
cp /u/1stChoice/Share/TNG/tiffMan/2014/06/1858780312.tif /u/1stChoice/Share/TNG/tiffCurrentMan/ATL/
07/03/2014
cp /u/1stChoice/Share/TNG/tiffMan/2014/06/1858780412.tif /u/1stChoice/Share/TNG/tiffCurrentMan/ATL/
07/03/2014
cp /u/1stChoice/Share/TNG/tiffMan/2014/06/1858780512.tif /u/1stChoice/Share/TNG/tiffCurrentMan/ATL/
07/03/2014
cp /u/1stChoice/Share/TNG/tiffMan/2014/06/1858817812.tif /u/1stChoice/Share/TNG/tiffCurrentMan/ATL/
07/03/2014
cp /u/1stChoice/Share/TNG/tiffMan/2014/06/1858817912.tif /u/1stChoice/Share/TNG/tiffCurrentMan/ATL/
07/03/2014
cp /u/1stChoice/Share/TNG/tiffMan/2014/06/1858818012.tif /u/1stChoice/Share/TNG/tiffCurrentMan/ATL/
07/03/2014
cp /u/1stChoice/Share/TNG/tiffMan/2014/06/1858818112.tif /u/1stChoice/Share/TNG/tiffCurrentMan/ATL/
07/03/2014
cp /u/1stChoice/Share/TNG/tiffMan/2014/06/1858818312.tif /u/1stChoice/Share/TNG/tiffCurrentMan/ATL/
07/03/2014
cp /u/1stChoice/Share/TNG/tiffMan/2014/06/1858818512.tif /u/1stChoice/Share/TNG/tiffCurrentMan/ATL/
07/03/2014
cp /u/1stChoice/Share/TNG/tiffMan/2014/06/1858818612.tif /u/1stChoice/Share/TNG/tiffCurrentMan/ATL/
07/03/2014
cp /u/1stChoice/Share/TNG/tiffMan/2014/06/1858818812.tif /u/1stChoice/Share/TNG/tiffCurrentMan/ATL/
07/03/2014
cp /u/1stChoice/Share/TNG/tiffMan/2014/06/1858819012.tif /u/1stChoice/Share/TNG/tiffCurrentMan/ATL/
07/03/2014
cp /u/1stChoice/Share/TNG/tiffMan/2014/06/1858819112.tif /u/1stChoice/Share/TNG/tiffCurrentMan/ATL/
07/03/2014
cp /u/1stChoice/Share/TNG/tiffMan/2014/06/1858819212.tif /u/1stChoice/Share/TNG/tiffCurrentMan/ATL/
07/03/2014
cp /u/1stChoice/Share/TNG/tiffMan/2014/06/1858819312.tif /u/1stChoice/Share/TNG/tiffCurrentMan/ATL/
07/03/2014
cp /u/1stChoice/Share/TNG/tiffMan/2014/06/1858834312.tif /u/1stChoice/Share/TNG/tiffCurrentMan/ATL/
07/03/2014
cp /u/1stChoice/Share/TNG/tiffMan/2014/06/1858834512.tif /u/1stChoice/Share/TNG/tiffCurrentMan/ATL/
07/03/2014
cp /u/1stChoice/Share/TNG/tiffMan/2014/06/1858858204.tif /u/1stChoice/Share/TNG/tiffCurrentMan/ATL/
07/03/2014
cp /u/1stChoice/Share/TNG/tiffMan/2014/06/1858859104.tif /u/1stChoice/Share/TNG/tiffCurrentMan/ATL/
07/03/2014
cp /u/1stChoice/Share/TNG/tiffMan/2014/06/1858859304.tif /u/1stChoice/Share/TNG/tiffCurrentMan/ATL/
07/03/2014
cp /u/1stChoice/Share/TNG/tiffMan/2014/06/1858861604.tif /u/1stChoice/Share/TNG/tiffCurrentMan/ATL/
07/03/2014
cp /u/1stChoice/Share/TNG/tiffMan/2014/06/1858862304.tif /u/1stChoice/Share/TNG/tiffCurrentMan/ATL/
07/03/2014
cp /u/1stChoice/Share/TNG/tiffMan/2014/06/1858862504.tif /u/1stChoice/Share/TNG/tiffCurrentMan/ATL/
07/03/2014
cp /u/1stChoice/Share/TNG/tiffMan/2014/06/1858862804.tif /u/1stChoice/Share/TNG/tiffCurrentMan/ATL/
07/03/2014
cp /u/1stChoice/Share/TNG/tiffMan/2014/06/1858864604.tif /u/1stChoice/Share/TNG/tiffCurrentMan/ATL/
07/03/2014
cp /u/1stChoice/Share/TNG/tiffMan/2014/06/1858892410.tif /u/1stChoice/Share/TNG/tiffCurrentMan/ATL/
07/03/2014
cp /u/1stChoice/Share/TNG/tiffMan/2014/06/1858892610.tif /u/1stChoice/Share/TNG/tiffCurrentMan/ATL/
07/03/2014
cp /u/1stChoice/Share/TNG/tiffMan/2014/06/1858895710.tif /u/1stChoice/Share/TNG/tiffCurrentMan/ATL/
07/03/2014
cp /u/1stChoice/Share/TNG/tiffMan/2014/06/1858895810.tif /u/1stChoice/Share/TNG/tiffCurrentMan/ATL/
07/03/2014
cp /u/1stChoice/Share/TNG/tiffMan/2014/06/1858895910.tif /u/1stChoice/Share/TNG/tiffCurrentMan/ATL/
07/03/2014
cp /u/1stChoice/Share/TNG/tiffMan/2014/06/1858897810.tif /u/1stChoice/Share/TNG/tiffCurrentMan/ATL/
07/03/2014
cp /u/1stChoice/Share/TNG/tiffMan/2014/06/1858898210.tif /u/1stChoice/Share/TNG/tiffCurrentMan/ATL/
07/03/2014
cp /u/1stChoice/Share/TNG/tiffMan/2014/06/1858898310.tif /u/1stChoice/Share/TNG/tiffCurrentMan/ATL/
07/03/2014
cp /u/1stChoice/Share/TNG/tiffMan/2014/06/1859027003.tif /u/1stChoice/Share/TNG/tiffCurrentMan/ATL/
07/03/2014
cp /u/1stChoice/Share/TNG/tiffMan/2014/06/1859027403.tif /u/1stChoice/Share/TNG/tiffCurrentMan/ATL/
07/03/2014
cp /u/1stChoice/Share/TNG/tiffMan/2014/06/1859027503.tif /u/1stChoice/Share/TNG/tiffCurrentMan/ATL/
07/03/2014
cp /u/1stChoice/Share/TNG/tiffMan/2014/06/1859027603.tif /u/1stChoice/Share/TNG/tiffCurrentMan/ATL/
07/03/2014
cp /u/1stChoice/Share/TNG/tiffMan/2014/06/1859027703.tif /u/1stChoice/Share/TNG/tiffCurrentMan/ATL/
07/03/2014
cp /u/1stChoice/Share/TNG/tiffMan/2014/06/1859049112.tif /u/1stChoice/Share/TNG/tiffCurrentMan/ATL/
07/03/2014
cp /u/1stChoice/Share/TNG/tiffMan/2014/06/1859060904.tif /u/1stChoice/Share/TNG/tiffCurrentMan/ATL/
07/03/2014
cp /u/1stChoice/Share/TNG/tiffMan/2014/06/1859061004.tif /u/1stChoice/Share/TNG/tiffCurrentMan/ATL/
07/03/2014
cp /u/1stChoice/Share/TNG/tiffMan/2014/06/1859061104.tif /u/1stChoice/Share/TNG/tiffCurrentMan/ATL/
07/03/2014
cp /u/1stChoice/Share/TNG/tiffMan/2014/06/1859061404.tif /u/1stChoice/Share/TNG/tiffCurrentMan/ATL/
07/03/2014
cp /u/1stChoice/Share/TNG/tiffMan/2014/06/1859068804.tif /u/1stChoice/Share/TNG/tiffCurrentMan/ATL/
07/03/2014
cp /u/1stChoice/Share/TNG/tiffMan/2014/06/1859068904.tif /u/1stChoice/Share/TNG/tiffCurrentMan/ATL/
07/03/2014
cp /u/1stChoice/Share/TNG/tiffMan/2014/06/1859069004.tif /u/1stChoice/Share/TNG/tiffCurrentMan/ATL/
07/03/2014
cp /u/1stChoice/Share/TNG/tiffMan/2014/06/1859069104.tif /u/1stChoice/Share/TNG/tiffCurrentMan/ATL/
07/03/2014
cp /u/1stChoice/Share/TNG/tiffMan/2014/06/1859069204.tif /u/1stChoice/Share/TNG/tiffCurrentMan/ATL/
07/03/2014
cp /u/1stChoice/Share/TNG/tiffMan/2014/06/1859069304.tif /u/1stChoice/Share/TNG/tiffCurrentMan/ATL/
07/03/2014
cp /u/1stChoice/Share/TNG/tiffMan/2014/06/1859069404.tif /u/1stChoice/Share/TNG/tiffCurrentMan/ATL/
07/03/2014
cp /u/1stChoice/Share/TNG/tiffMan/2014/06/1859069504.tif /u/1stChoice/Share/TNG/tiffCurrentMan/ATL/
07/03/2014
cp /u/1stChoice/Share/TNG/tiffMan/2014/06/1859069604.tif /u/1stChoice/Share/TNG/tiffCurrentMan/ATL/
07/03/2014
cp /u/1stChoice/Share/TNG/tiffMan/2014/06/1859069704.tif /u/1stChoice/Share/TNG/tiffCurrentMan/ATL/
07/03/2014
cp /u/1stChoice/Share/TNG/tiffMan/2014/06/1859069904.tif /u/1stChoice/Share/TNG/tiffCurrentMan/ATL/
07/03/2014
cp /u/1stChoice/Share/TNG/tiffMan/2014/06/1859070004.tif /u/1stChoice/Share/TNG/tiffCurrentMan/ATL/
07/03/2014
cp /u/1stChoice/Share/TNG/tiffMan/2014/06/1859070104.tif /u/1stChoice/Share/TNG/tiffCurrentMan/ATL/
07/03/2014
cp /u/1stChoice/Share/TNG/tiffMan/2014/06/1859070204.tif /u/1stChoice/Share/TNG/tiffCurrentMan/ATL/
07/03/2014
cp /u/1stChoice/Share/TNG/tiffMan/2014/06/1859070304.tif /u/1stChoice/Share/TNG/tiffCurrentMan/ATL/
07/03/2014
cp /u/1stChoice/Share/TNG/tiffMan/2014/06/1859070504.tif /u/1stChoice/Share/TNG/tiffCurrentMan/ATL/
07/03/2014
cp /u/1stChoice/Share/TNG/tiffMan/2014/06/1859070604.tif /u/1stChoice/Share/TNG/tiffCurrentMan/ATL/
07/03/2014
cp /u/1stChoice/Share/TNG/tiffMan/2014/06/1859070704.tif /u/1stChoice/Share/TNG/tiffCurrentMan/ATL/
07/03/2014
cp /u/1stChoice/Share/TNG/tiffMan/2014/06/1859070804.tif /u/1stChoice/Share/TNG/tiffCurrentMan/ATL/
07/03/2014
cp /u/1stChoice/Share/TNG/tiffMan/2014/06/1859070904.tif /u/1stChoice/Share/TNG/tiffCurrentMan/ATL/
07/03/2014
cp /u/1stChoice/Share/TNG/tiffMan/2014/06/1859071004.tif /u/1stChoice/Share/TNG/tiffCurrentMan/ATL/
07/03/2014
cp /u/1stChoice/Share/TNG/tiffMan/2014/06/1859071104.tif /u/1stChoice/Share/TNG/tiffCurrentMan/ATL/
07/03/2014
cp /u/1stChoice/Share/TNG/tiffMan/2014/06/1859071204.tif /u/1stChoice/Share/TNG/tiffCurrentMan/ATL/
07/03/2014
cp /u/1stChoice/Share/TNG/tiffMan/2014/06/1859071404.tif /u/1stChoice/Share/TNG/tiffCurrentMan/ATL/
07/03/2014
cp /u/1stChoice/Share/TNG/tiffMan/2014/06/1859091210.tif /u/1stChoice/Share/TNG/tiffCurrentMan/ATL/
07/03/2014
cp /u/1stChoice/Share/TNG/tiffMan/2014/06/1859095110.tif /u/1stChoice/Share/TNG/tiffCurrentMan/ATL/
07/03/2014
cp /u/1stChoice/Share/TNG/tiffMan/2014/06/1859095310.tif /u/1stChoice/Share/TNG/tiffCurrentMan/ATL/
07/03/2014
cp /u/1stChoice/Share/TNG/tiffMan/2014/06/1859095410.tif /u/1stChoice/Share/TNG/tiffCurrentMan/ATL/
07/03/2014
cp /u/1stChoice/Share/TNG/tiffMan/2014/06/1859095510.tif /u/1stChoice/Share/TNG/tiffCurrentMan/ATL/
07/03/2014
cp /u/1stChoice/Share/TNG/tiffMan/2014/06/1859148630.tif /u/1stChoice/Share/TNG/tiffCurrentMan/ATL/
07/03/2014
cp /u/1stChoice/Share/TNG/tiffMan/2014/06/1859148830.tif /u/1stChoice/Share/TNG/tiffCurrentMan/ATL/
07/03/2014
cp /u/1stChoice/Share/TNG/tiffMan/2014/06/1859148930.tif /u/1stChoice/Share/TNG/tiffCurrentMan/ATL/
07/03/2014
cp /u/1stChoice/Share/TNG/tiffMan/2014/06/1859149030.tif /u/1stChoice/Share/TNG/tiffCurrentMan/ATL/
07/03/2014
cp /u/1stChoice/Share/TNG/tiffMan/2014/06/1859149130.tif /u/1stChoice/Share/TNG/tiffCurrentMan/ATL/
07/03/2014
cp /u/1stChoice/Share/TNG/tiffMan/2014/06/1859149230.tif /u/1stChoice/Share/TNG/tiffCurrentMan/ATL/
07/03/2014
cp /u/1stChoice/Share/TNG/tiffMan/2014/06/1859149430.tif /u/1stChoice/Share/TNG/tiffCurrentMan/ATL/
07/03/2014
cp /u/1stChoice/Share/TNG/tiffMan/2014/06/1859179230.tif /u/1stChoice/Share/TNG/tiffCurrentMan/ATL/
07/03/2014
cp /u/1stChoice/Share/TNG/tiffMan/2014/06/1859179330.tif /u/1stChoice/Share/TNG/tiffCurrentMan/ATL/
07/03/2014
cp /u/1stChoice/Share/TNG/tiffMan/2014/06/1859179430.tif /u/1stChoice/Share/TNG/tiffCurrentMan/ATL/
07/03/2014
cp /u/1stChoice/Share/TNG/tiffMan/2014/06/1859179530.tif /u/1stChoice/Share/TNG/tiffCurrentMan/ATL/
07/03/2014
cp /u/1stChoice/Share/TNG/tiffMan/2014/06/1859179630.tif /u/1stChoice/Share/TNG/tiffCurrentMan/ATL/
07/03/2014
cp /u/1stChoice/Share/TNG/tiffMan/2014/06/1859179730.tif /u/1stChoice/Share/TNG/tiffCurrentMan/ATL/
07/03/2014
cp /u/1stChoice/Share/TNG/tiffMan/2014/06/1859179830.tif /u/1stChoice/Share/TNG/tiffCurrentMan/ATL/
07/03/2014
cp /u/1stChoice/Share/TNG/tiffMan/2014/06/1859179930.tif /u/1stChoice/Share/TNG/tiffCurrentMan/ATL/
07/03/2014
cp /u/1stChoice/Share/TNG/tiffMan/2014/06/1859180030.tif /u/1stChoice/Share/TNG/tiffCurrentMan/ATL/
07/03/2014
cp /u/1stChoice/Share/TNG/tiffMan/2014/06/1859185830.tif /u/1stChoice/Share/TNG/tiffCurrentMan/ATL/
07/03/2014
cp /u/1stChoice/Share/TNG/tiffMan/2014/06/1859185930.tif /u/1stChoice/Share/TNG/tiffCurrentMan/ATL/
07/03/2014
cp /u/1stChoice/Share/TNG/tiffMan/2014/06/1859186030.tif /u/1stChoice/Share/TNG/tiffCurrentMan/ATL/
07/03/2014
cp /u/1stChoice/Share/TNG/tiffMan/2014/06/1859186130.tif /u/1stChoice/Share/TNG/tiffCurrentMan/ATL/
07/03/2014
cp /u/1stChoice/Share/TNG/tiffMan/2014/06/1859186330.tif /u/1stChoice/Share/TNG/tiffCurrentMan/ATL/
07/03/2014
cp /u/1stChoice/Share/TNG/tiffMan/2014/06/1859186530.tif /u/1stChoice/Share/TNG/tiffCurrentMan/ATL/
07/03/2014
cp /u/1stChoice/Share/TNG/tiffMan/2014/06/1859186730.tif /u/1stChoice/Share/TNG/tiffCurrentMan/ATL/
07/03/2014
cp /u/1stChoice/Share/TNG/tiffMan/2014/06/1859186930.tif /u/1stChoice/Share/TNG/tiffCurrentMan/ATL/
07/03/2014
cp /u/1stChoice/Share/TNG/tiffMan/2014/06/1859187130.tif /u/1stChoice/Share/TNG/tiffCurrentMan/ATL/
07/03/2014
cp /u/1stChoice/Share/TNG/tiffMan/2014/06/1859187230.tif /u/1stChoice/Share/TNG/tiffCurrentMan/ATL/
07/03/2014
cp /u/1stChoice/Share/TNG/tiffMan/2014/06/1859187430.tif /u/1stChoice/Share/TNG/tiffCurrentMan/ATL/
07/03/2014
cp /u/1stChoice/Share/TNG/tiffMan/2014/06/1859199230.tif /u/1stChoice/Share/TNG/tiffCurrentMan/ATL/
07/03/2014
cp /u/1stChoice/Share/TNG/tiffMan/2014/06/1859199330.tif /u/1stChoice/Share/TNG/tiffCurrentMan/ATL/
07/03/2014
cp /u/1stChoice/Share/TNG/tiffMan/2014/06/1859199530.tif /u/1stChoice/Share/TNG/tiffCurrentMan/ATL/
07/03/2014
cp /u/1stChoice/Share/TNG/tiffMan/2014/06/1859199730.tif /u/1stChoice/Share/TNG/tiffCurrentMan/ATL/
07/03/2014
cp /u/1stChoice/Share/TNG/tiffMan/2014/06/1859199930.tif /u/1stChoice/Share/TNG/tiffCurrentMan/ATL/
07/03/2014
cp /u/1stChoice/Share/TNG/tiffMan/2014/06/1859200130.tif /u/1stChoice/Share/TNG/tiffCurrentMan/ATL/
07/03/2014
cp /u/1stChoice/Share/TNG/tiffMan/2014/06/1859200330.tif /u/1stChoice/Share/TNG/tiffCurrentMan/ATL/
07/03/2014
cp /u/1stChoice/Share/TNG/tiffMan/2014/06/1859200530.tif /u/1stChoice/Share/TNG/tiffCurrentMan/ATL/
07/03/2014
cp /u/1stChoice/Share/TNG/tiffMan/2014/06/1859203730.tif /u/1stChoice/Share/TNG/tiffCurrentMan/ATL/
07/03/2014
cp /u/1stChoice/Share/TNG/tiffMan/2014/06/1859204030.tif /u/1stChoice/Share/TNG/tiffCurrentMan/ATL/
07/03/2014
cp /u/1stChoice/Share/TNG/tiffMan/2014/06/1859204630.tif /u/1stChoice/Share/TNG/tiffCurrentMan/ATL/
07/03/2014
cp /u/1stChoice/Share/TNG/tiffMan/2014/06/1859204730.tif /u/1stChoice/Share/TNG/tiffCurrentMan/ATL/
07/03/2014
cp /u/1stChoice/Share/TNG/tiffMan/2014/06/1859204930.tif /u/1stChoice/Share/TNG/tiffCurrentMan/ATL/
07/03/2014
cp /u/1stChoice/Share/TNG/tiffMan/2014/06/1859205030.tif /u/1stChoice/Share/TNG/tiffCurrentMan/ATL/
07/03/2014
cp /u/1stChoice/Share/TNG/tiffMan/2014/06/1859205230.tif /u/1stChoice/Share/TNG/tiffCurrentMan/ATL/
07/03/2014
cp /u/1stChoice/Share/TNG/tiffMan/2014/06/1859205430.tif /u/1stChoice/Share/TNG/tiffCurrentMan/ATL/
07/03/2014
cp /u/1stChoice/Share/TNG/tiffMan/2014/06/1859205530.tif /u/1stChoice/Share/TNG/tiffCurrentMan/ATL/
07/03/2014
cp /u/1stChoice/Share/TNG/tiffMan/2014/06/1859425830.tif /u/1stChoice/Share/TNG/tiffCurrentMan/ATL/
07/03/2014
cp /u/1stChoice/Share/TNG/tiffMan/2014/06/1859503503.tif /u/1stChoice/Share/TNG/tiffCurrentMan/ATL/
07/03/2014
cp /u/1stChoice/Share/TNG/tiffMan/2014/06/1859505203.tif /u/1stChoice/Share/TNG/tiffCurrentMan/ATL/
07/03/2014
cp /u/1stChoice/Share/TNG/tiffMan/2014/06/1859505303.tif /u/1stChoice/Share/TNG/tiffCurrentMan/ATL/
07/03/2014
cp /u/1stChoice/Share/TNG/tiffMan/2014/06/1859505403.tif /u/1stChoice/Share/TNG/tiffCurrentMan/ATL/
07/03/2014
cp /u/1stChoice/Share/TNG/tiffMan/2014/06/1859505803.tif /u/1stChoice/Share/TNG/tiffCurrentMan/ATL/
07/03/2014
cp /u/1stChoice/Share/TNG/tiffMan/2014/06/1859506503.tif /u/1stChoice/Share/TNG/tiffCurrentMan/ATL/
07/03/2014
cp /u/1stChoice/Share/TNG/tiffMan/2014/06/1859506803.tif /u/1stChoice/Share/TNG/tiffCurrentMan/ATL/
07/03/2014
cp /u/1stChoice/Share/TNG/tiffMan/2014/06/1859507003.tif /u/1stChoice/Share/TNG/tiffCurrentMan/ATL/
07/03/2014
cp /u/1stChoice/Share/TNG/tiffMan/2014/06/1859507103.tif /u/1stChoice/Share/TNG/tiffCurrentMan/ATL/
07/03/2014
cp /u/1stChoice/Share/TNG/tiffMan/2014/06/1859507203.tif /u/1stChoice/Share/TNG/tiffCurrentMan/ATL/
07/03/2014
cp /u/1stChoice/Share/TNG/tiffMan/2014/06/1859507303.tif /u/1stChoice/Share/TNG/tiffCurrentMan/ATL/
07/03/2014
cp /u/1stChoice/Share/TNG/tiffMan/2014/06/1859508204.tif /u/1stChoice/Share/TNG/tiffCurrentMan/ATL/
07/03/2014
cp /u/1stChoice/Share/TNG/tiffMan/2014/06/1859508304.tif /u/1stChoice/Share/TNG/tiffCurrentMan/ATL/
07/03/2014
cp /u/1stChoice/Share/TNG/tiffMan/2014/06/1859508404.tif /u/1stChoice/Share/TNG/tiffCurrentMan/ATL/
07/03/2014
cp /u/1stChoice/Share/TNG/tiffMan/2014/06/1859508604.tif /u/1stChoice/Share/TNG/tiffCurrentMan/ATL/
07/03/2014
cp /u/1stChoice/Share/TNG/tiffMan/2014/06/1859509704.tif /u/1stChoice/Share/TNG/tiffCurrentMan/ATL/
07/03/2014
cp /u/1stChoice/Share/TNG/tiffMan/2014/06/1859509804.tif /u/1stChoice/Share/TNG/tiffCurrentMan/ATL/
07/03/2014
cp /u/1stChoice/Share/TNG/tiffMan/2014/06/1859510304.tif /u/1stChoice/Share/TNG/tiffCurrentMan/ATL/
07/03/2014
cp /u/1stChoice/Share/TNG/tiffMan/2014/06/1859510504.tif /u/1stChoice/Share/TNG/tiffCurrentMan/ATL/
07/03/2014
cp /u/1stChoice/Share/TNG/tiffMan/2014/06/1859511204.tif /u/1stChoice/Share/TNG/tiffCurrentMan/ATL/
07/03/2014
cp /u/1stChoice/Share/TNG/tiffMan/2014/06/1859512104.tif /u/1stChoice/Share/TNG/tiffCurrentMan/ATL/
07/03/2014
cp /u/1stChoice/Share/TNG/tiffMan/2014/06/1859512404.tif /u/1stChoice/Share/TNG/tiffCurrentMan/ATL/
07/03/2014
cp /u/1stChoice/Share/TNG/tiffMan/2014/06/1859513804.tif /u/1stChoice/Share/TNG/tiffCurrentMan/ATL/
07/03/2014
cp /u/1stChoice/Share/TNG/tiffMan/2014/06/1859516404.tif /u/1stChoice/Share/TNG/tiffCurrentMan/ATL/
07/03/2014
cp /u/1stChoice/Share/TNG/tiffMan/2014/06/1859517104.tif /u/1stChoice/Share/TNG/tiffCurrentMan/ATL/
07/03/2014
cp /u/1stChoice/Share/TNG/tiffMan/2014/06/1859518904.tif /u/1stChoice/Share/TNG/tiffCurrentMan/ATL/
07/03/2014
cp /u/1stChoice/Share/TNG/tiffMan/2014/06/1859519104.tif /u/1stChoice/Share/TNG/tiffCurrentMan/ATL/
07/03/2014
cp /u/1stChoice/Share/TNG/tiffMan/2014/06/1859519504.tif /u/1stChoice/Share/TNG/tiffCurrentMan/ATL/
07/03/2014
cp /u/1stChoice/Share/TNG/tiffMan/2014/06/1859519604.tif /u/1stChoice/Share/TNG/tiffCurrentMan/ATL/
07/03/2014
cp /u/1stChoice/Share/TNG/tiffMan/2014/06/1859523510.tif /u/1stChoice/Share/TNG/tiffCurrentMan/ATL/
07/03/2014
cp /u/1stChoice/Share/TNG/tiffMan/2014/06/1859523810.tif /u/1stChoice/Share/TNG/tiffCurrentMan/ATL/
07/03/2014
cp /u/1stChoice/Share/TNG/tiffMan/2014/06/1859523910.tif /u/1stChoice/Share/TNG/tiffCurrentMan/ATL/
07/03/2014
cp /u/1stChoice/Share/TNG/tiffMan/2014/06/1859524510.tif /u/1stChoice/Share/TNG/tiffCurrentMan/ATL/
07/03/2014
cp /u/1stChoice/Share/TNG/tiffMan/2014/06/1859526910.tif /u/1stChoice/Share/TNG/tiffCurrentMan/ATL/
07/03/2014
cp /u/1stChoice/Share/TNG/tiffMan/2014/06/1859527010.tif /u/1stChoice/Share/TNG/tiffCurrentMan/ATL/
07/03/2014
cp /u/1stChoice/Share/TNG/tiffMan/2014/06/1859527110.tif /u/1stChoice/Share/TNG/tiffCurrentMan/ATL/
07/03/2014
cp /u/1stChoice/Share/TNG/tiffMan/2014/06/1859527210.tif /u/1stChoice/Share/TNG/tiffCurrentMan/ATL/
07/03/2014
cp /u/1stChoice/Share/TNG/tiffMan/2014/06/1859527410.tif /u/1stChoice/Share/TNG/tiffCurrentMan/ATL/
07/03/2014
cp /u/1stChoice/Share/TNG/tiffMan/2014/06/1859527610.tif /u/1stChoice/Share/TNG/tiffCurrentMan/ATL/
07/03/2014
cp /u/1stChoice/Share/TNG/tiffMan/2014/06/1859528010.tif /u/1stChoice/Share/TNG/tiffCurrentMan/ATL/
07/03/2014
cp /u/1stChoice/Share/TNG/tiffMan/2014/06/1859528210.tif /u/1stChoice/Share/TNG/tiffCurrentMan/ATL/
07/03/2014
cp /u/1stChoice/Share/TNG/tiffMan/2014/06/1859538403.tif /u/1stChoice/Share/TNG/tiffCurrentMan/ATL/
07/03/2014
cp /u/1stChoice/Share/TNG/tiffMan/2014/06/1859538503.tif /u/1stChoice/Share/TNG/tiffCurrentMan/ATL/
07/03/2014
cp /u/1stChoice/Share/TNG/tiffMan/2014/06/1859538603.tif /u/1stChoice/Share/TNG/tiffCurrentMan/ATL/
07/03/2014
cp /u/1stChoice/Share/TNG/tiffMan/2014/06/1859538703.tif /u/1stChoice/Share/TNG/tiffCurrentMan/ATL/
07/03/2014
cp /u/1stChoice/Share/TNG/tiffMan/2014/06/1859538803.tif /u/1stChoice/Share/TNG/tiffCurrentMan/ATL/
07/03/2014
cp /u/1stChoice/Share/TNG/tiffMan/2014/06/1859538903.tif /u/1stChoice/Share/TNG/tiffCurrentMan/ATL/
07/03/2014
cp /u/1stChoice/Share/TNG/tiffMan/2014/06/1859539203.tif /u/1stChoice/Share/TNG/tiffCurrentMan/ATL/
07/03/2014
cp /u/1stChoice/Share/TNG/tiffMan/2014/06/1859539303.tif /u/1stChoice/Share/TNG/tiffCurrentMan/ATL/
07/03/2014
cp /u/1stChoice/Share/TNG/tiffMan/2014/06/1859539403.tif /u/1stChoice/Share/TNG/tiffCurrentMan/ATL/
07/03/2014
