7
08/29/2014






1880122733bad
1321916702
1322628702
1321871503
1322628302
1321871103
1321871102
1322628202
1321871003
1321871002
1322629002
1321871803
1321871802
1322628902
1321871703
1321871702
1322628802
1321871603
1321871602
1322629402
1322629302
1322629502
1322629202
1322629102
1322629602
1321933202
1305343707
1304804807
1304809907
1304809607
1304809407
1304809207
1304810007
1321926203
1322688002
1321926202
1321926103
1322687902
1321926102
1322687802
1321926002
1322687702
1321925902
1322687602
1321925802
1322687502
1321925702
1322687402
1321925602
1321925503
1322687302
1321925502
1321927103
1322688802
1321927102
1322857302
1322688702
1321927002
1322688602
1321926902
1322688502
1321926802
1321926503
1322688302
1321926502
1322688202
1321926402
1322687102
1322687202
1322687002
1322857102
1322688102
1321926302
1322686902
1321919703
1321919702
1321920303
1321920302
1321920203
1321920202
1321919903
1321919902
1322679202
1322679302
1322680302
1321919403
1321919402
1322680202
1321919303
1321919302
1322680102
1321919203
1321919202
1322645702
1321886503
1321886502
1322645302
1321886103
1321886102
1322646002
1321886803
1321886802
1322645602
1321886402
1322868102
1322645102
1321885803
1321885802
1322645802
1321886603
1321886602
1322868202
1322646202
1321887003
1321887002
1322645502
1321886303
1321886302
1322645202
1321885903
1321885902
1322645402
1321886203
1321886202
1322645902
1321886703
1321886702
1322905903
1321886002
1322646102
1321886903
1321886902
1322646302
1321887103
1321887102
1322684602
1321923402
1322684502
1321923203
1321923202
1322856602
1322684302
1321923002
1322642802
1321884403
1321884402
1322853502
1322644402
1321885702
1322643602
1321884903
1321884902
6015540802
1322868002
1322643502
1881436550
1881436450
1881436350
1881436250
1322682302
1321921602
1322644302
1321885603
1321885602
1322643302
1321884503
1321884502
1322644202
1321885503
1321885502
1322644002
1321885303
1321885302
1322644102
1321885403
1321885402
1322643902
1321885203
1321885202
1322643802
1321885103
1321885102
1322643702
1321885003
1321929202
1321929103
1321929102
1322690902
1321928802
1322692802
1321930603
1321930402
1321929803
1322691802
1321929702
1322691602
1321929502
1322691502
1321929402
1322691402
1321929302
1322686702
1321925302
1322857002
1322686502
1321925102
1321872002
1321873502
1321874002
1321873902
1321873802
1321873702
1321873402
1321873202
1321873102
000null
1305343407
1305343507
1305343307
1304804507
1304804607
1304804407
1321892503
1322651402
1321893502
1322652302
1321893403
1322652202
1321892802
1322651702
1321892602
1322650502
1321891603
1322694402
1321932303
1321932302
1322694102
1321932003
1321932002
1322695202
1321933203
1322694902
1321932803
1321932802
1322689002
1880122833bad
1880122633bad
1321921202
1880122511bad
1322678202
1321917502
1322677402
1321918302
1322678902
1321918202
1322678802
1321918102
1322678702
1321918002
1322678602
1321917902
1322678502
1321917802
1322676402
1322676202
1322676102
1322676002
1322676602
1322855602
1322678402
1321917702
1322676302
1322676502
1322682802
1321922102
1305349907
1304811007
1305344407
1304807307
1304807107
1304805507
1305346107
1305346007
1305346207
1305347407
1305347507
1304808607
1305347907
1304809007
1304808907
1305347807
1305350007
1304811107
1305350507
1305350307
1305351107
1305351007
1304812207
1304812107
1305352007
1304813107
1305352207
1304813307
1881340442
1881316756
1881309756
1881305856
1881342242bad
1881300856bad
1881300756
1881239844
1881357742
1881358142
1881357842
1881317656
1881235044
1881258135
1881258535
1881369439
1881267735
1881288543
1881257935
1204209105
1204362405
1305432407
1304770607
1305432307
1322236702
1321451202
1304770507
1305432707
1304770907
1881258235
1305432607
1304770807
1322243102
1321457602
1881258335
1322243502
1321458002
1880124011
1880123933
1322236502
1321451002
1881234944
1321450902
1322236402
1321451402
1322236902
1322243302
1321457802
1321453102
1322238602
1880853103
1321455802
1322241302
1881234844
1321453602
1322239102
1322236602
1321451102
1305432107
1304770307
1881369739
1880983010
1321457702
1322243202
1321453002
1322238502
1322236802
1321890702
1321890703
1322649702
1321890402
1322649402
1321890403
1321455702
1322241202
1322649502
1321890503
1321890502
1881326342
1881308856
1321890303
1322649302
1321890302
1321890203
1321890202
1322649202
1322236302
1321450802
1880983210
1880983610
1322243002
1321457502
1321890003
1321890102
1321890103
1321889802
1321890002
1321889803
1322648802
1322649002
1322649102
1322648902
1321889903
1321889902
1322868402
1322239002
1321453502
1321889502
1322648502
1321889603
1321889602
1321889503
1322648602
1881367039
1880983110
1880853403
1322243402
1321457902
1322650002
1321891003
1321891002
1321890603
1322649602
1321890902
1322649902
1321890602
1321890903
1880123711
1321451302
1322648702
1321889703
1321889702
1321889202
1321889203
1321889403
1321889402
1322648402
1321889303
1322648302
1321889302
1305431807
1204352305
1204471105
1204199905
1881369839
1881326942
1881294843
1321890803
1322649802
1321890802
1881286344
1322236202
1321450702
1322238402
1321452902
1881234644
1881295444
1881294543
1321450602
1322236102
1880123611
1321453402
1322238902
1204353105
1204471905
1204200705
1880853303
1880983310
1881326542
1881237444
1881235144
1880983710
1204352205
1204471005
1204199805
1304770007
1322241102
1321455602
1322236002
1881250935
1881233544
1881233444
1881370739
1881357342
1881317556
1881294743
1321455402
1322240902
1204353005
1204471805
1204200605
1321450402
1322235902
1881327542
1881297043
1881288243
1204325905
1204355805
1204474605
1204203405
1204355905
1204474705
1204203505
1322238302
1321452802
1321450502
0141292
1880983910
1322240802
1321455302
1322238802
1321453302
1881294643
1881272735
1881266444
1881238944
1881309639
1881308956
1321455902
1304768207
1322241402
1881439150
1880123511
1880983410
1322241002
1321455502
1322238202
1321452702
1304768507
1304767307
1304767407
1304767607
1305430007
1305430307
1305429107
1305429207
1204208705
1204362005
1321455202
1322240702
1881283543
1881266544
1881357642
1881327342
1204352105
1204470905
1204199705
1204209005
1204362305
0100175
1880983510
1880853703
1322238102
1321452602
1881234744
1881367239
1881292250
1321450302
1322235802
1305432507
1304770707
1204352805
1204471605
1204200405
1880123411
1880123333
1148610103
1148495803
1321452502
1322238002
1305429407
1304769707
1881438350
1880853803
1321887902
1322647102
1321887903
1322240602
1321455102
1881357442
1881308556
1881283443
1881266644
1881235244
1322242902
1321457402
1204352705
1204471505
1204200305
1322646402
1321887202
1321887203
1880124233
1880123211
1322647802
1321888702
1321888703
1321457202
1322242702
1321888402
1321888403
1322647502
1881439448
1321888603
1321888602
1322853802
1322647702
1321453202
1322238702
1880876012
1881369339
1321450002
1322235602
1321450102
1305431507
1321888802
1321888803
1322647902
1322868302
1322747602
1881366739
1881367139
1322647402
1321888203
1321888202
1148610003
1148495703
1321457302
1322242802
1322647602
1321888503
1321888502
1304764807
1321888103
1322647302
1321888102
1321887702
1321887703
1322646902
1321457102
1321455002
1322240502
1304770207
1304768007
1321451802
1322237302
1322242502
1321457002
1881362639
1881357256
1881366839
1305426207
1304764407
1880123133
1321454902
1204341805
1321888903
1321888902
1322648002
1321889002
1322648102
1321889003
1321889102
1321889103
1322648202
1305426607
1322240402
1880983810
1880876612
1880986110
1880981910
1322234902
1321449402
1204341705
1204189605
1204460905
1305432207
1304770407
1322647202
1321888003
1321888002
1305432007
1881309539
1881238844
1204341505
1880876412
1880981810
1880980810
1880853903
1321449302
1322234802
1322242602
1322237802
1321452302
1321456902
1321449502
1880956704
1880954504
1880948304
1880875312
1322235002
1304765107
1304766107
1305426907
1305427907
1304766307
1304766707
1304766007
1304766207
1321454702
1322240202
1880124633
1880124333
1880124133
1880123033
0141101
1880984010
0140634
1880956804
1880984410
1321449602
1322235102
1305529607
1304888807
1322853702
1322647002
1321887802
1304764907
1881439750
1881439050
1321456802
1204363405
1204210105
1322242302
1881362139
1881317256
1881317756
1881283643
1881246055
1321454802
1881362539
1881237844
1322242402
1305427807
1305428007
1305428107
1305428507
1322240302
1321449702
1321887503
1321887502
1322646702
1881439650
1881364639
1881245835
1322646602
1321887403
1321887402
1322853602
1304765007
1305432807
1881364739
1881288443
1881286943
1321888302
1321888303
1321452202
1322237702
1881439550
1880859303
1880876512
1305426807
1304771007
1880856603
1880980910
1880949904
1880984210
0140636
1880952604
1880876312
1880985510
1880985910
1322235702
1321450202
1880124733
1880122911
1322240102
1321454602
1881357542
1881317356
1881269435
1881370539
1321452402
1322237902
1322242202
1321456702
1305426707
1881437550
1880859403
1880856403
1880956404
1880950004
1880984110
0140635
0140641
1880982110
1880876212
1880948404
1204363305
1204210005
1322237402
1321451902
1321887603
1322646802
1321887602
1322235202
0140639
1880948504
1881689812
1204363205
1204209905
1881237544
1881288343
1881362739
1881356942
1881305556
1321887302
1322646502
1321887303
1305532607
1304891807
1305425707
1304763907
1881438450
1322235402
1321449902
1321451702
1321456502
1322242002
1322237202
1881437150
1881364439
1881308656
1321456402
1322241902
1881437450
1880124533
1880124411
1881296843
1881279443
1881245935
1881362439
1881316856
1321451502
1322237002
1881439350
1321449802
1322235302
1880952704
1880984610
1880985610
1880857103
1880949804
1880876112
1322241502
1321456002
1304918507
1880956504
1880954604
1880981510
1880857403
1880953004
1880873012
0141570
0140211
1881254635
1322237602
1321452102
1204357005
1305426507
1304764707
1881438848
1881283743
1881279343
1881366639
1881364539
1881357142
1881308756
1881296943
1881294343
1880948704
1880952804
1880982210
1880952904
1881687010
1881687110
1880950604
0141071
0140638
1881689712
1880953104
0141083
1880956304
1880948604
0141057
1321451602
1322242102
1321456602
1204342005
1204189805
1204461105
1881436950
1880122333
1881370239
1881369639
1881362239
1881305255
0141069
1880857303
1880982310
1880950504
1880953204
1881237744
1881437050
1881437650
1881286843
1881257735
1881325639
1881317456
1322237502
1321452002
1305529507
1304888707
1880142733
1880954704
1880956204
1880872912
1880953304
1880978910
1880953404
1880948804
0141055
1304764207
1305426007
1305431907
1304770107
1881436850
1322237102
1322747702
1304918107
1204357205
1204475305
1204204205
1880122433
1322241602
1321456102
1881357042
1881305656
1305431607
1304769807
1305433007
1304771207
1880142833
1204343005
1204190805
1204462105
1305589607
1304827407
1321456302
1322241802
1304765307
1305427107
1881437250
1881438748
1880953504
1880858003
1881295543
1881364339
1881326842
1881309456
1881235344
1321456202
1322241702
1880956904
1880950204
1880857503
1880982410
0140633
0141070
1880857903
1880948904
1880982710
0141056
1880979110
1880950104
1304764607
1305426407
1878167156
1881257535
1881364939
1304769607
1881438648
1880953604
1881295642
1881309155
1305433507
1304771707
1304765207
1305427007
1305427307
1304765507
1304768107
1304768407
1881437350
1881327242
1204357105
1304769107
1880957004
1880982810
1880979510
1880955404
1880951004
1880953704
0141085
1880982510
1880982910
1880949204
0140637
1304763807
1881309256
1881279643
1881254235
1881251135
1881370339
1305425607
1204352905
1204471705
1204200505
1305429907
1305431407
1305430207
1880949004
1880955304
1880950804
1880857703
1880949104
0141058
1880122111
1881356842
1304767707
1305429507
1880122033
1305429607
1881279543
1881254535
1881364839
1881316956
1880859003
1881686110
0141060
1880857603
1880951304
1880949404
1305427407
1305431707
1881438550
1304769407
1880121833
1881254335
1881237644
1881370139
1304765607
1304769907
1305433207
1304771407
1880949504
1880951604
1880951804
1880955604
1880957504
1880857203
1880986410
1880952304
1880986310
1880954104
1305425807
1881254435
1881286443
1304768307
1305430107
1304767207
1305429007
0141084
1881683003
1880980010
1881682803
1880954204
1304765707
1305427507
1305426307
1304764507
1881399348
1880951204
1880981610
1880953804
1880957104
1880982610
0140632
0141304
1881326056
1881369939
1881366939
1305429807
1881439248
1304919807
1881317056
1881309356
1880980110
0141072
1880949304
1880951104
1880986210
0141059
1880953904
1880955504
1304767807
1880949604
1881682703
1880955704
1880957304
1880979910
1881682903
1880857003
1305428907
1880954304
1880952004
1880957404
1880955804
1304767107
1881399150
1881685610
1880954404
0141082
1880955904
1304763507
1305425307
1304765407
1880121933
1880954004
1880957204
1880979710
1304769307
1304767507
1304768707
1305429307
1881399248
1304764007
1305427207
1305433107
1304771307
1880952104
1880956004
1304768807
1304768607
1880976910
0140631
1304767907
1881399048
1305429707
1881685210
1305433407
1304771607
1880952404
1881685010
1881685710
1304769507
1305433707
1304771907
1880952504
1881685310
1881684910
1880977010
---0% --------20% --------40% --------60% --------80% -----/Volumes/SeagateBackupPlusDrive/1stChoice/TNG/tiff/2014/08/1880122733.tif here
1880122733
/Volumes/SeagateBackupPlusDrive/1stChoice/TNG/tiff/2014/08/
/Volumes/SeagateBackupPlusDrive/1stChoice/TNG/tiff/2014/08//1880122733.tif
/Volumes/SeagateBackupPlusDrive/1stChoice/TNG/tiff/2014/08/1321916702.tif here
cp /Volumes/SeagateBackupPlusDrive/1stChoice/TNG/tiff/2014/08/1321916702.tif /Volumes/SeagateBackupPlusDrive/1stChoice/TNG/tiffCurrent/SAC/
09/05/2014
/Volumes/SeagateBackupPlusDrive/1stChoice/TNG/tiff/2014/08/1322628702.tif here
cp /Volumes/SeagateBackupPlusDrive/1stChoice/TNG/tiff/2014/08/1322628702.tif /Volumes/SeagateBackupPlusDrive/1stChoice/TNG/tiffCurrent/SAC/
09/05/2014
/Volumes/SeagateBackupPlusDrive/1stChoice/TNG/tiff/2014/08/1321871503.tif here
cp /Volumes/SeagateBackupPlusDrive/1stChoice/TNG/tiff/2014/08/1321871503.tif /Volumes/SeagateBackupPlusDrive/1stChoice/TNG/tiffCurrent/SAC/
09/05/2014
/Volumes/SeagateBackupPlusDrive/1stChoice/TNG/tiff/2014/08/1322628302.tif here
cp /Volumes/SeagateBackupPlusDrive/1stChoice/TNG/tiff/2014/08/1322628302.tif /Volumes/SeagateBackupPlusDrive/1stChoice/TNG/tiffCurrent/SAC/
09/05/2014
/Volumes/SeagateBackupPlusDrive/1stChoice/TNG/tiff/2014/08/1321871103.tif here
cp /Volumes/SeagateBackupPlusDrive/1stChoice/TNG/tiff/2014/08/1321871103.tif /Volumes/SeagateBackupPlusDrive/1stChoice/TNG/tiffCurrent/SAC/
09/05/2014
/Volumes/SeagateBackupPlusDrive/1stChoice/TNG/tiff/2014/08/1321871102.tif here
cp /Volumes/SeagateBackupPlusDrive/1stChoice/TNG/tiff/2014/08/1321871102.tif /Volumes/SeagateBackupPlusDrive/1stChoice/TNG/tiffCurrent/SAC/
09/05/2014
/Volumes/SeagateBackupPlusDrive/1stChoice/TNG/tiff/2014/08/1322628202.tif here
cp /Volumes/SeagateBackupPlusDrive/1stChoice/TNG/tiff/2014/08/1322628202.tif /Volumes/SeagateBackupPlusDrive/1stChoice/TNG/tiffCurrent/SAC/
09/05/2014
/Volumes/SeagateBackupPlusDrive/1stChoice/TNG/tiff/2014/08/1321871003.tif here
cp /Volumes/SeagateBackupPlusDrive/1stChoice/TNG/tiff/2014/08/1321871003.tif /Volumes/SeagateBackupPlusDrive/1stChoice/TNG/tiffCurrent/SAC/
09/05/2014
/Volumes/SeagateBackupPlusDrive/1stChoice/TNG/tiff/2014/08/1321871002.tif here
cp /Volumes/SeagateBackupPlusDrive/1stChoice/TNG/tiff/2014/08/1321871002.tif /Volumes/SeagateBackupPlusDrive/1stChoice/TNG/tiffCurrent/SAC/
09/05/2014
/Volumes/SeagateBackupPlusDrive/1stChoice/TNG/tiff/2014/08/1322629002.tif here
cp /Volumes/SeagateBackupPlusDrive/1stChoice/TNG/tiff/2014/08/1322629002.tif /Volumes/SeagateBackupPlusDrive/1stChoice/TNG/tiffCurrent/SAC/
09/05/2014
/Volumes/SeagateBackupPlusDrive/1stChoice/TNG/tiff/2014/08/1321871803.tif here
cp /Volumes/SeagateBackupPlusDrive/1stChoice/TNG/tiff/2014/08/1321871803.tif /Volumes/SeagateBackupPlusDrive/1stChoice/TNG/tiffCurrent/SAC/
09/05/2014
/Volumes/SeagateBackupPlusDrive/1stChoice/TNG/tiff/2014/08/1321871802.tif here
cp /Volumes/SeagateBackupPlusDrive/1stChoice/TNG/tiff/2014/08/1321871802.tif /Volumes/SeagateBackupPlusDrive/1stChoice/TNG/tiffCurrent/SAC/
09/05/2014
/Volumes/SeagateBackupPlusDrive/1stChoice/TNG/tiff/2014/08/1322628902.tif here
cp /Volumes/SeagateBackupPlusDrive/1stChoice/TNG/tiff/2014/08/1322628902.tif /Volumes/SeagateBackupPlusDrive/1stChoice/TNG/tiffCurrent/SAC/
09/05/2014
/Volumes/SeagateBackupPlusDrive/1stChoice/TNG/tiff/2014/08/1321871703.tif here
cp /Volumes/SeagateBackupPlusDrive/1stChoice/TNG/tiff/2014/08/1321871703.tif /Volumes/SeagateBackupPlusDrive/1stChoice/TNG/tiffCurrent/SAC/
09/05/2014
/Volumes/SeagateBackupPlusDrive/1stChoice/TNG/tiff/2014/08/1321871702.tif here
cp /Volumes/SeagateBackupPlusDrive/1stChoice/TNG/tiff/2014/08/1321871702.tif /Volumes/SeagateBackupPlusDrive/1stChoice/TNG/tiffCurrent/SAC/
09/05/2014
/Volumes/SeagateBackupPlusDrive/1stChoice/TNG/tiff/2014/08/1322628802.tif here
cp /Volumes/SeagateBackupPlusDrive/1stChoice/TNG/tiff/2014/08/1322628802.tif /Volumes/SeagateBackupPlusDrive/1stChoice/TNG/tiffCurrent/SAC/
09/05/2014
/Volumes/SeagateBackupPlusDrive/1stChoice/TNG/tiff/2014/08/1321871603.tif here
cp /Volumes/SeagateBackupPlusDrive/1stChoice/TNG/tiff/2014/08/1321871603.tif /Volumes/SeagateBackupPlusDrive/1stChoice/TNG/tiffCurrent/SAC/
09/05/2014
/Volumes/SeagateBackupPlusDrive/1stChoice/TNG/tiff/2014/08/1321871602.tif here
cp /Volumes/SeagateBackupPlusDrive/1stChoice/TNG/tiff/2014/08/1321871602.tif /Volumes/SeagateBackupPlusDrive/1stChoice/TNG/tiffCurrent/SAC/
09/05/2014
/Volumes/SeagateBackupPlusDrive/1stChoice/TNG/tiff/2014/08/1322629402.tif here
cp /Volumes/SeagateBackupPlusDrive/1stChoice/TNG/tiff/2014/08/1322629402.tif /Volumes/SeagateBackupPlusDrive/1stChoice/TNG/tiffCurrent/SAC/
09/05/2014
/Volumes/SeagateBackupPlusDrive/1stChoice/TNG/tiff/2014/08/1322629302.tif here
cp /Volumes/SeagateBackupPlusDrive/1stChoice/TNG/tiff/2014/08/1322629302.tif /Volumes/SeagateBackupPlusDrive/1stChoice/TNG/tiffCurrent/SAC/
09/05/2014
/Volumes/SeagateBackupPlusDrive/1stChoice/TNG/tiff/2014/08/1322629502.tif here
cp /Volumes/SeagateBackupPlusDrive/1stChoice/TNG/tiff/2014/08/1322629502.tif /Volumes/SeagateBackupPlusDrive/1stChoice/TNG/tiffCurrent/SAC/
09/05/2014
/Volumes/SeagateBackupPlusDrive/1stChoice/TNG/tiff/2014/08/1322629202.tif here
cp /Volumes/SeagateBackupPlusDrive/1stChoice/TNG/tiff/2014/08/1322629202.tif /Volumes/SeagateBackupPlusDrive/1stChoice/TNG/tiffCurrent/SAC/
09/05/2014
/Volumes/SeagateBackupPlusDrive/1stChoice/TNG/tiff/2014/08/1322629102.tif here
cp /Volumes/SeagateBackupPlusDrive/1stChoice/TNG/tiff/2014/08/1322629102.tif /Volumes/SeagateBackupPlusDrive/1stChoice/TNG/tiffCurrent/SAC/
09/05/2014
/Volumes/SeagateBackupPlusDrive/1stChoice/TNG/tiff/2014/08/1322629602.tif here
cp /Volumes/SeagateBackupPlusDrive/1stChoice/TNG/tiff/2014/08/1322629602.tif /Volumes/SeagateBackupPlusDrive/1stChoice/TNG/tiffCurrent/SAC/
09/05/2014
/Volumes/SeagateBackupPlusDrive/1stChoice/TNG/tiff/2014/08/1321933202.tif here
cp /Volumes/SeagateBackupPlusDrive/1stChoice/TNG/tiff/2014/08/1321933202.tif /Volumes/SeagateBackupPlusDrive/1stChoice/TNG/tiffCurrent/SAC/
09/05/2014
/Volumes/SeagateBackupPlusDrive/1stChoice/TNG/tiff/2014/08/1305343707.tif here
cp /Volumes/SeagateBackupPlusDrive/1stChoice/TNG/tiff/2014/08/1305343707.tif /Volumes/SeagateBackupPlusDrive/1stChoice/TNG/tiffCurrent/JAK/
09/05/2014
/Volumes/SeagateBackupPlusDrive/1stChoice/TNG/tiff/2014/08/1304804807.tif here
cp /Volumes/SeagateBackupPlusDrive/1stChoice/TNG/tiff/2014/08/1304804807.tif /Volumes/SeagateBackupPlusDrive/1stChoice/TNG/tiffCurrent/JAK/
09/05/2014
/Volumes/SeagateBackupPlusDrive/1stChoice/TNG/tiff/2014/08/1304809907.tif here
cp /Volumes/SeagateBackupPlusDrive/1stChoice/TNG/tiff/2014/08/1304809907.tif /Volumes/SeagateBackupPlusDrive/1stChoice/TNG/tiffCurrent/JAK/
09/05/2014
/Volumes/SeagateBackupPlusDrive/1stChoice/TNG/tiff/2014/08/1304809607.tif here
cp /Volumes/SeagateBackupPlusDrive/1stChoice/TNG/tiff/2014/08/1304809607.tif /Volumes/SeagateBackupPlusDrive/1stChoice/TNG/tiffCurrent/JAK/
09/05/2014
/Volumes/SeagateBackupPlusDrive/1stChoice/TNG/tiff/2014/08/1304809407.tif here
cp /Volumes/SeagateBackupPlusDrive/1stChoice/TNG/tiff/2014/08/1304809407.tif /Volumes/SeagateBackupPlusDrive/1stChoice/TNG/tiffCurrent/JAK/
09/05/2014
/Volumes/SeagateBackupPlusDrive/1stChoice/TNG/tiff/2014/08/1304809207.tif here
cp /Volumes/SeagateBackupPlusDrive/1stChoice/TNG/tiff/2014/08/1304809207.tif /Volumes/SeagateBackupPlusDrive/1stChoice/TNG/tiffCurrent/JAK/
09/05/2014
/Volumes/SeagateBackupPlusDrive/1stChoice/TNG/tiff/2014/08/1304810007.tif here
cp /Volumes/SeagateBackupPlusDrive/1stChoice/TNG/tiff/2014/08/1304810007.tif /Volumes/SeagateBackupPlusDrive/1stChoice/TNG/tiffCurrent/JAK/
09/05/2014
/Volumes/SeagateBackupPlusDrive/1stChoice/TNG/tiff/2014/08/1321926203.tif here
cp /Volumes/SeagateBackupPlusDrive/1stChoice/TNG/tiff/2014/08/1321926203.tif /Volumes/SeagateBackupPlusDrive/1stChoice/TNG/tiffCurrent/SAC/
09/05/2014
/Volumes/SeagateBackupPlusDrive/1stChoice/TNG/tiff/2014/08/1322688002.tif here
cp /Volumes/SeagateBackupPlusDrive/1stChoice/TNG/tiff/2014/08/1322688002.tif /Volumes/SeagateBackupPlusDrive/1stChoice/TNG/tiffCurrent/SAC/
09/05/2014
/Volumes/SeagateBackupPlusDrive/1stChoice/TNG/tiff/2014/08/1321926202.tif here
cp /Volumes/SeagateBackupPlusDrive/1stChoice/TNG/tiff/2014/08/1321926202.tif /Volumes/SeagateBackupPlusDrive/1stChoice/TNG/tiffCurrent/SAC/
09/05/2014
/Volumes/SeagateBackupPlusDrive/1stChoice/TNG/tiff/2014/08/1321926103.tif here
cp /Volumes/SeagateBackupPlusDrive/1stChoice/TNG/tiff/2014/08/1321926103.tif /Volumes/SeagateBackupPlusDrive/1stChoice/TNG/tiffCurrent/SAC/
09/05/2014
/Volumes/SeagateBackupPlusDrive/1stChoice/TNG/tiff/2014/08/1322687902.tif here
cp /Volumes/SeagateBackupPlusDrive/1stChoice/TNG/tiff/2014/08/1322687902.tif /Volumes/SeagateBackupPlusDrive/1stChoice/TNG/tiffCurrent/SAC/
09/05/2014
/Volumes/SeagateBackupPlusDrive/1stChoice/TNG/tiff/2014/08/1321926102.tif here
cp /Volumes/SeagateBackupPlusDrive/1stChoice/TNG/tiff/2014/08/1321926102.tif /Volumes/SeagateBackupPlusDrive/1stChoice/TNG/tiffCurrent/SAC/
09/05/2014
/Volumes/SeagateBackupPlusDrive/1stChoice/TNG/tiff/2014/08/1322687802.tif here
cp /Volumes/SeagateBackupPlusDrive/1stChoice/TNG/tiff/2014/08/1322687802.tif /Volumes/SeagateBackupPlusDrive/1stChoice/TNG/tiffCurrent/SAC/
09/05/2014
/Volumes/SeagateBackupPlusDrive/1stChoice/TNG/tiff/2014/08/1321926002.tif here
cp /Volumes/SeagateBackupPlusDrive/1stChoice/TNG/tiff/2014/08/1321926002.tif /Volumes/SeagateBackupPlusDrive/1stChoice/TNG/tiffCurrent/null/
09/05/2014
Caught: java.io.FileNotFoundException: /Volumes/SeagateBackupPlusDrive/1stChoice/TNG/tiffCurrent/404/Indexes.txt (No such file or directory)
java.io.FileNotFoundException: /Volumes/SeagateBackupPlusDrive/1stChoice/TNG/tiffCurrent/404/Indexes.txt (No such file or directory)
	at tif_generation$_run_closure5.doCall(tif_generation.groovy:346)
	at tif_generation.run(tif_generation.groovy:311)
8
08/28/2014



1877114933bad
Caught: java.lang.NullPointerException
java.lang.NullPointerException
	at org.xhtmlrenderer.layout.SharedContext.<init>(SharedContext.java:110)
	at org.xhtmlrenderer.pdf.ITextRenderer.<init>(ITextRenderer.java:111)
	at org.xhtmlrenderer.pdf.ITextRenderer.<init>(ITextRenderer.java:102)
	at tif_generation$_run_closure2.doCall(tif_generation.groovy:204)
	at tif_generation.run(tif_generation.groovy:179)
9
08/27/2014
1877111411
Caught: java.lang.NullPointerException
java.lang.NullPointerException
	at org.xhtmlrenderer.layout.SharedContext.<init>(SharedContext.java:110)
	at org.xhtmlrenderer.pdf.ITextRenderer.<init>(ITextRenderer.java:111)
	at org.xhtmlrenderer.pdf.ITextRenderer.<init>(ITextRenderer.java:102)
	at tif_generation$_run_closure2.doCall(tif_generation.groovy:204)
	at tif_generation.run(tif_generation.groovy:179)
10
08/26/2014
1320304902
1320791702
1320275003
1320274903
1320808802
1877231357
1877231957
1877232026
1877231857
1877231157
1877231757
1877231657
1877231557
1877231457
1877231257
1877231057
1877227457
1877227357
1877227257
1877227057
1877227157
1877227733
1877226757
1877227657
1877219633
1877219552
1877219433
1877219333
1877219952
1877219852
1877219733
1877221656
1877221556
1877221457
1877222456
1877222356
1877222156
1877222056
1877221356
1877221956
1877221856
1877221756
1877097511
1878177756
1878177556
1878174856
1878333250
1878333150
1320302303
1320835902
1304312507
1304312807
1304313007
1304313107
1304313207
1304313307
1304313507
1320269503
1304313707
1304314007
1304314207
1304314307
1304314407
1304314507
1304314607
1304314807
1304313907
1303801207
1303801307
1303801107
1303800907
1303800607
1303800507
1302451107
1878111935
1320268503
1878228456
1302451207
1303762607
1304312407
1304313807
1304312607
1303801907
1304133307
1303802007
1303802907
1303802707
1303802607
1303802507
1303802307
1303802107
1303801807
1303801407
1303801607
1878119235
1320835202
1320803902
1878128835
1320269603
1320269002
1877117833
1877174457
1877174257
1877174057
1877173957
1877174857
1877174657
1877173757
1877173657
1877173557
1877172357
1877171857
1877171757
1877172857
1877172757
1877172657
1877172457
1877172557
1877117933
1878225842
1303719707
1877172057
1877171957
1877171657
1877171457
1877171557
1877170757
1303798807
1303799507
1320269003
1320267602
1321329402
1321268802
1320802502
1320301503
1320301502
1320268003
1320268002
1878129035
1878128635
1304303907
1303792007
1303798707
1304311607
1304311107
1304309907
1304310607
1303799707
1320802102
1320301903
1320267603
1320835102
1879971256
1878229839
1304314707
1304311407
1304313407
1303799207
1304310707
1304390807
1303728207
1304403107
1303740507
1320803302
1878102544
1303763407
1303800307
1303801507
1878119635
1304304707
1303792807
1304304007
1303792107
1878128935
1320267503
1303715407
1878102944
1320302202
1321329302
1320270802
1320267702
1320802202
1303802207
1303802807
1320835402
1320302203
1878164043
1878134035
1320271103
1303716407
1320271102
1320805402
1878134535
1878158543
1878208242
1878320250
1320802002
1320267502
1304387907
1303725307
1304304907
1303793007
1877117533
1878227535
1878133735
1878119135
1303717507
1320269203
1320301803
1203820405
1203972905
1304403307
1303740707
1303800207
1304312107
1304388407
1303725807
1320270702
1320805002
1320266303
1303762707
1878102644
1878100844
1878225742
1877117711
1877117633
1320270803
1321270102
1320805102
1320267703
1878132635
1878163943
1304392207
1303734407
1304312007
1303800107
1877117433
1877109633
1878133535
1303718907
1878133935
1878227656
1878225642
1878225542
1321329102
1304392907
1303735107
1321268002
1320801102
1321270002
1320270703
1320266302
1303762907
1320268103
1304304307
1304317507
1304317607
1304317707
1304317807
1303792407
1304318007
1304318107
1304318207
1303763307
1302641307
1303230507
1878107344
1303804507
1303805307
1304317907
1303804607
1303804807
1303804907
1303805907
1878329850
1320270003
1320804302
1320270002
1321329502
1321268902
1320802602
1304316607
1304316507
1304316707
1304316807
1304316907
1320268102
1878163143
1878162643
1878156143
1878117135
1304317107
1304317207
1304317307
1304317407
1304404107
1303741507
1877109711
1877208957
1878132735
1878161543
1878227935
1878152443
1878106744
1878156043
1304311707
1303799807
1878329950
1304392807
1303735007
1304304507
1304303507
1303792607
1303791607
1304311207
1303799307
1304404007
1303741407
1878331050
1877117313
1877119333
1877119211
1877117233
1877117113
1877109533
1877208857
1877208757
1878166956
1878162543
1878155743
1878160143
1878111735
1878225442
1878331450
1303757607
1878133435
1878225242
1878162943
1878155943
1878153143
1321268702
1320269903
1320269902
1320267902
1320802402
1320302902
1303806307
1304153907
1302455507
1303763107
1302641107
1303230307
1320809302
1878339450
1878150643
1878161443
1878163043
1878208642
1320803402
1303805207
1303805407
1321268602
1320802302
1320267803
1320267802
1303717407
1303805607
1303805707
1303805807
1303806007
1303806207
1878235239
1878102744
1878225142
1878331150
1878335550
1304391707
1303729107
1304402807
1303733807
1320804202
1320267903
1303763007
1302641007
1303230207
1304310407
1303798507
1878332750
1304391007
1303728407
1878112235
1878174456
1303806107
1303805007
1304404407
1303741807
1878335450
1878330050
1877119033
1877118833
1877118011
1877109133
1877207457
1877104111
1876496111
1876724811
1876496311
1878133135
1878227856
1878106544
1878103844
1878331250
1321268502
1303750407
1320267402
1878184856
1878225042
1878230439
1303763207
1320801902
1878331350
1320267403
1304312307
1303800407
1878339148
1304318407
1304319107
1304319807
1303798107
1303806507
1304310007
1304318507
1303806607
1303807207
1303807907
1320302402
1320835602
1320302403
1304391107
1303728507
1303717307
1304390407
1303727807
1878112035
1878112135
1878111835
1878339248
1878335350
1878133235
1878239439
1878227339
1878225342
1878208042
1877119111
1877117033
1877109333
1877208457
1877208357
1877099611
1321268402
1320271203
1878330150
1320271202
1320267302
1303762407
1320805502
1320801802
1321333102
1320301702
1878133835
1878108044
1304315907
1303804007
1304310107
1303798207
1878330950
1320267303
1304393907
1303736107
1304404507
1303741907
1321268302
1320267202
1878228235
1878174556
1878239639
1304313607
1304320007
1303807607
1304312707
1303800707
1303808107
1303808207
1303801707
1303802407
1303806707
1303807307
1303808307
1303806407
1304393707
1303735907
1878330350
1878337850
1878337750
1304404307
1303741707
1878133635
1878116635
1878191756
1878232439
1320834902
1303757507
1878161643
1878171256
1877118911
1877208157
1877207857
1877099511
1877099711
1304389407
1303726807
1303718207
1304311507
1303799607
1304319507
1302449907
1304315407
1303803507
1878332850
1878227235
1878127635
1304303807
1304310807
1303791907
1304404607
1303742007
1304311007
1303799107
1320301703
1304389207
1303726607
1878339350
1878337950
1320268603
1203821005
1203973505
1320267203
1304314907
1303803007
1877109011
1877207757
1877097711
1303798907
1302448107
1304133407
1304318607
1304319207
1303800807
1304320107
1304320207
1304318307
1304153707
1302455607
1878167456
1878227456
1878191556
1878116535
1320266402
1320801202
1320266403
1304315707
1303803807
1878332650
1878328850
1878161343
1878169056
1878232339
1878334450
1877118311
1877118233
1877116911
1877109411
1320270103
1878159743
1878208442
1878191456
1878163843
1878106644
1878106444
1303716707
1304400907
1303739707
1303718007
1878337548
1878328950
1320266602
1878235539
1878228135
1878102844
1877118133
1878337648
1304389307
1303726707
1303713507
1877116811
1877207557
1877099411
1304400807
1303739607
1320266603
1303804707
1321269802
1320270102
1320268403
1304310207
1303798307
1320804402
1878334343
1878119435
1878227735
1304391407
1303728807
1878329050
1878332950
1878332550
1878332450
1320275503
1320803102
1878232839
1303805507
1303805107
1878337250
1878337450
1304310907
1303799007
1304315307
1303803407
1878339950
1321329202
1878155843
1878119335
1878117035
1878228035
1878232239
1203820605
1203973105
1304398807
1303737607
1303713407
1303720507
1304390207
1303727607
1877118411
1877099811
1877097611
1304316307
1303804407
1321268102
1320266502
1878339550
1304317007
1878329150
1879972850
1879972750
1878337350
1320270603
1320270602
1320801302
1320804902
1878232139
1203820205
1203972705
1304310507
1304316207
1303798607
1303803607
1303804307
1878329350
1303719107
1878159843
1878174756
1878239239
1878235439
1878232039
1877099911
1877100011
1876724211
1320270502
1320804802
1320266902
1303799407
1304311307
1304319907
1303808007
1878329250
1304401207
1303740007
1320266903
1878230139
1303808407
1303806807
1303807007
1878339750
1878339650
1878335150
1320266503
1878116835
1878230239
1304398407
1303737207
1304315807
1303803907
1304315507
1878335250
1878329450
1878334543
1303718107
1878159643
1878147243
1878116935
1878107244
1878332250
1878329550
1303757407
1878101044
1878235139
1878191656
1304319607
1304319007
1302456307
1304315207
1878335650
1878337148
1878332150
1304391507
1303728907
1304391607
1303729007
1303714707
1303718607
1320269402
1320270503
1304318707
1304318907
1304320307
1303807107
1304133507
1303807707
1304401107
1303739907
1320803702
1303803307
1302452507
1877098011
1320268302
1304310307
1303798407
1303717707
1320270203
1878337048
1320804502
1304398207
1303737007
1303717207
1878232739
1878227035
1303800007
1203820805
1203973305
1878336948
1320302503
1320302502
1320267003
1320267002
1320268202
1878331950
1878227135
1878113935
1878107444
1878100944
1303715707
1304398307
1303737107
1877108933
1877100111
1877097911
1878228335
1878177456
1877118711
1877118533
1877108811
1304401607
1303740407
1303799907
1304311807
1304316107
1303804207
1878336750
1878334250
1878332050
1878106944
1878152543
1878152343
1878121335
1320270202
1321268202
1320267102
1304311907
1878335050
1320267103
1878235039
1878177956
1320266702
1878336650
1878334950
1878331850
1320801402
1878207856
1303798007
1877118633
1877108711
1877100311
1877100411
1876495411
1320270303
1320270302
1320804602
1878334150
1320270403
1320303003
1320266802
1320303002
1304315607
1878332350
1320266803
1303803707
1303807407
1877100211
1304319307
1304319707
1303807807
1878331750
1304316007
1304315107
1303804107
1877108633
1877098111
1303806907
1303715507
1320270402
1320804702
1304318807
1303803207
1304153807
1302452407
1303762307
1303807507
1304319407
1878331650
1304315007
1303803107
1878331550
1877143113
1320266703
1878318750
1303723807
---0% --------20% --------40% --------60% --------80% --------100% -----/Volumes/SeagateBackupPlusDrive/1stChoice/TNG/tiff/2014/08/1320304902.tif here
cp /Volumes/SeagateBackupPlusDrive/1stChoice/TNG/tiff/2014/08/1320304902.tif /Volumes/SeagateBackupPlusDrive/1stChoice/TNG/tiffCurrent/null/
09/05/2014
Caught: java.io.FileNotFoundException: /Volumes/SeagateBackupPlusDrive/1stChoice/TNG/tiffCurrent/404/Indexes.txt (No such file or directory)
java.io.FileNotFoundException: /Volumes/SeagateBackupPlusDrive/1stChoice/TNG/tiffCurrent/404/Indexes.txt (No such file or directory)
	at tif_generation$_run_closure5.doCall(tif_generation.groovy:346)
	at tif_generation.run(tif_generation.groovy:311)
11
08/25/2014
1320771702
1320217202
1320772502
1320218002
1320772402
1320217902
1320772302
1320217802
1320772202
1320217702
1320772102
1320217602
1320772002
1320217502
1320771902
1320217402
1320771802
1320217302
1320771602
1320217102
1320771502
1320217002
1320771402
1320216902
1320768802
1320214302
1320770402
1320215902
1320770302
1320215802
1320770202
1320215702
1320770102
1320215602
1320770002
1320215502
1320769902
1320215402
1320769802
1320215302
1320769702
1320215202
1320769602
1320215102
1320769502
1320215002
1320769402
1320214902
1320769302
1320214802
1320769202
1320214702
1320769102
1320214602
1320769002
1320214502
1320768902
1320214402
1320768702
1320214202
1320768602
1320214102
1320768502
1320214002
1320768402
1320213902
1320768302
1320213802
1320768102
1320213602
1320766302
1320211802
1320766202
1320211702
1320768202
1320213702
1320767902
1320213402
1320767702
1320213202
1320767602
1320213102
1320767502
1320213002
1320767402
1320212902
1320767302
1320212802
1320767202
1320212702
1320767102
1320212602
1320767002
1320212502
1320766902
1320212402
1320766802
1320212302
1320766702
1320212202
1320766602
1320212102
1320766502
1320212002
1320766402
1320211902
1320766102
1320211602
1877106633
1877106733
1877106533
000null
1304223007
1303632707
1304222907
1303632607
1877103811
1303636107
1304226407
1304228307
1303638107
1303638007
1304227807
1304227907
1304227707
1303637807
1304229507
1303639007
1304228907
1304229307
1303639107
1303638507
1303638907
1304229407
1878206756
1304224807
1303634507
1303635707
1303635307
1304225607
1304225707
1303635407
1304225107
1304225907
1304226007
1303634807
1303635607
1878230539
1878230639
1878230339
1877170057
1877169957
1877169857
1877169757
1877169657
1877169557
1877169157
1877169457
1877169357
1877169257
1877226857
1877168957
1877169057
1877168757
1877168557
1877168357
1877168157
1877167957
1877167757
1877167557
1877167357
1877163257
1877163157
1877163057
1877162957
1877162557
1877162857
1877162357
1877162657
1877162457
1877162257
1877162057
1877162157
1878157343
1878185656
1878102044
1878102344
1878157443
1878147343
1878146843
1878163643
1878163743
1878163543
1878162443
1878162243
1878162143
1878155543
1878155643
1878155443
1878153543
1878153643
1878153843
1878153043
1878152944
1878150243
1878150343
1878150543
1878150443
1878147143
1878147543
1878147443
1878146943
1878107144
1879971839
1878224842
1878224642
1878174056
1878169556
1878169456
1878166856
1304330007
1304330107
1304330207
1304330407
1303788407
1303788507
1303788607
1303788807
1304154907
1878115935
1878115835
1878116035
1878116235
1303788707
1304154807
1304399107
1303737907
1878224742
1878110335
1304326407
1303784807
1304398907
1303737707
1203952205
1203798005
1303721307
1303721007
1303721207
1303721407
1303720907
1304325807
1303784207
1878164956
1303721107
1304399007
1303737807
1304326807
1303785207
1203952505
1203798305
1878226535
1304399507
1303738307
1303749607
1303749307
1304330307
1304329507
1303787907
1878164856
1203953005
1203798805
1304325707
1303784107
1304323807
1304323907
1304324107
1304324207
1304323707
1303782107
1303782207
1303782307
1303782507
1303782607
1303749707
1304400307
1303739107
1304321407
1303779807
1304329007
1304321007
1303779407
1304400107
1303738907
1303749507
1203953205
1203799005
1878163443
1878206656
1878126235
1303787507
1304134107
1878126435
1878226835
1878322350
1303747507
1878126335
1878206942
1320774402
1320219902
1203952305
1203798105
1304400207
1303739007
1320774802
1320220302
1878322850
1878164656
1878318350
1304321507
1304325307
1303779907
1303783707
1878318550
1878318450
1304325107
1304329907
1303783507
1303788307
1878229239
1878226756
1148079103
1148194003
1878322450
1304393007
1303735207
1878118835
1878234139
1304329407
1303787807
1304393107
1303735307
1877106411
1304320807
1303779207
1320772602
1320218102
1878226435
1878132135
1878106344
1878238539
1878239139
1878229639
1303779707
1320774702
1320220202
1878160743
1878224942
1878106044
1878176456
1304329607
1303788007
1878318250
1878318150
1878226656
1878176335
1304398707
1303737507
1320220102
1320774602
1304154607
1304399907
1303738707
1878126535
1303746107
1148079203
1148194103
1304326707
1303785107
1304321307
1320774502
1320220002
1878224542
1304323507
1304323607
1304324007
1304324707
1320219802
1320774302
1304326007
1303784407
1304324407
1303781907
1304320907
1303779307
1303782007
1304322007
1303780407
1878322648
1878231739
1878132335
1878103544
1303783107
1303782807
1303752307
1878102144
1203952705
1203798505
1303752507
1304400507
1303739307
1303722007
1304394207
1303736407
1304401007
1303739807
1878125835
1877105433
1878119035
1304393607
1303735807
1303751107
1304329307
1303787707
1304134307
1304330507
1303788907
1304155007
1878321948
1878125735
1878100444
1304321207
1304325507
1303779607
1304404707
1303742107
1303720207
1303723107
1304396807
1303730607
1148167503
1148282103
1303783907
1320774202
1320219702
1303745507
1877237557
1320218202
1320772702
1878132235
1878100644
1878185456
1304326107
1303784507
1304329807
1304329107
1303787607
1304134207
1304154707
1303788207
1878100544
1878100744
1304399607
1303738407
1303747707
1878322750
1878131835
1878125935
1303715607
1148079403
1148194303
1304393807
1303736007
1878321750
1320219502
1320774002
1303750807
1303751607
1303751207
1303762107
1303715307
1304322407
1303780807
1304133607
1303747307
1303714107
1304399707
1303738507
1303714307
1303752407
1303751407
1877105911
1877237457
1877237357
1877237257
1303761907
1878207042
1320219602
1320774102
1304401407
1303740207
1303715207
1304325207
1303783607
1304392307
1303734507
1320773902
1320219402
1303750307
1878131935
1878118935
1878322048
1304401307
1303740107
1878173756
1320773802
1320219302
1304322307
1304321807
1303780207
1303780707
1878272548
1148167403
1148282003
1878226335
1878224442
1878206842
1878103744
1877238557
1877238457
1320219202
1320773702
1878161043
1878229739
1878207342
1878103644
1304325907
1303784307
1878320350
1303714407
1878320850
1303761407
1303747607
1878126135
1878225935
1878226235
1878224342
1878207242
1878174256
1878238439
1878231539
1303714007
1303750107
1304324507
1303782907
1303745707
1303747807
1303746707
1304323007
1877106011
1877105033
1304323407
1304325407
1878323250
1877107133
1878233839
1878207142
1320219002
1320773502
1303782407
1303783807
1304133707
1878321850
1304399307
1303738107
1303751907
1320219102
1320773602
1304327507
1878321648
1303752007
1878126035
1878113835
1303746507
1320218802
1878320150
1878320750
1320773302
1303752107
1303745907
1878231939
1148079303
1148194203
1304322907
1303781307
1877105811
1877105233
1877105133
1877237157
1877237057
1303747207
1303750907
1303721907
1304387607
1303725007
1878207542
1878231839
1878317850
1303761607
1304326607
1303785007
1304399807
1303738607
1304327907
1303786307
1878320050
1304400607
1303739407
1878323150
1303745807
1878161143
1878174356
1878173656
1878173456
1878233739
1303746307
1877107033
1877105733
1303751007
1320773202
1320218702
1304332807
1303791207
1303789007
1878107944
1878162343
1304321107
1303779507
1878320650
1303720707
1304397907
1303736707
1303724607
1303724707
1304324607
1304322807
1303781207
1303783007
1878320950
1303720607
1303720307
1303761507
1877236957
1877103211
1877102611
1878160943
1878106244
1304323207
1303781607
1320772802
1320218302
1304324307
1878185156
1878106144
1878100344
1878226035
1878224242
1304461007
1303760807
1303748607
1303749107
1303782707
1303781707
1303781407
1304133807
1878207442
1878176256
1878137135
1878113735
1878101944
1303749207
1878322950
1320218902
1320773402
1877106933
1877106811
1877104911
1877104733
1877237857
1877237757
1877237657
1877238357
1877238257
1877238157
1877238057
1877237957
1877236857
1877236757
1877102711
1878112555
1878176556
1878238639
1878234039
1878161243
1878238939
1304321907
1303780307
1304325607
1303784007
1878318050
1303752207
1303746207
1304322507
1303750207
1304400407
1303739207
1303746907
1304320607
1304323107
1303780907
1303781507
1304154107
1303784707
1878320550
1303747107
1878323050
1878310850
1878224142
1878173556
1878233939
1877105611
1877105533
1877104833
1877104633
1877103311
1303746007
1304328907
1303787307
1303713307
1303745607
1878112435
1878320450
1304329207
1303787407
1303714607
1303714207
1304326207
1303786007
1304154407
1304327607
1303784607
1304332907
1878310550
1878207642
1303748307
1320218402
1320772902
1303720807
1303746807
1304154007
1303779007
1303747407
1303762007
1878317950
1320218502
1320773002
1303749007
1320773102
1320218602
1304460607
1303760407
1303746407
1304400007
1303738807
1303791307
1304333007
1878160843
1878112335
1878184256
1878234439
1877105311
1877104511
1877236657
1877103411
1877102811
1876495911
1876724611
1876495811
1876724511
1303750007
1304460807
1303760607
1304324907
1303783307
1303791407
1303748207
1304398007
1303736807
1878141135
1878102444
1878318650
1878322148
1304397007
1303730807
1303751307
1304394907
1303732207
1878184556
1878173856
1878231639
1878206456
1304398107
1303736907
1304397107
1303730907
1878184356
1878173956
1878229539
1878226135
1877106333
1877104433
1877104333
1877236557
1877236457
1877103511
1303748007
1303784907
1304326307
1304327207
1304327307
1304462007
1303761007
1304330707
1304326507
1304327007
1304326907
1304327107
1303789107
1303781807
1303747007
1878234339
1878140935
1878102244
1878319950
1303751807
1303747907
6024286407
1304399407
1303738207
1304461907
1303760907
1878234239
1878322250
1877106111
1877104233
1877236357
1877103611
1877103711
1877103011
1876496011
1876724711
1303751707
1303749807
1304325007
1303783407
1303720107
1304133907
1304323307
1303785707
1303748107
1878226935
1878206356
1877106233
1877236257
1877103111
1303751507
1304332607
1303791007
1303723007
1304327407
1303785407
1303786507
1303785607
1878310450
1878231439
1303746607
1304134007
1304324807
1304154207
1303783207
1304155107
1877236157
1877103911
1877104011
1876496211
1303785507
1303785307
1303785807
1304395407
1303736607
1303722507
1878121135
1878176656
1303748907
---0% --------20% --------40% --------60% --------80% --------100% -----/Volumes/SeagateBackupPlusDrive/1stChoice/TNG/tiff/2014/08/1320771702.tif here
cp /Volumes/SeagateBackupPlusDrive/1stChoice/TNG/tiff/2014/08/1320771702.tif /Volumes/SeagateBackupPlusDrive/1stChoice/TNG/tiffCurrent/SAC/
09/05/2014
/Volumes/SeagateBackupPlusDrive/1stChoice/TNG/tiff/2014/08/1320217202.tif here
cp /Volumes/SeagateBackupPlusDrive/1stChoice/TNG/tiff/2014/08/1320217202.tif /Volumes/SeagateBackupPlusDrive/1stChoice/TNG/tiffCurrent/SAC/
09/05/2014
/Volumes/SeagateBackupPlusDrive/1stChoice/TNG/tiff/2014/08/1320772502.tif here
cp /Volumes/SeagateBackupPlusDrive/1stChoice/TNG/tiff/2014/08/1320772502.tif /Volumes/SeagateBackupPlusDrive/1stChoice/TNG/tiffCurrent/SAC/
09/05/2014
/Volumes/SeagateBackupPlusDrive/1stChoice/TNG/tiff/2014/08/1320218002.tif here
cp /Volumes/SeagateBackupPlusDrive/1stChoice/TNG/tiff/2014/08/1320218002.tif /Volumes/SeagateBackupPlusDrive/1stChoice/TNG/tiffCurrent/SAC/
09/05/2014
/Volumes/SeagateBackupPlusDrive/1stChoice/TNG/tiff/2014/08/1320772402.tif here
cp /Volumes/SeagateBackupPlusDrive/1stChoice/TNG/tiff/2014/08/1320772402.tif /Volumes/SeagateBackupPlusDrive/1stChoice/TNG/tiffCurrent/SAC/
09/05/2014
/Volumes/SeagateBackupPlusDrive/1stChoice/TNG/tiff/2014/08/1320217902.tif here
cp /Volumes/SeagateBackupPlusDrive/1stChoice/TNG/tiff/2014/08/1320217902.tif /Volumes/SeagateBackupPlusDrive/1stChoice/TNG/tiffCurrent/SAC/
09/05/2014
/Volumes/SeagateBackupPlusDrive/1stChoice/TNG/tiff/2014/08/1320772302.tif here
cp /Volumes/SeagateBackupPlusDrive/1stChoice/TNG/tiff/2014/08/1320772302.tif /Volumes/SeagateBackupPlusDrive/1stChoice/TNG/tiffCurrent/SAC/
09/05/2014
/Volumes/SeagateBackupPlusDrive/1stChoice/TNG/tiff/2014/08/1320217802.tif here
cp /Volumes/SeagateBackupPlusDrive/1stChoice/TNG/tiff/2014/08/1320217802.tif /Volumes/SeagateBackupPlusDrive/1stChoice/TNG/tiffCurrent/SAC/
09/05/2014
/Volumes/SeagateBackupPlusDrive/1stChoice/TNG/tiff/2014/08/1320772202.tif here
cp /Volumes/SeagateBackupPlusDrive/1stChoice/TNG/tiff/2014/08/1320772202.tif /Volumes/SeagateBackupPlusDrive/1stChoice/TNG/tiffCurrent/SAC/
09/05/2014
/Volumes/SeagateBackupPlusDrive/1stChoice/TNG/tiff/2014/08/1320217702.tif here
cp /Volumes/SeagateBackupPlusDrive/1stChoice/TNG/tiff/2014/08/1320217702.tif /Volumes/SeagateBackupPlusDrive/1stChoice/TNG/tiffCurrent/SAC/
09/05/2014
/Volumes/SeagateBackupPlusDrive/1stChoice/TNG/tiff/2014/08/1320772102.tif here
cp /Volumes/SeagateBackupPlusDrive/1stChoice/TNG/tiff/2014/08/1320772102.tif /Volumes/SeagateBackupPlusDrive/1stChoice/TNG/tiffCurrent/SAC/
09/05/2014
/Volumes/SeagateBackupPlusDrive/1stChoice/TNG/tiff/2014/08/1320217602.tif here
cp /Volumes/SeagateBackupPlusDrive/1stChoice/TNG/tiff/2014/08/1320217602.tif /Volumes/SeagateBackupPlusDrive/1stChoice/TNG/tiffCurrent/SAC/
09/05/2014
/Volumes/SeagateBackupPlusDrive/1stChoice/TNG/tiff/2014/08/1320772002.tif here
cp /Volumes/SeagateBackupPlusDrive/1stChoice/TNG/tiff/2014/08/1320772002.tif /Volumes/SeagateBackupPlusDrive/1stChoice/TNG/tiffCurrent/SAC/
09/05/2014
/Volumes/SeagateBackupPlusDrive/1stChoice/TNG/tiff/2014/08/1320217502.tif here
cp /Volumes/SeagateBackupPlusDrive/1stChoice/TNG/tiff/2014/08/1320217502.tif /Volumes/SeagateBackupPlusDrive/1stChoice/TNG/tiffCurrent/SAC/
09/05/2014
/Volumes/SeagateBackupPlusDrive/1stChoice/TNG/tiff/2014/08/1320771902.tif here
cp /Volumes/SeagateBackupPlusDrive/1stChoice/TNG/tiff/2014/08/1320771902.tif /Volumes/SeagateBackupPlusDrive/1stChoice/TNG/tiffCurrent/SAC/
09/05/2014
/Volumes/SeagateBackupPlusDrive/1stChoice/TNG/tiff/2014/08/1320217402.tif here
cp /Volumes/SeagateBackupPlusDrive/1stChoice/TNG/tiff/2014/08/1320217402.tif /Volumes/SeagateBackupPlusDrive/1stChoice/TNG/tiffCurrent/SAC/
09/05/2014
/Volumes/SeagateBackupPlusDrive/1stChoice/TNG/tiff/2014/08/1320771802.tif here
cp /Volumes/SeagateBackupPlusDrive/1stChoice/TNG/tiff/2014/08/1320771802.tif /Volumes/SeagateBackupPlusDrive/1stChoice/TNG/tiffCurrent/SAC/
09/05/2014
/Volumes/SeagateBackupPlusDrive/1stChoice/TNG/tiff/2014/08/1320217302.tif here
cp /Volumes/SeagateBackupPlusDrive/1stChoice/TNG/tiff/2014/08/1320217302.tif /Volumes/SeagateBackupPlusDrive/1stChoice/TNG/tiffCurrent/SAC/
09/05/2014
/Volumes/SeagateBackupPlusDrive/1stChoice/TNG/tiff/2014/08/1320771602.tif here
cp /Volumes/SeagateBackupPlusDrive/1stChoice/TNG/tiff/2014/08/1320771602.tif /Volumes/SeagateBackupPlusDrive/1stChoice/TNG/tiffCurrent/SAC/
09/05/2014
/Volumes/SeagateBackupPlusDrive/1stChoice/TNG/tiff/2014/08/1320217102.tif here
cp /Volumes/SeagateBackupPlusDrive/1stChoice/TNG/tiff/2014/08/1320217102.tif /Volumes/SeagateBackupPlusDrive/1stChoice/TNG/tiffCurrent/SAC/
09/05/2014
/Volumes/SeagateBackupPlusDrive/1stChoice/TNG/tiff/2014/08/1320771502.tif here
cp /Volumes/SeagateBackupPlusDrive/1stChoice/TNG/tiff/2014/08/1320771502.tif /Volumes/SeagateBackupPlusDrive/1stChoice/TNG/tiffCurrent/SAC/
09/05/2014
/Volumes/SeagateBackupPlusDrive/1stChoice/TNG/tiff/2014/08/1320217002.tif here
cp /Volumes/SeagateBackupPlusDrive/1stChoice/TNG/tiff/2014/08/1320217002.tif /Volumes/SeagateBackupPlusDrive/1stChoice/TNG/tiffCurrent/SAC/
09/05/2014
/Volumes/SeagateBackupPlusDrive/1stChoice/TNG/tiff/2014/08/1320771402.tif here
cp /Volumes/SeagateBackupPlusDrive/1stChoice/TNG/tiff/2014/08/1320771402.tif /Volumes/SeagateBackupPlusDrive/1stChoice/TNG/tiffCurrent/SAC/
09/05/2014
/Volumes/SeagateBackupPlusDrive/1stChoice/TNG/tiff/2014/08/1320216902.tif here
cp /Volumes/SeagateBackupPlusDrive/1stChoice/TNG/tiff/2014/08/1320216902.tif /Volumes/SeagateBackupPlusDrive/1stChoice/TNG/tiffCurrent/SAC/
09/05/2014
/Volumes/SeagateBackupPlusDrive/1stChoice/TNG/tiff/2014/08/1320768802.tif here
cp /Volumes/SeagateBackupPlusDrive/1stChoice/TNG/tiff/2014/08/1320768802.tif /Volumes/SeagateBackupPlusDrive/1stChoice/TNG/tiffCurrent/SAC/
09/05/2014
/Volumes/SeagateBackupPlusDrive/1stChoice/TNG/tiff/2014/08/1320214302.tif here
cp /Volumes/SeagateBackupPlusDrive/1stChoice/TNG/tiff/2014/08/1320214302.tif /Volumes/SeagateBackupPlusDrive/1stChoice/TNG/tiffCurrent/SAC/
09/05/2014
/Volumes/SeagateBackupPlusDrive/1stChoice/TNG/tiff/2014/08/1320770402.tif here
cp /Volumes/SeagateBackupPlusDrive/1stChoice/TNG/tiff/2014/08/1320770402.tif /Volumes/SeagateBackupPlusDrive/1stChoice/TNG/tiffCurrent/SAC/
09/05/2014
/Volumes/SeagateBackupPlusDrive/1stChoice/TNG/tiff/2014/08/1320215902.tif here
cp /Volumes/SeagateBackupPlusDrive/1stChoice/TNG/tiff/2014/08/1320215902.tif /Volumes/SeagateBackupPlusDrive/1stChoice/TNG/tiffCurrent/null/
09/05/2014
Caught: java.io.FileNotFoundException: /Volumes/SeagateBackupPlusDrive/1stChoice/TNG/tiffCurrent/404/Indexes.txt (No such file or directory)
java.io.FileNotFoundException: /Volumes/SeagateBackupPlusDrive/1stChoice/TNG/tiffCurrent/404/Indexes.txt (No such file or directory)
	at tif_generation$_run_closure5.doCall(tif_generation.groovy:346)
	at tif_generation.run(tif_generation.groovy:311)
12
08/24/2014
0093748
0115417
1877858110
0093712
0093738
---0% --------20% --------40% --------60% --------80% --------100% -----/Volumes/SeagateBackupPlusDrive/1stChoice/TNG/tiff/2014/08/0093748.tif here
cp /Volumes/SeagateBackupPlusDrive/1stChoice/TNG/tiff/2014/08/0093748.tif /Volumes/SeagateBackupPlusDrive/1stChoice/TNG/tiffCurrent/RDS/
09/05/2014
/Volumes/SeagateBackupPlusDrive/1stChoice/TNG/tiff/2014/08/0115417.tif here
cp /Volumes/SeagateBackupPlusDrive/1stChoice/TNG/tiff/2014/08/0115417.tif /Volumes/SeagateBackupPlusDrive/1stChoice/TNG/tiffCurrent/RDS/
09/05/2014
/Volumes/SeagateBackupPlusDrive/1stChoice/TNG/tiff/2014/08/1877858110.tif here
cp /Volumes/SeagateBackupPlusDrive/1stChoice/TNG/tiff/2014/08/1877858110.tif /Volumes/SeagateBackupPlusDrive/1stChoice/TNG/tiffCurrent/ATL/
09/05/2014
/Volumes/SeagateBackupPlusDrive/1stChoice/TNG/tiff/2014/08/0093712.tif here
cp /Volumes/SeagateBackupPlusDrive/1stChoice/TNG/tiff/2014/08/0093712.tif /Volumes/SeagateBackupPlusDrive/1stChoice/TNG/tiffCurrent/RDS/
09/05/2014
/Volumes/SeagateBackupPlusDrive/1stChoice/TNG/tiff/2014/08/0093738.tif here
cp /Volumes/SeagateBackupPlusDrive/1stChoice/TNG/tiff/2014/08/0093738.tif /Volumes/SeagateBackupPlusDrive/1stChoice/TNG/tiffCurrent/RDS/
09/05/2014
13
08/23/2014
1877093911
Caught: java.lang.NullPointerException
java.lang.NullPointerException
	at org.xhtmlrenderer.layout.SharedContext.<init>(SharedContext.java:110)
	at org.xhtmlrenderer.pdf.ITextRenderer.<init>(ITextRenderer.java:111)
	at org.xhtmlrenderer.pdf.ITextRenderer.<init>(ITextRenderer.java:102)
	at tif_generation$_run_closure2.doCall(tif_generation.groovy:204)
	at tif_generation.run(tif_generation.groovy:179)
