7
10/10/2014
1891879656
1891872356
1891870656
1891881356
1312733207
1312045007
1312045107
1329924302
1329386403
1329386402
1329924402
1329386503
1329924502
1892531212
1892530912
1892530812
1892530712
1892530612
1892530512
1892530412
1892545612
1892545512
1892545412
1892545312
1891880156
1891879756
1329876202
1329342602
1329342603
1329876502
1329342902
1329342903
1329876602
1329343002
1329343003
1329876702
1329343102
1329343103
1329876102
1329876002
1329876902
1329343302
1329343303
1329876802
1329343202
1329343203
1329877002
1329343402
1329343403
1329877102
1329343502
1329343503
1329877202
1330005702
1329343602
1329343603
1329877302
1329343702
1329343703
1329880602
1329346402
1329346403
1329879102
1329344902
1329344903
1329879202
1329345002
1329345003
1329879302
1329345102
1329345103
1329879502
1329345302
1329345303
1329879702
1329345502
1329345503
1329879602
1329345402
1329345403
1329879802
1329345602
1329345603
1329879902
1329345702
1329345703
1329880002
1329345802
1329345803
1329880102
1329345902
1329345903
1329880202
1329346002
1329346003
1329880502
1329346302
1329346303
1329880402
1329346202
1329877702
1329877802
1329386603
1329386602
1329925202
1329387303
1329387302
1329925402
1329387503
1329387502
1329886102
1329351902
1329925502
1329387603
1329387602
1329925602
1329387703
1329387702
1891880856
1891870856
1329346203
1329880702
1329346502
1329346503
1329880802
1329346602
1329346603
1329880902
1329346702
1329346703
1329881002
1329346802
1329346803
1329878502
1329344302
1329344303
1329878602
1329344402
1329344403
1329878902
1330005902
1329344702
1329344703
1329878402
1329344202
1329344203
1329878802
1329344602
1329344603
1329878702
1329344502
1329344503
1329879002
1329344802
1329344803
1329877402
1329877602
1329877902
1329877502
1891870256
1891881556
1891871156
1891870956
1329869202
1329336202
1329336203
1329869302
1329336303
1329869402
1329336402
1329336403
1329869502
1329336503
1329869602
1329336603
1329869702
1329336703
1329869802
1329336803
1329869902
1329336902
1329336903
1329860002
1329328502
1329859902
1329859802
1329328302
1329859702
1329328202
1329859602
1329859502
1329859402
1329859302
1329859202
1329859102
1329859002
1329327502
1329858902
1329858802
1329327302
1891872156
1891871056
1891872256
1891871956
1891871456
1891881756
1329903202
1329368903
1329903402
1329903502
1329369303
1329903802
1329902602
1329903902
1329368303
1329369203
1329902802
1329902902
1329903002
1329865402
1329332403
1329866102
1329333103
1329906302
1837033801
1836684701
1837034101
1836685001
1837033701
1836684601
1836684001
1837033401
1836684301
1837033601
1836684501
1837034001
1836684901
1837033201
1836684101
1837033301
1836684201
1837033501
1836684401
1837026801
1836677701
1837026501
1836677401
1837026101
1836677001
1837026001
1836676901
1837026601
1836677501
1837026901
1836677801
1837026401
1836677301
1837026701
1836677601
1837028301
1836679201
1837028501
1836679401
1837028601
1836679501
1837028801
1836679701
1837028401
1836679301
1837028201
1836679101
000null
1312492007
1312492107
1312491907
1311919507
1311919607
1311919407
1312492207
1311919707
1311919807
1329371803
1891871556
1329905702
1329371303
1329904702
1329370303
1329904502
1329370103
1329904002
1329369603
1329904202
1329369803
1329905502
1329371103
1329371102
1329904802
1329370403
1329370402
1329904302
1329369903
1891872556
1837025601
1836676501
1837025501
1836676401
1837025901
1836676801
1837025701
1836676601
1837024901
1836675801
1837025801
1836676701
1837025001
1836675901
1329901802
1329901602
1329901702
1329366103
1329901402
1329901302
1329901202
1329901002
1329900802
1329366303
1329900602
1329900902
1329366703
1329900402
1329900302
1329900102
1329900202
1329905002
1329370603
1329905102
1329370703
1329905202
1329370803
1329905402
1329371003
1329905802
1329371403
1329906002
1329371603
1329904602
1329370203
1329904102
1329369703
1329904402
1329370003
1329905302
1329370903
1329904902
1329370503
1329905902
1329371503
1329905602
1329371203
1891871856
1891871356
1891871756
1891872456
1311923507
1312496007
1312496107
1311923607
1311928607
1312548907
1311923807
1311923907
1311923707
1312496207
1312496407
1312496307
1312497607
1311925107
1312494607
1311922107
1329911802
1329375702
1329375703
1329911002
1329374902
1329374903
1329911102
1329375002
1329375003
1329911202
1329375102
1329375103
1329911302
1329375202
1329375203
1329911602
1329375502
1329375503
1329910802
1329910902
1329912102
1329376002
1329376003
1329912202
1329376102
1329376103
1329912302
1329376202
1329376203
1893024156
1893024339
1893024239
1329871302
1329338302
1329338303
1329355802
1329355803
1329890002
1329889702
1329355503
1329355502
1329355303
1329355302
1329889502
1329871402
1329338403
1329338402
1329918402
1329381103
1329381102
1329918502
1329381203
1329381202
1329918702
1329381403
1329381402
1329918802
1329381503
1329381502
1329918902
1329381603
1329381602
1329919002
1329381703
1329381702
1329919102
1329381803
1329381802
1329919202
1329381903
1329381902
1329919302
1329382003
1329382002
1329919402
1329382103
1329382102
1329919502
1329382203
1329382202
1329919602
1329382303
1329382302
1329918202
1329918302
1329918102
1329919702
1329382403
1329382402
1329918002
1329889802
1329355603
1329355602
1329883202
1329349002
1329349003
1329883302
1329349102
1329349103
1329883402
1329349202
1329349203
1329885102
1329350902
1329350903
1329883502
1329349302
1329349303
1329883602
1329349402
1329349403
1329885202
1329351002
1329351003
1329883702
1329349502
1329349503
1329883802
1329349602
1329349603
1329386103
1329386102
1329883902
1329349703
1329884102
1329349902
1329349903
1329884002
1329349802
1329349803
1329884202
1329350002
1329350003
1329884402
1329350202
1329350203
1329884302
1329350102
1329350103
1329884502
1329350302
1329350303
1329884602
1329350402
1329350403
1329884702
1329350502
1329350503
1329884802
1329350602
1329350603
1329884902
1329350702
1329350703
1329885002
1329350802
1329350803
1329374403
1329910302
1329374402
1329909302
1329921802
1329384003
1329384002
1329922002
1329384203
1329384202
1329922102
1329384303
1329384302
1329922302
1329384503
1329384502
1329922202
1329384403
1329384402
1329922402
1329384603
1329384602
1329922502
1329384703
1329384702
1329922602
1329384803
1329384802
1329922702
1329384903
1329384902
1329922802
1329385003
1329385002
1329922902
1329385103
1329385102
1329923002
1329385203
1329385202
1329923102
1329385303
1329385302
1329923202
1329385403
1329385402
1329923302
1329385503
1329385502
1329923402
1329385603
1329385602
1329923502
1329385703
1329385702
1329923602
1329385803
1329385802
1329378602
1329915302
1329914302
1329889902
1329355703
1329355702
1329374602
1329374603
1329910502
1329910602
1329374703
1329374702
1329909402
1329373903
1329373902
1329909802
1329355402
1329355403
1329889602
1329909602
1329373703
1329373702
1206494505
1206341005
1329909902
1329374002
1329374003
1329909002
1892901044
1329909102
1329910402
1329374502
1329374503
1329908902
1892900744
1329871502
1329338503
1329374303
1329374302
1329910202
1329923702
1329385903
1329385902
1329923802
1329386003
1329386002
1329378703
1329378702
1329915402
1329374103
1329374102
1329910002
1329914102
1329914402
1329379202
1329915902
1329379203
1329379302
1329379303
1329916002
1329914902
1329378202
1329378203
1329378002
1329914702
1329378003
1329377902
1329377903
1329914602
1329378603
1206484005
1206330505
1329910102
1329374202
1329374203
1329871802
1329338802
1329909502
1329338803
1892900344
1329374802
1329374803
1329910702
1206484105
1206330605
1206483505
1206330005
1329339903
1329871602
1329338603
1892900644
1892897144
1329382702
1329920302
1329382703
1329863102
1206485205
1206331705
1329338902
1329871902
1893072342
1206494405
1206340905
1329909202
1329909702
1329373802
1329373803
1893042242
1329338903
1206483805
1206330305
1893128350
1893128248
1329331002
1329331003
1206453705
1206300105
1329871702
1329921002
1329383402
1329383403
1329338702
1329338703
1893128148
1893128050
1893482950
1893129850
1893129750
1893482850
1893129648
1893129550
1893129448
1893129350
1893129250
1893129150
1329379003
1329914002
1329915702
1329379002
1893129050
1893128950
1893128850
1893128750
1206485705
1206332205
1329330803
1329330802
1329862902
1893128648
1893128548
1893128448
1329872002
1206485605
1206332105
1206485105
1206331605
1329339002
1329339003
1329873002
1329340003
1206496105
1206342605
1206486005
1206332505
1206496805
1206343305
1329330903
1329872402
1329339403
1329340103
1329873102
1893040556
1206496505
1206343005
1329863002
1329330902
1206476205
1206322705
1329339402
1311881307
1312460107
1311880407
1312459207
1311880507
1312459307
1311880607
1312459407
1311880807
1312459607
1311880907
1312459707
1311881007
1312459807
1311881107
1312459907
1206479105
1206325605
1892598610
1312032507
1206485905
1206332405
1329872502
1206486905
1206333405
1329339503
1312459507
1311880707
1329330502
1329330503
1329862602
1206478905
1206325405
1312674107
1150048003
1150163603
1206496905
1206343405
1891869956
1892598810
1206485805
1206332305
1206483405
1206329905
1329920402
1329383303
1329383302
1329920902
1892893144
1892942535
1311881507
1312460307
1311881407
1312460207
1206479905
1206326405
1892942335
1892908544
1329383703
1329383702
1329921302
1312740207
1312048007
1206486705
1206333205
1892942935
1891869856
1206478805
1206325305
1150047903
1150163503
1312673707
1312037807
1892893044
1892960935
1150047703
1150163303
1329821702
1329292302
1892920335
1892892844
1892598910
1206464505
1206310905
1150060403
1150176003
1206497105
1206343605
1892893644
1893041242
1329862002
1206484705
1206331205
1206490905
1206498005
1206344505
1329382802
1329920202
1329382803
1312674007
1312032407
1206337405
1329919802
1329292202
1329821602
1329862302
1150048203
1150163803
1206484805
1206331305
1312700307
1312020407
1312700007
1312020107
1312680307
1312040807
1206487605
1206334105
1312739807
1312047607
1329919902
1891870056
1329382603
1329382602
1206479005
1206325505
1206486805
1206333305
1329916202
1892893744
1312700207
1312020307
1329292502
1329821902
1206479405
1206325905
1150169303
1150047803
1150163403
1892920435
1312675907
1312030407
1891869556
1893041042
1893041642
1892897444
1312413607
1311841907
1312680107
1312040607
1206487505
1206334005
1150054703
1150170303
1150048103
1150163703
1329862802
1329330702
1329330703
1150053703
1891870156
1312675707
1312030207
1892896944
1329821802
1329292402
1329347102
1329881302
1329347103
1329347002
1329881202
1329347203
1329347003
1312413707
1311842007
1206494105
1206340605
1329916102
1329881402
1329347202
1150163003
1150047403
1312671707
1312035807
1312741107
1312048707
1150054803
1150170403
1312580007
1311849507
1150054603
1150170203
1206488705
1206335205
1206550905
1329891102
1329356903
1329356902
1206484905
1206331405
1892920235
1893042042
1150048303
1150163903
1206488605
1206335105
1312672207
1312036307
1329862402
1329330302
1329330303
1329865002
1329376302
1329376303
1329912402
1329917002
1206327205
1206479605
1206326105
1329380102
1329380103
1329332103
1329332102
1150163103
1150047503
1312740007
1312047807
1312688407
1312008507
1206463505
1206309905
1312455107
1311876107
1206487405
1206333905
1329913802
1329377703
1329377702
1329912702
1329376603
1329376602
1329912502
1329376403
1329376402
1329912602
1329376503
1329376502
1329912902
1329376803
1329376802
1329912802
1329376703
1329376702
1329913002
1329376902
1329913202
1329377103
1329377102
1329913102
1329377003
1329377002
1329913402
1329377303
1329377302
1329913302
1329377203
1329377202
1329913502
1329377403
1329377402
1329913602
1329377503
1329377502
1329908502
1329913702
1329377603
1329377602
1329913902
1329377803
1329377802
1329908102
1329908702
1329908202
1329908802
1329908302
1329908402
1150169403
1150053803
1329292002
1329821402
1312702007
1312022107
1312413807
1311842107
1150163203
1150047603
1312744407
1312051707
1206494205
1206340705
1150054403
1150170003
1150048403
1150164003
1329357003
1329891202
1329357002
1892905244
1312680207
1312040707
1312673807
1312038007
1329916302
1329379402
1893072242
1892942635
1150169503
1150053903
1893124750
1311878507
1329293102
1329822502
1206486605
1206333105
1312671807
1312035907
1150048503
1150164103
1312417507
1311845807
1893125250
1893124650
1893124550
1893125150
1329379403
1893124850
1893131050
1893125050
1312739507
1312047307
1206484605
1206331105
1150170103
1150054503
1312688307
1312008407
1206488505
1206335005
1329379802
1329820002
1206496405
1206342905
1329379803
1329291902
1312414007
1311842307
1206495805
1206342305
1150059703
1150175303
1892930235
1892908044
1206480905
1206327405
1329916702
1892942735
1892919935
1329864202
1206495905
1206342405
1312671107
1312035207
1206484305
1206330805
1206487305
1206333805
1150048703
1150164303
1150168303
1150052703
1206484505
1206331005
1329290602
1206488405
1206334905
1311878607
1312457407
1329821302
1329890702
1329356502
1329356503
1329382502
1329382503
1329920102
1312581707
1311847807
1206496705
1206343205
1892893544
1893072142
1892920135
1329331503
1312704407
1312024507
1311875107
1312454107
1329821502
1329292102
1150168403
1150052803
1329383003
1329383002
1329920602
1329356703
1329890902
1329356702
1312417707
1311846007
1206479805
1206326305
1329864402
1312678707
1312039207
1312580107
1312740107
1312047907
1206480005
1206326505
1206487205
1206333705
1329379602
1893072442
1329916502
1329291002
1329820402
1329331302
1206463105
1206309505
1329379603
1150164203
1150048603
1329330602
1329862702
1329330603
1206463205
1206309605
1206483905
1206330405
1312413907
1311842207
1329331502
1311875407
1312454407
1206494905
1206341405
1206476105
1206322605
1329864002
1312675507
1312030007
1311489607
1150048903
1150164503
1892230012
1311849607
1892927235
1892908344
1892908144
1892893444
1893023656
1312679907
1312040407
1329863402
1329331303
1312739907
1312047707
1329291102
1329820502
1312686007
1312006107
1892576904
1892576704
1893126750
1893482650
1150059603
1150175203
1206495105
1206341605
1329916402
1329379502
1312673607
1312037907
1892229534
1206491805
1206338305
1312739607
1312047407
1329379503
1892920535
1329823002
1206479305
1206325805
1329293602
1150168503
1150052903
1312743007
1312050307
1311878707
1312457507
1206488305
1206334805
1150054203
1150169803
1329920002
1312680507
1312041007
1206484205
1206330705
1206483605
1206330105
1206480805
1206327305
1329890802
1329356603
1329356602
1312417807
1311846107
1312417607
1311845907
1329291802
1329821202
1329885502
1892908444
1312581407
1311847507
1206476405
1206322905
1329822002
1329292602
1329383202
1329383203
1329920802
1206342105
1206495605
1329351302
1329351303
1893126550
1312686107
1312006207
1312679707
1312040207
1311880207
1312459007
1150168603
1150053003
1206480105
1206326605
1206483705
1206330205
1311875507
1312454507
1311877207
1312456207
1329332302
1329356802
1329891002
1329356803
1329823402
1329294002
1312681007
1312041507
1311847907
1892897244
1329864302
1206490805
1206337305
1312674307
1312032707
1206479705
1206326205
1329293702
1329823102
1206497805
1206344305
1312581807
1312739707
1312047507
1206491005
1206337505
1206491505
1206338005
1206491105
1206337605
1150051403
1892957535
1892916044
1892897344
1893079939
1312417907
1311846207
1206464105
1206310505
1329332303
1329865202
1206495405
1206341905
1329292902
1329822302
1150054303
1150169903
1892901144
1329331202
1329331203
1329863302
1329821102
1329291702
1206490305
1206336805
1206490405
1206336905
1312679107
1312039607
1893126650
1329823302
1329380503
1329380502
1206494305
1206340805
1329378302
1329378303
1329915002
1329914502
1206480205
1206326705
1150051303
1150166903
1329864602
1150060303
1150175903
1150167003
1312674207
1312032607
1312703707
1312023807
1892597110
1892597210
1329890102
1329355903
1329355902
1150168803
1150053203
1206342005
1206495505
1329823502
1329294102
1312581907
1311848007
1312414207
1311842507
1329330403
1329862502
1329330402
1312687007
1312007107
1206343905
1206497405
1329822402
1329293002
1329293802
1329823202
1312580207
1311849707
1206486205
1206332705
1312742707
1312050007
1329920702
1329383102
1329383103
6011525205
1206477505
1206324005
1893023256
1892896844
1329292802
1329917402
1329822202
1150060003
1150175603
1892573004
1892577004
1892572904
1312686607
1312006707
1312418007
1311846307
1329863202
1329291402
1329820802
1330004602
1329331103
1329331102
1312679607
1312040107
1150166703
1150051103
1206497905
1206344405
1206479205
1206325705
1206491705
1206338205
1892915744
1892908244
1311876807
1312455807
1312742807
1892598210
1892599510
1329920502
1329382902
1329382903
1150169603
1150054003
1312418107
1311846407
1329917202
1329293902
1893125950
1311876607
1312455607
1150054103
1150169703
1329331702
1329331703
1892972335
1206490605
1206337105
1311877607
1312456607
1206494805
1206341305
1892600210
1892599410
1892595410
1206323005
1206476505
1150168903
1150053303
1312703607
1312023707
1329380302
1329380303
1329864702
1311878907
1329331803
1892597310
1892599710
1150051203
1150166803
1206341805
1206495305
1312581507
1312582007
1311847607
1311848107
1206479505
1206326005
1312553907
1311883107
1329290802
1312679007
1312039507
1312686907
1312007007
1329820202
1150168003
1150052403
1329885302
1329351103
1893082439
1892916144
1312414307
1311842607
1150169203
1150053603
1206486105
1206332605
1206463405
1206309805
1312050107
1312581607
1311847707
1893126450
1893125750
1892961335
1892957435
1893078439
1893072056
1329331802
1329378802
1329378803
1329915502
1311876207
1312455207
1311872807
1312451807
1312418207
1311846507
1312415107
1311843407
1312457707
1312457807
1311879007
1311880307
1312459107
1329351102
1329865102
1206464205
1206310605
1312681407
1312041907
1206480305
1206326805
1206550805
1206485405
1206331905
1206343705
1206497205
1150168103
1150052503
1329356202
1329356203
1329890402
1329332202
1329332203
1329863502
1329331403
1329331402
1892597410
1892598510
1892598410
1892513203
1892572804
1312554507
1311883707
1892573404
1892515703
1892574704
1892602410
1312742507
1312056407
1329290702
1329820102
1329915102
1329378402
1329378403
1312418407
1311846707
1893125450
1311876507
1312455507
1329885402
1329351203
1329351202
1892905644
1893078239
1893021456
1206481005
1206327505
1150051903
1150167503
1893021356
1206495005
1206341505
1893126350
1329291602
1150169003
1150053403
1329821002
1312418307
1311846607
1893125550
1329862102
1892595510
1311876707
1312455707
1311842707
1150059803
1150175403
1329380602
1329380603
1311877007
1312456007
1892958044
1893082339
1893031956
1312688807
1312008907
1150051703
1150167303
1329291502
1329820902
1206451205
1206297605
1329378903
1329378902
1329915602
1206485505
1206332005
1311875607
1312454607
1329378502
1206494605
1206341105
1329914202
1329915202
1329378503
1311848207
1312414907
1311843207
1312582107
1312681307
1312041807
1329917502
1329822902
1330004702
1329293502
1206485005
1206331505
1312414407
1312414807
1311843107
1150167403
1150051803
1892155803
1892574904
1892513603
1892966635
1892905344
1893071742
1893041542
1312679307
1312039807
1312687707
1312007807
1312580307
1311849807
1312418507
1311846807
1329890302
1329356103
1150168203
1150052603
1329863902
1312456707
1311877707
1892600410
1892600310
1892600510
1892573304
1892602510
1892574804
1312689907
1312010007
1312689107
1312009207
1312743207
1312050507
1893024456
1892957744
1892957944
1329356102
1329917802
1329380902
1329865302
1311875807
1312454807
1311878407
1312457307
1329380903
1206485305
1206331805
1312689507
1312009607
1893131150
1330004502
1311877307
1312456307
1206480405
1206326905
1892185012
1892185312
1206451105
1206297505
1329291302
1329820702
1329356002
1329356003
1329890202
1312680607
1312041107
1893126250
1893083439
1893077139
1893040339
1892905544
1892575004
1892578404
1892513903
1892571504
1893372710
1892528912
1329864802
1150051503
1150167103
1893368003
1892597510
1892578304
1893083039
1893083639
1893032056
1892916344
1329820302
1329290902
1312415007
1311843307
1312582207
1311848307
1206480505
1206327005
1329293402
1329822802
1312554307
1311883507
1329351402
1329885602
1329351403
1329822702
1893082839
1893078139
1893078339
1893071942
1893031856
1329293302
1312418607
1311846907
1311841007
1312412707
1312689607
1312009707
1312680807
1312041307
1892536712
1892575104
1892596310
1892573204
1893368103
1892599610
1893372810
1892597610
1150051603
1150167203
1312415207
1311843507
1312743107
1312050407
1312686707
1312006807
1206453605
1206300005
1329380002
1312554107
1311883307
1893125850
1893130750
1893130450
1311876307
1312455307
1329331903
1329331902
1206497305
1206343805
1206486505
1206333005
1892934535
1893031556
1329822102
1329292702
1329380003
1329916902
1329331602
1893125650
1329378102
1892571204
1893368203
1892573104
1892599910
1892578104
1892576804
1892575304
1329331603
1329914802
1329378103
1206486405
1206332905
1312677907
1312038407
1312687807
1312007907
1312740607
1312048207
1311877407
1312456407
1311878307
1312457207
1312703407
1312023507
1312679807
1329383802
1329921402
1329383803
1312582307
1311848407
1893328703
1892513803
1892571304
1892575204
1892578004
1312733007
1312044807
1150059903
1150175503
1312414507
1311842807
1312740307
1312048107
1206480605
1206327105
1312412807
1311841107
1206496205
1206342705
1892914144
1893077039
1893041942
1892515203
1892600010
1892571404
1893372910
1892514303
1892573504
1892575404
1329863602
1206476005
1206322505
1150060203
1150175803
1312040307
1329864502
1892897044
1893126050
1312412907
1311841207
1312582407
1311848507
1329917602
1329380703
1892920635
1893071842
1893071642
1893032156
1311875707
1893082939
1893079839
1892924155
1892920835
1312580707
1311850207
1329347302
1329881502
1329347303
1311875907
1312454907
1893130548
1329863802
1329346902
1329346903
1329881102
1206480705
1311877507
1312456507
1312456807
1311877807
1311877907
1312456907
1311878107
1312457007
1312418807
1312418707
1311847007
1311847107
1206496605
1206343105
1329347402
1329347403
1329881602
1329917702
1329380802
1329380803
1892573604
1892603110
1892571604
1892575504
1893369404
1892514103
1892577804
1893368303
1893130148
1893129948
1893130648
1893369604
1892598010
1892573804
1892515303
1312414607
1311842907
1206476305
1206322805
1312454707
1311876007
1312455007
1329380702
1312678307
1312038807
1312680407
1312040907
1206486305
1206332805
1311843607
1892600110
1892577104
1892577904
1892597910
1892515403
1329293202
1329822602
1893126150
1312048307
1312740707
1311876907
1312455907
1312702807
1312022907
1892185212
1893080039
1892924035
1892897544
1312686407
1312006507
1312688507
1312008607
1312678007
1312038507
1329917902
1329921502
1329383902
1329383903
1329381003
1329332002
1329332003
1329381002
1892571704
1892515503
1892573704
1312554207
1311883407
1150025903
1150139703
1329347503
1329347502
1329881702
1206475905
1206322405
1892920935
1893078539
1893076939
1329347602
1329347603
1329881802
1312680007
1312040507
1312413007
1329290502
1311841307
1329819902
1206484405
1206330905
1329379102
1329864902
1329379103
1329915802
1892575604
1893369504
1892577204
1892597710
1892598110
1892571904
1893040756
1311876407
1312455407
1312554407
1311883607
1206487705
1206334205
1329347702
1329881902
1329347703
1329347903
1329347902
1329882102
1312582607
1311848707
1329347803
1329347802
1329882002
1329348003
1329882202
1329348002
1329348203
1329882402
1329348202
1329348103
1312415307
1312582507
1311848607
1312415407
1311843707
1329348102
1329882302
1312554007
1311883207
1892603510
1892603410
1892603310
1892603210
1892575704
1893370304
1892514203
1892597810
1312553807
1311883007
1311847207
1312418907
1893082239
1892934135
1329348502
1329882702
1329348503
1312678107
1312038607
1312744607
1329383502
1329383503
1329921102
1312051907
1329348602
1206483305
1329348603
1206329805
1329882802
1329917302
1312413107
1311841407
1312419007
1893125350
1329820602
1329291202
1329380403
1329380402
1892229412
1893021656
1893083139
1893031456
1892934235
1892934435
1892923935
1892920735
1893369704
1892573904
1892596410
1892578504
1893369804
1893368503
1892575804
1311877107
1312456107
1311847307
1312580607
1312699307
1312019407
1892229712
1893023956
1893083239
1893031656
1329863702
1892578604
1892571804
1312413207
1311841507
1312414707
1312744507
1312051807
1892229612
1329348703
1329348702
1329882902
1329882602
1329348402
1329348403
1329917102
1329380203
1329348902
1329348903
1312688607
1312008707
1893031756
1892578704
1892576004
1892572004
1892574404
1892572104
1329864102
1329921202
1329383603
1329383602
1312582707
1312419107
1311848807
1311847407
1311850107
1312679407
1312039907
1206491605
1206338105
1329348802
1329883002
1329348803
1312415507
1311843807
1329916602
1329379703
1329379702
1893024056
1892934335
1312415607
1311843907
1312413307
1329380202
1892574004
1892574104
1893368403
1892514003
1892575904
1892577304
1893369904
1311843007
1329348302
1329348303
1329882502
1329883102
1311841607
1893368803
1892576104
1893370004
1892513703
1892577404
1892184212
0406432
1312675207
1312038307
1312675007
1312038207
1892905444
1329379902
1329379903
1329916802
1892578804
1892576204
1893369003
1893368703
1892572304
1893370204
1893370810
1892577504
1312460007
1311881207
1312457107
1311878207
1312415707
1311841707
1311844007
1312413407
1312415807
1311844107
1312740807
1312048407
1892576304
1892574304
1893370404
1893368603
1892579004
1892577604
1892576404
1893371310
1892577704
1892578904
1892572404
1892576504
1893371210
1312416007
1311844307
1312415907
1311844207
1892572604
1892578204
1311878007
1892572204
1893370104
1893328803
1892574204
1892572504
1892572704
1889926056
1889910156
1889910056
1889909856
1889909756
1889909556
1889909656
1892591010
---0% --------20% --------40% --------60% --------80% --------100% -----/Volumes/SeagateBackupPlusDrive/1stChoice/TNG/tiff/2014/10/1891879656.tif here
cp /Volumes/SeagateBackupPlusDrive/1stChoice/TNG/tiff/2014/10/1891879656.tif /Volumes/SeagateBackupPlusDrive/1stChoice/TNG/tiffCurrent/ATL/
10/17/2014
/Volumes/SeagateBackupPlusDrive/1stChoice/TNG/tiff/2014/10/1891872356.tif here
cp /Volumes/SeagateBackupPlusDrive/1stChoice/TNG/tiff/2014/10/1891872356.tif /Volumes/SeagateBackupPlusDrive/1stChoice/TNG/tiffCurrent/ATL/
10/17/2014
/Volumes/SeagateBackupPlusDrive/1stChoice/TNG/tiff/2014/10/1891870656.tif here
cp /Volumes/SeagateBackupPlusDrive/1stChoice/TNG/tiff/2014/10/1891870656.tif /Volumes/SeagateBackupPlusDrive/1stChoice/TNG/tiffCurrent/ATL/
10/17/2014
/Volumes/SeagateBackupPlusDrive/1stChoice/TNG/tiff/2014/10/1891881356.tif here
cp /Volumes/SeagateBackupPlusDrive/1stChoice/TNG/tiff/2014/10/1891881356.tif /Volumes/SeagateBackupPlusDrive/1stChoice/TNG/tiffCurrent/ATL/
10/17/2014
/Volumes/SeagateBackupPlusDrive/1stChoice/TNG/tiff/2014/10/1312733207.tif here
cp /Volumes/SeagateBackupPlusDrive/1stChoice/TNG/tiff/2014/10/1312733207.tif /Volumes/SeagateBackupPlusDrive/1stChoice/TNG/tiffCurrent/JAK/
10/17/2014
/Volumes/SeagateBackupPlusDrive/1stChoice/TNG/tiff/2014/10/1312045007.tif here
cp /Volumes/SeagateBackupPlusDrive/1stChoice/TNG/tiff/2014/10/1312045007.tif /Volumes/SeagateBackupPlusDrive/1stChoice/TNG/tiffCurrent/JAK/
10/17/2014
/Volumes/SeagateBackupPlusDrive/1stChoice/TNG/tiff/2014/10/1312045107.tif here
cp /Volumes/SeagateBackupPlusDrive/1stChoice/TNG/tiff/2014/10/1312045107.tif /Volumes/SeagateBackupPlusDrive/1stChoice/TNG/tiffCurrent/JAK/
10/17/2014
/Volumes/SeagateBackupPlusDrive/1stChoice/TNG/tiff/2014/10/1329924302.tif here
cp /Volumes/SeagateBackupPlusDrive/1stChoice/TNG/tiff/2014/10/1329924302.tif /Volumes/SeagateBackupPlusDrive/1stChoice/TNG/tiffCurrent/SAC/
10/17/2014
/Volumes/SeagateBackupPlusDrive/1stChoice/TNG/tiff/2014/10/1329386403.tif here
cp /Volumes/SeagateBackupPlusDrive/1stChoice/TNG/tiff/2014/10/1329386403.tif /Volumes/SeagateBackupPlusDrive/1stChoice/TNG/tiffCurrent/SAC/
10/17/2014
/Volumes/SeagateBackupPlusDrive/1stChoice/TNG/tiff/2014/10/1329386402.tif here
cp /Volumes/SeagateBackupPlusDrive/1stChoice/TNG/tiff/2014/10/1329386402.tif /Volumes/SeagateBackupPlusDrive/1stChoice/TNG/tiffCurrent/SAC/
10/17/2014
/Volumes/SeagateBackupPlusDrive/1stChoice/TNG/tiff/2014/10/1329924402.tif here
cp /Volumes/SeagateBackupPlusDrive/1stChoice/TNG/tiff/2014/10/1329924402.tif /Volumes/SeagateBackupPlusDrive/1stChoice/TNG/tiffCurrent/null/
10/17/2014
Caught: java.io.FileNotFoundException: /Volumes/SeagateBackupPlusDrive/1stChoice/TNG/tiffCurrent/404/Indexes.txt (No such file or directory)
java.io.FileNotFoundException: /Volumes/SeagateBackupPlusDrive/1stChoice/TNG/tiffCurrent/404/Indexes.txt (No such file or directory)
	at tif_generation$_run_closure5.doCall(tif_generation.groovy:346)
	at tif_generation.run(tif_generation.groovy:311)
8
10/09/2014
1311275007
Caught: java.lang.NullPointerException
java.lang.NullPointerException
	at org.xhtmlrenderer.layout.SharedContext.<init>(SharedContext.java:110)
	at org.xhtmlrenderer.pdf.ITextRenderer.<init>(ITextRenderer.java:111)
	at org.xhtmlrenderer.pdf.ITextRenderer.<init>(ITextRenderer.java:102)
	at tif_generation$_run_closure2.doCall(tif_generation.groovy:204)
	at tif_generation.run(tif_generation.groovy:179)
9
10/08/2014
1310865007
Caught: java.lang.NullPointerException
java.lang.NullPointerException
	at org.xhtmlrenderer.layout.SharedContext.<init>(SharedContext.java:110)
	at org.xhtmlrenderer.pdf.ITextRenderer.<init>(ITextRenderer.java:111)
	at org.xhtmlrenderer.pdf.ITextRenderer.<init>(ITextRenderer.java:102)
	at tif_generation$_run_closure2.doCall(tif_generation.groovy:204)
	at tif_generation.run(tif_generation.groovy:179)
10
10/07/2014

1311576807
Caught: java.lang.NullPointerException
java.lang.NullPointerException
	at org.xhtmlrenderer.layout.SharedContext.<init>(SharedContext.java:110)
	at org.xhtmlrenderer.pdf.ITextRenderer.<init>(ITextRenderer.java:111)
	at org.xhtmlrenderer.pdf.ITextRenderer.<init>(ITextRenderer.java:102)
	at tif_generation$_run_closure2.doCall(tif_generation.groovy:204)
	at tif_generation.run(tif_generation.groovy:179)
11
10/06/2014
1311566707
Caught: java.lang.NullPointerException
java.lang.NullPointerException
	at org.xhtmlrenderer.layout.SharedContext.<init>(SharedContext.java:110)
	at org.xhtmlrenderer.pdf.ITextRenderer.<init>(ITextRenderer.java:111)
	at org.xhtmlrenderer.pdf.ITextRenderer.<init>(ITextRenderer.java:102)
	at tif_generation$_run_closure2.doCall(tif_generation.groovy:204)
	at tif_generation.run(tif_generation.groovy:179)
12
10/05/2014
1149726003
Caught: java.lang.NullPointerException
java.lang.NullPointerException
	at org.xhtmlrenderer.layout.SharedContext.<init>(SharedContext.java:110)
	at org.xhtmlrenderer.pdf.ITextRenderer.<init>(ITextRenderer.java:111)
	at org.xhtmlrenderer.pdf.ITextRenderer.<init>(ITextRenderer.java:102)
	at tif_generation$_run_closure2.doCall(tif_generation.groovy:204)
	at tif_generation.run(tif_generation.groovy:179)
13
10/04/2014
1889804111
Caught: java.lang.NullPointerException
java.lang.NullPointerException
	at org.xhtmlrenderer.layout.SharedContext.<init>(SharedContext.java:110)
	at org.xhtmlrenderer.pdf.ITextRenderer.<init>(ITextRenderer.java:111)
	at org.xhtmlrenderer.pdf.ITextRenderer.<init>(ITextRenderer.java:102)
	at tif_generation$_run_closure2.doCall(tif_generation.groovy:204)
	at tif_generation.run(tif_generation.groovy:179)
