7
08/08/2014


Caught: java.io.FileNotFoundException: pdf/bad/1301853907.pdf (No such file or directory)
java.io.FileNotFoundException: pdf/bad/1301853907.pdf (No such file or directory)
	at tif_generation_MarkIII$_run_closure2.doCall(tif_generation_MarkIII.groovy:215)
	at tif_generation_MarkIII.run(tif_generation_MarkIII.groovy:192)
8
08/07/2014
---0%------20%------40%------60%------80%---9
08/06/2014
---0%------20%------40%------60%------80%---10
08/05/2014
11
08/04/2014
12
08/03/2014
13
08/02/2014
7
08/08/2014


Caught: java.io.FileNotFoundException: pdf/bad/1301853907.pdf (No such file or directory)
java.io.FileNotFoundException: pdf/bad/1301853907.pdf (No such file or directory)
	at tif_generation_MarkIII$_run_closure2.doCall(tif_generation_MarkIII.groovy:215)
	at tif_generation_MarkIII.run(tif_generation_MarkIII.groovy:192)
8
08/07/2014
---0%------20%------40%------60%------80%---9
08/06/2014
---0%------20%------40%------60%------80%---10
08/05/2014
11
08/04/2014
---0%------20%------40%------60%------80%------100%---12
08/03/2014
13
08/02/2014
7
08/08/2014


Caught: java.io.FileNotFoundException: pdf/bad/1301853907.pdf (No such file or directory)
java.io.FileNotFoundException: pdf/bad/1301853907.pdf (No such file or directory)
	at tif_generation_MarkIII$_run_closure2.doCall(tif_generation_MarkIII.groovy:215)
	at tif_generation_MarkIII.run(tif_generation_MarkIII.groovy:192)
8
08/07/2014
---0%------20%------40%------60%------80%---9
08/06/2014
10
08/05/2014
11
08/04/2014
12
08/03/2014
13
08/02/2014
