10
10/03/2014


Caught: java.io.FileNotFoundException: pdf/bad/1310724107.pdf (No such file or directory)
java.io.FileNotFoundException: pdf/bad/1310724107.pdf (No such file or directory)
	at tif_generation_MarkIII$_run_closure2.doCall(tif_generation_MarkIII.groovy:215)
	at tif_generation_MarkIII.run(tif_generation_MarkIII.groovy:192)
11
10/02/2014
---0%------20%------40%------60%------80%------100%---12
10/01/2014
---0%------20%------40%------60%------80%------100%---13
09/30/2014
---0%------20%------40%------60%------80%------100%---14
09/29/2014
---0%------20%------40%------60%------80%------100%---15
09/28/2014
16
09/27/2014
---0%------20%------40%------60%------80%------100%---17
09/26/2014
---0%------20%------40%------60%------80%---18
09/25/2014
---0%------20%------40%------60%------80%------100%---19
09/24/2014
---0%------20%------40%------60%------80%------100%---20
09/23/2014
---0%------20%------40%------60%------80%------100%---21
09/22/2014
---0%------20%------40%------60%------80%------100%---22
09/21/2014
23
09/20/2014
