7
05/16/2014
3304114110
1854064510
1854522610
1854050104
3304133704
1854523010
1854523410
1854524310
1854522710
1854523610
1854524610
1854522910
1854049404
3304133104
3304114010
1854524410
1854523710
1854064410
1854542010
1854568310
1854074010
3304117710
2943117010
1854050204
3304133804
1854047704
3304131804
1854042504
1854524510
1854523110
3304130104
1854523310
1854045504
1854047604
3304131704
1854050004
3304133604
1854047504
3304119310
1854073510
3304119410
1854073610
3304119510
1854073710
3304119610
1854073810
1854523510
1854523210
1854045404
1854047404
3304131604
1854520803
1854522810
1854004903
1854049904
3304133504
1854047304
1854042304
3304131504
1854067110
3304129904
1854047204
3304131404
1854486803
1854045104
1308835502
1854042204
1854067210
1854047104
3304129804
3304131304
1854049804
3304119210
1854073410
1854045004
1854005903
1854072010
1854071910
1854042104
3304130004
1854520703
1854045304
1854049704
1854047004
3304133404
3304131204
1854067010
3304129704
1854044804
1854046904
3304131104
1854520603
1854044604
1854042004
1854521003
3304128204
1854049604
1854041904
3304133304
1854523810
3304116210
1854070010
1854069710
3304129604
1854044304
3304131004
1854046804
1854046704
3304130904
1854069910
3304129404
1854044104
1854067310
1854046604
3304130804
1854068810
1854004703
1854066910
1854073910
3304129304
1854043904
1854041704
3304128104
1854046504
1854005103
3304130704
1854069810
1854520403
1854524210
1854043704
3304129204
3304118210
1854072210
1854046404
1854066710
1854520503
1308892002
1854041504
3304128004
1854043004
3304128704
1854046304
1854049504
3304133204
1854071810
1854046204
1854066510
3304130604
3304122103
1854006603
1854525103
3304115910
1854069510
3304119010
1854073110
1854524110
1854046104
3304130504
1308892502
1854043104
3304133004
1854049304
1854525303
1854041604
1854046004
1854005503
3304130404
3304121903
1854006403
1854069610
1854049204
1854520303
1854041404
1854005703
1308888802
1854045904
3304127404
1854045804
3304130304
1308891802
1308889002
1854005603
1854068710
3304119110
1854073210
3304122003
1854006503
1854045704
3304130204
1854072910
1308890802
3304118810
1854072810
3304115810
1854069410
1854071310
1308889102
3304117510
1854049104
3304116010
3304132904
3304115210
3304115110
1854005803
1854006303
3304118910
3304121803
1854068110
1854041204
1854071210
3304117410
3304127904
1854041804
3304127804
1854005403
3304118710
1854072710
1308892202
3304127704
1854049004
3304132804
1854073310
1854006703
1854071110
3304117310
1854066810
3304117810
1854071710
1854520203
1854062810
3304115710
1854069310
1854005203
1308889202
1308892302
1854071410
3304117610
1854045604
1308890602
1308889302
3304117110
1854070910
1854068010
3304121303
1854005303
1854071610
1854071510
3304129504
1854044204
1854043504
3304129004
3304127504
1854043604
3304129104
1308892602
3304136912
3304128904
1854042404
3304128804
3304128304
1854043204
3304115610
3304127604
1854069210
3304127304
1854041104
3304127204
1854042704
3304128404
3304135212
3304137212
3304137012
3304136812
3304136712
1853761012
1853759212
1853761512
1853761312
1853761212
1853761112
1853760912
1853760812
1853760412
1853760712
1308889402
1854005003
1854520103
1854514212
1854514312
1854514412
1854514912
1854515012
1854515112
1854515212
1854515312
1853792112
1854520003
1853743503
1854004403
1854610412
3304143012
1853792212
3304136412
3304123503
1854525203
1854041304
3304115510
1854069110
3304137912
3304137812
3304143112
1853767812
1853792012
1853791912
1853792412
1853792612
1854042904
1854525003
3304128604
1853792712
1853762312
1853793012
1853792912
3304115410
1854069010
1853742403
1853741303
3304122303
1854524010
1854070610
3304116810
1854003903
3304116510
3304116710
1854071010
1854003803
3304117210
1854070310
1854070510
1854524910
1854524810
1854524710
1308891702
1308891502
1854003603
1854070410
3304116610
3304116410
1854070210
1854003703
1854070710
3304116910
1308891402
3304143512
1854070110
3304116310
1854070810
3304117010
1854003403
1308892402
1854003303
1854003503
1854003203
3304133912
1853756012
1854527212
1854527412
1854527312
1854527012
3304143812
1854527112
1854527512
1853741603
1308890502
1308890902
1853793412
1853793212
1853793512
1853793612
1308892102
1308890702
1308891202
1308891302
1308891602
1308890402
1308890202
1308890002
1308889902
1308889802
1308888902
1308882802
1308882702
---0% --------20% --------40% --------60% --------80% --------100% -----cp tiff/2014/05/3304114110.tif tiffCurrent/ATL/
05/23/2014
cp tiff/2014/05/1854064510.tif tiffCurrent/ATL/
05/23/2014
cp tiff/2014/05/1854522610.tif tiffCurrent/ATL/
05/23/2014
cp tiff/2014/05/1854050104.tif tiffCurrent/ATL/
05/23/2014
cp tiff/2014/05/3304133704.tif tiffCurrent/ATL/
05/23/2014
cp tiff/2014/05/1854523010.tif tiffCurrent/ATL/
05/23/2014
cp tiff/2014/05/1854523410.tif tiffCurrent/ATL/
05/23/2014
cp tiff/2014/05/1854524310.tif tiffCurrent/ATL/
05/23/2014
cp tiff/2014/05/1854522710.tif tiffCurrent/ATL/
05/23/2014
cp tiff/2014/05/1854523610.tif tiffCurrent/ATL/
05/23/2014
cp tiff/2014/05/1854524610.tif tiffCurrent/ATL/
05/23/2014
cp tiff/2014/05/1854522910.tif tiffCurrent/ATL/
05/23/2014
cp tiff/2014/05/1854049404.tif tiffCurrent/ATL/
05/23/2014
cp tiff/2014/05/3304133104.tif tiffCurrent/ATL/
05/23/2014
cp tiff/2014/05/3304114010.tif tiffCurrent/ATL/
05/23/2014
cp tiff/2014/05/1854524410.tif tiffCurrent/ATL/
05/23/2014
cp tiff/2014/05/1854523710.tif tiffCurrent/ATL/
05/23/2014
cp tiff/2014/05/1854064410.tif tiffCurrent/ATL/
05/23/2014
cp tiff/2014/05/1854542010.tif tiffCurrent/ATL/
05/23/2014
cp tiff/2014/05/1854568310.tif tiffCurrent/ATL/
05/23/2014
cp tiff/2014/05/1854074010.tif tiffCurrent/ATL/
05/23/2014
cp tiff/2014/05/3304117710.tif tiffCurrent/ATL/
05/23/2014
cp tiff/2014/05/2943117010.tif tiffCurrent/ATL/
05/23/2014
cp tiff/2014/05/1854050204.tif tiffCurrent/ATL/
05/23/2014
cp tiff/2014/05/3304133804.tif tiffCurrent/ATL/
05/23/2014
cp tiff/2014/05/1854047704.tif tiffCurrent/ATL/
05/23/2014
cp tiff/2014/05/3304131804.tif tiffCurrent/ATL/
05/23/2014
cp tiff/2014/05/1854042504.tif tiffCurrent/ATL/
05/23/2014
cp tiff/2014/05/1854524510.tif tiffCurrent/ATL/
05/23/2014
cp tiff/2014/05/1854523110.tif tiffCurrent/ATL/
05/23/2014
cp tiff/2014/05/3304130104.tif tiffCurrent/ATL/
05/23/2014
cp tiff/2014/05/1854523310.tif tiffCurrent/ATL/
05/23/2014
cp tiff/2014/05/1854045504.tif tiffCurrent/ATL/
05/23/2014
cp tiff/2014/05/1854047604.tif tiffCurrent/ATL/
05/23/2014
cp tiff/2014/05/3304131704.tif tiffCurrent/ATL/
05/23/2014
cp tiff/2014/05/1854050004.tif tiffCurrent/ATL/
05/23/2014
cp tiff/2014/05/3304133604.tif tiffCurrent/ATL/
05/23/2014
cp tiff/2014/05/1854047504.tif tiffCurrent/ATL/
05/23/2014
cp tiff/2014/05/3304119310.tif tiffCurrent/ATL/
05/23/2014
cp tiff/2014/05/1854073510.tif tiffCurrent/ATL/
05/23/2014
cp tiff/2014/05/3304119410.tif tiffCurrent/ATL/
05/23/2014
cp tiff/2014/05/1854073610.tif tiffCurrent/ATL/
05/23/2014
cp tiff/2014/05/3304119510.tif tiffCurrent/ATL/
05/23/2014
cp tiff/2014/05/1854073710.tif tiffCurrent/ATL/
05/23/2014
cp tiff/2014/05/3304119610.tif tiffCurrent/ATL/
05/23/2014
cp tiff/2014/05/1854073810.tif tiffCurrent/ATL/
05/23/2014
cp tiff/2014/05/1854523510.tif tiffCurrent/ATL/
05/23/2014
cp tiff/2014/05/1854523210.tif tiffCurrent/ATL/
05/23/2014
cp tiff/2014/05/1854045404.tif tiffCurrent/ATL/
05/23/2014
cp tiff/2014/05/1854047404.tif tiffCurrent/ATL/
05/23/2014
cp tiff/2014/05/3304131604.tif tiffCurrent/ATL/
05/23/2014
cp tiff/2014/05/1854520803.tif tiffCurrent/ATL/
05/23/2014
cp tiff/2014/05/1854522810.tif tiffCurrent/ATL/
05/23/2014
cp tiff/2014/05/1854004903.tif tiffCurrent/ATL/
05/23/2014
cp tiff/2014/05/1854049904.tif tiffCurrent/ATL/
05/23/2014
cp tiff/2014/05/3304133504.tif tiffCurrent/ATL/
05/23/2014
cp tiff/2014/05/1854047304.tif tiffCurrent/ATL/
05/23/2014
cp tiff/2014/05/1854042304.tif tiffCurrent/ATL/
05/23/2014
cp tiff/2014/05/3304131504.tif tiffCurrent/ATL/
05/23/2014
cp tiff/2014/05/1854067110.tif tiffCurrent/ATL/
05/23/2014
cp tiff/2014/05/3304129904.tif tiffCurrent/ATL/
05/23/2014
cp tiff/2014/05/1854047204.tif tiffCurrent/ATL/
05/23/2014
cp tiff/2014/05/3304131404.tif tiffCurrent/ATL/
05/23/2014
cp tiff/2014/05/1854486803.tif tiffCurrent/ATL/
05/23/2014
cp tiff/2014/05/1854045104.tif tiffCurrent/ATL/
05/23/2014
cp tiff/2014/05/1308835502.tif tiffCurrent/SAC/
05/23/2014
cp tiff/2014/05/1854042204.tif tiffCurrent/ATL/
05/23/2014
cp tiff/2014/05/1854067210.tif tiffCurrent/ATL/
05/23/2014
cp tiff/2014/05/1854047104.tif tiffCurrent/ATL/
05/23/2014
cp tiff/2014/05/3304129804.tif tiffCurrent/ATL/
05/23/2014
cp tiff/2014/05/3304131304.tif tiffCurrent/ATL/
05/23/2014
cp tiff/2014/05/1854049804.tif tiffCurrent/ATL/
05/23/2014
cp tiff/2014/05/3304119210.tif tiffCurrent/ATL/
05/23/2014
cp tiff/2014/05/1854073410.tif tiffCurrent/ATL/
05/23/2014
cp tiff/2014/05/1854045004.tif tiffCurrent/ATL/
05/23/2014
cp tiff/2014/05/1854005903.tif tiffCurrent/ATL/
05/23/2014
cp tiff/2014/05/1854072010.tif tiffCurrent/ATL/
05/23/2014
cp tiff/2014/05/1854071910.tif tiffCurrent/ATL/
05/23/2014
cp tiff/2014/05/1854042104.tif tiffCurrent/ATL/
05/23/2014
cp tiff/2014/05/3304130004.tif tiffCurrent/ATL/
05/23/2014
cp tiff/2014/05/1854520703.tif tiffCurrent/ATL/
05/23/2014
cp tiff/2014/05/1854045304.tif tiffCurrent/ATL/
05/23/2014
cp tiff/2014/05/1854049704.tif tiffCurrent/ATL/
05/23/2014
cp tiff/2014/05/1854047004.tif tiffCurrent/ATL/
05/23/2014
cp tiff/2014/05/3304133404.tif tiffCurrent/ATL/
05/23/2014
cp tiff/2014/05/3304131204.tif tiffCurrent/ATL/
05/23/2014
cp tiff/2014/05/1854067010.tif tiffCurrent/ATL/
05/23/2014
cp tiff/2014/05/3304129704.tif tiffCurrent/ATL/
05/23/2014
cp tiff/2014/05/1854044804.tif tiffCurrent/ATL/
05/23/2014
cp tiff/2014/05/1854046904.tif tiffCurrent/ATL/
05/23/2014
cp tiff/2014/05/3304131104.tif tiffCurrent/ATL/
05/23/2014
cp tiff/2014/05/1854520603.tif tiffCurrent/ATL/
05/23/2014
cp tiff/2014/05/1854044604.tif tiffCurrent/ATL/
05/23/2014
cp tiff/2014/05/1854042004.tif tiffCurrent/ATL/
05/23/2014
cp tiff/2014/05/1854521003.tif tiffCurrent/ATL/
05/23/2014
cp tiff/2014/05/3304128204.tif tiffCurrent/ATL/
05/23/2014
cp tiff/2014/05/1854049604.tif tiffCurrent/ATL/
05/23/2014
cp tiff/2014/05/1854041904.tif tiffCurrent/ATL/
05/23/2014
cp tiff/2014/05/3304133304.tif tiffCurrent/ATL/
05/23/2014
cp tiff/2014/05/1854523810.tif tiffCurrent/ATL/
05/23/2014
cp tiff/2014/05/3304116210.tif tiffCurrent/ATL/
05/23/2014
cp tiff/2014/05/1854070010.tif tiffCurrent/ATL/
05/23/2014
cp tiff/2014/05/1854069710.tif tiffCurrent/ATL/
05/23/2014
cp tiff/2014/05/3304129604.tif tiffCurrent/ATL/
05/23/2014
cp tiff/2014/05/1854044304.tif tiffCurrent/ATL/
05/23/2014
cp tiff/2014/05/3304131004.tif tiffCurrent/ATL/
05/23/2014
cp tiff/2014/05/1854046804.tif tiffCurrent/ATL/
05/23/2014
cp tiff/2014/05/1854046704.tif tiffCurrent/ATL/
05/23/2014
cp tiff/2014/05/3304130904.tif tiffCurrent/ATL/
05/23/2014
cp tiff/2014/05/1854069910.tif tiffCurrent/ATL/
05/23/2014
cp tiff/2014/05/3304129404.tif tiffCurrent/ATL/
05/23/2014
cp tiff/2014/05/1854044104.tif tiffCurrent/ATL/
05/23/2014
cp tiff/2014/05/1854067310.tif tiffCurrent/ATL/
05/23/2014
cp tiff/2014/05/1854046604.tif tiffCurrent/ATL/
05/23/2014
cp tiff/2014/05/3304130804.tif tiffCurrent/ATL/
05/23/2014
cp tiff/2014/05/1854068810.tif tiffCurrent/ATL/
05/23/2014
cp tiff/2014/05/1854004703.tif tiffCurrent/ATL/
05/23/2014
cp tiff/2014/05/1854066910.tif tiffCurrent/ATL/
05/23/2014
cp tiff/2014/05/1854073910.tif tiffCurrent/ATL/
05/23/2014
cp tiff/2014/05/3304129304.tif tiffCurrent/ATL/
05/23/2014
cp tiff/2014/05/1854043904.tif tiffCurrent/ATL/
05/23/2014
cp tiff/2014/05/1854041704.tif tiffCurrent/ATL/
05/23/2014
cp tiff/2014/05/3304128104.tif tiffCurrent/ATL/
05/23/2014
cp tiff/2014/05/1854046504.tif tiffCurrent/ATL/
05/23/2014
cp tiff/2014/05/1854005103.tif tiffCurrent/ATL/
05/23/2014
cp tiff/2014/05/3304130704.tif tiffCurrent/ATL/
05/23/2014
cp tiff/2014/05/1854069810.tif tiffCurrent/ATL/
05/23/2014
cp tiff/2014/05/1854520403.tif tiffCurrent/ATL/
05/23/2014
cp tiff/2014/05/1854524210.tif tiffCurrent/ATL/
05/23/2014
cp tiff/2014/05/1854043704.tif tiffCurrent/ATL/
05/23/2014
cp tiff/2014/05/3304129204.tif tiffCurrent/ATL/
05/23/2014
cp tiff/2014/05/3304118210.tif tiffCurrent/ATL/
05/23/2014
cp tiff/2014/05/1854072210.tif tiffCurrent/ATL/
05/23/2014
cp tiff/2014/05/1854046404.tif tiffCurrent/ATL/
05/23/2014
cp tiff/2014/05/1854066710.tif tiffCurrent/ATL/
05/23/2014
cp tiff/2014/05/1854520503.tif tiffCurrent/ATL/
05/23/2014
cp tiff/2014/05/1308892002.tif tiffCurrent/SAC/
05/23/2014
cp tiff/2014/05/1854041504.tif tiffCurrent/ATL/
05/23/2014
cp tiff/2014/05/3304128004.tif tiffCurrent/ATL/
05/23/2014
cp tiff/2014/05/1854043004.tif tiffCurrent/ATL/
05/23/2014
cp tiff/2014/05/3304128704.tif tiffCurrent/ATL/
05/23/2014
cp tiff/2014/05/1854046304.tif tiffCurrent/ATL/
05/23/2014
cp tiff/2014/05/1854049504.tif tiffCurrent/ATL/
05/23/2014
cp tiff/2014/05/3304133204.tif tiffCurrent/ATL/
05/23/2014
cp tiff/2014/05/1854071810.tif tiffCurrent/ATL/
05/23/2014
cp tiff/2014/05/1854046204.tif tiffCurrent/ATL/
05/23/2014
cp tiff/2014/05/1854066510.tif tiffCurrent/ATL/
05/23/2014
cp tiff/2014/05/3304130604.tif tiffCurrent/ATL/
05/23/2014
cp tiff/2014/05/3304122103.tif tiffCurrent/ATL/
05/23/2014
cp tiff/2014/05/1854006603.tif tiffCurrent/ATL/
05/23/2014
cp tiff/2014/05/1854525103.tif tiffCurrent/ATL/
05/23/2014
cp tiff/2014/05/3304115910.tif tiffCurrent/ATL/
05/23/2014
cp tiff/2014/05/1854069510.tif tiffCurrent/ATL/
05/23/2014
cp tiff/2014/05/3304119010.tif tiffCurrent/ATL/
05/23/2014
cp tiff/2014/05/1854073110.tif tiffCurrent/ATL/
05/23/2014
cp tiff/2014/05/1854524110.tif tiffCurrent/ATL/
05/23/2014
cp tiff/2014/05/1854046104.tif tiffCurrent/ATL/
05/23/2014
cp tiff/2014/05/3304130504.tif tiffCurrent/ATL/
05/23/2014
cp tiff/2014/05/1308892502.tif tiffCurrent/SAC/
05/23/2014
cp tiff/2014/05/1854043104.tif tiffCurrent/ATL/
05/23/2014
cp tiff/2014/05/3304133004.tif tiffCurrent/ATL/
05/23/2014
cp tiff/2014/05/1854049304.tif tiffCurrent/ATL/
05/23/2014
cp tiff/2014/05/1854525303.tif tiffCurrent/ATL/
05/23/2014
cp tiff/2014/05/1854041604.tif tiffCurrent/ATL/
05/23/2014
cp tiff/2014/05/1854046004.tif tiffCurrent/ATL/
05/23/2014
cp tiff/2014/05/1854005503.tif tiffCurrent/ATL/
05/23/2014
cp tiff/2014/05/3304130404.tif tiffCurrent/ATL/
05/23/2014
cp tiff/2014/05/3304121903.tif tiffCurrent/ATL/
05/23/2014
cp tiff/2014/05/1854006403.tif tiffCurrent/ATL/
05/23/2014
cp tiff/2014/05/1854069610.tif tiffCurrent/ATL/
05/23/2014
cp tiff/2014/05/1854049204.tif tiffCurrent/ATL/
05/23/2014
cp tiff/2014/05/1854520303.tif tiffCurrent/ATL/
05/23/2014
cp tiff/2014/05/1854041404.tif tiffCurrent/ATL/
05/23/2014
cp tiff/2014/05/1854005703.tif tiffCurrent/ATL/
05/23/2014
cp tiff/2014/05/1308888802.tif tiffCurrent/SAC/
05/23/2014
cp tiff/2014/05/1854045904.tif tiffCurrent/ATL/
05/23/2014
cp tiff/2014/05/3304127404.tif tiffCurrent/ATL/
05/23/2014
cp tiff/2014/05/1854045804.tif tiffCurrent/ATL/
05/23/2014
cp tiff/2014/05/3304130304.tif tiffCurrent/ATL/
05/23/2014
cp tiff/2014/05/1308891802.tif tiffCurrent/SAC/
05/23/2014
cp tiff/2014/05/1308889002.tif tiffCurrent/SAC/
05/23/2014
cp tiff/2014/05/1854005603.tif tiffCurrent/ATL/
05/23/2014
cp tiff/2014/05/1854068710.tif tiffCurrent/ATL/
05/23/2014
cp tiff/2014/05/3304119110.tif tiffCurrent/ATL/
05/23/2014
cp tiff/2014/05/1854073210.tif tiffCurrent/ATL/
05/23/2014
cp tiff/2014/05/3304122003.tif tiffCurrent/ATL/
05/23/2014
cp tiff/2014/05/1854006503.tif tiffCurrent/ATL/
05/23/2014
cp tiff/2014/05/1854045704.tif tiffCurrent/ATL/
05/23/2014
cp tiff/2014/05/3304130204.tif tiffCurrent/ATL/
05/23/2014
cp tiff/2014/05/1854072910.tif tiffCurrent/ATL/
05/23/2014
cp tiff/2014/05/1308890802.tif tiffCurrent/SAC/
05/23/2014
cp tiff/2014/05/3304118810.tif tiffCurrent/ATL/
05/23/2014
cp tiff/2014/05/1854072810.tif tiffCurrent/ATL/
05/23/2014
cp tiff/2014/05/3304115810.tif tiffCurrent/ATL/
05/23/2014
cp tiff/2014/05/1854069410.tif tiffCurrent/ATL/
05/23/2014
cp tiff/2014/05/1854071310.tif tiffCurrent/ATL/
05/23/2014
cp tiff/2014/05/1308889102.tif tiffCurrent/SAC/
05/23/2014
cp tiff/2014/05/3304117510.tif tiffCurrent/ATL/
05/23/2014
cp tiff/2014/05/1854049104.tif tiffCurrent/ATL/
05/23/2014
cp tiff/2014/05/3304116010.tif tiffCurrent/ATL/
05/23/2014
cp tiff/2014/05/3304132904.tif tiffCurrent/ATL/
05/23/2014
cp tiff/2014/05/3304115210.tif tiffCurrent/ATL/
05/23/2014
cp tiff/2014/05/3304115110.tif tiffCurrent/ATL/
05/23/2014
cp tiff/2014/05/1854005803.tif tiffCurrent/ATL/
05/23/2014
cp tiff/2014/05/1854006303.tif tiffCurrent/ATL/
05/23/2014
cp tiff/2014/05/3304118910.tif tiffCurrent/ATL/
05/23/2014
cp tiff/2014/05/3304121803.tif tiffCurrent/ATL/
05/23/2014
cp tiff/2014/05/1854068110.tif tiffCurrent/ATL/
05/23/2014
cp tiff/2014/05/1854041204.tif tiffCurrent/ATL/
05/23/2014
cp tiff/2014/05/1854071210.tif tiffCurrent/ATL/
05/23/2014
cp tiff/2014/05/3304117410.tif tiffCurrent/ATL/
05/23/2014
cp tiff/2014/05/3304127904.tif tiffCurrent/ATL/
05/23/2014
cp tiff/2014/05/1854041804.tif tiffCurrent/ATL/
05/23/2014
cp tiff/2014/05/3304127804.tif tiffCurrent/ATL/
05/23/2014
cp tiff/2014/05/1854005403.tif tiffCurrent/ATL/
05/23/2014
cp tiff/2014/05/3304118710.tif tiffCurrent/ATL/
05/23/2014
cp tiff/2014/05/1854072710.tif tiffCurrent/ATL/
05/23/2014
cp tiff/2014/05/1308892202.tif tiffCurrent/SAC/
05/23/2014
cp tiff/2014/05/3304127704.tif tiffCurrent/ATL/
05/23/2014
cp tiff/2014/05/1854049004.tif tiffCurrent/ATL/
05/23/2014
cp tiff/2014/05/3304132804.tif tiffCurrent/ATL/
05/23/2014
cp tiff/2014/05/1854073310.tif tiffCurrent/ATL/
05/23/2014
cp tiff/2014/05/1854006703.tif tiffCurrent/ATL/
05/23/2014
cp tiff/2014/05/1854071110.tif tiffCurrent/ATL/
05/23/2014
cp tiff/2014/05/3304117310.tif tiffCurrent/ATL/
05/23/2014
cp tiff/2014/05/1854066810.tif tiffCurrent/ATL/
05/23/2014
cp tiff/2014/05/3304117810.tif tiffCurrent/ATL/
05/23/2014
cp tiff/2014/05/1854071710.tif tiffCurrent/ATL/
05/23/2014
cp tiff/2014/05/1854520203.tif tiffCurrent/ATL/
05/23/2014
cp tiff/2014/05/1854062810.tif tiffCurrent/ATL/
05/23/2014
cp tiff/2014/05/3304115710.tif tiffCurrent/ATL/
05/23/2014
cp tiff/2014/05/1854069310.tif tiffCurrent/ATL/
05/23/2014
cp tiff/2014/05/1854005203.tif tiffCurrent/ATL/
05/23/2014
cp tiff/2014/05/1308889202.tif tiffCurrent/SAC/
05/23/2014
cp tiff/2014/05/1308892302.tif tiffCurrent/SAC/
05/23/2014
cp tiff/2014/05/1854071410.tif tiffCurrent/ATL/
05/23/2014
cp tiff/2014/05/3304117610.tif tiffCurrent/ATL/
05/23/2014
cp tiff/2014/05/1854045604.tif tiffCurrent/ATL/
05/23/2014
cp tiff/2014/05/1308890602.tif tiffCurrent/SAC/
05/23/2014
cp tiff/2014/05/1308889302.tif tiffCurrent/SAC/
05/23/2014
cp tiff/2014/05/3304117110.tif tiffCurrent/ATL/
05/23/2014
cp tiff/2014/05/1854070910.tif tiffCurrent/ATL/
05/23/2014
cp tiff/2014/05/1854068010.tif tiffCurrent/ATL/
05/23/2014
cp tiff/2014/05/3304121303.tif tiffCurrent/ATL/
05/23/2014
cp tiff/2014/05/1854005303.tif tiffCurrent/ATL/
05/23/2014
cp tiff/2014/05/1854071610.tif tiffCurrent/ATL/
05/23/2014
cp tiff/2014/05/1854071510.tif tiffCurrent/ATL/
05/23/2014
cp tiff/2014/05/3304129504.tif tiffCurrent/ATL/
05/23/2014
cp tiff/2014/05/1854044204.tif tiffCurrent/ATL/
05/23/2014
cp tiff/2014/05/1854043504.tif tiffCurrent/ATL/
05/23/2014
cp tiff/2014/05/3304129004.tif tiffCurrent/ATL/
05/23/2014
cp tiff/2014/05/3304127504.tif tiffCurrent/ATL/
05/23/2014
cp tiff/2014/05/1854043604.tif tiffCurrent/ATL/
05/23/2014
cp tiff/2014/05/3304129104.tif tiffCurrent/ATL/
05/23/2014
cp tiff/2014/05/1308892602.tif tiffCurrent/SAC/
05/23/2014
cp tiff/2014/05/3304136912.tif tiffCurrent/ATL/
05/23/2014
cp tiff/2014/05/3304128904.tif tiffCurrent/ATL/
05/23/2014
cp tiff/2014/05/1854042404.tif tiffCurrent/ATL/
05/23/2014
cp tiff/2014/05/3304128804.tif tiffCurrent/ATL/
05/23/2014
cp tiff/2014/05/3304128304.tif tiffCurrent/ATL/
05/23/2014
cp tiff/2014/05/1854043204.tif tiffCurrent/ATL/
05/23/2014
cp tiff/2014/05/3304115610.tif tiffCurrent/ATL/
05/23/2014
cp tiff/2014/05/3304127604.tif tiffCurrent/ATL/
05/23/2014
cp tiff/2014/05/1854069210.tif tiffCurrent/ATL/
05/23/2014
cp tiff/2014/05/3304127304.tif tiffCurrent/ATL/
05/23/2014
cp tiff/2014/05/1854041104.tif tiffCurrent/ATL/
05/23/2014
cp tiff/2014/05/3304127204.tif tiffCurrent/ATL/
05/23/2014
cp tiff/2014/05/1854042704.tif tiffCurrent/ATL/
05/23/2014
cp tiff/2014/05/3304128404.tif tiffCurrent/ATL/
05/23/2014
cp tiff/2014/05/3304135212.tif tiffCurrent/ATL/
05/23/2014
cp tiff/2014/05/3304137212.tif tiffCurrent/ATL/
05/23/2014
cp tiff/2014/05/3304137012.tif tiffCurrent/ATL/
05/23/2014
cp tiff/2014/05/3304136812.tif tiffCurrent/ATL/
05/23/2014
cp tiff/2014/05/3304136712.tif tiffCurrent/ATL/
05/23/2014
cp tiff/2014/05/1853761012.tif tiffCurrent/ATL/
05/23/2014
cp tiff/2014/05/1853759212.tif tiffCurrent/ATL/
05/23/2014
cp tiff/2014/05/1853761512.tif tiffCurrent/ATL/
05/23/2014
cp tiff/2014/05/1853761312.tif tiffCurrent/ATL/
05/23/2014
cp tiff/2014/05/1853761212.tif tiffCurrent/ATL/
05/23/2014
cp tiff/2014/05/1853761112.tif tiffCurrent/ATL/
05/23/2014
cp tiff/2014/05/1853760912.tif tiffCurrent/ATL/
05/23/2014
cp tiff/2014/05/1853760812.tif tiffCurrent/ATL/
05/23/2014
cp tiff/2014/05/1853760412.tif tiffCurrent/ATL/
05/23/2014
cp tiff/2014/05/1853760712.tif tiffCurrent/ATL/
05/23/2014
cp tiff/2014/05/1308889402.tif tiffCurrent/SAC/
05/23/2014
cp tiff/2014/05/1854005003.tif tiffCurrent/ATL/
05/23/2014
cp tiff/2014/05/1854520103.tif tiffCurrent/ATL/
05/23/2014
cp tiff/2014/05/1854514212.tif tiffCurrent/ATL/
05/23/2014
cp tiff/2014/05/1854514312.tif tiffCurrent/ATL/
05/23/2014
cp tiff/2014/05/1854514412.tif tiffCurrent/ATL/
05/23/2014
cp tiff/2014/05/1854514912.tif tiffCurrent/ATL/
05/23/2014
cp tiff/2014/05/1854515012.tif tiffCurrent/ATL/
05/23/2014
cp tiff/2014/05/1854515112.tif tiffCurrent/ATL/
05/23/2014
cp tiff/2014/05/1854515212.tif tiffCurrent/ATL/
05/23/2014
cp tiff/2014/05/1854515312.tif tiffCurrent/ATL/
05/23/2014
cp tiff/2014/05/1853792112.tif tiffCurrent/ATL/
05/23/2014
cp tiff/2014/05/1854520003.tif tiffCurrent/ATL/
05/23/2014
cp tiff/2014/05/1853743503.tif tiffCurrent/ATL/
05/23/2014
cp tiff/2014/05/1854004403.tif tiffCurrent/ATL/
05/23/2014
cp tiff/2014/05/1854610412.tif tiffCurrent/ATL/
05/23/2014
cp tiff/2014/05/3304143012.tif tiffCurrent/ATL/
05/23/2014
cp tiff/2014/05/1853792212.tif tiffCurrent/ATL/
05/23/2014
cp tiff/2014/05/3304136412.tif tiffCurrent/ATL/
05/23/2014
cp tiff/2014/05/3304123503.tif tiffCurrent/ATL/
05/23/2014
cp tiff/2014/05/1854525203.tif tiffCurrent/ATL/
05/23/2014
cp tiff/2014/05/1854041304.tif tiffCurrent/ATL/
05/23/2014
cp tiff/2014/05/3304115510.tif tiffCurrent/ATL/
05/23/2014
cp tiff/2014/05/1854069110.tif tiffCurrent/ATL/
05/23/2014
cp tiff/2014/05/3304137912.tif tiffCurrent/ATL/
05/23/2014
cp tiff/2014/05/3304137812.tif tiffCurrent/ATL/
05/23/2014
cp tiff/2014/05/3304143112.tif tiffCurrent/ATL/
05/23/2014
cp tiff/2014/05/1853767812.tif tiffCurrent/ATL/
05/23/2014
cp tiff/2014/05/1853792012.tif tiffCurrent/ATL/
05/23/2014
cp tiff/2014/05/1853791912.tif tiffCurrent/ATL/
05/23/2014
cp tiff/2014/05/1853792412.tif tiffCurrent/ATL/
05/23/2014
cp tiff/2014/05/1853792612.tif tiffCurrent/ATL/
05/23/2014
cp tiff/2014/05/1854042904.tif tiffCurrent/ATL/
05/23/2014
cp tiff/2014/05/1854525003.tif tiffCurrent/ATL/
05/23/2014
cp tiff/2014/05/3304128604.tif tiffCurrent/ATL/
05/23/2014
cp tiff/2014/05/1853792712.tif tiffCurrent/ATL/
05/23/2014
cp tiff/2014/05/1853762312.tif tiffCurrent/ATL/
05/23/2014
cp tiff/2014/05/1853793012.tif tiffCurrent/ATL/
05/23/2014
cp tiff/2014/05/1853792912.tif tiffCurrent/ATL/
05/23/2014
cp tiff/2014/05/3304115410.tif tiffCurrent/ATL/
05/23/2014
cp tiff/2014/05/1854069010.tif tiffCurrent/ATL/
05/23/2014
cp tiff/2014/05/1853742403.tif tiffCurrent/ATL/
05/23/2014
cp tiff/2014/05/1853741303.tif tiffCurrent/ATL/
05/23/2014
cp tiff/2014/05/3304122303.tif tiffCurrent/ATL/
05/23/2014
cp tiff/2014/05/1854524010.tif tiffCurrent/ATL/
05/23/2014
cp tiff/2014/05/1854070610.tif tiffCurrent/ATL/
05/23/2014
cp tiff/2014/05/3304116810.tif tiffCurrent/ATL/
05/23/2014
cp tiff/2014/05/1854003903.tif tiffCurrent/ATL/
05/23/2014
cp tiff/2014/05/3304116510.tif tiffCurrent/ATL/
05/23/2014
cp tiff/2014/05/3304116710.tif tiffCurrent/ATL/
05/23/2014
cp tiff/2014/05/1854071010.tif tiffCurrent/ATL/
05/23/2014
cp tiff/2014/05/1854003803.tif tiffCurrent/ATL/
05/23/2014
cp tiff/2014/05/3304117210.tif tiffCurrent/ATL/
05/23/2014
cp tiff/2014/05/1854070310.tif tiffCurrent/ATL/
05/23/2014
cp tiff/2014/05/1854070510.tif tiffCurrent/ATL/
05/23/2014
cp tiff/2014/05/1854524910.tif tiffCurrent/ATL/
05/23/2014
cp tiff/2014/05/1854524810.tif tiffCurrent/ATL/
05/23/2014
cp tiff/2014/05/1854524710.tif tiffCurrent/ATL/
05/23/2014
cp tiff/2014/05/1308891702.tif tiffCurrent/SAC/
05/23/2014
cp tiff/2014/05/1308891502.tif tiffCurrent/SAC/
05/23/2014
cp tiff/2014/05/1854003603.tif tiffCurrent/ATL/
05/23/2014
cp tiff/2014/05/1854070410.tif tiffCurrent/ATL/
05/23/2014
cp tiff/2014/05/3304116610.tif tiffCurrent/ATL/
05/23/2014
cp tiff/2014/05/3304116410.tif tiffCurrent/ATL/
05/23/2014
cp tiff/2014/05/1854070210.tif tiffCurrent/ATL/
05/23/2014
cp tiff/2014/05/1854003703.tif tiffCurrent/ATL/
05/23/2014
cp tiff/2014/05/1854070710.tif tiffCurrent/ATL/
05/23/2014
cp tiff/2014/05/3304116910.tif tiffCurrent/ATL/
05/23/2014
cp tiff/2014/05/1308891402.tif tiffCurrent/SAC/
05/23/2014
cp tiff/2014/05/3304143512.tif tiffCurrent/ATL/
05/23/2014
cp tiff/2014/05/1854070110.tif tiffCurrent/ATL/
05/23/2014
cp tiff/2014/05/3304116310.tif tiffCurrent/ATL/
05/23/2014
cp tiff/2014/05/1854070810.tif tiffCurrent/ATL/
05/23/2014
cp tiff/2014/05/3304117010.tif tiffCurrent/ATL/
05/23/2014
cp tiff/2014/05/1854003403.tif tiffCurrent/ATL/
05/23/2014
cp tiff/2014/05/1308892402.tif tiffCurrent/SAC/
05/23/2014
cp tiff/2014/05/1854003303.tif tiffCurrent/ATL/
05/23/2014
cp tiff/2014/05/1854003503.tif tiffCurrent/ATL/
05/23/2014
cp tiff/2014/05/1854003203.tif tiffCurrent/ATL/
05/23/2014
cp tiff/2014/05/3304133912.tif tiffCurrent/ATL/
05/23/2014
cp tiff/2014/05/1853756012.tif tiffCurrent/ATL/
05/23/2014
cp tiff/2014/05/1854527212.tif tiffCurrent/ATL/
05/23/2014
cp tiff/2014/05/1854527412.tif tiffCurrent/ATL/
05/23/2014
cp tiff/2014/05/1854527312.tif tiffCurrent/ATL/
05/23/2014
cp tiff/2014/05/1854527012.tif tiffCurrent/ATL/
05/23/2014
cp tiff/2014/05/3304143812.tif tiffCurrent/ATL/
05/23/2014
cp tiff/2014/05/1854527112.tif tiffCurrent/ATL/
05/23/2014
cp tiff/2014/05/1854527512.tif tiffCurrent/ATL/
05/23/2014
cp tiff/2014/05/1853741603.tif tiffCurrent/ATL/
05/23/2014
cp tiff/2014/05/1308890502.tif tiffCurrent/SAC/
05/23/2014
cp tiff/2014/05/1308890902.tif tiffCurrent/SAC/
05/23/2014
cp tiff/2014/05/1853793412.tif tiffCurrent/ATL/
05/23/2014
cp tiff/2014/05/1853793212.tif tiffCurrent/ATL/
05/23/2014
cp tiff/2014/05/1853793512.tif tiffCurrent/ATL/
05/23/2014
cp tiff/2014/05/1853793612.tif tiffCurrent/ATL/
05/23/2014
cp tiff/2014/05/1308892102.tif tiffCurrent/SAC/
05/23/2014
cp tiff/2014/05/1308890702.tif tiffCurrent/SAC/
05/23/2014
cp tiff/2014/05/1308891202.tif tiffCurrent/SAC/
05/23/2014
cp tiff/2014/05/1308891302.tif tiffCurrent/SAC/
05/23/2014
cp tiff/2014/05/1308891602.tif tiffCurrent/SAC/
05/23/2014
cp tiff/2014/05/1308890402.tif tiffCurrent/SAC/
05/23/2014
cp tiff/2014/05/1308890202.tif tiffCurrent/SAC/
05/23/2014
cp tiff/2014/05/1308890002.tif tiffCurrent/SAC/
05/23/2014
cp tiff/2014/05/1308889902.tif tiffCurrent/SAC/
05/23/2014
cp tiff/2014/05/1308889802.tif tiffCurrent/SAC/
05/23/2014
cp tiff/2014/05/1308888902.tif tiffCurrent/SAC/
05/23/2014
cp tiff/2014/05/1308882802.tif tiffCurrent/SAC/
05/23/2014
cp tiff/2014/05/1308882702.tif tiffCurrent/SAC/
05/23/2014
8
05/15/2014
1853877710
1854494704
1854491104
1853877610
1854494604
1853877410
1854494804
1854494504
1854490904
3304124304
1853837104
1854504910
1854496004
3304111410
1853838004
1853875810
3304118010
3304125004
3304117910
1854494404
1854495904
1854497204
1854493004
1854499904
1854494304
1854504810
1854494204
1854492904
1853837904
3304124904
1854497104
1854499804
1854492604
3304124204
1853836604
1854504710
1854492804
1854495804
1854500004
1854501904
1854493604
1854492704
1853840204
1854495704
1854501704
1854499704
1854492504
1854494104
1854501804
1308831202
1854491004
1854498904
1853842404
1854504410
1854501604
1854498804
1854504610
3304124104
1853836404
1854495604
1853839704
1854492404
1853842604
3304126804
1854507110
1308830202
1853840804
3304126204
1854507010
1854492304
1854488103
1854504510
1854497004
1854501504
3304124004
1853836204
1308833302
1854490804
3304109010
1853872010
1854501404
1854498704
1854492204
1854499604
1853870010
1853837804
3304124804
1854492104
1854500704
1853842204
3304126604
1854495504
1853877510
1854506910
1854492004
1854496904
1308830902
1854495404
1854490604
1854493804
1854487903
1854490704
3304107710
1853869910
1854509010
1854496804
1854499504
1853837704
1854491904
3304124704
1854501304
1854509110
1853871910
1854486603
1853874910
1854490404
3304110510
1854491804
1853837604
3304124604
1854509210
1854499404
1853837504
1853839404
1854494004
1854488303
3304124504
1854493904
3304107610
1853869810
1854491704
1854501204
1854499304
1854509310
3304124404
1853837404
1308892902
1308828202
1308893102
3304112110
1853876810
1854490304
1854509410
1854506810
1854495304
1854501004
1854491604
1854487703
1854499204
1854493704
1853836004
1854501104
3304123904
1854495204
1854490504
1854499104
1854485003
1854508910
1308825902
1308828502
1308827902
1308829902
1308830102
1854491404
1854506310
3304108910
1854506610
1854491304
1853839004
1854493404
1308830502
1308826302
1308893202
1854493504
1854493304
1854488003
1854496704
1854499004
1854486403
1854491204
1853875910
3304111510
3304108410
1853871310
1854491504
1308827402
1308830302
1308827602
1853841204
1854493204
3304126504
1854493104
3304108810
1853871710
1854500904
1853873210
1854488503
1854500804
1854496604
1854508810
1854488203
1854486203
1854490204
1853876510
1853837304
1308826102
1308830402
1854506710
1854484903
1854506210
3304107503
1854506510
1854488403
1854488703
3304109210
1853873010
1854485103
1853841004
1854490104
3304126404
1854500604
1308833202
1308829802
1854498604
1854508710
1854500504
1854485703
1853838604
1854490004
1853840704
3304126104
1853871610
1853876410
1308893302
1854500404
1854498404
1308828402
1308833602
1308830002
1854488803
1854500304
3304108710
1853871510
1854508510
1854498304
1308893402
1308828902
1308829702
1854496404
1854485303
1854486503
3304108310
1853871210
1854498104
3304109110
1853872910
1854500204
1854506410
1854500104
1854485503
1854489704
1854496104
1308831102
1308826802
1308827302
1854487803
1854508310
1854485203
1853877310
1854498204
1854496204
1854489804
1853876310
1308830802
3304111810
1853872810
3304108610
1853871410
1854498004
3304111110
1853875510
1308828102
1308893002
1308892802
1308833702
1308826602
1854487403
3304108110
1853870810
1853838204
1853743303
3304125604
3304111710
1853876210
1854487603
1308830602
1854505910
1853874610
3304110210
1854496304
1853743403
1854487503
1853876110
3304111610
1853870910
1308829002
1308830702
1308826002
1308825502
1853876010
1853743003
3304109310
1854487203
1854497904
1308825602
1853840604
1854506010
3304126004
1853874710
3304110310
1308833502
1308829102
1308829202
3304107810
1853870510
1853743803
3304123703
1308826402
1308834202
1853873810
1854497804
3304125904
1853840504
3304123303
1853743103
1854497704
1853838104
1854487103
3304125504
3304125404
3304110910
3304125304
1308831302
1308826702
3304125204
1853875310
3304125104
1853873710
3304109410
3304115010
1308828602
1853743203
1854486903
3304125704
1853840304
1308827502
1308892702
3304114910
1853875210
3304110810
1854497304
1854487303
1853871110
1308831002
1308826202
1308833402
1854505810
3304108210
1853871010
1854509610
1853875110
3304110710
1308825802
1308828302
1854498504
3304108010
1853870710
1853743703
1308828702
3304123803
1853743903
1308825702
1308828002
1308827702
3304107910
1853870610
3304123603
1853743603
1853875010
3304110610
1308826502
1308827102
3304122703
1853742103
1308831402
1853874810
3304110410
3304122603
1853741803
1308829602
3304122803
1853742203
1853875610
3304111210
1308828802
1853742003
3304122903
1853742303
3304123003
1853741903
1853741203
3304136512
3304135712
3304135912
3304136012
3304136312
3304136112
1853741103
3304135512
3304136612
1854652512
3304136212
3304137712
3304135312
3304137612
3304135812
3304135612
3304137512
3304135412
3304138010
3304137412
1853762212
1853768010
1853762112
1853759812
1853761912
1853762012
1853761812
1854526212
1854526912
1854526612
1853760612
1854526512
3304122503
1853741703
1853759912
1853760212
1853760012
1854526712
1853759312
1854526812
1854526412
1854526312
3304143412
3304143312
3304137312
3304143212
3304137112
1854513612
1853792812
1853741503
1853792512
1853792312
1853760512
3304144012
1853795312
1853795212
1853760312
1853760112
1853759012
1853759712
1853759412
1853759112
1853767912
1854514112
1854513912
1854513812
1854513712
1854513512
1853761612
1854514012
1853759512
1853761712
1853761412
1853759612
1854518914
1853712614
3304120114
1853712814
3304120214
3304120014
1853712714
1854518814
1854516714
1853712210
1854518514
1854516814
1854516914
1308891102
1308891002
1308834702
1308836502
1308836402
1308836202
1308832702
1308832602
1308832502
1308829502
1308832402
1308832302
1308832202
1308829402
1308832102
1308832002
1308829302
1308831902
1308831802
1308831702
1308827802
1308831602
1308826902
1308831502
1308835002
1308834602
1308832802
1308834102
1308834002
1308833902
1308833802
1308835302
1308835202
1308835102
1308834402
1308833102
1308833002
1308832902
1308834302
1308834502
3093648102
1308654402
1308654403
1308817802
3093647902
1308654602
1308654603
1308818002
1308655002
1308655003
1308818402
3093648302
3093648402
1308654902
1308654903
1308818302
3093648202
1308654702
1308654703
1308818102
1308818702
1308818602
1308708102
1308708103
1308882402
3093691802
---0% --------20% --------40% --------60% --------80% --------100% -----cp tiff/2014/05/1853877710.tif tiffCurrent/ATL/
05/23/2014
cp tiff/2014/05/1854494704.tif tiffCurrent/ATL/
05/23/2014
cp tiff/2014/05/1854491104.tif tiffCurrent/ATL/
05/23/2014
cp tiff/2014/05/1853877610.tif tiffCurrent/ATL/
05/23/2014
cp tiff/2014/05/1854494604.tif tiffCurrent/ATL/
05/23/2014
cp tiff/2014/05/1853877410.tif tiffCurrent/ATL/
05/23/2014
cp tiff/2014/05/1854494804.tif tiffCurrent/ATL/
05/23/2014
cp tiff/2014/05/1854494504.tif tiffCurrent/ATL/
05/23/2014
cp tiff/2014/05/1854490904.tif tiffCurrent/ATL/
05/23/2014
cp tiff/2014/05/3304124304.tif tiffCurrent/ATL/
05/23/2014
cp tiff/2014/05/1853837104.tif tiffCurrent/ATL/
05/23/2014
cp tiff/2014/05/1854504910.tif tiffCurrent/ATL/
05/23/2014
cp tiff/2014/05/1854496004.tif tiffCurrent/ATL/
05/23/2014
cp tiff/2014/05/3304111410.tif tiffCurrent/ATL/
05/23/2014
cp tiff/2014/05/1853838004.tif tiffCurrent/ATL/
05/23/2014
cp tiff/2014/05/1853875810.tif tiffCurrent/ATL/
05/23/2014
cp tiff/2014/05/3304118010.tif tiffCurrent/ATL/
05/23/2014
cp tiff/2014/05/3304125004.tif tiffCurrent/ATL/
05/23/2014
cp tiff/2014/05/3304117910.tif tiffCurrent/ATL/
05/23/2014
cp tiff/2014/05/1854494404.tif tiffCurrent/ATL/
05/23/2014
cp tiff/2014/05/1854495904.tif tiffCurrent/ATL/
05/23/2014
cp tiff/2014/05/1854497204.tif tiffCurrent/ATL/
05/23/2014
cp tiff/2014/05/1854493004.tif tiffCurrent/ATL/
05/23/2014
cp tiff/2014/05/1854499904.tif tiffCurrent/ATL/
05/23/2014
cp tiff/2014/05/1854494304.tif tiffCurrent/ATL/
05/23/2014
cp tiff/2014/05/1854504810.tif tiffCurrent/ATL/
05/23/2014
cp tiff/2014/05/1854494204.tif tiffCurrent/ATL/
05/23/2014
cp tiff/2014/05/1854492904.tif tiffCurrent/ATL/
05/23/2014
cp tiff/2014/05/1853837904.tif tiffCurrent/ATL/
05/23/2014
cp tiff/2014/05/3304124904.tif tiffCurrent/ATL/
05/23/2014
cp tiff/2014/05/1854497104.tif tiffCurrent/ATL/
05/23/2014
cp tiff/2014/05/1854499804.tif tiffCurrent/ATL/
05/23/2014
cp tiff/2014/05/1854492604.tif tiffCurrent/ATL/
05/23/2014
cp tiff/2014/05/3304124204.tif tiffCurrent/ATL/
05/23/2014
cp tiff/2014/05/1853836604.tif tiffCurrent/ATL/
05/23/2014
cp tiff/2014/05/1854504710.tif tiffCurrent/ATL/
05/23/2014
cp tiff/2014/05/1854492804.tif tiffCurrent/ATL/
05/23/2014
cp tiff/2014/05/1854495804.tif tiffCurrent/ATL/
05/23/2014
cp tiff/2014/05/1854500004.tif tiffCurrent/ATL/
05/23/2014
cp tiff/2014/05/1854501904.tif tiffCurrent/ATL/
05/23/2014
cp tiff/2014/05/1854493604.tif tiffCurrent/ATL/
05/23/2014
cp tiff/2014/05/1854492704.tif tiffCurrent/ATL/
05/23/2014
cp tiff/2014/05/1853840204.tif tiffCurrent/ATL/
05/23/2014
cp tiff/2014/05/1854495704.tif tiffCurrent/ATL/
05/23/2014
cp tiff/2014/05/1854501704.tif tiffCurrent/ATL/
05/23/2014
cp tiff/2014/05/1854499704.tif tiffCurrent/ATL/
05/23/2014
cp tiff/2014/05/1854492504.tif tiffCurrent/ATL/
05/23/2014
cp tiff/2014/05/1854494104.tif tiffCurrent/ATL/
05/23/2014
cp tiff/2014/05/1854501804.tif tiffCurrent/ATL/
05/23/2014
cp tiff/2014/05/1308831202.tif tiffCurrent/SAC/
05/23/2014
cp tiff/2014/05/1854491004.tif tiffCurrent/ATL/
05/23/2014
cp tiff/2014/05/1854498904.tif tiffCurrent/ATL/
05/23/2014
cp tiff/2014/05/1853842404.tif tiffCurrent/ATL/
05/23/2014
cp tiff/2014/05/1854504410.tif tiffCurrent/ATL/
05/23/2014
cp tiff/2014/05/1854501604.tif tiffCurrent/ATL/
05/23/2014
cp tiff/2014/05/1854498804.tif tiffCurrent/ATL/
05/23/2014
cp tiff/2014/05/1854504610.tif tiffCurrent/ATL/
05/23/2014
cp tiff/2014/05/3304124104.tif tiffCurrent/ATL/
05/23/2014
cp tiff/2014/05/1853836404.tif tiffCurrent/ATL/
05/23/2014
cp tiff/2014/05/1854495604.tif tiffCurrent/ATL/
05/23/2014
cp tiff/2014/05/1853839704.tif tiffCurrent/ATL/
05/23/2014
cp tiff/2014/05/1854492404.tif tiffCurrent/ATL/
05/23/2014
cp tiff/2014/05/1853842604.tif tiffCurrent/ATL/
05/23/2014
cp tiff/2014/05/3304126804.tif tiffCurrent/ATL/
05/23/2014
cp tiff/2014/05/1854507110.tif tiffCurrent/ATL/
05/23/2014
cp tiff/2014/05/1308830202.tif tiffCurrent/SAC/
05/23/2014
cp tiff/2014/05/1853840804.tif tiffCurrent/ATL/
05/23/2014
cp tiff/2014/05/3304126204.tif tiffCurrent/ATL/
05/23/2014
cp tiff/2014/05/1854507010.tif tiffCurrent/ATL/
05/23/2014
cp tiff/2014/05/1854492304.tif tiffCurrent/ATL/
05/23/2014
cp tiff/2014/05/1854488103.tif tiffCurrent/ATL/
05/23/2014
cp tiff/2014/05/1854504510.tif tiffCurrent/ATL/
05/23/2014
cp tiff/2014/05/1854497004.tif tiffCurrent/ATL/
05/23/2014
cp tiff/2014/05/1854501504.tif tiffCurrent/ATL/
05/23/2014
cp tiff/2014/05/3304124004.tif tiffCurrent/ATL/
05/23/2014
cp tiff/2014/05/1853836204.tif tiffCurrent/ATL/
05/23/2014
cp tiff/2014/05/1308833302.tif tiffCurrent/SAC/
05/23/2014
cp tiff/2014/05/1854490804.tif tiffCurrent/ATL/
05/23/2014
cp tiff/2014/05/3304109010.tif tiffCurrent/ATL/
05/23/2014
cp tiff/2014/05/1853872010.tif tiffCurrent/ATL/
05/23/2014
cp tiff/2014/05/1854501404.tif tiffCurrent/ATL/
05/23/2014
cp tiff/2014/05/1854498704.tif tiffCurrent/ATL/
05/23/2014
cp tiff/2014/05/1854492204.tif tiffCurrent/ATL/
05/23/2014
cp tiff/2014/05/1854499604.tif tiffCurrent/ATL/
05/23/2014
cp tiff/2014/05/1853870010.tif tiffCurrent/ATL/
05/23/2014
cp tiff/2014/05/1853837804.tif tiffCurrent/ATL/
05/23/2014
cp tiff/2014/05/3304124804.tif tiffCurrent/ATL/
05/23/2014
cp tiff/2014/05/1854492104.tif tiffCurrent/ATL/
05/23/2014
cp tiff/2014/05/1854500704.tif tiffCurrent/ATL/
05/23/2014
cp tiff/2014/05/1853842204.tif tiffCurrent/ATL/
05/23/2014
cp tiff/2014/05/3304126604.tif tiffCurrent/ATL/
05/23/2014
cp tiff/2014/05/1854495504.tif tiffCurrent/ATL/
05/23/2014
cp tiff/2014/05/1853877510.tif tiffCurrent/ATL/
05/23/2014
cp tiff/2014/05/1854506910.tif tiffCurrent/ATL/
05/23/2014
cp tiff/2014/05/1854492004.tif tiffCurrent/ATL/
05/23/2014
cp tiff/2014/05/1854496904.tif tiffCurrent/ATL/
05/23/2014
cp tiff/2014/05/1308830902.tif tiffCurrent/SAC/
05/23/2014
cp tiff/2014/05/1854495404.tif tiffCurrent/ATL/
05/23/2014
cp tiff/2014/05/1854490604.tif tiffCurrent/ATL/
05/23/2014
cp tiff/2014/05/1854493804.tif tiffCurrent/ATL/
05/23/2014
cp tiff/2014/05/1854487903.tif tiffCurrent/ATL/
05/23/2014
cp tiff/2014/05/1854490704.tif tiffCurrent/ATL/
05/23/2014
cp tiff/2014/05/3304107710.tif tiffCurrent/ATL/
05/23/2014
cp tiff/2014/05/1853869910.tif tiffCurrent/ATL/
05/23/2014
cp tiff/2014/05/1854509010.tif tiffCurrent/ATL/
05/23/2014
cp tiff/2014/05/1854496804.tif tiffCurrent/ATL/
05/23/2014
cp tiff/2014/05/1854499504.tif tiffCurrent/ATL/
05/23/2014
cp tiff/2014/05/1853837704.tif tiffCurrent/ATL/
05/23/2014
cp tiff/2014/05/1854491904.tif tiffCurrent/ATL/
05/23/2014
cp tiff/2014/05/3304124704.tif tiffCurrent/ATL/
05/23/2014
cp tiff/2014/05/1854501304.tif tiffCurrent/ATL/
05/23/2014
cp tiff/2014/05/1854509110.tif tiffCurrent/ATL/
05/23/2014
cp tiff/2014/05/1853871910.tif tiffCurrent/ATL/
05/23/2014
cp tiff/2014/05/1854486603.tif tiffCurrent/ATL/
05/23/2014
cp tiff/2014/05/1853874910.tif tiffCurrent/ATL/
05/23/2014
cp tiff/2014/05/1854490404.tif tiffCurrent/ATL/
05/23/2014
cp tiff/2014/05/3304110510.tif tiffCurrent/ATL/
05/23/2014
cp tiff/2014/05/1854491804.tif tiffCurrent/ATL/
05/23/2014
cp tiff/2014/05/1853837604.tif tiffCurrent/ATL/
05/23/2014
cp tiff/2014/05/3304124604.tif tiffCurrent/ATL/
05/23/2014
cp tiff/2014/05/1854509210.tif tiffCurrent/ATL/
05/23/2014
cp tiff/2014/05/1854499404.tif tiffCurrent/ATL/
05/23/2014
cp tiff/2014/05/1853837504.tif tiffCurrent/ATL/
05/23/2014
cp tiff/2014/05/1853839404.tif tiffCurrent/ATL/
05/23/2014
cp tiff/2014/05/1854494004.tif tiffCurrent/ATL/
05/23/2014
cp tiff/2014/05/1854488303.tif tiffCurrent/ATL/
05/23/2014
cp tiff/2014/05/3304124504.tif tiffCurrent/ATL/
05/23/2014
cp tiff/2014/05/1854493904.tif tiffCurrent/ATL/
05/23/2014
cp tiff/2014/05/3304107610.tif tiffCurrent/ATL/
05/23/2014
cp tiff/2014/05/1853869810.tif tiffCurrent/ATL/
05/23/2014
cp tiff/2014/05/1854491704.tif tiffCurrent/ATL/
05/23/2014
cp tiff/2014/05/1854501204.tif tiffCurrent/ATL/
05/23/2014
cp tiff/2014/05/1854499304.tif tiffCurrent/ATL/
05/23/2014
cp tiff/2014/05/1854509310.tif tiffCurrent/ATL/
05/23/2014
cp tiff/2014/05/3304124404.tif tiffCurrent/ATL/
05/23/2014
cp tiff/2014/05/1853837404.tif tiffCurrent/ATL/
05/23/2014
cp tiff/2014/05/1308892902.tif tiffCurrent/SAC/
05/23/2014
cp tiff/2014/05/1308828202.tif tiffCurrent/SAC/
05/23/2014
cp tiff/2014/05/1308893102.tif tiffCurrent/SAC/
05/23/2014
cp tiff/2014/05/3304112110.tif tiffCurrent/ATL/
05/23/2014
cp tiff/2014/05/1853876810.tif tiffCurrent/ATL/
05/23/2014
cp tiff/2014/05/1854490304.tif tiffCurrent/ATL/
05/23/2014
cp tiff/2014/05/1854509410.tif tiffCurrent/ATL/
05/23/2014
cp tiff/2014/05/1854506810.tif tiffCurrent/ATL/
05/23/2014
cp tiff/2014/05/1854495304.tif tiffCurrent/ATL/
05/23/2014
cp tiff/2014/05/1854501004.tif tiffCurrent/ATL/
05/23/2014
cp tiff/2014/05/1854491604.tif tiffCurrent/ATL/
05/23/2014
cp tiff/2014/05/1854487703.tif tiffCurrent/ATL/
05/23/2014
cp tiff/2014/05/1854499204.tif tiffCurrent/ATL/
05/23/2014
cp tiff/2014/05/1854493704.tif tiffCurrent/ATL/
05/23/2014
cp tiff/2014/05/1853836004.tif tiffCurrent/ATL/
05/23/2014
cp tiff/2014/05/1854501104.tif tiffCurrent/ATL/
05/23/2014
cp tiff/2014/05/3304123904.tif tiffCurrent/ATL/
05/23/2014
cp tiff/2014/05/1854495204.tif tiffCurrent/ATL/
05/23/2014
cp tiff/2014/05/1854490504.tif tiffCurrent/ATL/
05/23/2014
cp tiff/2014/05/1854499104.tif tiffCurrent/ATL/
05/23/2014
cp tiff/2014/05/1854485003.tif tiffCurrent/ATL/
05/23/2014
cp tiff/2014/05/1854508910.tif tiffCurrent/ATL/
05/23/2014
cp tiff/2014/05/1308825902.tif tiffCurrent/SAC/
05/23/2014
cp tiff/2014/05/1308828502.tif tiffCurrent/SAC/
05/23/2014
cp tiff/2014/05/1308827902.tif tiffCurrent/SAC/
05/23/2014
cp tiff/2014/05/1308829902.tif tiffCurrent/SAC/
05/23/2014
cp tiff/2014/05/1308830102.tif tiffCurrent/SAC/
05/23/2014
cp tiff/2014/05/1854491404.tif tiffCurrent/ATL/
05/23/2014
cp tiff/2014/05/1854506310.tif tiffCurrent/ATL/
05/23/2014
cp tiff/2014/05/3304108910.tif tiffCurrent/ATL/
05/23/2014
cp tiff/2014/05/1854506610.tif tiffCurrent/ATL/
05/23/2014
cp tiff/2014/05/1854491304.tif tiffCurrent/ATL/
05/23/2014
cp tiff/2014/05/1853839004.tif tiffCurrent/ATL/
05/23/2014
cp tiff/2014/05/1854493404.tif tiffCurrent/ATL/
05/23/2014
cp tiff/2014/05/1308830502.tif tiffCurrent/SAC/
05/23/2014
cp tiff/2014/05/1308826302.tif tiffCurrent/SAC/
05/23/2014
cp tiff/2014/05/1308893202.tif tiffCurrent/SAC/
05/23/2014
cp tiff/2014/05/1854493504.tif tiffCurrent/ATL/
05/23/2014
cp tiff/2014/05/1854493304.tif tiffCurrent/ATL/
05/23/2014
cp tiff/2014/05/1854488003.tif tiffCurrent/ATL/
05/23/2014
cp tiff/2014/05/1854496704.tif tiffCurrent/ATL/
05/23/2014
cp tiff/2014/05/1854499004.tif tiffCurrent/ATL/
05/23/2014
cp tiff/2014/05/1854486403.tif tiffCurrent/ATL/
05/23/2014
cp tiff/2014/05/1854491204.tif tiffCurrent/ATL/
05/23/2014
cp tiff/2014/05/1853875910.tif tiffCurrent/ATL/
05/23/2014
cp tiff/2014/05/3304111510.tif tiffCurrent/ATL/
05/23/2014
cp tiff/2014/05/3304108410.tif tiffCurrent/ATL/
05/23/2014
cp tiff/2014/05/1853871310.tif tiffCurrent/ATL/
05/23/2014
cp tiff/2014/05/1854491504.tif tiffCurrent/ATL/
05/23/2014
cp tiff/2014/05/1308827402.tif tiffCurrent/SAC/
05/23/2014
cp tiff/2014/05/1308830302.tif tiffCurrent/SAC/
05/23/2014
cp tiff/2014/05/1308827602.tif tiffCurrent/SAC/
05/23/2014
cp tiff/2014/05/1853841204.tif tiffCurrent/ATL/
05/23/2014
cp tiff/2014/05/1854493204.tif tiffCurrent/ATL/
05/23/2014
cp tiff/2014/05/3304126504.tif tiffCurrent/ATL/
05/23/2014
cp tiff/2014/05/1854493104.tif tiffCurrent/ATL/
05/23/2014
cp tiff/2014/05/3304108810.tif tiffCurrent/ATL/
05/23/2014
cp tiff/2014/05/1853871710.tif tiffCurrent/ATL/
05/23/2014
cp tiff/2014/05/1854500904.tif tiffCurrent/ATL/
05/23/2014
cp tiff/2014/05/1853873210.tif tiffCurrent/ATL/
05/23/2014
cp tiff/2014/05/1854488503.tif tiffCurrent/ATL/
05/23/2014
cp tiff/2014/05/1854500804.tif tiffCurrent/ATL/
05/23/2014
cp tiff/2014/05/1854496604.tif tiffCurrent/ATL/
05/23/2014
cp tiff/2014/05/1854508810.tif tiffCurrent/ATL/
05/23/2014
cp tiff/2014/05/1854488203.tif tiffCurrent/ATL/
05/23/2014
cp tiff/2014/05/1854486203.tif tiffCurrent/ATL/
05/23/2014
cp tiff/2014/05/1854490204.tif tiffCurrent/ATL/
05/23/2014
cp tiff/2014/05/1853876510.tif tiffCurrent/ATL/
05/23/2014
cp tiff/2014/05/1853837304.tif tiffCurrent/ATL/
05/23/2014
cp tiff/2014/05/1308826102.tif tiffCurrent/SAC/
05/23/2014
cp tiff/2014/05/1308830402.tif tiffCurrent/SAC/
05/23/2014
cp tiff/2014/05/1854506710.tif tiffCurrent/ATL/
05/23/2014
cp tiff/2014/05/1854484903.tif tiffCurrent/ATL/
05/23/2014
cp tiff/2014/05/1854506210.tif tiffCurrent/ATL/
05/23/2014
cp tiff/2014/05/3304107503.tif tiffCurrent/ATL/
05/23/2014
cp tiff/2014/05/1854506510.tif tiffCurrent/ATL/
05/23/2014
cp tiff/2014/05/1854488403.tif tiffCurrent/ATL/
05/23/2014
cp tiff/2014/05/1854488703.tif tiffCurrent/ATL/
05/23/2014
cp tiff/2014/05/3304109210.tif tiffCurrent/ATL/
05/23/2014
cp tiff/2014/05/1853873010.tif tiffCurrent/ATL/
05/23/2014
cp tiff/2014/05/1854485103.tif tiffCurrent/ATL/
05/23/2014
cp tiff/2014/05/1853841004.tif tiffCurrent/ATL/
05/23/2014
cp tiff/2014/05/1854490104.tif tiffCurrent/ATL/
05/23/2014
cp tiff/2014/05/3304126404.tif tiffCurrent/ATL/
05/23/2014
cp tiff/2014/05/1854500604.tif tiffCurrent/ATL/
05/23/2014
cp tiff/2014/05/1308833202.tif tiffCurrent/SAC/
05/23/2014
cp tiff/2014/05/1308829802.tif tiffCurrent/SAC/
05/23/2014
cp tiff/2014/05/1854498604.tif tiffCurrent/ATL/
05/23/2014
cp tiff/2014/05/1854508710.tif tiffCurrent/ATL/
05/23/2014
cp tiff/2014/05/1854500504.tif tiffCurrent/ATL/
05/23/2014
cp tiff/2014/05/1854485703.tif tiffCurrent/ATL/
05/23/2014
cp tiff/2014/05/1853838604.tif tiffCurrent/ATL/
05/23/2014
cp tiff/2014/05/1854490004.tif tiffCurrent/ATL/
05/23/2014
cp tiff/2014/05/1853840704.tif tiffCurrent/ATL/
05/23/2014
cp tiff/2014/05/3304126104.tif tiffCurrent/ATL/
05/23/2014
cp tiff/2014/05/1853871610.tif tiffCurrent/ATL/
05/23/2014
cp tiff/2014/05/1853876410.tif tiffCurrent/ATL/
05/23/2014
cp tiff/2014/05/1308893302.tif tiffCurrent/SAC/
05/23/2014
cp tiff/2014/05/1854500404.tif tiffCurrent/ATL/
05/23/2014
cp tiff/2014/05/1854498404.tif tiffCurrent/ATL/
05/23/2014
cp tiff/2014/05/1308828402.tif tiffCurrent/SAC/
05/23/2014
cp tiff/2014/05/1308833602.tif tiffCurrent/SAC/
05/23/2014
cp tiff/2014/05/1308830002.tif tiffCurrent/SAC/
05/23/2014
cp tiff/2014/05/1854488803.tif tiffCurrent/ATL/
05/23/2014
cp tiff/2014/05/1854500304.tif tiffCurrent/ATL/
05/23/2014
cp tiff/2014/05/3304108710.tif tiffCurrent/ATL/
05/23/2014
cp tiff/2014/05/1853871510.tif tiffCurrent/ATL/
05/23/2014
cp tiff/2014/05/1854508510.tif tiffCurrent/ATL/
05/23/2014
cp tiff/2014/05/1854498304.tif tiffCurrent/ATL/
05/23/2014
cp tiff/2014/05/1308893402.tif tiffCurrent/SAC/
05/23/2014
cp tiff/2014/05/1308828902.tif tiffCurrent/SAC/
05/23/2014
cp tiff/2014/05/1308829702.tif tiffCurrent/SAC/
05/23/2014
cp tiff/2014/05/1854496404.tif tiffCurrent/ATL/
05/23/2014
cp tiff/2014/05/1854485303.tif tiffCurrent/ATL/
05/23/2014
cp tiff/2014/05/1854486503.tif tiffCurrent/ATL/
05/23/2014
cp tiff/2014/05/3304108310.tif tiffCurrent/ATL/
05/23/2014
cp tiff/2014/05/1853871210.tif tiffCurrent/ATL/
05/23/2014
cp tiff/2014/05/1854498104.tif tiffCurrent/ATL/
05/23/2014
cp tiff/2014/05/3304109110.tif tiffCurrent/ATL/
05/23/2014
cp tiff/2014/05/1853872910.tif tiffCurrent/ATL/
05/23/2014
cp tiff/2014/05/1854500204.tif tiffCurrent/ATL/
05/23/2014
cp tiff/2014/05/1854506410.tif tiffCurrent/ATL/
05/23/2014
cp tiff/2014/05/1854500104.tif tiffCurrent/ATL/
05/23/2014
cp tiff/2014/05/1854485503.tif tiffCurrent/ATL/
05/23/2014
cp tiff/2014/05/1854489704.tif tiffCurrent/ATL/
05/23/2014
cp tiff/2014/05/1854496104.tif tiffCurrent/ATL/
05/23/2014
cp tiff/2014/05/1308831102.tif tiffCurrent/SAC/
05/23/2014
cp tiff/2014/05/1308826802.tif tiffCurrent/SAC/
05/23/2014
cp tiff/2014/05/1308827302.tif tiffCurrent/SAC/
05/23/2014
cp tiff/2014/05/1854487803.tif tiffCurrent/ATL/
05/23/2014
cp tiff/2014/05/1854508310.tif tiffCurrent/ATL/
05/23/2014
cp tiff/2014/05/1854485203.tif tiffCurrent/ATL/
05/23/2014
cp tiff/2014/05/1853877310.tif tiffCurrent/ATL/
05/23/2014
cp tiff/2014/05/1854498204.tif tiffCurrent/ATL/
05/23/2014
cp tiff/2014/05/1854496204.tif tiffCurrent/ATL/
05/23/2014
cp tiff/2014/05/1854489804.tif tiffCurrent/ATL/
05/23/2014
cp tiff/2014/05/1853876310.tif tiffCurrent/ATL/
05/23/2014
cp tiff/2014/05/1308830802.tif tiffCurrent/SAC/
05/23/2014
cp tiff/2014/05/3304111810.tif tiffCurrent/ATL/
05/23/2014
cp tiff/2014/05/1853872810.tif tiffCurrent/ATL/
05/23/2014
cp tiff/2014/05/3304108610.tif tiffCurrent/ATL/
05/23/2014
cp tiff/2014/05/1853871410.tif tiffCurrent/ATL/
05/23/2014
cp tiff/2014/05/1854498004.tif tiffCurrent/ATL/
05/23/2014
cp tiff/2014/05/3304111110.tif tiffCurrent/ATL/
05/23/2014
cp tiff/2014/05/1853875510.tif tiffCurrent/ATL/
05/23/2014
cp tiff/2014/05/1308828102.tif tiffCurrent/SAC/
05/23/2014
cp tiff/2014/05/1308893002.tif tiffCurrent/SAC/
05/23/2014
cp tiff/2014/05/1308892802.tif tiffCurrent/SAC/
05/23/2014
cp tiff/2014/05/1308833702.tif tiffCurrent/SAC/
05/23/2014
cp tiff/2014/05/1308826602.tif tiffCurrent/SAC/
05/23/2014
cp tiff/2014/05/1854487403.tif tiffCurrent/ATL/
05/23/2014
cp tiff/2014/05/3304108110.tif tiffCurrent/ATL/
05/23/2014
cp tiff/2014/05/1853870810.tif tiffCurrent/ATL/
05/23/2014
cp tiff/2014/05/1853838204.tif tiffCurrent/ATL/
05/23/2014
cp tiff/2014/05/1853743303.tif tiffCurrent/ATL/
05/23/2014
cp tiff/2014/05/3304125604.tif tiffCurrent/ATL/
05/23/2014
cp tiff/2014/05/3304111710.tif tiffCurrent/ATL/
05/23/2014
cp tiff/2014/05/1853876210.tif tiffCurrent/ATL/
05/23/2014
cp tiff/2014/05/1854487603.tif tiffCurrent/ATL/
05/23/2014
cp tiff/2014/05/1308830602.tif tiffCurrent/SAC/
05/23/2014
cp tiff/2014/05/1854505910.tif tiffCurrent/ATL/
05/23/2014
cp tiff/2014/05/1853874610.tif tiffCurrent/ATL/
05/23/2014
cp tiff/2014/05/3304110210.tif tiffCurrent/ATL/
05/23/2014
cp tiff/2014/05/1854496304.tif tiffCurrent/ATL/
05/23/2014
cp tiff/2014/05/1853743403.tif tiffCurrent/ATL/
05/23/2014
cp tiff/2014/05/1854487503.tif tiffCurrent/ATL/
05/23/2014
cp tiff/2014/05/1853876110.tif tiffCurrent/ATL/
05/23/2014
cp tiff/2014/05/3304111610.tif tiffCurrent/ATL/
05/23/2014
cp tiff/2014/05/1853870910.tif tiffCurrent/ATL/
05/23/2014
cp tiff/2014/05/1308829002.tif tiffCurrent/SAC/
05/23/2014
cp tiff/2014/05/1308830702.tif tiffCurrent/SAC/
05/23/2014
cp tiff/2014/05/1308826002.tif tiffCurrent/SAC/
05/23/2014
cp tiff/2014/05/1308825502.tif tiffCurrent/SAC/
05/23/2014
cp tiff/2014/05/1853876010.tif tiffCurrent/ATL/
05/23/2014
cp tiff/2014/05/1853743003.tif tiffCurrent/ATL/
05/23/2014
cp tiff/2014/05/3304109310.tif tiffCurrent/ATL/
05/23/2014
cp tiff/2014/05/1854487203.tif tiffCurrent/ATL/
05/23/2014
cp tiff/2014/05/1854497904.tif tiffCurrent/ATL/
05/23/2014
cp tiff/2014/05/1308825602.tif tiffCurrent/SAC/
05/23/2014
cp tiff/2014/05/1853840604.tif tiffCurrent/ATL/
05/23/2014
cp tiff/2014/05/1854506010.tif tiffCurrent/ATL/
05/23/2014
cp tiff/2014/05/3304126004.tif tiffCurrent/ATL/
05/23/2014
cp tiff/2014/05/1853874710.tif tiffCurrent/ATL/
05/23/2014
cp tiff/2014/05/3304110310.tif tiffCurrent/ATL/
05/23/2014
cp tiff/2014/05/1308833502.tif tiffCurrent/SAC/
05/23/2014
cp tiff/2014/05/1308829102.tif tiffCurrent/SAC/
05/23/2014
cp tiff/2014/05/1308829202.tif tiffCurrent/SAC/
05/23/2014
cp tiff/2014/05/3304107810.tif tiffCurrent/ATL/
05/23/2014
cp tiff/2014/05/1853870510.tif tiffCurrent/ATL/
05/23/2014
cp tiff/2014/05/1853743803.tif tiffCurrent/ATL/
05/23/2014
cp tiff/2014/05/3304123703.tif tiffCurrent/ATL/
05/23/2014
cp tiff/2014/05/1308826402.tif tiffCurrent/SAC/
05/23/2014
cp tiff/2014/05/1308834202.tif tiffCurrent/SAC/
05/23/2014
cp tiff/2014/05/1853873810.tif tiffCurrent/ATL/
05/23/2014
cp tiff/2014/05/1854497804.tif tiffCurrent/ATL/
05/23/2014
cp tiff/2014/05/3304125904.tif tiffCurrent/ATL/
05/23/2014
cp tiff/2014/05/1853840504.tif tiffCurrent/ATL/
05/23/2014
cp tiff/2014/05/3304123303.tif tiffCurrent/ATL/
05/23/2014
cp tiff/2014/05/1853743103.tif tiffCurrent/ATL/
05/23/2014
cp tiff/2014/05/1854497704.tif tiffCurrent/ATL/
05/23/2014
cp tiff/2014/05/1853838104.tif tiffCurrent/ATL/
05/23/2014
cp tiff/2014/05/1854487103.tif tiffCurrent/ATL/
05/23/2014
cp tiff/2014/05/3304125504.tif tiffCurrent/ATL/
05/23/2014
cp tiff/2014/05/3304125404.tif tiffCurrent/ATL/
05/23/2014
cp tiff/2014/05/3304110910.tif tiffCurrent/ATL/
05/23/2014
cp tiff/2014/05/3304125304.tif tiffCurrent/ATL/
05/23/2014
cp tiff/2014/05/1308831302.tif tiffCurrent/SAC/
05/23/2014
cp tiff/2014/05/1308826702.tif tiffCurrent/SAC/
05/23/2014
cp tiff/2014/05/3304125204.tif tiffCurrent/ATL/
05/23/2014
cp tiff/2014/05/1853875310.tif tiffCurrent/ATL/
05/23/2014
cp tiff/2014/05/3304125104.tif tiffCurrent/ATL/
05/23/2014
cp tiff/2014/05/1853873710.tif tiffCurrent/ATL/
05/23/2014
cp tiff/2014/05/3304109410.tif tiffCurrent/ATL/
05/23/2014
cp tiff/2014/05/3304115010.tif tiffCurrent/ATL/
05/23/2014
cp tiff/2014/05/1308828602.tif tiffCurrent/SAC/
05/23/2014
cp tiff/2014/05/1853743203.tif tiffCurrent/ATL/
05/23/2014
cp tiff/2014/05/1854486903.tif tiffCurrent/ATL/
05/23/2014
cp tiff/2014/05/3304125704.tif tiffCurrent/ATL/
05/23/2014
cp tiff/2014/05/1853840304.tif tiffCurrent/ATL/
05/23/2014
cp tiff/2014/05/1308827502.tif tiffCurrent/SAC/
05/23/2014
cp tiff/2014/05/1308892702.tif tiffCurrent/SAC/
05/23/2014
cp tiff/2014/05/3304114910.tif tiffCurrent/ATL/
05/23/2014
cp tiff/2014/05/1853875210.tif tiffCurrent/ATL/
05/23/2014
cp tiff/2014/05/3304110810.tif tiffCurrent/ATL/
05/23/2014
cp tiff/2014/05/1854497304.tif tiffCurrent/ATL/
05/23/2014
cp tiff/2014/05/1854487303.tif tiffCurrent/ATL/
05/23/2014
cp tiff/2014/05/1853871110.tif tiffCurrent/ATL/
05/23/2014
cp tiff/2014/05/1308831002.tif tiffCurrent/SAC/
05/23/2014
cp tiff/2014/05/1308826202.tif tiffCurrent/SAC/
05/23/2014
cp tiff/2014/05/1308833402.tif tiffCurrent/SAC/
05/23/2014
cp tiff/2014/05/1854505810.tif tiffCurrent/ATL/
05/23/2014
cp tiff/2014/05/3304108210.tif tiffCurrent/ATL/
05/23/2014
cp tiff/2014/05/1853871010.tif tiffCurrent/ATL/
05/23/2014
cp tiff/2014/05/1854509610.tif tiffCurrent/ATL/
05/23/2014
cp tiff/2014/05/1853875110.tif tiffCurrent/ATL/
05/23/2014
cp tiff/2014/05/3304110710.tif tiffCurrent/ATL/
05/23/2014
cp tiff/2014/05/1308825802.tif tiffCurrent/SAC/
05/23/2014
cp tiff/2014/05/1308828302.tif tiffCurrent/SAC/
05/23/2014
cp tiff/2014/05/1854498504.tif tiffCurrent/ATL/
05/23/2014
cp tiff/2014/05/3304108010.tif tiffCurrent/ATL/
05/23/2014
cp tiff/2014/05/1853870710.tif tiffCurrent/ATL/
05/23/2014
cp tiff/2014/05/1853743703.tif tiffCurrent/ATL/
05/23/2014
cp tiff/2014/05/1308828702.tif tiffCurrent/SAC/
05/23/2014
cp tiff/2014/05/3304123803.tif tiffCurrent/ATL/
05/23/2014
cp tiff/2014/05/1853743903.tif tiffCurrent/ATL/
05/23/2014
cp tiff/2014/05/1308825702.tif tiffCurrent/SAC/
05/23/2014
cp tiff/2014/05/1308828002.tif tiffCurrent/SAC/
05/23/2014
cp tiff/2014/05/1308827702.tif tiffCurrent/SAC/
05/23/2014
cp tiff/2014/05/3304107910.tif tiffCurrent/ATL/
05/23/2014
cp tiff/2014/05/1853870610.tif tiffCurrent/ATL/
05/23/2014
cp tiff/2014/05/3304123603.tif tiffCurrent/ATL/
05/23/2014
cp tiff/2014/05/1853743603.tif tiffCurrent/ATL/
05/23/2014
cp tiff/2014/05/1853875010.tif tiffCurrent/ATL/
05/23/2014
cp tiff/2014/05/3304110610.tif tiffCurrent/ATL/
05/23/2014
cp tiff/2014/05/1308826502.tif tiffCurrent/SAC/
05/23/2014
cp tiff/2014/05/1308827102.tif tiffCurrent/SAC/
05/23/2014
cp tiff/2014/05/3304122703.tif tiffCurrent/ATL/
05/23/2014
cp tiff/2014/05/1853742103.tif tiffCurrent/ATL/
05/23/2014
cp tiff/2014/05/1308831402.tif tiffCurrent/SAC/
05/23/2014
cp tiff/2014/05/1853874810.tif tiffCurrent/ATL/
05/23/2014
cp tiff/2014/05/3304110410.tif tiffCurrent/ATL/
05/23/2014
cp tiff/2014/05/3304122603.tif tiffCurrent/ATL/
05/23/2014
cp tiff/2014/05/1853741803.tif tiffCurrent/ATL/
05/23/2014
cp tiff/2014/05/1308829602.tif tiffCurrent/SAC/
05/23/2014
cp tiff/2014/05/3304122803.tif tiffCurrent/ATL/
05/23/2014
cp tiff/2014/05/1853742203.tif tiffCurrent/ATL/
05/23/2014
cp tiff/2014/05/1853875610.tif tiffCurrent/ATL/
05/23/2014
cp tiff/2014/05/3304111210.tif tiffCurrent/ATL/
05/23/2014
cp tiff/2014/05/1308828802.tif tiffCurrent/SAC/
05/23/2014
cp tiff/2014/05/1853742003.tif tiffCurrent/ATL/
05/23/2014
cp tiff/2014/05/3304122903.tif tiffCurrent/ATL/
05/23/2014
cp tiff/2014/05/1853742303.tif tiffCurrent/ATL/
05/23/2014
cp tiff/2014/05/3304123003.tif tiffCurrent/ATL/
05/23/2014
cp tiff/2014/05/1853741903.tif tiffCurrent/ATL/
05/23/2014
cp tiff/2014/05/1853741203.tif tiffCurrent/ATL/
05/23/2014
cp tiff/2014/05/3304136512.tif tiffCurrent/ATL/
05/23/2014
cp tiff/2014/05/3304135712.tif tiffCurrent/ATL/
05/23/2014
cp tiff/2014/05/3304135912.tif tiffCurrent/ATL/
05/23/2014
cp tiff/2014/05/3304136012.tif tiffCurrent/ATL/
05/23/2014
cp tiff/2014/05/3304136312.tif tiffCurrent/ATL/
05/23/2014
cp tiff/2014/05/3304136112.tif tiffCurrent/ATL/
05/23/2014
cp tiff/2014/05/1853741103.tif tiffCurrent/ATL/
05/23/2014
cp tiff/2014/05/3304135512.tif tiffCurrent/ATL/
05/23/2014
cp tiff/2014/05/3304136612.tif tiffCurrent/ATL/
05/23/2014
cp tiff/2014/05/1854652512.tif tiffCurrent/ATL/
05/23/2014
cp tiff/2014/05/3304136212.tif tiffCurrent/ATL/
05/23/2014
cp tiff/2014/05/3304137712.tif tiffCurrent/ATL/
05/23/2014
cp tiff/2014/05/3304135312.tif tiffCurrent/ATL/
05/23/2014
cp tiff/2014/05/3304137612.tif tiffCurrent/ATL/
05/23/2014
cp tiff/2014/05/3304135812.tif tiffCurrent/ATL/
05/23/2014
cp tiff/2014/05/3304135612.tif tiffCurrent/ATL/
05/23/2014
cp tiff/2014/05/3304137512.tif tiffCurrent/ATL/
05/23/2014
cp tiff/2014/05/3304135412.tif tiffCurrent/ATL/
05/23/2014
cp tiff/2014/05/3304138010.tif tiffCurrent/ATL/
05/23/2014
cp tiff/2014/05/3304137412.tif tiffCurrent/ATL/
05/23/2014
cp tiff/2014/05/1853762212.tif tiffCurrent/ATL/
05/23/2014
cp tiff/2014/05/1853768010.tif tiffCurrent/ATL/
05/23/2014
cp tiff/2014/05/1853762112.tif tiffCurrent/ATL/
05/23/2014
cp tiff/2014/05/1853759812.tif tiffCurrent/ATL/
05/23/2014
cp tiff/2014/05/1853761912.tif tiffCurrent/ATL/
05/23/2014
cp tiff/2014/05/1853762012.tif tiffCurrent/ATL/
05/23/2014
cp tiff/2014/05/1853761812.tif tiffCurrent/ATL/
05/23/2014
cp tiff/2014/05/1854526212.tif tiffCurrent/ATL/
05/23/2014
cp tiff/2014/05/1854526912.tif tiffCurrent/ATL/
05/23/2014
cp tiff/2014/05/1854526612.tif tiffCurrent/ATL/
05/23/2014
cp tiff/2014/05/1853760612.tif tiffCurrent/ATL/
05/23/2014
cp tiff/2014/05/1854526512.tif tiffCurrent/ATL/
05/23/2014
cp tiff/2014/05/3304122503.tif tiffCurrent/ATL/
05/23/2014
cp tiff/2014/05/1853741703.tif tiffCurrent/ATL/
05/23/2014
cp tiff/2014/05/1853759912.tif tiffCurrent/ATL/
05/23/2014
cp tiff/2014/05/1853760212.tif tiffCurrent/ATL/
05/23/2014
cp tiff/2014/05/1853760012.tif tiffCurrent/ATL/
05/23/2014
cp tiff/2014/05/1854526712.tif tiffCurrent/ATL/
05/23/2014
cp tiff/2014/05/1853759312.tif tiffCurrent/ATL/
05/23/2014
cp tiff/2014/05/1854526812.tif tiffCurrent/ATL/
05/23/2014
cp tiff/2014/05/1854526412.tif tiffCurrent/ATL/
05/23/2014
cp tiff/2014/05/1854526312.tif tiffCurrent/ATL/
05/23/2014
cp tiff/2014/05/3304143412.tif tiffCurrent/ATL/
05/23/2014
cp tiff/2014/05/3304143312.tif tiffCurrent/ATL/
05/23/2014
cp tiff/2014/05/3304137312.tif tiffCurrent/ATL/
05/23/2014
cp tiff/2014/05/3304143212.tif tiffCurrent/ATL/
05/23/2014
cp tiff/2014/05/3304137112.tif tiffCurrent/ATL/
05/23/2014
cp tiff/2014/05/1854513612.tif tiffCurrent/ATL/
05/23/2014
cp tiff/2014/05/1853792812.tif tiffCurrent/ATL/
05/23/2014
cp tiff/2014/05/1853741503.tif tiffCurrent/ATL/
05/23/2014
cp tiff/2014/05/1853792512.tif tiffCurrent/ATL/
05/23/2014
cp tiff/2014/05/1853792312.tif tiffCurrent/ATL/
05/23/2014
cp tiff/2014/05/1853760512.tif tiffCurrent/ATL/
05/23/2014
cp tiff/2014/05/3304144012.tif tiffCurrent/ATL/
05/23/2014
cp tiff/2014/05/1853795312.tif tiffCurrent/ATL/
05/23/2014
cp tiff/2014/05/1853795212.tif tiffCurrent/ATL/
05/23/2014
cp tiff/2014/05/1853760312.tif tiffCurrent/ATL/
05/23/2014
cp tiff/2014/05/1853760112.tif tiffCurrent/ATL/
05/23/2014
cp tiff/2014/05/1853759012.tif tiffCurrent/ATL/
05/23/2014
cp tiff/2014/05/1853759712.tif tiffCurrent/ATL/
05/23/2014
cp tiff/2014/05/1853759412.tif tiffCurrent/ATL/
05/23/2014
cp tiff/2014/05/1853759112.tif tiffCurrent/ATL/
05/23/2014
cp tiff/2014/05/1853767912.tif tiffCurrent/ATL/
05/23/2014
cp tiff/2014/05/1854514112.tif tiffCurrent/ATL/
05/23/2014
cp tiff/2014/05/1854513912.tif tiffCurrent/ATL/
05/23/2014
cp tiff/2014/05/1854513812.tif tiffCurrent/ATL/
05/23/2014
cp tiff/2014/05/1854513712.tif tiffCurrent/ATL/
05/23/2014
cp tiff/2014/05/1854513512.tif tiffCurrent/ATL/
05/23/2014
cp tiff/2014/05/1853761612.tif tiffCurrent/ATL/
05/23/2014
cp tiff/2014/05/1854514012.tif tiffCurrent/ATL/
05/23/2014
cp tiff/2014/05/1853759512.tif tiffCurrent/ATL/
05/23/2014
cp tiff/2014/05/1853761712.tif tiffCurrent/ATL/
05/23/2014
cp tiff/2014/05/1853761412.tif tiffCurrent/ATL/
05/23/2014
cp tiff/2014/05/1853759612.tif tiffCurrent/ATL/
05/23/2014
cp tiff/2014/05/1854518914.tif tiffCurrent/ATL/
05/23/2014
cp tiff/2014/05/1853712614.tif tiffCurrent/ATL/
05/23/2014
cp tiff/2014/05/3304120114.tif tiffCurrent/ATL/
05/23/2014
cp tiff/2014/05/1853712814.tif tiffCurrent/ATL/
05/23/2014
cp tiff/2014/05/3304120214.tif tiffCurrent/ATL/
05/23/2014
cp tiff/2014/05/3304120014.tif tiffCurrent/ATL/
05/23/2014
cp tiff/2014/05/1853712714.tif tiffCurrent/ATL/
05/23/2014
cp tiff/2014/05/1854518814.tif tiffCurrent/ATL/
05/23/2014
cp tiff/2014/05/1854516714.tif tiffCurrent/ATL/
05/23/2014
cp tiff/2014/05/1853712210.tif tiffCurrent/null/
05/23/2014
cp tiff/2014/05/1854518514.tif tiffCurrent/ATL/
05/23/2014
cp tiff/2014/05/1854516814.tif tiffCurrent/ATL/
05/23/2014
cp tiff/2014/05/1854516914.tif tiffCurrent/ATL/
05/23/2014
cp tiff/2014/05/1308891102.tif tiffCurrent/SAC/
05/23/2014
cp tiff/2014/05/1308891002.tif tiffCurrent/SAC/
05/23/2014
cp tiff/2014/05/1308834702.tif tiffCurrent/SAC/
05/23/2014
cp tiff/2014/05/1308836502.tif tiffCurrent/SAC/
05/23/2014
cp tiff/2014/05/1308836402.tif tiffCurrent/SAC/
05/23/2014
cp tiff/2014/05/1308836202.tif tiffCurrent/SAC/
05/23/2014
cp tiff/2014/05/1308832702.tif tiffCurrent/SAC/
05/23/2014
cp tiff/2014/05/1308832602.tif tiffCurrent/SAC/
05/23/2014
cp tiff/2014/05/1308832502.tif tiffCurrent/SAC/
05/23/2014
cp tiff/2014/05/1308829502.tif tiffCurrent/SAC/
05/23/2014
cp tiff/2014/05/1308832402.tif tiffCurrent/SAC/
05/23/2014
cp tiff/2014/05/1308832302.tif tiffCurrent/SAC/
05/23/2014
cp tiff/2014/05/1308832202.tif tiffCurrent/SAC/
05/23/2014
cp tiff/2014/05/1308829402.tif tiffCurrent/SAC/
05/23/2014
cp tiff/2014/05/1308832102.tif tiffCurrent/SAC/
05/23/2014
cp tiff/2014/05/1308832002.tif tiffCurrent/SAC/
05/23/2014
cp tiff/2014/05/1308829302.tif tiffCurrent/SAC/
05/23/2014
cp tiff/2014/05/1308831902.tif tiffCurrent/SAC/
05/23/2014
cp tiff/2014/05/1308831802.tif tiffCurrent/SAC/
05/23/2014
cp tiff/2014/05/1308831702.tif tiffCurrent/SAC/
05/23/2014
cp tiff/2014/05/1308827802.tif tiffCurrent/SAC/
05/23/2014
cp tiff/2014/05/1308831602.tif tiffCurrent/SAC/
05/23/2014
cp tiff/2014/05/1308826902.tif tiffCurrent/SAC/
05/23/2014
cp tiff/2014/05/1308831502.tif tiffCurrent/SAC/
05/23/2014
cp tiff/2014/05/1308835002.tif tiffCurrent/SAC/
05/23/2014
cp tiff/2014/05/1308834602.tif tiffCurrent/SAC/
05/23/2014
cp tiff/2014/05/1308832802.tif tiffCurrent/SAC/
05/23/2014
cp tiff/2014/05/1308834102.tif tiffCurrent/SAC/
05/23/2014
cp tiff/2014/05/1308834002.tif tiffCurrent/SAC/
05/23/2014
cp tiff/2014/05/1308833902.tif tiffCurrent/SAC/
05/23/2014
cp tiff/2014/05/1308833802.tif tiffCurrent/SAC/
05/23/2014
cp tiff/2014/05/1308835302.tif tiffCurrent/SAC/
05/23/2014
cp tiff/2014/05/1308835202.tif tiffCurrent/SAC/
05/23/2014
cp tiff/2014/05/1308835102.tif tiffCurrent/SAC/
05/23/2014
cp tiff/2014/05/1308834402.tif tiffCurrent/SAC/
05/23/2014
cp tiff/2014/05/1308833102.tif tiffCurrent/SAC/
05/23/2014
cp tiff/2014/05/1308833002.tif tiffCurrent/SAC/
05/23/2014
cp tiff/2014/05/1308832902.tif tiffCurrent/SAC/
05/23/2014
cp tiff/2014/05/1308834302.tif tiffCurrent/SAC/
05/23/2014
cp tiff/2014/05/1308834502.tif tiffCurrent/SAC/
05/23/2014
cp tiff/2014/05/3093648102.tif tiffCurrent/SAC/
05/23/2014
cp tiff/2014/05/1308654402.tif tiffCurrent/SAC/
05/23/2014
cp tiff/2014/05/1308654403.tif tiffCurrent/SAC/
05/23/2014
cp tiff/2014/05/1308817802.tif tiffCurrent/SAC/
05/23/2014
cp tiff/2014/05/3093647902.tif tiffCurrent/SAC/
05/23/2014
cp tiff/2014/05/1308654602.tif tiffCurrent/SAC/
05/23/2014
cp tiff/2014/05/1308654603.tif tiffCurrent/SAC/
05/23/2014
cp tiff/2014/05/1308818002.tif tiffCurrent/SAC/
05/23/2014
cp tiff/2014/05/1308655002.tif tiffCurrent/SAC/
05/23/2014
cp tiff/2014/05/1308655003.tif tiffCurrent/SAC/
05/23/2014
cp tiff/2014/05/1308818402.tif tiffCurrent/SAC/
05/23/2014
cp tiff/2014/05/3093648302.tif tiffCurrent/SAC/
05/23/2014
cp tiff/2014/05/3093648402.tif tiffCurrent/null/
05/23/2014
cp tiff/2014/05/1308654902.tif tiffCurrent/null/
05/23/2014
cp tiff/2014/05/1308654903.tif tiffCurrent/SAC/
05/23/2014
cp tiff/2014/05/1308818302.tif tiffCurrent/SAC/
05/23/2014
cp tiff/2014/05/3093648202.tif tiffCurrent/SAC/
05/23/2014
cp tiff/2014/05/1308654702.tif tiffCurrent/SAC/
05/23/2014
cp tiff/2014/05/1308654703.tif tiffCurrent/SAC/
05/23/2014
cp tiff/2014/05/1308818102.tif tiffCurrent/SAC/
05/23/2014
cp tiff/2014/05/1308818702.tif tiffCurrent/SAC/
05/23/2014
cp tiff/2014/05/1308818602.tif tiffCurrent/SAC/
05/23/2014
cp tiff/2014/05/1308708102.tif tiffCurrent/SAC/
05/23/2014
cp tiff/2014/05/1308708103.tif tiffCurrent/SAC/
05/23/2014
cp tiff/2014/05/1308882402.tif tiffCurrent/SAC/
05/23/2014
cp tiff/2014/05/3093691802.tif tiffCurrent/SAC/
05/23/2014
9
05/14/2014
10
05/13/2014
11
05/12/2014
1852615012
1852615912
3303537012
1852615712
3303536912
1853339412
1852583612
3303531212
1853340012
1853340112
1853340212
1852590412
1852584912
1852584812
1852584712
3303532012
1852584612
3303531912
1852584512
1852584412
2942956312
3303531712
1852614812
3303536412
1852590610
1853352712
1853352012
1853352412
1853352312
1853352512
1853352612
1853352212
1852615412
3303536712
1853352112
1852615112
3303536612
1852614912
3303536512
1852614612
1852614712
1852614512
3303536312
1852615212
1852615312
1852615612
3303536812
1852615512
1852614412
1852618012
3303537412
1852617912
1852617812
3303537312
1852579912
3303529212
1852578912
3303528512
---0% --------20% --------40% --------60% --------80% --------100% -----cp tiff/2014/05/1852615012.tif tiffCurrent/ATL/
05/23/2014
cp tiff/2014/05/1852615912.tif tiffCurrent/ATL/
05/23/2014
cp tiff/2014/05/3303537012.tif tiffCurrent/ATL/
05/23/2014
cp tiff/2014/05/1852615712.tif tiffCurrent/ATL/
05/23/2014
cp tiff/2014/05/3303536912.tif tiffCurrent/ATL/
05/23/2014
cp tiff/2014/05/1853339412.tif tiffCurrent/ATL/
05/23/2014
cp tiff/2014/05/1852583612.tif tiffCurrent/ATL/
05/23/2014
cp tiff/2014/05/3303531212.tif tiffCurrent/ATL/
05/23/2014
cp tiff/2014/05/1853340012.tif tiffCurrent/ATL/
05/23/2014
cp tiff/2014/05/1853340112.tif tiffCurrent/ATL/
05/23/2014
cp tiff/2014/05/1853340212.tif tiffCurrent/ATL/
05/23/2014
cp tiff/2014/05/1852590412.tif tiffCurrent/ATL/
05/23/2014
cp tiff/2014/05/1852584912.tif tiffCurrent/ATL/
05/23/2014
cp tiff/2014/05/1852584812.tif tiffCurrent/ATL/
05/23/2014
cp tiff/2014/05/1852584712.tif tiffCurrent/ATL/
05/23/2014
cp tiff/2014/05/3303532012.tif tiffCurrent/ATL/
05/23/2014
cp tiff/2014/05/1852584612.tif tiffCurrent/ATL/
05/23/2014
cp tiff/2014/05/3303531912.tif tiffCurrent/ATL/
05/23/2014
cp tiff/2014/05/1852584512.tif tiffCurrent/ATL/
05/23/2014
cp tiff/2014/05/1852584412.tif tiffCurrent/ATL/
05/23/2014
cp tiff/2014/05/2942956312.tif tiffCurrent/ATL/
05/23/2014
cp tiff/2014/05/3303531712.tif tiffCurrent/ATL/
05/23/2014
cp tiff/2014/05/1852614812.tif tiffCurrent/ATL/
05/23/2014
cp tiff/2014/05/3303536412.tif tiffCurrent/ATL/
05/23/2014
cp tiff/2014/05/1852590610.tif tiffCurrent/ATL/
05/23/2014
cp tiff/2014/05/1853352712.tif tiffCurrent/ATL/
05/23/2014
cp tiff/2014/05/1853352012.tif tiffCurrent/ATL/
05/23/2014
cp tiff/2014/05/1853352412.tif tiffCurrent/ATL/
05/23/2014
cp tiff/2014/05/1853352312.tif tiffCurrent/ATL/
05/23/2014
cp tiff/2014/05/1853352512.tif tiffCurrent/ATL/
05/23/2014
cp tiff/2014/05/1853352612.tif tiffCurrent/ATL/
05/23/2014
cp tiff/2014/05/1853352212.tif tiffCurrent/ATL/
05/23/2014
cp tiff/2014/05/1852615412.tif tiffCurrent/ATL/
05/23/2014
cp tiff/2014/05/3303536712.tif tiffCurrent/ATL/
05/23/2014
cp tiff/2014/05/1853352112.tif tiffCurrent/ATL/
05/23/2014
cp tiff/2014/05/1852615112.tif tiffCurrent/ATL/
05/23/2014
cp tiff/2014/05/3303536612.tif tiffCurrent/ATL/
05/23/2014
cp tiff/2014/05/1852614912.tif tiffCurrent/ATL/
05/23/2014
cp tiff/2014/05/3303536512.tif tiffCurrent/ATL/
05/23/2014
cp tiff/2014/05/1852614612.tif tiffCurrent/ATL/
05/23/2014
cp tiff/2014/05/1852614712.tif tiffCurrent/ATL/
05/23/2014
cp tiff/2014/05/1852614512.tif tiffCurrent/ATL/
05/23/2014
cp tiff/2014/05/3303536312.tif tiffCurrent/ATL/
05/23/2014
cp tiff/2014/05/1852615212.tif tiffCurrent/ATL/
05/23/2014
cp tiff/2014/05/1852615312.tif tiffCurrent/ATL/
05/23/2014
cp tiff/2014/05/1852615612.tif tiffCurrent/ATL/
05/23/2014
cp tiff/2014/05/3303536812.tif tiffCurrent/ATL/
05/23/2014
cp tiff/2014/05/1852615512.tif tiffCurrent/ATL/
05/23/2014
cp tiff/2014/05/1852614412.tif tiffCurrent/ATL/
05/23/2014
cp tiff/2014/05/1852618012.tif tiffCurrent/ATL/
05/23/2014
cp tiff/2014/05/3303537412.tif tiffCurrent/ATL/
05/23/2014
cp tiff/2014/05/1852617912.tif tiffCurrent/ATL/
05/23/2014
cp tiff/2014/05/1852617812.tif tiffCurrent/ATL/
05/23/2014
cp tiff/2014/05/3303537312.tif tiffCurrent/ATL/
05/23/2014
cp tiff/2014/05/1852579912.tif tiffCurrent/ATL/
05/23/2014
cp tiff/2014/05/3303529212.tif tiffCurrent/ATL/
05/23/2014
cp tiff/2014/05/1852578912.tif tiffCurrent/ATL/
05/23/2014
cp tiff/2014/05/3303528512.tif tiffCurrent/ATL/
05/23/2014
12
05/11/2014
13
05/10/2014
