7
05/23/2014
3304885810
1855361110
1855820510
1855346604
1855820910
1855821310
1855346504
1855822210
1855820610
1855821510
1855346304
3304905404
1855822510
1855820810
1855822310
1855821610
1855343604
3304903504
3304887710
1855345504
3304885710
1855366310
3304904804
1855361010
1855821410
1855343504
3304903404
1855821010
1855343404
3304887910
1855366610
1855363710
1855343304
3304903304
1855366510
1855821210
1309298502
1855822410
3304887810
1855366410
1855343204
3304903204
1855363810
1855346404
1855821110
3304905504
1855839710
1855865910
1855370610
1855366210
1855343104
3304903104
1855820710
1855363610
1855786003
1855346204
3304905304
1855343004
3304903004
1855785803
3304886510
1309345502
1855782903
3304879303
1855786203
1855346104
3304905204
1309352902
1855342804
1855342904
3304902804
1855363510
3304887610
1855366110
1855346004
1855785903
1855345904
3304905104
1855823103
1855822903
3304887510
1855363310
1855366010
1855786103
3304902904
1855342604
1309352702
3304902604
3304902704
1855342704
1855782803
1855786303
1855783003
1309345602
1309353202
3304915612
3304915512
1855812412
1855088712
1855087712
1855087512
1309345702
1309354502
1309353102
1309353302
1309354202
1855342504
1855784303
1855363110
3304902504
1855345804
3304905004
1855345604
1855365910
1855365410
1855784103
1855822110
1855368410
1855783603
1855345704
3304904904
3304889910
1855368810
1855823003
3304887310
1855365810
1855822010
1855783703
1855365710
3304904704
1855345404
1855823203
3304887210
3304887110
1855365610
1855822810
1855365310
3304886810
3304886910
1855345304
1855364710
3304886710
1855783103
1855369510
1855822710
1855368310
3304889510
1855345204
3304904604
1309354102
1309352402
3304890610
1855822610
1855783203
1855345104
3304904504
1855367810
3304889110
1855369410
3304890510
1855783403
1855367710
3304889010
1855368210
1855364610
3304886610
1855369310
3304890410
1855037203
1855368110
3304889410
3304888810
1855367510
1309353802
1855037403
1309354802
1855037303
1309353602
1855036903
3304895103
3304894903
3304889310
1855368010
3304889210
1855367910
1855037103
1855369610
3304908412
3304909812
3304907612
3304907812
3304908212
3304909910
1855056112
1855054012
1855054312
3304895003
1855037003
1309352602
1309354302
1855367610
3304888910
1309352802
1855821910
1309354702
1309354602
1309355502
1309355402
1309355302
1309355202
1309353702
1309355102
1309353502
1309353402
1309355002
1309354902
1855367410
3304888710
1309354402
1309351802
1309353002
1855367310
3304888610
1309353902
3304888210
1855366910
3304888110
1855366810
3304888510
1855367210
1855366710
3304888010
3304888410
1855367110
3304888310
1855367010
1309352502
1309352302
1309352202
1309352102
1309351902
1309289702
1309289402
1309289502
1309289302
1309289102
1309289202
1309289002
1309288902
1309288802
1309288702
1309289602
---0% --------20% --------40% --------60% --------80% --------100% -----cp tiff/2014/05/3304885810.tif tiffCurrent/ATL/
05/30/2014
cp tiff/2014/05/1855361110.tif tiffCurrent/ATL/
05/30/2014
cp tiff/2014/05/1855820510.tif tiffCurrent/ATL/
05/30/2014
cp tiff/2014/05/1855346604.tif tiffCurrent/ATL/
05/30/2014
cp tiff/2014/05/1855820910.tif tiffCurrent/ATL/
05/30/2014
cp tiff/2014/05/1855821310.tif tiffCurrent/ATL/
05/30/2014
cp tiff/2014/05/1855346504.tif tiffCurrent/ATL/
05/30/2014
cp tiff/2014/05/1855822210.tif tiffCurrent/ATL/
05/30/2014
cp tiff/2014/05/1855820610.tif tiffCurrent/ATL/
05/30/2014
cp tiff/2014/05/1855821510.tif tiffCurrent/ATL/
05/30/2014
cp tiff/2014/05/1855346304.tif tiffCurrent/ATL/
05/30/2014
cp tiff/2014/05/3304905404.tif tiffCurrent/ATL/
05/30/2014
cp tiff/2014/05/1855822510.tif tiffCurrent/ATL/
05/30/2014
cp tiff/2014/05/1855820810.tif tiffCurrent/ATL/
05/30/2014
cp tiff/2014/05/1855822310.tif tiffCurrent/ATL/
05/30/2014
cp tiff/2014/05/1855821610.tif tiffCurrent/ATL/
05/30/2014
cp tiff/2014/05/1855343604.tif tiffCurrent/ATL/
05/30/2014
cp tiff/2014/05/3304903504.tif tiffCurrent/ATL/
05/30/2014
cp tiff/2014/05/3304887710.tif tiffCurrent/ATL/
05/30/2014
cp tiff/2014/05/1855345504.tif tiffCurrent/ATL/
05/30/2014
cp tiff/2014/05/3304885710.tif tiffCurrent/ATL/
05/30/2014
cp tiff/2014/05/1855366310.tif tiffCurrent/ATL/
05/30/2014
cp tiff/2014/05/3304904804.tif tiffCurrent/ATL/
05/30/2014
cp tiff/2014/05/1855361010.tif tiffCurrent/ATL/
05/30/2014
cp tiff/2014/05/1855821410.tif tiffCurrent/ATL/
05/30/2014
cp tiff/2014/05/1855343504.tif tiffCurrent/ATL/
05/30/2014
cp tiff/2014/05/3304903404.tif tiffCurrent/ATL/
05/30/2014
cp tiff/2014/05/1855821010.tif tiffCurrent/ATL/
05/30/2014
cp tiff/2014/05/1855343404.tif tiffCurrent/ATL/
05/30/2014
cp tiff/2014/05/3304887910.tif tiffCurrent/ATL/
05/30/2014
cp tiff/2014/05/1855366610.tif tiffCurrent/ATL/
05/30/2014
cp tiff/2014/05/1855363710.tif tiffCurrent/ATL/
05/30/2014
cp tiff/2014/05/1855343304.tif tiffCurrent/ATL/
05/30/2014
cp tiff/2014/05/3304903304.tif tiffCurrent/ATL/
05/30/2014
cp tiff/2014/05/1855366510.tif tiffCurrent/ATL/
05/30/2014
cp tiff/2014/05/1855821210.tif tiffCurrent/ATL/
05/30/2014
cp tiff/2014/05/1309298502.tif tiffCurrent/SAC/
05/30/2014
cp tiff/2014/05/1855822410.tif tiffCurrent/ATL/
05/30/2014
cp tiff/2014/05/3304887810.tif tiffCurrent/ATL/
05/30/2014
cp tiff/2014/05/1855366410.tif tiffCurrent/ATL/
05/30/2014
cp tiff/2014/05/1855343204.tif tiffCurrent/ATL/
05/30/2014
cp tiff/2014/05/3304903204.tif tiffCurrent/ATL/
05/30/2014
cp tiff/2014/05/1855363810.tif tiffCurrent/ATL/
05/30/2014
cp tiff/2014/05/1855346404.tif tiffCurrent/ATL/
05/30/2014
cp tiff/2014/05/1855821110.tif tiffCurrent/ATL/
05/30/2014
cp tiff/2014/05/3304905504.tif tiffCurrent/ATL/
05/30/2014
cp tiff/2014/05/1855839710.tif tiffCurrent/ATL/
05/30/2014
cp tiff/2014/05/1855865910.tif tiffCurrent/ATL/
05/30/2014
cp tiff/2014/05/1855370610.tif tiffCurrent/ATL/
05/30/2014
cp tiff/2014/05/1855366210.tif tiffCurrent/ATL/
05/30/2014
cp tiff/2014/05/1855343104.tif tiffCurrent/ATL/
05/30/2014
cp tiff/2014/05/3304903104.tif tiffCurrent/ATL/
05/30/2014
cp tiff/2014/05/1855820710.tif tiffCurrent/ATL/
05/30/2014
cp tiff/2014/05/1855363610.tif tiffCurrent/ATL/
05/30/2014
cp tiff/2014/05/1855786003.tif tiffCurrent/ATL/
05/30/2014
cp tiff/2014/05/1855346204.tif tiffCurrent/ATL/
05/30/2014
cp tiff/2014/05/3304905304.tif tiffCurrent/ATL/
05/30/2014
cp tiff/2014/05/1855343004.tif tiffCurrent/ATL/
05/30/2014
cp tiff/2014/05/3304903004.tif tiffCurrent/ATL/
05/30/2014
cp tiff/2014/05/1855785803.tif tiffCurrent/ATL/
05/30/2014
cp tiff/2014/05/3304886510.tif tiffCurrent/ATL/
05/30/2014
cp tiff/2014/05/1309345502.tif tiffCurrent/SAC/
05/30/2014
cp tiff/2014/05/1855782903.tif tiffCurrent/ATL/
05/30/2014
cp tiff/2014/05/3304879303.tif tiffCurrent/ATL/
05/30/2014
cp tiff/2014/05/1855786203.tif tiffCurrent/ATL/
05/30/2014
cp tiff/2014/05/1855346104.tif tiffCurrent/ATL/
05/30/2014
cp tiff/2014/05/3304905204.tif tiffCurrent/ATL/
05/30/2014
cp tiff/2014/05/1309352902.tif tiffCurrent/SAC/
05/30/2014
cp tiff/2014/05/1855342804.tif tiffCurrent/ATL/
05/30/2014
cp tiff/2014/05/1855342904.tif tiffCurrent/ATL/
05/30/2014
cp tiff/2014/05/3304902804.tif tiffCurrent/ATL/
05/30/2014
cp tiff/2014/05/1855363510.tif tiffCurrent/ATL/
05/30/2014
cp tiff/2014/05/3304887610.tif tiffCurrent/ATL/
05/30/2014
cp tiff/2014/05/1855366110.tif tiffCurrent/ATL/
05/30/2014
cp tiff/2014/05/1855346004.tif tiffCurrent/ATL/
05/30/2014
cp tiff/2014/05/1855785903.tif tiffCurrent/ATL/
05/30/2014
cp tiff/2014/05/1855345904.tif tiffCurrent/ATL/
05/30/2014
cp tiff/2014/05/3304905104.tif tiffCurrent/ATL/
05/30/2014
cp tiff/2014/05/1855823103.tif tiffCurrent/ATL/
05/30/2014
cp tiff/2014/05/1855822903.tif tiffCurrent/ATL/
05/30/2014
cp tiff/2014/05/3304887510.tif tiffCurrent/ATL/
05/30/2014
cp tiff/2014/05/1855363310.tif tiffCurrent/ATL/
05/30/2014
cp tiff/2014/05/1855366010.tif tiffCurrent/ATL/
05/30/2014
cp tiff/2014/05/1855786103.tif tiffCurrent/ATL/
05/30/2014
cp tiff/2014/05/3304902904.tif tiffCurrent/ATL/
05/30/2014
cp tiff/2014/05/1855342604.tif tiffCurrent/ATL/
05/30/2014
cp tiff/2014/05/1309352702.tif tiffCurrent/SAC/
05/30/2014
cp tiff/2014/05/3304902604.tif tiffCurrent/ATL/
05/30/2014
cp tiff/2014/05/3304902704.tif tiffCurrent/ATL/
05/30/2014
cp tiff/2014/05/1855342704.tif tiffCurrent/ATL/
05/30/2014
cp tiff/2014/05/1855782803.tif tiffCurrent/ATL/
05/30/2014
cp tiff/2014/05/1855786303.tif tiffCurrent/ATL/
05/30/2014
cp tiff/2014/05/1855783003.tif tiffCurrent/ATL/
05/30/2014
cp tiff/2014/05/1309345602.tif tiffCurrent/SAC/
05/30/2014
cp tiff/2014/05/1309353202.tif tiffCurrent/SAC/
05/30/2014
cp tiff/2014/05/3304915512.tif tiffCurrent/ATL/
05/30/2014
cp tiff/2014/05/1855812412.tif tiffCurrent/ATL/
05/30/2014
cp tiff/2014/05/1855088712.tif tiffCurrent/ATL/
05/30/2014
cp tiff/2014/05/1855087712.tif tiffCurrent/ATL/
05/30/2014
cp tiff/2014/05/1855087512.tif tiffCurrent/ATL/
05/30/2014
cp tiff/2014/05/1309345702.tif tiffCurrent/SAC/
05/30/2014
cp tiff/2014/05/1309354502.tif tiffCurrent/SAC/
05/30/2014
cp tiff/2014/05/1309353102.tif tiffCurrent/SAC/
05/30/2014
cp tiff/2014/05/1309353302.tif tiffCurrent/SAC/
05/30/2014
cp tiff/2014/05/1309354202.tif tiffCurrent/SAC/
05/30/2014
cp tiff/2014/05/1855342504.tif tiffCurrent/ATL/
05/30/2014
cp tiff/2014/05/1855784303.tif tiffCurrent/ATL/
05/30/2014
cp tiff/2014/05/1855363110.tif tiffCurrent/ATL/
05/30/2014
cp tiff/2014/05/3304902504.tif tiffCurrent/ATL/
05/30/2014
cp tiff/2014/05/1855345804.tif tiffCurrent/ATL/
05/30/2014
cp tiff/2014/05/3304905004.tif tiffCurrent/ATL/
05/30/2014
cp tiff/2014/05/1855345604.tif tiffCurrent/ATL/
05/30/2014
cp tiff/2014/05/1855365910.tif tiffCurrent/ATL/
05/30/2014
cp tiff/2014/05/1855365410.tif tiffCurrent/ATL/
05/30/2014
cp tiff/2014/05/1855784103.tif tiffCurrent/ATL/
05/30/2014
cp tiff/2014/05/1855822110.tif tiffCurrent/ATL/
05/30/2014
cp tiff/2014/05/1855368410.tif tiffCurrent/ATL/
05/30/2014
cp tiff/2014/05/1855783603.tif tiffCurrent/ATL/
05/30/2014
cp tiff/2014/05/1855345704.tif tiffCurrent/ATL/
05/30/2014
cp tiff/2014/05/3304904904.tif tiffCurrent/ATL/
05/30/2014
cp tiff/2014/05/3304889910.tif tiffCurrent/ATL/
05/30/2014
cp tiff/2014/05/1855368810.tif tiffCurrent/ATL/
05/30/2014
cp tiff/2014/05/1855823003.tif tiffCurrent/ATL/
05/30/2014
cp tiff/2014/05/3304887310.tif tiffCurrent/ATL/
05/30/2014
cp tiff/2014/05/1855365810.tif tiffCurrent/ATL/
05/30/2014
cp tiff/2014/05/1855822010.tif tiffCurrent/ATL/
05/30/2014
cp tiff/2014/05/1855783703.tif tiffCurrent/ATL/
05/30/2014
cp tiff/2014/05/1855365710.tif tiffCurrent/ATL/
05/30/2014
cp tiff/2014/05/3304904704.tif tiffCurrent/ATL/
05/30/2014
cp tiff/2014/05/1855345404.tif tiffCurrent/ATL/
05/30/2014
cp tiff/2014/05/1855823203.tif tiffCurrent/ATL/
05/30/2014
cp tiff/2014/05/3304887210.tif tiffCurrent/ATL/
05/30/2014
cp tiff/2014/05/3304887110.tif tiffCurrent/ATL/
05/30/2014
cp tiff/2014/05/1855365610.tif tiffCurrent/ATL/
05/30/2014
cp tiff/2014/05/1855822810.tif tiffCurrent/ATL/
05/30/2014
cp tiff/2014/05/1855365310.tif tiffCurrent/ATL/
05/30/2014
cp tiff/2014/05/3304886810.tif tiffCurrent/ATL/
05/30/2014
cp tiff/2014/05/3304886910.tif tiffCurrent/ATL/
05/30/2014
cp tiff/2014/05/1855345304.tif tiffCurrent/ATL/
05/30/2014
cp tiff/2014/05/1855364710.tif tiffCurrent/ATL/
05/30/2014
cp tiff/2014/05/3304886710.tif tiffCurrent/ATL/
05/30/2014
cp tiff/2014/05/1855783103.tif tiffCurrent/ATL/
05/30/2014
cp tiff/2014/05/1855369510.tif tiffCurrent/ATL/
05/30/2014
cp tiff/2014/05/1855822710.tif tiffCurrent/ATL/
05/30/2014
cp tiff/2014/05/1855368310.tif tiffCurrent/ATL/
05/30/2014
cp tiff/2014/05/3304889510.tif tiffCurrent/ATL/
05/30/2014
cp tiff/2014/05/1855345204.tif tiffCurrent/ATL/
05/30/2014
cp tiff/2014/05/3304904604.tif tiffCurrent/ATL/
05/30/2014
cp tiff/2014/05/1309354102.tif tiffCurrent/SAC/
05/30/2014
cp tiff/2014/05/1309352402.tif tiffCurrent/SAC/
05/30/2014
cp tiff/2014/05/3304890610.tif tiffCurrent/ATL/
05/30/2014
cp tiff/2014/05/1855822610.tif tiffCurrent/ATL/
05/30/2014
cp tiff/2014/05/1855783203.tif tiffCurrent/ATL/
05/30/2014
cp tiff/2014/05/1855345104.tif tiffCurrent/ATL/
05/30/2014
cp tiff/2014/05/3304904504.tif tiffCurrent/ATL/
05/30/2014
cp tiff/2014/05/1855367810.tif tiffCurrent/ATL/
05/30/2014
cp tiff/2014/05/3304889110.tif tiffCurrent/ATL/
05/30/2014
cp tiff/2014/05/1855369410.tif tiffCurrent/ATL/
05/30/2014
cp tiff/2014/05/3304890510.tif tiffCurrent/ATL/
05/30/2014
cp tiff/2014/05/1855783403.tif tiffCurrent/ATL/
05/30/2014
cp tiff/2014/05/1855367710.tif tiffCurrent/ATL/
05/30/2014
cp tiff/2014/05/3304889010.tif tiffCurrent/ATL/
05/30/2014
cp tiff/2014/05/1855368210.tif tiffCurrent/ATL/
05/30/2014
cp tiff/2014/05/1855364610.tif tiffCurrent/ATL/
05/30/2014
cp tiff/2014/05/3304886610.tif tiffCurrent/ATL/
05/30/2014
cp tiff/2014/05/1855369310.tif tiffCurrent/ATL/
05/30/2014
cp tiff/2014/05/3304890410.tif tiffCurrent/ATL/
05/30/2014
cp tiff/2014/05/1855037203.tif tiffCurrent/ATL/
05/30/2014
cp tiff/2014/05/1855368110.tif tiffCurrent/ATL/
05/30/2014
cp tiff/2014/05/3304889410.tif tiffCurrent/ATL/
05/30/2014
cp tiff/2014/05/3304888810.tif tiffCurrent/ATL/
05/30/2014
cp tiff/2014/05/1855367510.tif tiffCurrent/ATL/
05/30/2014
cp tiff/2014/05/1309353802.tif tiffCurrent/SAC/
05/30/2014
cp tiff/2014/05/1855037403.tif tiffCurrent/ATL/
05/30/2014
cp tiff/2014/05/1309354802.tif tiffCurrent/SAC/
05/30/2014
cp tiff/2014/05/1855037303.tif tiffCurrent/ATL/
05/30/2014
cp tiff/2014/05/1309353602.tif tiffCurrent/SAC/
05/30/2014
cp tiff/2014/05/1855036903.tif tiffCurrent/ATL/
05/30/2014
cp tiff/2014/05/3304895103.tif tiffCurrent/ATL/
05/30/2014
cp tiff/2014/05/3304894903.tif tiffCurrent/ATL/
05/30/2014
cp tiff/2014/05/3304889310.tif tiffCurrent/ATL/
05/30/2014
cp tiff/2014/05/1855368010.tif tiffCurrent/ATL/
05/30/2014
cp tiff/2014/05/3304889210.tif tiffCurrent/ATL/
05/30/2014
cp tiff/2014/05/1855367910.tif tiffCurrent/ATL/
05/30/2014
cp tiff/2014/05/1855037103.tif tiffCurrent/ATL/
05/30/2014
cp tiff/2014/05/1855369610.tif tiffCurrent/ATL/
05/30/2014
cp tiff/2014/05/3304908412.tif tiffCurrent/ATL/
05/30/2014
cp tiff/2014/05/3304909812.tif tiffCurrent/ATL/
05/30/2014
cp tiff/2014/05/3304907612.tif tiffCurrent/ATL/
05/30/2014
cp tiff/2014/05/3304907812.tif tiffCurrent/ATL/
05/30/2014
cp tiff/2014/05/3304908212.tif tiffCurrent/ATL/
05/30/2014
cp tiff/2014/05/3304909910.tif tiffCurrent/ATL/
05/30/2014
cp tiff/2014/05/1855056112.tif tiffCurrent/ATL/
05/30/2014
cp tiff/2014/05/1855054012.tif tiffCurrent/ATL/
05/30/2014
cp tiff/2014/05/1855054312.tif tiffCurrent/ATL/
05/30/2014
cp tiff/2014/05/3304895003.tif tiffCurrent/ATL/
05/30/2014
cp tiff/2014/05/1855037003.tif tiffCurrent/ATL/
05/30/2014
cp tiff/2014/05/1309352602.tif tiffCurrent/SAC/
05/30/2014
cp tiff/2014/05/1309354302.tif tiffCurrent/SAC/
05/30/2014
cp tiff/2014/05/1855367610.tif tiffCurrent/ATL/
05/30/2014
cp tiff/2014/05/3304888910.tif tiffCurrent/ATL/
05/30/2014
cp tiff/2014/05/1309352802.tif tiffCurrent/SAC/
05/30/2014
cp tiff/2014/05/1855821910.tif tiffCurrent/ATL/
05/30/2014
cp tiff/2014/05/1309354702.tif tiffCurrent/SAC/
05/30/2014
cp tiff/2014/05/1309354602.tif tiffCurrent/SAC/
05/30/2014
cp tiff/2014/05/1309355502.tif tiffCurrent/SAC/
05/30/2014
cp tiff/2014/05/1309355402.tif tiffCurrent/SAC/
05/30/2014
cp tiff/2014/05/1309355302.tif tiffCurrent/SAC/
05/30/2014
cp tiff/2014/05/1309355202.tif tiffCurrent/SAC/
05/30/2014
cp tiff/2014/05/1309353702.tif tiffCurrent/SAC/
05/30/2014
cp tiff/2014/05/1309355102.tif tiffCurrent/SAC/
05/30/2014
cp tiff/2014/05/1309353502.tif tiffCurrent/SAC/
05/30/2014
cp tiff/2014/05/1309353402.tif tiffCurrent/SAC/
05/30/2014
cp tiff/2014/05/1309355002.tif tiffCurrent/SAC/
05/30/2014
cp tiff/2014/05/1309354902.tif tiffCurrent/SAC/
05/30/2014
cp tiff/2014/05/1855367410.tif tiffCurrent/ATL/
05/30/2014
cp tiff/2014/05/3304888710.tif tiffCurrent/ATL/
05/30/2014
cp tiff/2014/05/1309354402.tif tiffCurrent/SAC/
05/30/2014
cp tiff/2014/05/1309351802.tif tiffCurrent/SAC/
05/30/2014
cp tiff/2014/05/1309353002.tif tiffCurrent/SAC/
05/30/2014
cp tiff/2014/05/1855367310.tif tiffCurrent/ATL/
05/30/2014
cp tiff/2014/05/3304888610.tif tiffCurrent/ATL/
05/30/2014
cp tiff/2014/05/1309353902.tif tiffCurrent/SAC/
05/30/2014
cp tiff/2014/05/3304888210.tif tiffCurrent/ATL/
05/30/2014
cp tiff/2014/05/1855366910.tif tiffCurrent/ATL/
05/30/2014
cp tiff/2014/05/3304888110.tif tiffCurrent/ATL/
05/30/2014
cp tiff/2014/05/1855366810.tif tiffCurrent/ATL/
05/30/2014
cp tiff/2014/05/3304888510.tif tiffCurrent/ATL/
05/30/2014
cp tiff/2014/05/1855367210.tif tiffCurrent/ATL/
05/30/2014
cp tiff/2014/05/1855366710.tif tiffCurrent/ATL/
05/30/2014
cp tiff/2014/05/3304888010.tif tiffCurrent/ATL/
05/30/2014
cp tiff/2014/05/3304888410.tif tiffCurrent/ATL/
05/30/2014
cp tiff/2014/05/1855367110.tif tiffCurrent/ATL/
05/30/2014
cp tiff/2014/05/3304888310.tif tiffCurrent/ATL/
05/30/2014
cp tiff/2014/05/1855367010.tif tiffCurrent/ATL/
05/30/2014
cp tiff/2014/05/1309352502.tif tiffCurrent/SAC/
05/30/2014
cp tiff/2014/05/1309352302.tif tiffCurrent/SAC/
05/30/2014
cp tiff/2014/05/1309352202.tif tiffCurrent/SAC/
05/30/2014
cp tiff/2014/05/1309352102.tif tiffCurrent/SAC/
05/30/2014
cp tiff/2014/05/1309351902.tif tiffCurrent/SAC/
05/30/2014
cp tiff/2014/05/1309289702.tif tiffCurrent/SAC/
05/30/2014
cp tiff/2014/05/1309289402.tif tiffCurrent/SAC/
05/30/2014
cp tiff/2014/05/1309289502.tif tiffCurrent/SAC/
05/30/2014
cp tiff/2014/05/1309289302.tif tiffCurrent/SAC/
05/30/2014
cp tiff/2014/05/1309289102.tif tiffCurrent/SAC/
05/30/2014
cp tiff/2014/05/1309289202.tif tiffCurrent/SAC/
05/30/2014
cp tiff/2014/05/1309289002.tif tiffCurrent/SAC/
05/30/2014
cp tiff/2014/05/1309288902.tif tiffCurrent/SAC/
05/30/2014
cp tiff/2014/05/1309288802.tif tiffCurrent/SAC/
05/30/2014
cp tiff/2014/05/1309288702.tif tiffCurrent/SAC/
05/30/2014
cp tiff/2014/05/1309289602.tif tiffCurrent/SAC/
05/30/2014
8
05/22/2014

1855805110
1855789004
1855172310
1855805210
1855805310
1855802810
1855805510
1855805410
1855797804
1855172210
1855802710
1855792704
1855797704
1855805610
1855797904
1855792604
1855792504
1855802610
1855792404
1855796804
3304896004
1855131604
1855805710
1855793904
1855172010
1855796704
1855797604
1855790904
1855792304
1855805810
1855802310
1855135304
3304897904
1855793804
1855132504
3304896704
1855792204
1855802510
1855790804
1855796604
1855137204
3304898404
1855792104
1855790504
1855805910
1855790704
1855132404
3304896604
1855802410
1855806010
1855793704
1855788904
3304895904
1855131104
1855806110
1855170310
1855790604
1855796504
1855793604
1855790404
1855137404
1855164710
3304898504
1855791504
1855135204
1309291202
1309295602
3304897804
1855792004
1855790304
1855796304
1855793504
1855797504
1855788704
1855137004
3304898304
1855790204
1855788504
1855796204
3304895804
1855130904
1309295702
1855790104
1855797404
1855796004
1855790004
1855788604
1855172110
1309355802
1855132304
3304895704
1855130704
3304896504
1855793404
1855789904
1855136404
3304882210
1855169510
1855789804
1855788304
1309291502
1309295502
1855793304
1855797304
1855807110
1855805010
1855789704
1855791704
1855132204
1855797204
1855796104
1855807010
3304896404
1309295002
1855795904
1855788204
1855806910
1855789604
1855132104
3304896304
1855172610
1855791804
1309290402
1309299502
1855791904
1855804910
1855135104
1855797104
3304897704
1855132004
1855789504
1855807210
3304896204
1855804210
1309293202
1309290902
1309292902
1309294902
1309293102
1309356002
1855807310
1855171810
1855808403
1855788404
1855795804
1855797004
1855793204
1855791604
1309117103
1309280802
3093825802
1309290602
1309299402
1309294802
1309293502
1855789304
1855795704
3304896104
1855131904
1855786403
3304880710
1855166710
3304895604
1855789204
1855130504
1855806810
3304880210
1855166010
1855789104
1309117102
1309294502
1855793104
1855796904
1855786603
1855804110
1855808103
1855170510
3304883210
1855791404
1855135004
3304897604
1855789404
1855803610
1855808303
1855795604
1855791304
1855135804
3304898204
1309293902
1309293302
1309356102
1855791204
1855804810
1855135904
1309299202
1309295302
1309293402
1855806710
1855788104
1855803510
1855804010
1855791104
1855134804
3304897404
1855166610
1855803310
1309295202
1309292802
1309291402
1855791004
3304880910
1855167610
1855788004
1855803410
1855795204
1855804710
1855131804
3304880110
1855165910
1855806610
1855135604
3304898104
1309299302
1309295402
1855171010
1855787904
1855786703
1855172510
1855130104
1855804610
1855795404
1855135504
1309293002
1309356202
1309291902
1309292702
1309294702
1855803110
1855134904
1855806410
3304897504
1855803810
1855171510
1855784403
1855795304
1309356302
1309294102
3304880810
1855167510
1855170910
1855165610
1855784503
3304883510
1855804510
1855803010
1309295102
1309290302
1855803910
1855808203
1855806210
1855170810
3304883410
1855796404
1855787704
1309288502
1309299602
1309294602
1309293802
1309297902
1855785603
1855167410
3304880510
1855166410
3304879610
1855165210
3304882810
1855171910
1855170110
1855168510
1855802910
1855787604
1855806310
1309291102
1309355902
1309288602
1309289902
1855170710
3304883310
3304881210
3304882710
1855170010
1309355702
1309293602
1309117302
1309117303
3093826002
1309281002
1855171410
1855172410
3304885010
1855785703
3304880010
1855165710
1855785303
1309290002
1309292002
1309293702
1855170610
1855807910
1855165810
1855785503
1309290202
1855168410
3304881110
3304879710
1855165310
1855785403
1309297802
1309292202
1309292102
1855804410
1855807710
1855803710
1309290802
1309294302
3304882610
3304879810
1855165410
1855169910
1855785103
1855821710
1309299102
1309291602
1855166310
1855785003
1855807810
1309292302
1309299002
1309290502
1855784803
1309355602
1309294002
1855169810
3304882510
3304880410
1855166210
1309292502
1309280902
1309117203
1309117202
1309291302
3093825902
1855169710
3304882410
1855807510
1855168010
1309291702
1309298802
1309292402
3304884410
3304884310
1855784903
1309290702
1309291002
1855037703
1855169610
3304882310
1309298902
1309290102
3304881910
1855169210
3304895503
1855037903
1855804310
1309281602
1309294402
3304895303
1855037603
3304880310
1855166110
1855169410
3304882110
1855785203
1309292602
1309298402
3304882010
1855169310
3304895403
1309298602
1855037803
1855170410
3304883110
1855170210
3304882910
1309298702
1309291802
1309294202
1309171002
1309171003
1309345302
3093867402
1309281702
3304909212
3304909012
1309171102
1309171103
1309345402
3304908012
3304908312
1309298002
1309297602
1309295902
1309295802
1855811512
1855811812
1855811612
1855811712
1855811412
1855811912
1855056212
1855055912
1855054112
1855054512
1855054912
1855062412
3304915912
1855089712
3304905612
1855050412
1855824812
1855824112
1855824512
1855825112
1855824412
1855824612
1855825312
1855824712
1855824312
1855824212
3304915312
3304915212
1855825212
1855824912
3304915112
1855825012
3304909612
3304909512
1855088012
3304909412
3304909312
3304915712
1855825412
1855056712
1855056612
1855087812
1855087912
1855056512
1855087612
1855056412
1855056312
1855087212
1855086912
1855086712
1855812012
1855816314
1855816214
1855816114
1855815714
1855815514
1855815614
1855815314
1855815414
1855815214
1855815814
1855815914
1855006414
1855816014
3304891814
1855006514
1855006114
1855006014
1855006314
1855006214
1855006714
1855816514
1855006614
1855815014
1855814614
1855816414
1855814914
1855814714
1855005910
1855814814
1855815114
1309296702
1309296602
1309296502
1309296402
1309296302
1309296202
1309297202
3304894703bad
1309117802
1309117803
1309281502
3093826202
3093826302
1309117602
1309117603
1309281302
3093826102
1309117402
1309117403
1309281102
1309117702
1309117703
1309281402
---0% --------20% --------40% --------60% --------80% --------100% -----cp tiff/2014/05/1855805110.tif tiffCurrent/ATL/
05/30/2014
cp tiff/2014/05/1855789004.tif tiffCurrent/ATL/
05/30/2014
cp tiff/2014/05/1855172310.tif tiffCurrent/ATL/
05/30/2014
cp tiff/2014/05/1855805210.tif tiffCurrent/ATL/
05/30/2014
cp tiff/2014/05/1855805310.tif tiffCurrent/ATL/
05/30/2014
cp tiff/2014/05/1855802810.tif tiffCurrent/ATL/
05/30/2014
cp tiff/2014/05/1855805510.tif tiffCurrent/ATL/
05/30/2014
cp tiff/2014/05/1855805410.tif tiffCurrent/ATL/
05/30/2014
cp tiff/2014/05/1855797804.tif tiffCurrent/ATL/
05/30/2014
cp tiff/2014/05/1855172210.tif tiffCurrent/ATL/
05/30/2014
cp tiff/2014/05/1855802710.tif tiffCurrent/ATL/
05/30/2014
cp tiff/2014/05/1855792704.tif tiffCurrent/ATL/
05/30/2014
cp tiff/2014/05/1855797704.tif tiffCurrent/ATL/
05/30/2014
cp tiff/2014/05/1855805610.tif tiffCurrent/ATL/
05/30/2014
cp tiff/2014/05/1855797904.tif tiffCurrent/ATL/
05/30/2014
cp tiff/2014/05/1855792604.tif tiffCurrent/ATL/
05/30/2014
cp tiff/2014/05/1855792504.tif tiffCurrent/ATL/
05/30/2014
cp tiff/2014/05/1855802610.tif tiffCurrent/ATL/
05/30/2014
cp tiff/2014/05/1855792404.tif tiffCurrent/ATL/
05/30/2014
cp tiff/2014/05/1855796804.tif tiffCurrent/ATL/
05/30/2014
cp tiff/2014/05/3304896004.tif tiffCurrent/ATL/
05/30/2014
cp tiff/2014/05/1855131604.tif tiffCurrent/ATL/
05/30/2014
cp tiff/2014/05/1855805710.tif tiffCurrent/ATL/
05/30/2014
cp tiff/2014/05/1855793904.tif tiffCurrent/ATL/
05/30/2014
cp tiff/2014/05/1855172010.tif tiffCurrent/ATL/
05/30/2014
cp tiff/2014/05/1855796704.tif tiffCurrent/ATL/
05/30/2014
cp tiff/2014/05/1855797604.tif tiffCurrent/ATL/
05/30/2014
cp tiff/2014/05/1855790904.tif tiffCurrent/ATL/
05/30/2014
cp tiff/2014/05/1855792304.tif tiffCurrent/ATL/
05/30/2014
cp tiff/2014/05/1855805810.tif tiffCurrent/ATL/
05/30/2014
cp tiff/2014/05/1855802310.tif tiffCurrent/ATL/
05/30/2014
cp tiff/2014/05/1855135304.tif tiffCurrent/ATL/
05/30/2014
cp tiff/2014/05/3304897904.tif tiffCurrent/ATL/
05/30/2014
cp tiff/2014/05/1855793804.tif tiffCurrent/ATL/
05/30/2014
cp tiff/2014/05/1855132504.tif tiffCurrent/ATL/
05/30/2014
cp tiff/2014/05/3304896704.tif tiffCurrent/ATL/
05/30/2014
cp tiff/2014/05/1855792204.tif tiffCurrent/ATL/
05/30/2014
cp tiff/2014/05/1855802510.tif tiffCurrent/ATL/
05/30/2014
cp tiff/2014/05/1855790804.tif tiffCurrent/ATL/
05/30/2014
cp tiff/2014/05/1855796604.tif tiffCurrent/ATL/
05/30/2014
cp tiff/2014/05/1855137204.tif tiffCurrent/ATL/
05/30/2014
cp tiff/2014/05/3304898404.tif tiffCurrent/ATL/
05/30/2014
cp tiff/2014/05/1855792104.tif tiffCurrent/ATL/
05/30/2014
cp tiff/2014/05/1855790504.tif tiffCurrent/ATL/
05/30/2014
cp tiff/2014/05/1855805910.tif tiffCurrent/ATL/
05/30/2014
cp tiff/2014/05/1855790704.tif tiffCurrent/ATL/
05/30/2014
cp tiff/2014/05/1855132404.tif tiffCurrent/ATL/
05/30/2014
cp tiff/2014/05/3304896604.tif tiffCurrent/ATL/
05/30/2014
cp tiff/2014/05/1855802410.tif tiffCurrent/ATL/
05/30/2014
cp tiff/2014/05/1855806010.tif tiffCurrent/ATL/
05/30/2014
cp tiff/2014/05/1855793704.tif tiffCurrent/ATL/
05/30/2014
cp tiff/2014/05/1855788904.tif tiffCurrent/ATL/
05/30/2014
cp tiff/2014/05/3304895904.tif tiffCurrent/ATL/
05/30/2014
cp tiff/2014/05/1855131104.tif tiffCurrent/ATL/
05/30/2014
cp tiff/2014/05/1855806110.tif tiffCurrent/ATL/
05/30/2014
cp tiff/2014/05/1855170310.tif tiffCurrent/ATL/
05/30/2014
cp tiff/2014/05/1855790604.tif tiffCurrent/ATL/
05/30/2014
cp tiff/2014/05/1855796504.tif tiffCurrent/ATL/
05/30/2014
cp tiff/2014/05/1855793604.tif tiffCurrent/ATL/
05/30/2014
cp tiff/2014/05/1855790404.tif tiffCurrent/ATL/
05/30/2014
cp tiff/2014/05/1855137404.tif tiffCurrent/ATL/
05/30/2014
cp tiff/2014/05/1855164710.tif tiffCurrent/ATL/
05/30/2014
cp tiff/2014/05/3304898504.tif tiffCurrent/ATL/
05/30/2014
cp tiff/2014/05/1855791504.tif tiffCurrent/ATL/
05/30/2014
cp tiff/2014/05/1855135204.tif tiffCurrent/ATL/
05/30/2014
cp tiff/2014/05/1309291202.tif tiffCurrent/SAC/
05/30/2014
cp tiff/2014/05/1309295602.tif tiffCurrent/SAC/
05/30/2014
cp tiff/2014/05/3304897804.tif tiffCurrent/ATL/
05/30/2014
cp tiff/2014/05/1855792004.tif tiffCurrent/ATL/
05/30/2014
cp tiff/2014/05/1855790304.tif tiffCurrent/ATL/
05/30/2014
cp tiff/2014/05/1855796304.tif tiffCurrent/ATL/
05/30/2014
cp tiff/2014/05/1855793504.tif tiffCurrent/ATL/
05/30/2014
cp tiff/2014/05/1855797504.tif tiffCurrent/ATL/
05/30/2014
cp tiff/2014/05/1855788704.tif tiffCurrent/ATL/
05/30/2014
cp tiff/2014/05/1855137004.tif tiffCurrent/ATL/
05/30/2014
cp tiff/2014/05/3304898304.tif tiffCurrent/ATL/
05/30/2014
cp tiff/2014/05/1855790204.tif tiffCurrent/ATL/
05/30/2014
cp tiff/2014/05/1855788504.tif tiffCurrent/ATL/
05/30/2014
cp tiff/2014/05/1855796204.tif tiffCurrent/ATL/
05/30/2014
cp tiff/2014/05/3304895804.tif tiffCurrent/ATL/
05/30/2014
cp tiff/2014/05/1855130904.tif tiffCurrent/ATL/
05/30/2014
cp tiff/2014/05/1309295702.tif tiffCurrent/SAC/
05/30/2014
cp tiff/2014/05/1855790104.tif tiffCurrent/ATL/
05/30/2014
cp tiff/2014/05/1855797404.tif tiffCurrent/ATL/
05/30/2014
cp tiff/2014/05/1855796004.tif tiffCurrent/ATL/
05/30/2014
cp tiff/2014/05/1855790004.tif tiffCurrent/ATL/
05/30/2014
cp tiff/2014/05/1855788604.tif tiffCurrent/ATL/
05/30/2014
cp tiff/2014/05/1855172110.tif tiffCurrent/ATL/
05/30/2014
cp tiff/2014/05/1309355802.tif tiffCurrent/SAC/
05/30/2014
cp tiff/2014/05/1855132304.tif tiffCurrent/ATL/
05/30/2014
cp tiff/2014/05/3304895704.tif tiffCurrent/ATL/
05/30/2014
cp tiff/2014/05/1855130704.tif tiffCurrent/ATL/
05/30/2014
cp tiff/2014/05/3304896504.tif tiffCurrent/ATL/
05/30/2014
cp tiff/2014/05/1855793404.tif tiffCurrent/ATL/
05/30/2014
cp tiff/2014/05/1855789904.tif tiffCurrent/ATL/
05/30/2014
cp tiff/2014/05/1855136404.tif tiffCurrent/ATL/
05/30/2014
cp tiff/2014/05/3304882210.tif tiffCurrent/ATL/
05/30/2014
cp tiff/2014/05/1855169510.tif tiffCurrent/ATL/
05/30/2014
cp tiff/2014/05/1855789804.tif tiffCurrent/ATL/
05/30/2014
cp tiff/2014/05/1855788304.tif tiffCurrent/ATL/
05/30/2014
cp tiff/2014/05/1309291502.tif tiffCurrent/SAC/
05/30/2014
cp tiff/2014/05/1309295502.tif tiffCurrent/SAC/
05/30/2014
cp tiff/2014/05/1855793304.tif tiffCurrent/ATL/
05/30/2014
cp tiff/2014/05/1855797304.tif tiffCurrent/ATL/
05/30/2014
cp tiff/2014/05/1855807110.tif tiffCurrent/ATL/
05/30/2014
cp tiff/2014/05/1855805010.tif tiffCurrent/ATL/
05/30/2014
cp tiff/2014/05/1855789704.tif tiffCurrent/ATL/
05/30/2014
cp tiff/2014/05/1855791704.tif tiffCurrent/ATL/
05/30/2014
cp tiff/2014/05/1855132204.tif tiffCurrent/ATL/
05/30/2014
cp tiff/2014/05/1855797204.tif tiffCurrent/ATL/
05/30/2014
cp tiff/2014/05/1855796104.tif tiffCurrent/ATL/
05/30/2014
cp tiff/2014/05/1855807010.tif tiffCurrent/ATL/
05/30/2014
cp tiff/2014/05/3304896404.tif tiffCurrent/ATL/
05/30/2014
cp tiff/2014/05/1309295002.tif tiffCurrent/SAC/
05/30/2014
cp tiff/2014/05/1855795904.tif tiffCurrent/ATL/
05/30/2014
cp tiff/2014/05/1855788204.tif tiffCurrent/ATL/
05/30/2014
cp tiff/2014/05/1855806910.tif tiffCurrent/ATL/
05/30/2014
cp tiff/2014/05/1855789604.tif tiffCurrent/ATL/
05/30/2014
cp tiff/2014/05/1855132104.tif tiffCurrent/ATL/
05/30/2014
cp tiff/2014/05/3304896304.tif tiffCurrent/ATL/
05/30/2014
cp tiff/2014/05/1855172610.tif tiffCurrent/ATL/
05/30/2014
cp tiff/2014/05/1855791804.tif tiffCurrent/ATL/
05/30/2014
cp tiff/2014/05/1309290402.tif tiffCurrent/SAC/
05/30/2014
cp tiff/2014/05/1309299502.tif tiffCurrent/SAC/
05/30/2014
cp tiff/2014/05/1855791904.tif tiffCurrent/ATL/
05/30/2014
cp tiff/2014/05/1855804910.tif tiffCurrent/ATL/
05/30/2014
cp tiff/2014/05/1855135104.tif tiffCurrent/ATL/
05/30/2014
cp tiff/2014/05/1855797104.tif tiffCurrent/ATL/
05/30/2014
cp tiff/2014/05/3304897704.tif tiffCurrent/ATL/
05/30/2014
cp tiff/2014/05/1855132004.tif tiffCurrent/ATL/
05/30/2014
cp tiff/2014/05/1855789504.tif tiffCurrent/ATL/
05/30/2014
cp tiff/2014/05/1855807210.tif tiffCurrent/ATL/
05/30/2014
cp tiff/2014/05/3304896204.tif tiffCurrent/ATL/
05/30/2014
cp tiff/2014/05/1855804210.tif tiffCurrent/ATL/
05/30/2014
cp tiff/2014/05/1309293202.tif tiffCurrent/SAC/
05/30/2014
cp tiff/2014/05/1309290902.tif tiffCurrent/SAC/
05/30/2014
cp tiff/2014/05/1309292902.tif tiffCurrent/SAC/
05/30/2014
cp tiff/2014/05/1309294902.tif tiffCurrent/SAC/
05/30/2014
cp tiff/2014/05/1309293102.tif tiffCurrent/SAC/
05/30/2014
cp tiff/2014/05/1309356002.tif tiffCurrent/SAC/
05/30/2014
cp tiff/2014/05/1855807310.tif tiffCurrent/ATL/
05/30/2014
cp tiff/2014/05/1855171810.tif tiffCurrent/ATL/
05/30/2014
cp tiff/2014/05/1855808403.tif tiffCurrent/ATL/
05/30/2014
cp tiff/2014/05/1855788404.tif tiffCurrent/ATL/
05/30/2014
cp tiff/2014/05/1855795804.tif tiffCurrent/ATL/
05/30/2014
cp tiff/2014/05/1855797004.tif tiffCurrent/ATL/
05/30/2014
cp tiff/2014/05/1855793204.tif tiffCurrent/ATL/
05/30/2014
cp tiff/2014/05/1855791604.tif tiffCurrent/ATL/
05/30/2014
cp tiff/2014/05/1309117103.tif tiffCurrent/SAC/
05/30/2014
cp tiff/2014/05/1309280802.tif tiffCurrent/SAC/
05/30/2014
cp tiff/2014/05/3093825802.tif tiffCurrent/SAC/
05/30/2014
cp tiff/2014/05/1309290602.tif tiffCurrent/SAC/
05/30/2014
cp tiff/2014/05/1309299402.tif tiffCurrent/SAC/
05/30/2014
cp tiff/2014/05/1309294802.tif tiffCurrent/SAC/
05/30/2014
cp tiff/2014/05/1309293502.tif tiffCurrent/SAC/
05/30/2014
cp tiff/2014/05/1855789304.tif tiffCurrent/ATL/
05/30/2014
cp tiff/2014/05/1855795704.tif tiffCurrent/ATL/
05/30/2014
cp tiff/2014/05/3304896104.tif tiffCurrent/ATL/
05/30/2014
cp tiff/2014/05/1855131904.tif tiffCurrent/ATL/
05/30/2014
cp tiff/2014/05/1855786403.tif tiffCurrent/ATL/
05/30/2014
cp tiff/2014/05/3304880710.tif tiffCurrent/ATL/
05/30/2014
cp tiff/2014/05/1855166710.tif tiffCurrent/ATL/
05/30/2014
cp tiff/2014/05/3304895604.tif tiffCurrent/ATL/
05/30/2014
cp tiff/2014/05/1855789204.tif tiffCurrent/ATL/
05/30/2014
cp tiff/2014/05/1855130504.tif tiffCurrent/ATL/
05/30/2014
cp tiff/2014/05/1855806810.tif tiffCurrent/ATL/
05/30/2014
cp tiff/2014/05/3304880210.tif tiffCurrent/ATL/
05/30/2014
cp tiff/2014/05/1855166010.tif tiffCurrent/ATL/
05/30/2014
cp tiff/2014/05/1855789104.tif tiffCurrent/ATL/
05/30/2014
cp tiff/2014/05/1309117102.tif tiffCurrent/SAC/
05/30/2014
cp tiff/2014/05/1309294502.tif tiffCurrent/SAC/
05/30/2014
cp tiff/2014/05/1855793104.tif tiffCurrent/ATL/
05/30/2014
cp tiff/2014/05/1855796904.tif tiffCurrent/ATL/
05/30/2014
cp tiff/2014/05/1855786603.tif tiffCurrent/ATL/
05/30/2014
cp tiff/2014/05/1855804110.tif tiffCurrent/ATL/
05/30/2014
cp tiff/2014/05/1855808103.tif tiffCurrent/ATL/
05/30/2014
cp tiff/2014/05/1855170510.tif tiffCurrent/ATL/
05/30/2014
cp tiff/2014/05/3304883210.tif tiffCurrent/ATL/
05/30/2014
cp tiff/2014/05/1855791404.tif tiffCurrent/ATL/
05/30/2014
cp tiff/2014/05/1855135004.tif tiffCurrent/ATL/
05/30/2014
cp tiff/2014/05/3304897604.tif tiffCurrent/ATL/
05/30/2014
cp tiff/2014/05/1855789404.tif tiffCurrent/ATL/
05/30/2014
cp tiff/2014/05/1855803610.tif tiffCurrent/ATL/
05/30/2014
cp tiff/2014/05/1855808303.tif tiffCurrent/ATL/
05/30/2014
cp tiff/2014/05/1855795604.tif tiffCurrent/ATL/
05/30/2014
cp tiff/2014/05/1855791304.tif tiffCurrent/ATL/
05/30/2014
cp tiff/2014/05/1855135804.tif tiffCurrent/ATL/
05/30/2014
cp tiff/2014/05/3304898204.tif tiffCurrent/ATL/
05/30/2014
cp tiff/2014/05/1309293902.tif tiffCurrent/SAC/
05/30/2014
cp tiff/2014/05/1309293302.tif tiffCurrent/SAC/
05/30/2014
cp tiff/2014/05/1309356102.tif tiffCurrent/SAC/
05/30/2014
cp tiff/2014/05/1855791204.tif tiffCurrent/ATL/
05/30/2014
cp tiff/2014/05/1855804810.tif tiffCurrent/ATL/
05/30/2014
cp tiff/2014/05/1855135904.tif tiffCurrent/ATL/
05/30/2014
cp tiff/2014/05/1309299202.tif tiffCurrent/SAC/
05/30/2014
cp tiff/2014/05/1309295302.tif tiffCurrent/SAC/
05/30/2014
cp tiff/2014/05/1309293402.tif tiffCurrent/SAC/
05/30/2014
cp tiff/2014/05/1855806710.tif tiffCurrent/ATL/
05/30/2014
cp tiff/2014/05/1855788104.tif tiffCurrent/ATL/
05/30/2014
cp tiff/2014/05/1855803510.tif tiffCurrent/ATL/
05/30/2014
cp tiff/2014/05/1855804010.tif tiffCurrent/ATL/
05/30/2014
cp tiff/2014/05/1855791104.tif tiffCurrent/ATL/
05/30/2014
cp tiff/2014/05/1855134804.tif tiffCurrent/ATL/
05/30/2014
cp tiff/2014/05/3304897404.tif tiffCurrent/ATL/
05/30/2014
cp tiff/2014/05/1855166610.tif tiffCurrent/ATL/
05/30/2014
cp tiff/2014/05/1855803310.tif tiffCurrent/ATL/
05/30/2014
cp tiff/2014/05/1309295202.tif tiffCurrent/SAC/
05/30/2014
cp tiff/2014/05/1309292802.tif tiffCurrent/SAC/
05/30/2014
cp tiff/2014/05/1309291402.tif tiffCurrent/SAC/
05/30/2014
cp tiff/2014/05/1855791004.tif tiffCurrent/ATL/
05/30/2014
cp tiff/2014/05/3304880910.tif tiffCurrent/ATL/
05/30/2014
cp tiff/2014/05/1855167610.tif tiffCurrent/ATL/
05/30/2014
cp tiff/2014/05/1855788004.tif tiffCurrent/ATL/
05/30/2014
cp tiff/2014/05/1855803410.tif tiffCurrent/ATL/
05/30/2014
cp tiff/2014/05/1855795204.tif tiffCurrent/ATL/
05/30/2014
cp tiff/2014/05/1855804710.tif tiffCurrent/ATL/
05/30/2014
cp tiff/2014/05/1855131804.tif tiffCurrent/ATL/
05/30/2014
cp tiff/2014/05/3304880110.tif tiffCurrent/ATL/
05/30/2014
cp tiff/2014/05/1855165910.tif tiffCurrent/ATL/
05/30/2014
cp tiff/2014/05/1855806610.tif tiffCurrent/ATL/
05/30/2014
cp tiff/2014/05/1855135604.tif tiffCurrent/ATL/
05/30/2014
cp tiff/2014/05/3304898104.tif tiffCurrent/ATL/
05/30/2014
cp tiff/2014/05/1309299302.tif tiffCurrent/SAC/
05/30/2014
cp tiff/2014/05/1309295402.tif tiffCurrent/SAC/
05/30/2014
cp tiff/2014/05/1855171010.tif tiffCurrent/ATL/
05/30/2014
cp tiff/2014/05/1855787904.tif tiffCurrent/ATL/
05/30/2014
cp tiff/2014/05/1855786703.tif tiffCurrent/ATL/
05/30/2014
cp tiff/2014/05/1855172510.tif tiffCurrent/ATL/
05/30/2014
cp tiff/2014/05/1855130104.tif tiffCurrent/ATL/
05/30/2014
cp tiff/2014/05/1855804610.tif tiffCurrent/ATL/
05/30/2014
cp tiff/2014/05/1855795404.tif tiffCurrent/ATL/
05/30/2014
cp tiff/2014/05/1855135504.tif tiffCurrent/ATL/
05/30/2014
cp tiff/2014/05/1309293002.tif tiffCurrent/SAC/
05/30/2014
cp tiff/2014/05/1309356202.tif tiffCurrent/SAC/
05/30/2014
cp tiff/2014/05/1309291902.tif tiffCurrent/SAC/
05/30/2014
cp tiff/2014/05/1309292702.tif tiffCurrent/SAC/
05/30/2014
cp tiff/2014/05/1309294702.tif tiffCurrent/SAC/
05/30/2014
cp tiff/2014/05/1855803110.tif tiffCurrent/ATL/
05/30/2014
cp tiff/2014/05/1855134904.tif tiffCurrent/ATL/
05/30/2014
cp tiff/2014/05/1855806410.tif tiffCurrent/ATL/
05/30/2014
cp tiff/2014/05/3304897504.tif tiffCurrent/ATL/
05/30/2014
cp tiff/2014/05/1855803810.tif tiffCurrent/ATL/
05/30/2014
cp tiff/2014/05/1855171510.tif tiffCurrent/ATL/
05/30/2014
cp tiff/2014/05/1855784403.tif tiffCurrent/ATL/
05/30/2014
cp tiff/2014/05/1855795304.tif tiffCurrent/ATL/
05/30/2014
cp tiff/2014/05/1309356302.tif tiffCurrent/SAC/
05/30/2014
cp tiff/2014/05/1309294102.tif tiffCurrent/SAC/
05/30/2014
cp tiff/2014/05/3304880810.tif tiffCurrent/ATL/
05/30/2014
cp tiff/2014/05/1855167510.tif tiffCurrent/ATL/
05/30/2014
cp tiff/2014/05/1855170910.tif tiffCurrent/ATL/
05/30/2014
cp tiff/2014/05/1855165610.tif tiffCurrent/ATL/
05/30/2014
cp tiff/2014/05/1855784503.tif tiffCurrent/ATL/
05/30/2014
cp tiff/2014/05/3304883510.tif tiffCurrent/ATL/
05/30/2014
cp tiff/2014/05/1855804510.tif tiffCurrent/ATL/
05/30/2014
cp tiff/2014/05/1855803010.tif tiffCurrent/ATL/
05/30/2014
cp tiff/2014/05/1309295102.tif tiffCurrent/SAC/
05/30/2014
cp tiff/2014/05/1309290302.tif tiffCurrent/SAC/
05/30/2014
cp tiff/2014/05/1855803910.tif tiffCurrent/ATL/
05/30/2014
cp tiff/2014/05/1855808203.tif tiffCurrent/ATL/
05/30/2014
cp tiff/2014/05/1855806210.tif tiffCurrent/ATL/
05/30/2014
cp tiff/2014/05/1855170810.tif tiffCurrent/ATL/
05/30/2014
cp tiff/2014/05/3304883410.tif tiffCurrent/ATL/
05/30/2014
cp tiff/2014/05/1855796404.tif tiffCurrent/ATL/
05/30/2014
cp tiff/2014/05/1855787704.tif tiffCurrent/ATL/
05/30/2014
cp tiff/2014/05/1309288502.tif tiffCurrent/SAC/
05/30/2014
cp tiff/2014/05/1309299602.tif tiffCurrent/SAC/
05/30/2014
cp tiff/2014/05/1309294602.tif tiffCurrent/SAC/
05/30/2014
cp tiff/2014/05/1309293802.tif tiffCurrent/SAC/
05/30/2014
cp tiff/2014/05/1309297902.tif tiffCurrent/SAC/
05/30/2014
cp tiff/2014/05/1855785603.tif tiffCurrent/ATL/
05/30/2014
cp tiff/2014/05/1855167410.tif tiffCurrent/ATL/
05/30/2014
cp tiff/2014/05/3304880510.tif tiffCurrent/ATL/
05/30/2014
cp tiff/2014/05/1855166410.tif tiffCurrent/ATL/
05/30/2014
cp tiff/2014/05/3304879610.tif tiffCurrent/ATL/
05/30/2014
cp tiff/2014/05/1855165210.tif tiffCurrent/ATL/
05/30/2014
cp tiff/2014/05/3304882810.tif tiffCurrent/ATL/
05/30/2014
cp tiff/2014/05/1855171910.tif tiffCurrent/ATL/
05/30/2014
cp tiff/2014/05/1855170110.tif tiffCurrent/ATL/
05/30/2014
cp tiff/2014/05/1855168510.tif tiffCurrent/ATL/
05/30/2014
cp tiff/2014/05/1855802910.tif tiffCurrent/ATL/
05/30/2014
cp tiff/2014/05/1855787604.tif tiffCurrent/ATL/
05/30/2014
cp tiff/2014/05/1855806310.tif tiffCurrent/ATL/
05/30/2014
cp tiff/2014/05/1309291102.tif tiffCurrent/SAC/
05/30/2014
cp tiff/2014/05/1309355902.tif tiffCurrent/SAC/
05/30/2014
cp tiff/2014/05/1309288602.tif tiffCurrent/SAC/
05/30/2014
cp tiff/2014/05/1309289902.tif tiffCurrent/SAC/
05/30/2014
cp tiff/2014/05/1855170710.tif tiffCurrent/ATL/
05/30/2014
cp tiff/2014/05/3304883310.tif tiffCurrent/ATL/
05/30/2014
cp tiff/2014/05/3304881210.tif tiffCurrent/ATL/
05/30/2014
cp tiff/2014/05/3304882710.tif tiffCurrent/ATL/
05/30/2014
cp tiff/2014/05/1855170010.tif tiffCurrent/ATL/
05/30/2014
cp tiff/2014/05/1309355702.tif tiffCurrent/SAC/
05/30/2014
cp tiff/2014/05/1309293602.tif tiffCurrent/SAC/
05/30/2014
cp tiff/2014/05/1309117302.tif tiffCurrent/SAC/
05/30/2014
cp tiff/2014/05/1309117303.tif tiffCurrent/SAC/
05/30/2014
cp tiff/2014/05/3093826002.tif tiffCurrent/SAC/
05/30/2014
cp tiff/2014/05/1309281002.tif tiffCurrent/SAC/
05/30/2014
cp tiff/2014/05/1855171410.tif tiffCurrent/ATL/
05/30/2014
cp tiff/2014/05/1855172410.tif tiffCurrent/ATL/
05/30/2014
cp tiff/2014/05/3304885010.tif tiffCurrent/ATL/
05/30/2014
cp tiff/2014/05/1855785703.tif tiffCurrent/ATL/
05/30/2014
cp tiff/2014/05/3304880010.tif tiffCurrent/ATL/
05/30/2014
cp tiff/2014/05/1855165710.tif tiffCurrent/ATL/
05/30/2014
cp tiff/2014/05/1855785303.tif tiffCurrent/ATL/
05/30/2014
cp tiff/2014/05/1309290002.tif tiffCurrent/SAC/
05/30/2014
cp tiff/2014/05/1309292002.tif tiffCurrent/SAC/
05/30/2014
cp tiff/2014/05/1309293702.tif tiffCurrent/SAC/
05/30/2014
cp tiff/2014/05/1855170610.tif tiffCurrent/ATL/
05/30/2014
cp tiff/2014/05/1855807910.tif tiffCurrent/ATL/
05/30/2014
cp tiff/2014/05/1855165810.tif tiffCurrent/ATL/
05/30/2014
cp tiff/2014/05/1855785503.tif tiffCurrent/ATL/
05/30/2014
cp tiff/2014/05/1309290202.tif tiffCurrent/SAC/
05/30/2014
cp tiff/2014/05/1855168410.tif tiffCurrent/ATL/
05/30/2014
cp tiff/2014/05/3304881110.tif tiffCurrent/ATL/
05/30/2014
cp tiff/2014/05/3304879710.tif tiffCurrent/ATL/
05/30/2014
cp tiff/2014/05/1855165310.tif tiffCurrent/ATL/
05/30/2014
cp tiff/2014/05/1855785403.tif tiffCurrent/ATL/
05/30/2014
cp tiff/2014/05/1309297802.tif tiffCurrent/SAC/
05/30/2014
cp tiff/2014/05/1309292202.tif tiffCurrent/SAC/
05/30/2014
cp tiff/2014/05/1309292102.tif tiffCurrent/SAC/
05/30/2014
cp tiff/2014/05/1855804410.tif tiffCurrent/ATL/
05/30/2014
cp tiff/2014/05/1855807710.tif tiffCurrent/ATL/
05/30/2014
cp tiff/2014/05/1855803710.tif tiffCurrent/ATL/
05/30/2014
cp tiff/2014/05/1309290802.tif tiffCurrent/SAC/
05/30/2014
cp tiff/2014/05/1309294302.tif tiffCurrent/SAC/
05/30/2014
cp tiff/2014/05/3304882610.tif tiffCurrent/ATL/
05/30/2014
cp tiff/2014/05/3304879810.tif tiffCurrent/ATL/
05/30/2014
cp tiff/2014/05/1855165410.tif tiffCurrent/ATL/
05/30/2014
cp tiff/2014/05/1855169910.tif tiffCurrent/ATL/
05/30/2014
cp tiff/2014/05/1855785103.tif tiffCurrent/ATL/
05/30/2014
cp tiff/2014/05/1855821710.tif tiffCurrent/ATL/
05/30/2014
cp tiff/2014/05/1309299102.tif tiffCurrent/SAC/
05/30/2014
cp tiff/2014/05/1309291602.tif tiffCurrent/SAC/
05/30/2014
cp tiff/2014/05/1855166310.tif tiffCurrent/ATL/
05/30/2014
cp tiff/2014/05/1855785003.tif tiffCurrent/ATL/
05/30/2014
cp tiff/2014/05/1855807810.tif tiffCurrent/ATL/
05/30/2014
cp tiff/2014/05/1309292302.tif tiffCurrent/SAC/
05/30/2014
cp tiff/2014/05/1309299002.tif tiffCurrent/SAC/
05/30/2014
cp tiff/2014/05/1309290502.tif tiffCurrent/SAC/
05/30/2014
cp tiff/2014/05/1855784803.tif tiffCurrent/ATL/
05/30/2014
cp tiff/2014/05/1309355602.tif tiffCurrent/SAC/
05/30/2014
cp tiff/2014/05/1309294002.tif tiffCurrent/SAC/
05/30/2014
cp tiff/2014/05/1855169810.tif tiffCurrent/ATL/
05/30/2014
cp tiff/2014/05/3304882510.tif tiffCurrent/ATL/
05/30/2014
cp tiff/2014/05/3304880410.tif tiffCurrent/ATL/
05/30/2014
cp tiff/2014/05/1855166210.tif tiffCurrent/ATL/
05/30/2014
cp tiff/2014/05/1309292502.tif tiffCurrent/SAC/
05/30/2014
cp tiff/2014/05/1309280902.tif tiffCurrent/SAC/
05/30/2014
cp tiff/2014/05/1309117203.tif tiffCurrent/SAC/
05/30/2014
cp tiff/2014/05/1309117202.tif tiffCurrent/SAC/
05/30/2014
cp tiff/2014/05/1309291302.tif tiffCurrent/SAC/
05/30/2014
cp tiff/2014/05/3093825902.tif tiffCurrent/SAC/
05/30/2014
cp tiff/2014/05/1855169710.tif tiffCurrent/ATL/
05/30/2014
cp tiff/2014/05/3304882410.tif tiffCurrent/ATL/
05/30/2014
cp tiff/2014/05/1855807510.tif tiffCurrent/ATL/
05/30/2014
cp tiff/2014/05/1855168010.tif tiffCurrent/ATL/
05/30/2014
cp tiff/2014/05/1309291702.tif tiffCurrent/SAC/
05/30/2014
cp tiff/2014/05/1309298802.tif tiffCurrent/SAC/
05/30/2014
cp tiff/2014/05/1309292402.tif tiffCurrent/SAC/
05/30/2014
cp tiff/2014/05/3304884410.tif tiffCurrent/ATL/
05/30/2014
cp tiff/2014/05/3304884310.tif tiffCurrent/ATL/
05/30/2014
cp tiff/2014/05/1855784903.tif tiffCurrent/ATL/
05/30/2014
cp tiff/2014/05/1309290702.tif tiffCurrent/SAC/
05/30/2014
cp tiff/2014/05/1309291002.tif tiffCurrent/SAC/
05/30/2014
cp tiff/2014/05/1855037703.tif tiffCurrent/ATL/
05/30/2014
cp tiff/2014/05/1855169610.tif tiffCurrent/ATL/
05/30/2014
cp tiff/2014/05/3304882310.tif tiffCurrent/ATL/
05/30/2014
cp tiff/2014/05/1309298902.tif tiffCurrent/SAC/
05/30/2014
cp tiff/2014/05/1309290102.tif tiffCurrent/SAC/
05/30/2014
cp tiff/2014/05/3304881910.tif tiffCurrent/ATL/
05/30/2014
cp tiff/2014/05/1855169210.tif tiffCurrent/ATL/
05/30/2014
cp tiff/2014/05/3304895503.tif tiffCurrent/ATL/
05/30/2014
cp tiff/2014/05/1855037903.tif tiffCurrent/ATL/
05/30/2014
cp tiff/2014/05/1855804310.tif tiffCurrent/ATL/
05/30/2014
cp tiff/2014/05/1309281602.tif tiffCurrent/SAC/
05/30/2014
cp tiff/2014/05/1309294402.tif tiffCurrent/SAC/
05/30/2014
cp tiff/2014/05/3304895303.tif tiffCurrent/ATL/
05/30/2014
cp tiff/2014/05/1855037603.tif tiffCurrent/ATL/
05/30/2014
cp tiff/2014/05/3304880310.tif tiffCurrent/ATL/
05/30/2014
cp tiff/2014/05/1855166110.tif tiffCurrent/ATL/
05/30/2014
cp tiff/2014/05/1855169410.tif tiffCurrent/ATL/
05/30/2014
cp tiff/2014/05/3304882110.tif tiffCurrent/ATL/
05/30/2014
cp tiff/2014/05/1855785203.tif tiffCurrent/ATL/
05/30/2014
cp tiff/2014/05/1309292602.tif tiffCurrent/SAC/
05/30/2014
cp tiff/2014/05/1309298402.tif tiffCurrent/SAC/
05/30/2014
cp tiff/2014/05/3304882010.tif tiffCurrent/ATL/
05/30/2014
cp tiff/2014/05/1855169310.tif tiffCurrent/ATL/
05/30/2014
cp tiff/2014/05/3304895403.tif tiffCurrent/ATL/
05/30/2014
cp tiff/2014/05/1309298602.tif tiffCurrent/SAC/
05/30/2014
cp tiff/2014/05/1855037803.tif tiffCurrent/ATL/
05/30/2014
cp tiff/2014/05/1855170410.tif tiffCurrent/ATL/
05/30/2014
cp tiff/2014/05/3304883110.tif tiffCurrent/ATL/
05/30/2014
cp tiff/2014/05/1855170210.tif tiffCurrent/ATL/
05/30/2014
cp tiff/2014/05/3304882910.tif tiffCurrent/ATL/
05/30/2014
cp tiff/2014/05/1309298702.tif tiffCurrent/SAC/
05/30/2014
cp tiff/2014/05/1309291802.tif tiffCurrent/SAC/
05/30/2014
cp tiff/2014/05/1309294202.tif tiffCurrent/SAC/
05/30/2014
cp tiff/2014/05/1309171002.tif tiffCurrent/SAC/
05/30/2014
cp tiff/2014/05/1309171003.tif tiffCurrent/SAC/
05/30/2014
cp tiff/2014/05/1309345302.tif tiffCurrent/SAC/
05/30/2014
cp tiff/2014/05/3093867402.tif tiffCurrent/SAC/
05/30/2014
cp tiff/2014/05/1309281702.tif tiffCurrent/SAC/
05/30/2014
cp tiff/2014/05/3304909212.tif tiffCurrent/ATL/
05/30/2014
cp tiff/2014/05/3304909012.tif tiffCurrent/ATL/
05/30/2014
cp tiff/2014/05/1309171102.tif tiffCurrent/SAC/
05/30/2014
cp tiff/2014/05/1309171103.tif tiffCurrent/SAC/
05/30/2014
cp tiff/2014/05/1309345402.tif tiffCurrent/SAC/
05/30/2014
cp tiff/2014/05/3304908012.tif tiffCurrent/ATL/
05/30/2014
cp tiff/2014/05/3304908312.tif tiffCurrent/ATL/
05/30/2014
cp tiff/2014/05/1309298002.tif tiffCurrent/SAC/
05/30/2014
cp tiff/2014/05/1309297602.tif tiffCurrent/SAC/
05/30/2014
cp tiff/2014/05/1309295902.tif tiffCurrent/SAC/
05/30/2014
cp tiff/2014/05/1309295802.tif tiffCurrent/SAC/
05/30/2014
cp tiff/2014/05/1855811512.tif tiffCurrent/ATL/
05/30/2014
cp tiff/2014/05/1855811812.tif tiffCurrent/ATL/
05/30/2014
cp tiff/2014/05/1855811612.tif tiffCurrent/ATL/
05/30/2014
cp tiff/2014/05/1855811712.tif tiffCurrent/ATL/
05/30/2014
cp tiff/2014/05/1855811412.tif tiffCurrent/ATL/
05/30/2014
cp tiff/2014/05/1855811912.tif tiffCurrent/ATL/
05/30/2014
cp tiff/2014/05/1855056212.tif tiffCurrent/ATL/
05/30/2014
cp tiff/2014/05/1855055912.tif tiffCurrent/ATL/
05/30/2014
cp tiff/2014/05/1855054112.tif tiffCurrent/ATL/
05/30/2014
cp tiff/2014/05/1855054512.tif tiffCurrent/ATL/
05/30/2014
cp tiff/2014/05/1855054912.tif tiffCurrent/ATL/
05/30/2014
cp tiff/2014/05/1855062412.tif tiffCurrent/ATL/
05/30/2014
cp tiff/2014/05/3304915912.tif tiffCurrent/ATL/
05/30/2014
cp tiff/2014/05/1855089712.tif tiffCurrent/ATL/
05/30/2014
cp tiff/2014/05/3304905612.tif tiffCurrent/ATL/
05/30/2014
cp tiff/2014/05/1855050412.tif tiffCurrent/ATL/
05/30/2014
cp tiff/2014/05/1855824812.tif tiffCurrent/ATL/
05/30/2014
cp tiff/2014/05/1855824112.tif tiffCurrent/ATL/
05/30/2014
cp tiff/2014/05/1855824512.tif tiffCurrent/ATL/
05/30/2014
cp tiff/2014/05/1855825112.tif tiffCurrent/ATL/
05/30/2014
cp tiff/2014/05/1855824412.tif tiffCurrent/ATL/
05/30/2014
cp tiff/2014/05/1855824612.tif tiffCurrent/ATL/
05/30/2014
cp tiff/2014/05/1855825312.tif tiffCurrent/ATL/
05/30/2014
cp tiff/2014/05/1855824712.tif tiffCurrent/ATL/
05/30/2014
cp tiff/2014/05/1855824312.tif tiffCurrent/ATL/
05/30/2014
cp tiff/2014/05/1855824212.tif tiffCurrent/ATL/
05/30/2014
cp tiff/2014/05/3304915312.tif tiffCurrent/ATL/
05/30/2014
cp tiff/2014/05/3304915212.tif tiffCurrent/ATL/
05/30/2014
cp tiff/2014/05/1855825212.tif tiffCurrent/ATL/
05/30/2014
cp tiff/2014/05/1855824912.tif tiffCurrent/ATL/
05/30/2014
cp tiff/2014/05/3304915112.tif tiffCurrent/ATL/
05/30/2014
cp tiff/2014/05/1855825012.tif tiffCurrent/ATL/
05/30/2014
cp tiff/2014/05/3304909612.tif tiffCurrent/ATL/
05/30/2014
cp tiff/2014/05/3304909512.tif tiffCurrent/ATL/
05/30/2014
cp tiff/2014/05/1855088012.tif tiffCurrent/ATL/
05/30/2014
cp tiff/2014/05/3304909412.tif tiffCurrent/ATL/
05/30/2014
cp tiff/2014/05/3304909312.tif tiffCurrent/ATL/
05/30/2014
cp tiff/2014/05/3304915712.tif tiffCurrent/ATL/
05/30/2014
cp tiff/2014/05/1855825412.tif tiffCurrent/ATL/
05/30/2014
cp tiff/2014/05/1855056712.tif tiffCurrent/ATL/
05/30/2014
cp tiff/2014/05/1855056612.tif tiffCurrent/ATL/
05/30/2014
cp tiff/2014/05/1855087812.tif tiffCurrent/ATL/
05/30/2014
cp tiff/2014/05/1855087912.tif tiffCurrent/ATL/
05/30/2014
cp tiff/2014/05/1855056512.tif tiffCurrent/ATL/
05/30/2014
cp tiff/2014/05/1855087612.tif tiffCurrent/ATL/
05/30/2014
cp tiff/2014/05/1855056412.tif tiffCurrent/ATL/
05/30/2014
cp tiff/2014/05/1855056312.tif tiffCurrent/ATL/
05/30/2014
cp tiff/2014/05/1855087212.tif tiffCurrent/ATL/
05/30/2014
cp tiff/2014/05/1855086912.tif tiffCurrent/ATL/
05/30/2014
cp tiff/2014/05/1855086712.tif tiffCurrent/ATL/
05/30/2014
cp tiff/2014/05/1855812012.tif tiffCurrent/ATL/
05/30/2014
cp tiff/2014/05/1855816314.tif tiffCurrent/ATL/
05/30/2014
cp tiff/2014/05/1855816214.tif tiffCurrent/ATL/
05/30/2014
cp tiff/2014/05/1855816114.tif tiffCurrent/ATL/
05/30/2014
cp tiff/2014/05/1855815714.tif tiffCurrent/ATL/
05/30/2014
cp tiff/2014/05/1855815514.tif tiffCurrent/ATL/
05/30/2014
cp tiff/2014/05/1855815614.tif tiffCurrent/ATL/
05/30/2014
cp tiff/2014/05/1855815314.tif tiffCurrent/ATL/
05/30/2014
cp tiff/2014/05/1855815414.tif tiffCurrent/ATL/
05/30/2014
cp tiff/2014/05/1855815214.tif tiffCurrent/ATL/
05/30/2014
cp tiff/2014/05/1855815814.tif tiffCurrent/ATL/
05/30/2014
cp tiff/2014/05/1855815914.tif tiffCurrent/ATL/
05/30/2014
cp tiff/2014/05/1855006414.tif tiffCurrent/ATL/
05/30/2014
cp tiff/2014/05/1855816014.tif tiffCurrent/ATL/
05/30/2014
cp tiff/2014/05/3304891814.tif tiffCurrent/ATL/
05/30/2014
cp tiff/2014/05/1855006514.tif tiffCurrent/ATL/
05/30/2014
cp tiff/2014/05/1855006114.tif tiffCurrent/ATL/
05/30/2014
cp tiff/2014/05/1855006014.tif tiffCurrent/null/
05/30/2014
cp tiff/2014/05/1855006314.tif tiffCurrent/ATL/
05/30/2014
cp tiff/2014/05/1855006214.tif tiffCurrent/null/
05/30/2014
cp tiff/2014/05/1855006714.tif tiffCurrent/null/
05/30/2014
cp tiff/2014/05/1855816514.tif tiffCurrent/ATL/
05/30/2014
cp tiff/2014/05/1855006614.tif tiffCurrent/null/
05/30/2014
cp tiff/2014/05/1855815014.tif tiffCurrent/ATL/
05/30/2014
cp tiff/2014/05/1855814614.tif tiffCurrent/ATL/
05/30/2014
cp tiff/2014/05/1855816414.tif tiffCurrent/ATL/
05/30/2014
cp tiff/2014/05/1855814914.tif tiffCurrent/ATL/
05/30/2014
cp tiff/2014/05/1855814714.tif tiffCurrent/ATL/
05/30/2014
cp tiff/2014/05/1855005910.tif tiffCurrent/null/
05/30/2014
cp tiff/2014/05/1855814814.tif tiffCurrent/ATL/
05/30/2014
cp tiff/2014/05/1855815114.tif tiffCurrent/ATL/
05/30/2014
cp tiff/2014/05/1309296702.tif tiffCurrent/SAC/
05/30/2014
cp tiff/2014/05/1309296602.tif tiffCurrent/SAC/
05/30/2014
cp tiff/2014/05/1309296502.tif tiffCurrent/SAC/
05/30/2014
cp tiff/2014/05/1309296402.tif tiffCurrent/SAC/
05/30/2014
cp tiff/2014/05/1309296302.tif tiffCurrent/SAC/
05/30/2014
cp tiff/2014/05/1309296202.tif tiffCurrent/SAC/
05/30/2014
cp tiff/2014/05/1309297202.tif tiffCurrent/SAC/
05/30/2014
cp tiff/2014/05/1309117802.tif tiffCurrent/null/
05/30/2014
cp tiff/2014/05/1309117803.tif tiffCurrent/SAC/
05/30/2014
cp tiff/2014/05/1309281502.tif tiffCurrent/SAC/
05/30/2014
cp tiff/2014/05/3093826202.tif tiffCurrent/SAC/
05/30/2014
cp tiff/2014/05/3093826302.tif tiffCurrent/SAC/
05/30/2014
cp tiff/2014/05/1309117602.tif tiffCurrent/SAC/
05/30/2014
cp tiff/2014/05/1309117603.tif tiffCurrent/null/
05/30/2014
cp tiff/2014/05/1309281302.tif tiffCurrent/SAC/
05/30/2014
cp tiff/2014/05/3093826102.tif tiffCurrent/SAC/
05/30/2014
cp tiff/2014/05/1309117402.tif tiffCurrent/SAC/
05/30/2014
cp tiff/2014/05/1309117403.tif tiffCurrent/SAC/
05/30/2014
cp tiff/2014/05/1309281102.tif tiffCurrent/SAC/
05/30/2014
cp tiff/2014/05/1309117702.tif tiffCurrent/null/
05/30/2014
cp tiff/2014/05/1309117703.tif tiffCurrent/SAC/
05/30/2014
cp tiff/2014/05/1309281402.tif tiffCurrent/SAC/
05/30/2014
9
05/21/2014
10
05/20/2014
11
05/19/2014
12
05/18/2014
13
05/17/2014
3304143612
1853793112
3304143712
1854514512
1853794312
1853793312
---0% --------20% --------40% --------60% --------80% --------100% -----cp tiff/2014/05/3304143612.tif tiffCurrent/ATL/
05/30/2014
cp tiff/2014/05/1853793112.tif tiffCurrent/ATL/
05/30/2014
cp tiff/2014/05/3304143712.tif tiffCurrent/ATL/
05/30/2014
cp tiff/2014/05/1854514512.tif tiffCurrent/ATL/
05/30/2014
cp tiff/2014/05/1853794312.tif tiffCurrent/ATL/
05/30/2014
cp tiff/2014/05/1853793312.tif tiffCurrent/ATL/
05/30/2014
